[0.204s] Invoking command in '/home/jw/robot/ros_ws/build/costmap_converter': CMAKE_PREFIX_PATH=/home/jw/robot/ros_ws/install/costmap_converter_msgs:/home/jw/robot/ros_ws/install/ydlidar_ros2_driver:/home/jw/robot/ros_ws/install/velocity_smoother:/home/jw/robot/ros_ws/install/urg_node:/home/jw/robot/ros_ws/install/teb_local_planner:/home/jw/robot/ros_ws/install/teb_msgs:/home/jw/robot/ros_ws/install/realsense2_description:/home/jw/robot/ros_ws/install/realsense2_camera:/home/jw/robot/ros_ws/install/realsense2_camera_msgs:/home/jw/robot/ros_ws/install/costmap_converter:/home/jw/robot/ros_ws/install/exa_robot:/opt/ros/galactic LD_LIBRARY_PATH=/home/jw/robot/ros_ws/install/costmap_converter_msgs/lib:/home/jw/robot/ros_ws/install/velocity_smoother/lib:/home/jw/robot/ros_ws/install/urg_node/lib:/home/jw/robot/ros_ws/install/teb_local_planner/lib:/home/jw/robot/ros_ws/install/teb_msgs/lib:/home/jw/robot/ros_ws/install/realsense2_camera/lib:/home/jw/robot/ros_ws/install/realsense2_camera_msgs/lib:/home/jw/robot/ros_ws/install/costmap_converter/lib:/opt/ros/galactic/opt/yaml_cpp_vendor/lib:/opt/ros/galactic/opt/rviz_ogre_vendor/lib:/opt/ros/galactic/lib/x86_64-linux-gnu:/opt/ros/galactic/lib PYTHONPATH=/home/jw/robot/ros_ws/install/costmap_converter_msgs/lib/python3.8/site-packages:/home/jw/robot/ros_ws/install/teb_msgs/lib/python3.8/site-packages:/home/jw/robot/ros_ws/install/realsense2_camera_msgs/lib/python3.8/site-packages:/home/jw/robot/ros_ws/install/exa_robot/lib/python3.8/site-packages:/opt/ros/galactic/lib/python3.8/site-packages /usr/bin/cmake --build /home/jw/robot/ros_ws/build/costmap_converter -- -j12 -l12
[0.293s] [ 10%] Built target gtest
[0.299s] [ 21%] Built target gtest_main
[0.383s] [ 78%] Built target costmap_converter
[0.431s] [ 89%] Built target standalone_converter
[0.444s] [100%] Built target test_costmap_polygons
[0.459s] Invoked command in '/home/jw/robot/ros_ws/build/costmap_converter' returned '0': CMAKE_PREFIX_PATH=/home/jw/robot/ros_ws/install/costmap_converter_msgs:/home/jw/robot/ros_ws/install/ydlidar_ros2_driver:/home/jw/robot/ros_ws/install/velocity_smoother:/home/jw/robot/ros_ws/install/urg_node:/home/jw/robot/ros_ws/install/teb_local_planner:/home/jw/robot/ros_ws/install/teb_msgs:/home/jw/robot/ros_ws/install/realsense2_description:/home/jw/robot/ros_ws/install/realsense2_camera:/home/jw/robot/ros_ws/install/realsense2_camera_msgs:/home/jw/robot/ros_ws/install/costmap_converter:/home/jw/robot/ros_ws/install/exa_robot:/opt/ros/galactic LD_LIBRARY_PATH=/home/jw/robot/ros_ws/install/costmap_converter_msgs/lib:/home/jw/robot/ros_ws/install/velocity_smoother/lib:/home/jw/robot/ros_ws/install/urg_node/lib:/home/jw/robot/ros_ws/install/teb_local_planner/lib:/home/jw/robot/ros_ws/install/teb_msgs/lib:/home/jw/robot/ros_ws/install/realsense2_camera/lib:/home/jw/robot/ros_ws/install/realsense2_camera_msgs/lib:/home/jw/robot/ros_ws/install/costmap_converter/lib:/opt/ros/galactic/opt/yaml_cpp_vendor/lib:/opt/ros/galactic/opt/rviz_ogre_vendor/lib:/opt/ros/galactic/lib/x86_64-linux-gnu:/opt/ros/galactic/lib PYTHONPATH=/home/jw/robot/ros_ws/install/costmap_converter_msgs/lib/python3.8/site-packages:/home/jw/robot/ros_ws/install/teb_msgs/lib/python3.8/site-packages:/home/jw/robot/ros_ws/install/realsense2_camera_msgs/lib/python3.8/site-packages:/home/jw/robot/ros_ws/install/exa_robot/lib/python3.8/site-packages:/opt/ros/galactic/lib/python3.8/site-packages /usr/bin/cmake --build /home/jw/robot/ros_ws/build/costmap_converter -- -j12 -l12
[0.551s] Invoking command in '/home/jw/robot/ros_ws/build/costmap_converter': CMAKE_PREFIX_PATH=/home/jw/robot/ros_ws/install/costmap_converter_msgs:/home/jw/robot/ros_ws/install/ydlidar_ros2_driver:/home/jw/robot/ros_ws/install/velocity_smoother:/home/jw/robot/ros_ws/install/urg_node:/home/jw/robot/ros_ws/install/teb_local_planner:/home/jw/robot/ros_ws/install/teb_msgs:/home/jw/robot/ros_ws/install/realsense2_description:/home/jw/robot/ros_ws/install/realsense2_camera:/home/jw/robot/ros_ws/install/realsense2_camera_msgs:/home/jw/robot/ros_ws/install/costmap_converter:/home/jw/robot/ros_ws/install/exa_robot:/opt/ros/galactic LD_LIBRARY_PATH=/home/jw/robot/ros_ws/install/costmap_converter_msgs/lib:/home/jw/robot/ros_ws/install/velocity_smoother/lib:/home/jw/robot/ros_ws/install/urg_node/lib:/home/jw/robot/ros_ws/install/teb_local_planner/lib:/home/jw/robot/ros_ws/install/teb_msgs/lib:/home/jw/robot/ros_ws/install/realsense2_camera/lib:/home/jw/robot/ros_ws/install/realsense2_camera_msgs/lib:/home/jw/robot/ros_ws/install/costmap_converter/lib:/opt/ros/galactic/opt/yaml_cpp_vendor/lib:/opt/ros/galactic/opt/rviz_ogre_vendor/lib:/opt/ros/galactic/lib/x86_64-linux-gnu:/opt/ros/galactic/lib PYTHONPATH=/home/jw/robot/ros_ws/install/costmap_converter_msgs/lib/python3.8/site-packages:/home/jw/robot/ros_ws/install/teb_msgs/lib/python3.8/site-packages:/home/jw/robot/ros_ws/install/realsense2_camera_msgs/lib/python3.8/site-packages:/home/jw/robot/ros_ws/install/exa_robot/lib/python3.8/site-packages:/opt/ros/galactic/lib/python3.8/site-packages /usr/bin/cmake --install /home/jw/robot/ros_ws/build/costmap_converter
[0.584s] -- Install configuration: "Release"
[0.585s] -- Up-to-date: /home/jw/robot/ros_ws/install/costmap_converter/lib/libcostmap_converter.so
[0.585s] -- Up-to-date: /home/jw/robot/ros_ws/install/costmap_converter/bin/standalone_converter
[0.585s] -- Up-to-date: /home/jw/robot/ros_ws/install/costmap_converter/include/
[0.586s] -- Up-to-date: /home/jw/robot/ros_ws/install/costmap_converter/include//costmap_converter
[0.586s] -- Up-to-date: /home/jw/robot/ros_ws/install/costmap_converter/include//costmap_converter/misc.h
[0.586s] -- Up-to-date: /home/jw/robot/ros_ws/install/costmap_converter/include//costmap_converter/costmap_to_polygons_concave.h
[0.586s] -- Up-to-date: /home/jw/robot/ros_ws/install/costmap_converter/include//costmap_converter/costmap_to_dynamic_obstacles
[0.587s] -- Up-to-date: /home/jw/robot/ros_ws/install/costmap_converter/include//costmap_converter/costmap_to_dynamic_obstacles/costmap_to_dynamic_obstacles.h
[0.587s] -- Up-to-date: /home/jw/robot/ros_ws/install/costmap_converter/include//costmap_converter/costmap_to_dynamic_obstacles/blob_detector.h
[0.590s] -- Up-to-date: /home/jw/robot/ros_ws/install/costmap_converter/include//costmap_converter/costmap_to_dynamic_obstacles/background_subtractor.h
[0.594s] -- Up-to-date: /home/jw/robot/ros_ws/install/costmap_converter/include//costmap_converter/costmap_to_dynamic_obstacles/multitarget_tracker
[0.594s] -- Up-to-date: /home/jw/robot/ros_ws/install/costmap_converter/include//costmap_converter/costmap_to_dynamic_obstacles/multitarget_tracker/defines.h
[0.595s] -- Up-to-date: /home/jw/robot/ros_ws/install/costmap_converter/include//costmap_converter/costmap_to_dynamic_obstacles/multitarget_tracker/Ctracker.h
[0.596s] -- Up-to-date: /home/jw/robot/ros_ws/install/costmap_converter/include//costmap_converter/costmap_to_dynamic_obstacles/multitarget_tracker/HungarianAlg.h
[0.596s] -- Up-to-date: /home/jw/robot/ros_ws/install/costmap_converter/include//costmap_converter/costmap_to_dynamic_obstacles/multitarget_tracker/Kalman.h
[0.597s] -- Up-to-date: /home/jw/robot/ros_ws/install/costmap_converter/include//costmap_converter/costmap_to_dynamic_obstacles/multitarget_tracker/README.md
[0.597s] -- Up-to-date: /home/jw/robot/ros_ws/install/costmap_converter/include//costmap_converter/costmap_to_lines_convex_hull.h
[0.600s] -- Up-to-date: /home/jw/robot/ros_ws/install/costmap_converter/include//costmap_converter/costmap_to_lines_ransac.h
[0.601s] -- Up-to-date: /home/jw/robot/ros_ws/install/costmap_converter/include//costmap_converter/costmap_to_polygons.h
[0.601s] -- Up-to-date: /home/jw/robot/ros_ws/install/costmap_converter/include//costmap_converter/costmap_converter_interface.h
[0.602s] -- Up-to-date: /home/jw/robot/ros_ws/install/costmap_converter/share/costmap_converter/environment/library_path.sh
[0.602s] -- Up-to-date: /home/jw/robot/ros_ws/install/costmap_converter/share/costmap_converter/environment/library_path.dsv
[0.603s] -- Up-to-date: /home/jw/robot/ros_ws/install/costmap_converter/share/costmap_converter/costmap_converter_plugins.xml
[0.603s] -- Up-to-date: /home/jw/robot/ros_ws/install/costmap_converter/share/ament_index/resource_index/package_run_dependencies/costmap_converter
[0.603s] -- Up-to-date: /home/jw/robot/ros_ws/install/costmap_converter/share/ament_index/resource_index/parent_prefix_path/costmap_converter
[0.604s] -- Up-to-date: /home/jw/robot/ros_ws/install/costmap_converter/share/costmap_converter/environment/ament_prefix_path.sh
[0.604s] -- Up-to-date: /home/jw/robot/ros_ws/install/costmap_converter/share/costmap_converter/environment/ament_prefix_path.dsv
[0.604s] -- Up-to-date: /home/jw/robot/ros_ws/install/costmap_converter/share/costmap_converter/environment/path.sh
[0.605s] -- Up-to-date: /home/jw/robot/ros_ws/install/costmap_converter/share/costmap_converter/environment/path.dsv
[0.605s] -- Up-to-date: /home/jw/robot/ros_ws/install/costmap_converter/share/costmap_converter/local_setup.bash
[0.605s] -- Up-to-date: /home/jw/robot/ros_ws/install/costmap_converter/share/costmap_converter/local_setup.sh
[0.605s] -- Up-to-date: /home/jw/robot/ros_ws/install/costmap_converter/share/costmap_converter/local_setup.zsh
[0.606s] -- Up-to-date: /home/jw/robot/ros_ws/install/costmap_converter/share/costmap_converter/local_setup.dsv
[0.608s] -- Installing: /home/jw/robot/ros_ws/install/costmap_converter/share/costmap_converter/package.dsv
[0.609s] -- Up-to-date: /home/jw/robot/ros_ws/install/costmap_converter/share/ament_index/resource_index/packages/costmap_converter
[0.610s] -- Up-to-date: /home/jw/robot/ros_ws/install/costmap_converter/share/ament_index/resource_index/costmap_converter__pluginlib__plugin/costmap_converter
[0.610s] -- Up-to-date: /home/jw/robot/ros_ws/install/costmap_converter/share/costmap_converter/cmake/ament_cmake_export_include_directories-extras.cmake
[0.611s] -- Up-to-date: /home/jw/robot/ros_ws/install/costmap_converter/share/costmap_converter/cmake/ament_cmake_export_libraries-extras.cmake
[0.612s] -- Up-to-date: /home/jw/robot/ros_ws/install/costmap_converter/share/costmap_converter/cmake/ament_cmake_export_dependencies-extras.cmake
[0.614s] -- Up-to-date: /home/jw/robot/ros_ws/install/costmap_converter/share/costmap_converter/cmake/costmap_converterConfig.cmake
[0.615s] -- Up-to-date: /home/jw/robot/ros_ws/install/costmap_converter/share/costmap_converter/cmake/costmap_converterConfig-version.cmake
[0.616s] -- Up-to-date: /home/jw/robot/ros_ws/install/costmap_converter/share/costmap_converter/package.xml
[0.623s] Invoked command in '/home/jw/robot/ros_ws/build/costmap_converter' returned '0': CMAKE_PREFIX_PATH=/home/jw/robot/ros_ws/install/costmap_converter_msgs:/home/jw/robot/ros_ws/install/ydlidar_ros2_driver:/home/jw/robot/ros_ws/install/velocity_smoother:/home/jw/robot/ros_ws/install/urg_node:/home/jw/robot/ros_ws/install/teb_local_planner:/home/jw/robot/ros_ws/install/teb_msgs:/home/jw/robot/ros_ws/install/realsense2_description:/home/jw/robot/ros_ws/install/realsense2_camera:/home/jw/robot/ros_ws/install/realsense2_camera_msgs:/home/jw/robot/ros_ws/install/costmap_converter:/home/jw/robot/ros_ws/install/exa_robot:/opt/ros/galactic LD_LIBRARY_PATH=/home/jw/robot/ros_ws/install/costmap_converter_msgs/lib:/home/jw/robot/ros_ws/install/velocity_smoother/lib:/home/jw/robot/ros_ws/install/urg_node/lib:/home/jw/robot/ros_ws/install/teb_local_planner/lib:/home/jw/robot/ros_ws/install/teb_msgs/lib:/home/jw/robot/ros_ws/install/realsense2_camera/lib:/home/jw/robot/ros_ws/install/realsense2_camera_msgs/lib:/home/jw/robot/ros_ws/install/costmap_converter/lib:/opt/ros/galactic/opt/yaml_cpp_vendor/lib:/opt/ros/galactic/opt/rviz_ogre_vendor/lib:/opt/ros/galactic/lib/x86_64-linux-gnu:/opt/ros/galactic/lib PYTHONPATH=/home/jw/robot/ros_ws/install/costmap_converter_msgs/lib/python3.8/site-packages:/home/jw/robot/ros_ws/install/teb_msgs/lib/python3.8/site-packages:/home/jw/robot/ros_ws/install/realsense2_camera_msgs/lib/python3.8/site-packages:/home/jw/robot/ros_ws/install/exa_robot/lib/python3.8/site-packages:/opt/ros/galactic/lib/python3.8/site-packages /usr/bin/cmake --install /home/jw/robot/ros_ws/build/costmap_converter
