[0.289s] Invoking command in '/home/jw/robot/ros_ws/build/urg_node': CMAKE_PREFIX_PATH=/opt/ros/galactic /usr/bin/cmake /home/jw/robot/ros_ws/src/ExaRobot_ROS2/urg_node -DCMAKE_INSTALL_PREFIX=/home/jw/robot/ros_ws/install/urg_node
[0.354s] -- The C compiler identification is GNU 9.4.0
[0.405s] -- The CXX compiler identification is GNU 9.4.0
[0.410s] -- Check for working C compiler: /usr/bin/cc
[0.476s] -- Check for working C compiler: /usr/bin/cc -- works
[0.478s] -- Detecting C compiler ABI info
[0.547s] -- Detecting C compiler ABI info - done
[0.565s] -- Detecting C compile features
[0.565s] -- Detecting C compile features - done
[0.569s] -- Check for working CXX compiler: /usr/bin/c++
[0.655s] -- Check for working CXX compiler: /usr/bin/c++ -- works
[0.656s] -- Detecting CXX compiler ABI info
[0.744s] -- Detecting CXX compiler ABI info - done
[0.754s] -- Detecting CXX compile features
[0.755s] -- Detecting CXX compile features - done
[0.757s] -- Found ament_cmake: 1.1.5 (/opt/ros/galactic/share/ament_cmake/cmake)
[0.780s] -- Found PythonInterp: /usr/bin/python3 (found suitable version "3.8.10", minimum required is "3") 
[0.780s] -- Using PYTHON_EXECUTABLE: /usr/bin/python3
[0.864s] -- Found Boost: /usr/lib/x86_64-linux-gnu/cmake/Boost-1.71.0/BoostConfig.cmake (found version "1.71.0")  
[0.866s] -- Found diagnostic_updater: 2.1.3 (/opt/ros/galactic/share/diagnostic_updater/cmake)
[0.898s] -- Using all available rosidl_typesupport_c: rosidl_typesupport_fastrtps_c;rosidl_typesupport_introspection_c
[0.906s] -- Found rosidl_adapter: 2.2.2 (/opt/ros/galactic/share/rosidl_adapter/cmake)
[1.001s] -- Found OpenSSL: /usr/lib/x86_64-linux-gnu/libcrypto.so (found version "1.1.1f")  
[1.045s] -- Found FastRTPS: /opt/ros/galactic/include  
[1.146s] -- Using all available rosidl_typesupport_cpp: rosidl_typesupport_fastrtps_cpp;rosidl_typesupport_introspection_cpp
[1.321s] -- Found rmw_implementation_cmake: 3.3.1 (/opt/ros/galactic/share/rmw_implementation_cmake/cmake)
[1.324s] -- Found rmw_fastrtps_cpp: 5.0.2 (/opt/ros/galactic/share/rmw_fastrtps_cpp/cmake)
[1.431s] -- Using RMW implementation 'rmw_fastrtps_cpp' as default
[1.432s] -- Looking for pthread.h
[1.503s] -- Looking for pthread.h - found
[1.503s] -- Performing Test CMAKE_HAVE_LIBC_PTHREAD
[1.576s] -- Performing Test CMAKE_HAVE_LIBC_PTHREAD - Failed
[1.576s] -- Looking for pthread_create in pthreads
[1.638s] -- Looking for pthread_create in pthreads - not found
[1.639s] -- Looking for pthread_create in pthread
[1.726s] -- Looking for pthread_create in pthread - found
[1.726s] -- Found Threads: TRUE  
[1.984s] -- Found laser_proc: 1.0.2 (/opt/ros/galactic/share/laser_proc/cmake)
[2.226s] -- Found rclcpp_components: 9.2.1 (/opt/ros/galactic/share/rclcpp_components/cmake)
[2.319s] -- Found std_srvs: 2.2.4 (/opt/ros/galactic/share/std_srvs/cmake)
[2.332s] -- Found urg_c: 1.0.4001 (/opt/ros/galactic/share/urg_c/cmake)
[2.335s] -- Found urg_node_msgs: 1.0.1 (/opt/ros/galactic/share/urg_node_msgs/cmake)
[2.447s] -- Found ament_lint_auto: 0.10.7 (/opt/ros/galactic/share/ament_lint_auto/cmake)
[2.574s] -- Added test 'cppcheck' to perform static code analysis on C / C++ code
[2.574s] -- Configured cppcheck include dirs: $<BUILD_INTERFACE:/home/jw/robot/ros_ws/src/ExaRobot_ROS2/urg_node/include>
[2.574s] -- Configured cppcheck exclude dirs and/or files: 
[2.576s] -- Added test 'cpplint' to check C / C++ code against the Google style
[2.576s] -- Configured cpplint exclude dirs and/or files: 
[2.577s] -- Added test 'flake8' to check Python code syntax and style conventions
[2.578s] -- Added test 'lint_cmake' to check CMake code style
[2.579s] -- Added test 'pep257' to check Python code against some of the style conventions in PEP 257
[2.581s] -- Added test 'uncrustify' to check C / C++ code style
[2.581s] -- Configured uncrustify additional arguments: 
[2.582s] -- Added test 'xmllint' to check XML markup files
[2.590s] -- Configuring done
[2.661s] -- Generating done
[2.665s] -- Build files have been written to: /home/jw/robot/ros_ws/build/urg_node
