/home/jw/robot/ros_ws/install/exa_robot/lib/python3.8/site-packages/exa_robot/exa_node.py
/home/jw/robot/ros_ws/install/exa_robot/lib/python3.8/site-packages/exa_robot/__init__.py
/home/jw/robot/ros_ws/install/exa_robot/lib/python3.8/site-packages/exa_robot/exa_driver.py
/home/jw/robot/ros_ws/install/exa_robot/lib/python3.8/site-packages/exa_robot/__pycache__/exa_node.cpython-38.pyc
/home/jw/robot/ros_ws/install/exa_robot/lib/python3.8/site-packages/exa_robot/__pycache__/__init__.cpython-38.pyc
/home/jw/robot/ros_ws/install/exa_robot/lib/python3.8/site-packages/exa_robot/__pycache__/exa_driver.cpython-38.pyc
/home/jw/robot/ros_ws/install/exa_robot/share/ament_index/resource_index/packages/exa_robot
/home/jw/robot/ros_ws/install/exa_robot/share/exa_robot/package.xml
/home/jw/robot/ros_ws/install/exa_robot/share/exa_robot/launch/rs_launch_down.py
/home/jw/robot/ros_ws/install/exa_robot/share/exa_robot/launch/bringup_launch.py
/home/jw/robot/ros_ws/install/exa_robot/share/exa_robot/launch/velocity_smoother_launch.py
/home/jw/robot/ros_ws/install/exa_robot/share/exa_robot/launch/occupancy_grid_launch.py
/home/jw/robot/ros_ws/install/exa_robot/share/exa_robot/launch/localization_launch.py
/home/jw/robot/ros_ws/install/exa_robot/share/exa_robot/launch/rs_multi_camera_launch.py
/home/jw/robot/ros_ws/install/exa_robot/share/exa_robot/launch/navigation_launch.py
/home/jw/robot/ros_ws/install/exa_robot/share/exa_robot/launch/rs_launch_up.py
/home/jw/robot/ros_ws/install/exa_robot/share/exa_robot/launch/rs_launch.py
/home/jw/robot/ros_ws/install/exa_robot/share/exa_robot/launch/cartographer_launch.py
/home/jw/robot/ros_ws/install/exa_robot/share/exa_robot/config/navigate_to_pose_w_replanning_and_recovery.xml
/home/jw/robot/ros_ws/install/exa_robot/share/exa_robot/config/slam.lua
/home/jw/robot/ros_ws/install/exa_robot/share/exa_robot/config/velocity_smoother_params.yaml
/home/jw/robot/ros_ws/install/exa_robot/share/exa_robot/config/slam_local.lua
/home/jw/robot/ros_ws/install/exa_robot/share/exa_robot/config/nav2_params copy.yaml
/home/jw/robot/ros_ws/install/exa_robot/share/exa_robot/config/nav2_params.yaml
/home/jw/robot/ros_ws/install/exa_robot/share/exa_robot/config/navigate_through_poses_w_replanning_and_recovery.xml
/home/jw/robot/ros_ws/install/exa_robot/share/exa_robot/config/navigate_follow_point.xml
/home/jw/robot/ros_ws/install/exa_robot/share/exa_robot/map/map.pbstream
/home/jw/robot/ros_ws/install/exa_robot/share/exa_robot/map/map.yaml
/home/jw/robot/ros_ws/install/exa_robot/share/exa_robot/map/map.pgm
/home/jw/robot/ros_ws/install/exa_robot/lib/python3.8/site-packages/exa_robot-0.0.0-py3.8.egg-info/entry_points.txt
/home/jw/robot/ros_ws/install/exa_robot/lib/python3.8/site-packages/exa_robot-0.0.0-py3.8.egg-info/top_level.txt
/home/jw/robot/ros_ws/install/exa_robot/lib/python3.8/site-packages/exa_robot-0.0.0-py3.8.egg-info/requires.txt
/home/jw/robot/ros_ws/install/exa_robot/lib/python3.8/site-packages/exa_robot-0.0.0-py3.8.egg-info/dependency_links.txt
/home/jw/robot/ros_ws/install/exa_robot/lib/python3.8/site-packages/exa_robot-0.0.0-py3.8.egg-info/PKG-INFO
/home/jw/robot/ros_ws/install/exa_robot/lib/python3.8/site-packages/exa_robot-0.0.0-py3.8.egg-info/zip-safe
/home/jw/robot/ros_ws/install/exa_robot/lib/python3.8/site-packages/exa_robot-0.0.0-py3.8.egg-info/SOURCES.txt
/home/jw/robot/ros_ws/install/exa_robot/lib/exa_robot/robot_node
