[0.342s] Invoking command in '/home/jw/robot/ros_ws/build/ydlidar_ros2_driver': CMAKE_PREFIX_PATH=/opt/ros/galactic /usr/bin/cmake --build /home/jw/robot/ros_ws/build/ydlidar_ros2_driver -- -j12 -l12
[0.411s] [ 50%] Built target ydlidar_ros2_driver_node
[0.412s] [100%] Built target ydlidar_ros2_driver_client
[0.438s] Invoked command in '/home/jw/robot/ros_ws/build/ydlidar_ros2_driver' returned '0': CMAKE_PREFIX_PATH=/opt/ros/galactic /usr/bin/cmake --build /home/jw/robot/ros_ws/build/ydlidar_ros2_driver -- -j12 -l12
[0.510s] Invoking command in '/home/jw/robot/ros_ws/build/ydlidar_ros2_driver': CMAKE_PREFIX_PATH=/opt/ros/galactic /usr/bin/cmake --install /home/jw/robot/ros_ws/build/ydlidar_ros2_driver
[0.514s] -- Install configuration: ""
[0.514s] -- Up-to-date: /home/jw/robot/ros_ws/install/ydlidar_ros2_driver/lib/ydlidar_ros2_driver/ydlidar_ros2_driver_node
[0.516s] -- Up-to-date: /home/jw/robot/ros_ws/install/ydlidar_ros2_driver/lib/ydlidar_ros2_driver/ydlidar_ros2_driver_client
[0.516s] -- Up-to-date: /home/jw/robot/ros_ws/install/ydlidar_ros2_driver/share/ydlidar_ros2_driver/launch
[0.516s] -- Up-to-date: /home/jw/robot/ros_ws/install/ydlidar_ros2_driver/share/ydlidar_ros2_driver/launch/ydlidar_launch_view.py
[0.517s] -- Up-to-date: /home/jw/robot/ros_ws/install/ydlidar_ros2_driver/share/ydlidar_ros2_driver/launch/ydlidar_launch.py
[0.517s] -- Up-to-date: /home/jw/robot/ros_ws/install/ydlidar_ros2_driver/share/ydlidar_ros2_driver/launch/ydlidar.py
[0.517s] -- Up-to-date: /home/jw/robot/ros_ws/install/ydlidar_ros2_driver/share/ydlidar_ros2_driver/params
[0.517s] -- Up-to-date: /home/jw/robot/ros_ws/install/ydlidar_ros2_driver/share/ydlidar_ros2_driver/params/ydlidar.yaml
[0.518s] -- Up-to-date: /home/jw/robot/ros_ws/install/ydlidar_ros2_driver/share/ydlidar_ros2_driver/startup
[0.520s] -- Up-to-date: /home/jw/robot/ros_ws/install/ydlidar_ros2_driver/share/ydlidar_ros2_driver/startup/initenv.sh
[0.521s] -- Up-to-date: /home/jw/robot/ros_ws/install/ydlidar_ros2_driver/share/ydlidar_ros2_driver/config
[0.525s] -- Up-to-date: /home/jw/robot/ros_ws/install/ydlidar_ros2_driver/share/ydlidar_ros2_driver/config/ydlidar.rviz
[0.525s] -- Up-to-date: /home/jw/robot/ros_ws/install/ydlidar_ros2_driver/share/ament_index/resource_index/package_run_dependencies/ydlidar_ros2_driver
[0.529s] -- Up-to-date: /home/jw/robot/ros_ws/install/ydlidar_ros2_driver/share/ament_index/resource_index/parent_prefix_path/ydlidar_ros2_driver
[0.529s] -- Up-to-date: /home/jw/robot/ros_ws/install/ydlidar_ros2_driver/share/ydlidar_ros2_driver/environment/ament_prefix_path.sh
[0.534s] -- Up-to-date: /home/jw/robot/ros_ws/install/ydlidar_ros2_driver/share/ydlidar_ros2_driver/environment/ament_prefix_path.dsv
[0.537s] -- Up-to-date: /home/jw/robot/ros_ws/install/ydlidar_ros2_driver/share/ydlidar_ros2_driver/environment/path.sh
[0.539s] -- Up-to-date: /home/jw/robot/ros_ws/install/ydlidar_ros2_driver/share/ydlidar_ros2_driver/environment/path.dsv
[0.542s] -- Up-to-date: /home/jw/robot/ros_ws/install/ydlidar_ros2_driver/share/ydlidar_ros2_driver/local_setup.bash
[0.542s] -- Up-to-date: /home/jw/robot/ros_ws/install/ydlidar_ros2_driver/share/ydlidar_ros2_driver/local_setup.sh
[0.543s] -- Up-to-date: /home/jw/robot/ros_ws/install/ydlidar_ros2_driver/share/ydlidar_ros2_driver/local_setup.zsh
[0.543s] -- Up-to-date: /home/jw/robot/ros_ws/install/ydlidar_ros2_driver/share/ydlidar_ros2_driver/local_setup.dsv
[0.543s] -- Installing: /home/jw/robot/ros_ws/install/ydlidar_ros2_driver/share/ydlidar_ros2_driver/package.dsv
[0.546s] -- Up-to-date: /home/jw/robot/ros_ws/install/ydlidar_ros2_driver/share/ament_index/resource_index/packages/ydlidar_ros2_driver
[0.547s] -- Up-to-date: /home/jw/robot/ros_ws/install/ydlidar_ros2_driver/share/ydlidar_ros2_driver/cmake/ydlidar_ros2_driverConfig.cmake
[0.556s] -- Up-to-date: /home/jw/robot/ros_ws/install/ydlidar_ros2_driver/share/ydlidar_ros2_driver/cmake/ydlidar_ros2_driverConfig-version.cmake
[0.556s] -- Up-to-date: /home/jw/robot/ros_ws/install/ydlidar_ros2_driver/share/ydlidar_ros2_driver/package.xml
[0.568s] Invoked command in '/home/jw/robot/ros_ws/build/ydlidar_ros2_driver' returned '0': CMAKE_PREFIX_PATH=/opt/ros/galactic /usr/bin/cmake --install /home/jw/robot/ros_ws/build/ydlidar_ros2_driver
