-- Create Release Build.
-- Found ament_cmake: 1.1.5 (/opt/ros/galactic/share/ament_cmake/cmake)
-- Using PYTHON_EXECUTABLE: /usr/bin/python3
-- Found builtin_interfaces: 1.0.3 (/opt/ros/galactic/share/builtin_interfaces/cmake)
-- Using all available rosidl_typesupport_c: rosidl_typesupport_fastrtps_c;rosidl_typesupport_introspection_c
-- Found rosidl_adapter: 2.2.2 (/opt/ros/galactic/share/rosidl_adapter/cmake)
-- Using all available rosidl_typesupport_cpp: rosidl_typesupport_fastrtps_cpp;rosidl_typesupport_introspection_cpp
-- Found cv_bridge: 2.2.1 (/opt/ros/galactic/share/cv_bridge/cmake)
-- Found image_transport: 2.5.0 (/opt/ros/galactic/share/image_transport/cmake)
-- Found rmw_implementation_cmake: 3.3.1 (/opt/ros/galactic/share/rmw_implementation_cmake/cmake)
-- Found rmw_fastrtps_cpp: 5.0.2 (/opt/ros/galactic/share/rmw_fastrtps_cpp/cmake)
-- Using RMW implementation 'rmw_fastrtps_cpp' as default
-- Found rclcpp_components: 9.2.1 (/opt/ros/galactic/share/rclcpp_components/cmake)
-- Found realsense2_camera_msgs: 4.51.1 (/home/jw/robot/ros_ws/install/realsense2_camera_msgs/share/realsense2_camera_msgs/cmake)
-- Found std_srvs: 2.2.4 (/opt/ros/galactic/share/std_srvs/cmake)
-- Found nav_msgs: 2.2.4 (/opt/ros/galactic/share/nav_msgs/cmake)
-- Found tf2_ros: 0.17.4 (/opt/ros/galactic/share/tf2_ros/cmake)
-- Found diagnostic_updater: 2.1.3 (/opt/ros/galactic/share/diagnostic_updater/cmake)
-- Build for ROS2 Galactic
-- Found ament_lint_auto: 0.10.7 (/opt/ros/galactic/share/ament_lint_auto/cmake)
-- Added test 'copyright' to check source files copyright and LICENSE
-- Added test 'cppcheck' to perform static code analysis on C / C++ code
-- Configured cppcheck include dirs: /home/jw/robot/ros_ws/src/ExaRobot_ROS2/realsense-ros/realsense2_camera/include
-- Configured cppcheck exclude dirs and/or files: 
-- Added test 'cpplint' to check C / C++ code against the Google style
-- Configured cpplint exclude dirs and/or files: 
-- Added test 'flake8' to check Python code syntax and style conventions
-- Added test 'lint_cmake' to check CMake code style
-- Added test 'pep257' to check Python code against some of the style conventions in PEP 257
-- Added test 'uncrustify' to check C / C++ code style
-- Configured uncrustify additional arguments: 
-- Added test 'xmllint' to check XML markup files
-- Configuring done
-- Generating done
-- Build files have been written to: /home/jw/robot/ros_ws/build/realsense2_camera
[35m[1mScanning dependencies of target realsense2_camera[0m
[ 25%] Built target realsense2_camera_node
[ 50%] [32mBuilding CXX object CMakeFiles/realsense2_camera.dir/src/dynamic_params.cpp.o[0m
[ 50%] [32mBuilding CXX object CMakeFiles/realsense2_camera.dir/src/base_realsense_node.cpp.o[0m
[01m[K/home/jw/robot/ros_ws/src/ExaRobot_ROS2/realsense-ros/realsense2_camera/src/base_realsense_node.cpp:[m[K In member function ‘[01m[Krealsense2_camera_msgs::msg::Extrinsics realsense2_camera::BaseRealSenseNode::rsExtrinsicsToMsg(const rs2_extrinsics&, const string&) const[m[K’:
[01m[K/home/jw/robot/ros_ws/src/ExaRobot_ROS2/realsense-ros/realsense2_camera/src/base_realsense_node.cpp:2578:19:[m[K [01;31m[Kerror: [m[K‘[01m[Kusing Extrinsics = struct realsense2_camera_msgs::msg::Extrinsics_<std::allocator<void> >[m[K’ {aka ‘[01m[Kstruct realsense2_camera_msgs::msg::Extrinsics_<std::allocator<void> >[m[K’} has no member named ‘[01m[Kheader[m[K’
 2578 |     extrinsicsMsg.[01;31m[Kheader[m[K.frame_id = frame_id;
      |                   [01;31m[K^~~~~~[m[K
make[2]: *** [CMakeFiles/realsense2_camera.dir/build.make:76: CMakeFiles/realsense2_camera.dir/src/base_realsense_node.cpp.o] Error 1
make[1]: *** [CMakeFiles/Makefile2:107: CMakeFiles/realsense2_camera.dir/all] Error 2
make: *** [Makefile:141: all] Error 2
