[0.275s] Invoking command in '/home/jw/robot/ros_ws/build/velocity_smoother': CMAKE_PREFIX_PATH=/opt/ros/galactic /usr/bin/cmake /home/jw/robot/ros_ws/src/ExaRobot_ROS2/velocity_smoother -DCMAKE_INSTALL_PREFIX=/home/jw/robot/ros_ws/install/velocity_smoother
[0.331s] -- The C compiler identification is GNU 9.4.0
[0.391s] -- The CXX compiler identification is GNU 9.4.0
[0.395s] -- Check for working C compiler: /usr/bin/cc
[0.462s] -- Check for working C compiler: /usr/bin/cc -- works
[0.463s] -- Detecting C compiler ABI info
[0.529s] -- Detecting C compiler ABI info - done
[0.548s] -- Detecting C compile features
[0.548s] -- Detecting C compile features - done
[0.552s] -- Check for working CXX compiler: /usr/bin/c++
[0.633s] -- Check for working CXX compiler: /usr/bin/c++ -- works
[0.634s] -- Detecting CXX compiler ABI info
[0.718s] -- Detecting CXX compiler ABI info - done
[0.735s] -- Detecting CXX compile features
[0.736s] -- Detecting CXX compile features - done
[0.739s] -- Found ament_cmake_ros: 0.9.2 (/opt/ros/galactic/share/ament_cmake_ros/cmake)
[0.774s] -- Found PythonInterp: /usr/bin/python3 (found suitable version "3.8.10", minimum required is "3") 
[0.774s] -- Using PYTHON_EXECUTABLE: /usr/bin/python3
[0.871s] -- Found ecl_build: 1.0.2 (/opt/ros/galactic/share/ecl_build/cmake)
[0.882s] -- Found geometry_msgs: 2.2.4 (/opt/ros/galactic/share/geometry_msgs/cmake)
[0.926s] -- Using all available rosidl_typesupport_c: rosidl_typesupport_fastrtps_c;rosidl_typesupport_introspection_c
[0.935s] -- Found rosidl_adapter: 2.2.2 (/opt/ros/galactic/share/rosidl_adapter/cmake)
[1.034s] -- Found OpenSSL: /usr/lib/x86_64-linux-gnu/libcrypto.so (found version "1.1.1f")  
[1.068s] -- Found FastRTPS: /opt/ros/galactic/include  
[1.141s] -- Using all available rosidl_typesupport_cpp: rosidl_typesupport_fastrtps_cpp;rosidl_typesupport_introspection_cpp
[1.225s] -- Found nav_msgs: 2.2.4 (/opt/ros/galactic/share/nav_msgs/cmake)
[1.311s] -- Found rcl_interfaces: 1.0.3 (/opt/ros/galactic/share/rcl_interfaces/cmake)
[1.328s] -- Found rclcpp: 9.2.1 (/opt/ros/galactic/share/rclcpp/cmake)
[1.372s] -- Found rmw_implementation_cmake: 3.3.1 (/opt/ros/galactic/share/rmw_implementation_cmake/cmake)
[1.374s] -- Found rmw_fastrtps_cpp: 5.0.2 (/opt/ros/galactic/share/rmw_fastrtps_cpp/cmake)
[1.499s] -- Using RMW implementation 'rmw_fastrtps_cpp' as default
[1.500s] -- Looking for pthread.h
[1.575s] -- Looking for pthread.h - found
[1.575s] -- Performing Test CMAKE_HAVE_LIBC_PTHREAD
[1.664s] -- Performing Test CMAKE_HAVE_LIBC_PTHREAD - Failed
[1.664s] -- Looking for pthread_create in pthreads
[1.734s] -- Looking for pthread_create in pthreads - not found
[1.734s] -- Looking for pthread_create in pthread
[1.819s] -- Looking for pthread_create in pthread - found
[1.820s] -- Found Threads: TRUE  
[1.964s] -- Found rclcpp_components: 9.2.1 (/opt/ros/galactic/share/rclcpp_components/cmake)
[2.040s] -- Found launch_testing_ament_cmake: 0.17.1 (/opt/ros/galactic/share/launch_testing_ament_cmake/cmake)
[2.041s] -- Found python_cmake_module: 0.8.1 (/opt/ros/galactic/share/python_cmake_module/cmake)
[2.075s] -- Found PythonInterp: /usr/bin/python3 (found suitable version "3.8.10", minimum required is "3.5") 
[2.083s] -- Found PythonLibs: /usr/lib/x86_64-linux-gnu/libpython3.8.so (found suitable version "3.8.10", minimum required is "3.5") 
[2.084s] -- Using PYTHON_EXECUTABLE: /usr/bin/python3
[2.084s] -- Using PYTHON_INCLUDE_DIRS: /usr/include/python3.8
[2.084s] -- Using PYTHON_LIBRARIES: /usr/lib/x86_64-linux-gnu/libpython3.8.so
[2.115s] -- Found PythonExtra: .so  
[2.236s] -- Configuring done
[2.260s] -- Generating done
[2.262s] -- Build files have been written to: /home/jw/robot/ros_ws/build/velocity_smoother
