[0.020s] Invoking command in '/home/jw/robot/ros_ws/build/teb_local_planner': AMENT_PREFIX_PATH=/home/jw/robot/ros_ws/install/teb_msgs:/home/jw/robot/ros_ws/install/costmap_converter:/home/jw/robot/ros_ws/install/costmap_converter_msgs:${AMENT_PREFIX_PATH} CMAKE_PREFIX_PATH=/home/jw/robot/ros_ws/install/teb_msgs:/home/jw/robot/ros_ws/install/costmap_converter:/home/jw/robot/ros_ws/install/costmap_converter_msgs:/opt/ros/galactic LD_LIBRARY_PATH=/home/jw/robot/ros_ws/install/teb_msgs/lib:/home/jw/robot/ros_ws/install/costmap_converter/lib:/home/jw/robot/ros_ws/install/costmap_converter_msgs/lib:${LD_LIBRARY_PATH} PATH=/home/jw/robot/ros_ws/install/costmap_converter/bin:${PATH} PYTHONPATH=/home/jw/robot/ros_ws/install/teb_msgs/lib/python3.8/site-packages:/home/jw/robot/ros_ws/install/costmap_converter_msgs/lib/python3.8/site-packages:${PYTHONPATH} /usr/bin/cmake /home/jw/robot/ros_ws/src/ExaRobot_ROS2/teb_local_planner/teb_local_planner -DCMAKE_INSTALL_PREFIX=/home/jw/robot/ros_ws/install/teb_local_planner
[0.073s] -- The C compiler identification is GNU 9.4.0
[0.130s] -- The CXX compiler identification is GNU 9.4.0
[0.134s] -- Check for working C compiler: /usr/bin/cc
[0.200s] -- Check for working C compiler: /usr/bin/cc -- works
[0.200s] -- Detecting C compiler ABI info
[0.268s] -- Detecting C compiler ABI info - done
[0.282s] -- Detecting C compile features
[0.282s] -- Detecting C compile features - done
[0.285s] -- Check for working CXX compiler: /usr/bin/c++
[0.364s] -- Check for working CXX compiler: /usr/bin/c++ -- works
[0.365s] -- Detecting CXX compiler ABI info
[0.444s] -- Detecting CXX compiler ABI info - done
[0.458s] -- Detecting CXX compile features
[0.459s] -- Detecting CXX compile features - done
[0.461s] -- Found ament_cmake: 1.1.5 (/opt/ros/galactic/share/ament_cmake/cmake)
[0.486s] -- Found PythonInterp: /usr/bin/python3 (found suitable version "3.8.10", minimum required is "3") 
[0.486s] -- Using PYTHON_EXECUTABLE: /usr/bin/python3
[0.562s] -- Found costmap_converter: 0.1.2 (/home/jw/robot/ros_ws/install/costmap_converter/share/costmap_converter/cmake)
[0.601s] -- Using all available rosidl_typesupport_c: rosidl_typesupport_fastrtps_c;rosidl_typesupport_introspection_c
[0.608s] -- Found rosidl_adapter: 2.2.2 (/opt/ros/galactic/share/rosidl_adapter/cmake)
[0.732s] -- Found OpenSSL: /usr/lib/x86_64-linux-gnu/libcrypto.so (found version "1.1.1f")  
[0.772s] -- Found FastRTPS: /opt/ros/galactic/include  
[0.860s] -- Using all available rosidl_typesupport_cpp: rosidl_typesupport_fastrtps_cpp;rosidl_typesupport_introspection_cpp
[1.523s] -- Found rmw_implementation_cmake: 3.3.1 (/opt/ros/galactic/share/rmw_implementation_cmake/cmake)
[1.526s] -- Found rmw_fastrtps_cpp: 5.0.2 (/opt/ros/galactic/share/rmw_fastrtps_cpp/cmake)
[1.631s] -- Using RMW implementation 'rmw_fastrtps_cpp' as default
[1.632s] -- Looking for pthread.h
[1.707s] -- Looking for pthread.h - found
[1.707s] -- Performing Test CMAKE_HAVE_LIBC_PTHREAD
[1.781s] -- Performing Test CMAKE_HAVE_LIBC_PTHREAD - Failed
[1.781s] -- Looking for pthread_create in pthreads
[1.843s] -- Looking for pthread_create in pthreads - not found
[1.844s] -- Looking for pthread_create in pthread
[1.919s] -- Looking for pthread_create in pthread - found
[1.921s] -- Found Threads: TRUE  
[2.674s] -- Found Eigen3: TRUE (found version "3.3.7") 
[3.747s] -- Found dwb_critics: 1.0.12 (/opt/ros/galactic/share/dwb_critics/cmake)
[8.265s] -- Found teb_msgs: 0.0.1 (/home/jw/robot/ros_ws/install/teb_msgs/share/teb_msgs/cmake)
[8.383s] -- Found tf2_eigen: 0.17.4 (/opt/ros/galactic/share/tf2_eigen/cmake)
[8.387s] -- System: Linux-5.15.0-48-generic
[8.387s] -- /opt/ros/galactic/share/tinyxml2_vendor/cmake/Modules;/opt/ros/galactic/share/eigen3_cmake_module/cmake/Modules;/opt/ros/galactic/share/fastrtps_cmake_module/cmake/Modules;/home/jw/robot/ros_ws/src/ExaRobot_ROS2/teb_local_planner/teb_local_planner/cmake_modules
[8.390s] -- Found SuiteSparse
[8.390s] -- Searching for g2o ...
[8.390s] -- Found g2o headers in: /opt/ros/galactic/include/g2o
[8.392s] -- Found libg2o: /opt/ros/galactic/lib/x86_64-linux-gnu/libg2o_csparse_extension.so;/opt/ros/galactic/lib/x86_64-linux-gnu/libg2o_core.so;/opt/ros/galactic/lib/x86_64-linux-gnu/libg2o_stuff.so;/opt/ros/galactic/lib/x86_64-linux-gnu/libg2o_types_slam2d.so;/opt/ros/galactic/lib/x86_64-linux-gnu/libg2o_types_slam3d.so;/opt/ros/galactic/lib/x86_64-linux-gnu/libg2o_solver_cholmod.so;/opt/ros/galactic/lib/x86_64-linux-gnu/libg2o_solver_pcg.so;/opt/ros/galactic/lib/x86_64-linux-gnu/libg2o_solver_csparse.so;/opt/ros/galactic/lib/x86_64-linux-gnu/libg2o_incremental.so
[8.397s] -- Found Boost: /usr/lib/x86_64-linux-gnu/cmake/Boost-1.71.0/BoostConfig.cmake (found version "1.71.0")  
[20.887s] -- Found ament_cmake_gtest: 1.1.5 (/opt/ros/galactic/share/ament_cmake_gtest/cmake)
[20.951s] -- Configuring done
[21.030s] -- Generating done
[21.032s] -- Build files have been written to: /home/jw/robot/ros_ws/build/teb_local_planner
[21.042s] Invoked command in '/home/jw/robot/ros_ws/build/teb_local_planner' returned '0': AMENT_PREFIX_PATH=/home/jw/robot/ros_ws/install/teb_msgs:/home/jw/robot/ros_ws/install/costmap_converter:/home/jw/robot/ros_ws/install/costmap_converter_msgs:${AMENT_PREFIX_PATH} CMAKE_PREFIX_PATH=/home/jw/robot/ros_ws/install/teb_msgs:/home/jw/robot/ros_ws/install/costmap_converter:/home/jw/robot/ros_ws/install/costmap_converter_msgs:/opt/ros/galactic LD_LIBRARY_PATH=/home/jw/robot/ros_ws/install/teb_msgs/lib:/home/jw/robot/ros_ws/install/costmap_converter/lib:/home/jw/robot/ros_ws/install/costmap_converter_msgs/lib:${LD_LIBRARY_PATH} PATH=/home/jw/robot/ros_ws/install/costmap_converter/bin:${PATH} PYTHONPATH=/home/jw/robot/ros_ws/install/teb_msgs/lib/python3.8/site-packages:/home/jw/robot/ros_ws/install/costmap_converter_msgs/lib/python3.8/site-packages:${PYTHONPATH} /usr/bin/cmake /home/jw/robot/ros_ws/src/ExaRobot_ROS2/teb_local_planner/teb_local_planner -DCMAKE_INSTALL_PREFIX=/home/jw/robot/ros_ws/install/teb_local_planner
[21.045s] Invoking command in '/home/jw/robot/ros_ws/build/teb_local_planner': AMENT_PREFIX_PATH=/home/jw/robot/ros_ws/install/teb_msgs:/home/jw/robot/ros_ws/install/costmap_converter:/home/jw/robot/ros_ws/install/costmap_converter_msgs:${AMENT_PREFIX_PATH} CMAKE_PREFIX_PATH=/home/jw/robot/ros_ws/install/teb_msgs:/home/jw/robot/ros_ws/install/costmap_converter:/home/jw/robot/ros_ws/install/costmap_converter_msgs:/opt/ros/galactic LD_LIBRARY_PATH=/home/jw/robot/ros_ws/install/teb_msgs/lib:/home/jw/robot/ros_ws/install/costmap_converter/lib:/home/jw/robot/ros_ws/install/costmap_converter_msgs/lib:${LD_LIBRARY_PATH} PATH=/home/jw/robot/ros_ws/install/costmap_converter/bin:${PATH} PYTHONPATH=/home/jw/robot/ros_ws/install/teb_msgs/lib/python3.8/site-packages:/home/jw/robot/ros_ws/install/costmap_converter_msgs/lib/python3.8/site-packages:${PYTHONPATH} /usr/bin/cmake --build /home/jw/robot/ros_ws/build/teb_local_planner -- -j12 -l12
[21.085s] [35m[1mScanning dependencies of target teb_local_planner[0m
[21.275s] [ 10%] [32mBuilding CXX object CMakeFiles/teb_local_planner.dir/src/timed_elastic_band.cpp.o[0m
[21.281s] [ 20%] [32mBuilding CXX object CMakeFiles/teb_local_planner.dir/src/visualization.cpp.o[0m
[21.281s] [ 30%] [32mBuilding CXX object CMakeFiles/teb_local_planner.dir/src/obstacles.cpp.o[0m
[21.282s] [ 40%] [32mBuilding CXX object CMakeFiles/teb_local_planner.dir/src/optimal_planner.cpp.o[0m
[21.284s] [ 50%] [32mBuilding CXX object CMakeFiles/teb_local_planner.dir/src/recovery_behaviors.cpp.o[0m
[21.284s] [ 60%] [32mBuilding CXX object CMakeFiles/teb_local_planner.dir/src/teb_config.cpp.o[0m
[21.286s] [ 70%] [32mBuilding CXX object CMakeFiles/teb_local_planner.dir/src/homotopy_class_planner.cpp.o[0m
[21.289s] [ 80%] [32mBuilding CXX object CMakeFiles/teb_local_planner.dir/src/teb_local_planner_ros.cpp.o[0m
[21.290s] [ 90%] [32mBuilding CXX object CMakeFiles/teb_local_planner.dir/src/graph_search.cpp.o[0m
[33.332s] In file included from [01m[K/opt/ros/galactic/include/pluginlib/class_loader_imp.hpp:73[m[K,
[33.332s]                  from [01m[K/opt/ros/galactic/include/pluginlib/class_loader.hpp:356[m[K,
[33.332s]                  from [01m[K/home/jw/robot/ros_ws/src/ExaRobot_ROS2/teb_local_planner/teb_local_planner/include/teb_local_planner/teb_local_planner_ros.h:42[m[K,
[33.332s]                  from [01m[K/home/jw/robot/ros_ws/src/ExaRobot_ROS2/teb_local_planner/teb_local_planner/src/teb_local_planner_ros.cpp:39[m[K:
[33.333s] [01m[K/home/jw/robot/ros_ws/install/costmap_converter/include/costmap_converter/costmap_converter_interface.h:[m[K In member function ‘[01m[Kvoid costmap_converter::BaseCostmapToPolygons::startWorker(rclcpp::GenericRate<std::chrono::_V2::system_clock>::SharedPtr, nav2_costmap_2d::Costmap2D*, bool)[m[K’:
[33.333s] [01m[K/home/jw/robot/ros_ws/install/costmap_converter/include/costmap_converter/costmap_converter_interface.h:197:41:[m[K [01;35m[Kwarning: [m[Ktoo many arguments for format [[01;35m[K-Wformat-extra-args[m[K]
[33.333s]   197 |         RCLCPP_DEBUG(nh_->get_logger(), [01;35m[K"costmap_converter"[m[K, "Spinning up a thread for the CostmapToPolygons plugin");
[33.333s]       |                                         [01;35m[K^~~~~~~~~~~~~~~~~~~[m[K
[33.360s] [01m[K/home/jw/robot/ros_ws/install/costmap_converter/include/costmap_converter/costmap_converter_interface.h:[m[K In member function ‘[01m[Kvoid costmap_converter::BaseCostmapToDynamicObstacles::loadStaticCostmapConverterPlugin(const string&, rclcpp::Node::SharedPtr)[m[K’:
[33.360s] [01m[K/home/jw/robot/ros_ws/install/costmap_converter/include/costmap_converter/costmap_converter_interface.h:313:32:[m[K [01;35m[Kwarning: [m[Kformat ‘[01m[K%s[m[K’ expects argument of type ‘[01m[Kchar*[m[K’, but argument 5 has type ‘[01m[Kconst string[m[K’ {aka ‘[01m[Kconst std::__cxx11::basic_string<char>[m[K’} [[01;35m[K-Wformat=[m[K]
[33.360s]   313 |       RCLCPP_INFO(getLogger(), [01;35m[K"CostmapToDynamicObstacles: underlying costmap conversion plugin for static obstacles %s loaded."[m[K, plugin_name);
[33.360s]       |                                [01;35m[K^~~~~~~~~~~~~~~~~~~~~~~~~~~~~~~~~~~~~~~~~~~~~~~~~~~~~~~~~~~~~~~~~~~~~~~~~~~~~~~~~~~~~~~~~~~~~~~~~[m[K
[33.360s] In file included from [01m[K/home/jw/robot/ros_ws/src/ExaRobot_ROS2/teb_local_planner/teb_local_planner/include/teb_local_planner/teb_local_planner_ros.h:68[m[K,
[33.361s]                  from [01m[K/home/jw/robot/ros_ws/src/ExaRobot_ROS2/teb_local_planner/teb_local_planner/src/teb_local_planner_ros.cpp:39[m[K:
[33.361s] [01m[K/home/jw/robot/ros_ws/install/costmap_converter/include/costmap_converter/costmap_converter_interface.h:313:119:[m[K [01;36m[Knote: [m[Kformat string is defined here
[33.361s]   313 |       RCLCPP_INFO(getLogger(), "CostmapToDynamicObstacles: underlying costmap conversion plugin for static obstacles [01;36m[K%s[m[K loaded.", plugin_name);
[33.361s]       |                                                                                                                      [01;36m[K~^[m[K
[33.361s]       |                                                                                                                       [01;36m[K|[m[K
[33.361s]       |                                                                                                                       [01;36m[Kchar*[m[K
[61.371s] [100%] [32m[1mLinking CXX shared library libteb_local_planner.so[0m
[61.888s] [100%] Built target teb_local_planner
[61.899s] Invoked command in '/home/jw/robot/ros_ws/build/teb_local_planner' returned '0': AMENT_PREFIX_PATH=/home/jw/robot/ros_ws/install/teb_msgs:/home/jw/robot/ros_ws/install/costmap_converter:/home/jw/robot/ros_ws/install/costmap_converter_msgs:${AMENT_PREFIX_PATH} CMAKE_PREFIX_PATH=/home/jw/robot/ros_ws/install/teb_msgs:/home/jw/robot/ros_ws/install/costmap_converter:/home/jw/robot/ros_ws/install/costmap_converter_msgs:/opt/ros/galactic LD_LIBRARY_PATH=/home/jw/robot/ros_ws/install/teb_msgs/lib:/home/jw/robot/ros_ws/install/costmap_converter/lib:/home/jw/robot/ros_ws/install/costmap_converter_msgs/lib:${LD_LIBRARY_PATH} PATH=/home/jw/robot/ros_ws/install/costmap_converter/bin:${PATH} PYTHONPATH=/home/jw/robot/ros_ws/install/teb_msgs/lib/python3.8/site-packages:/home/jw/robot/ros_ws/install/costmap_converter_msgs/lib/python3.8/site-packages:${PYTHONPATH} /usr/bin/cmake --build /home/jw/robot/ros_ws/build/teb_local_planner -- -j12 -l12
[61.935s] Invoking command in '/home/jw/robot/ros_ws/build/teb_local_planner': AMENT_PREFIX_PATH=/home/jw/robot/ros_ws/install/teb_msgs:/home/jw/robot/ros_ws/install/costmap_converter:/home/jw/robot/ros_ws/install/costmap_converter_msgs:${AMENT_PREFIX_PATH} CMAKE_PREFIX_PATH=/home/jw/robot/ros_ws/install/teb_msgs:/home/jw/robot/ros_ws/install/costmap_converter:/home/jw/robot/ros_ws/install/costmap_converter_msgs:/opt/ros/galactic LD_LIBRARY_PATH=/home/jw/robot/ros_ws/install/teb_msgs/lib:/home/jw/robot/ros_ws/install/costmap_converter/lib:/home/jw/robot/ros_ws/install/costmap_converter_msgs/lib:${LD_LIBRARY_PATH} PATH=/home/jw/robot/ros_ws/install/costmap_converter/bin:${PATH} PYTHONPATH=/home/jw/robot/ros_ws/install/teb_msgs/lib/python3.8/site-packages:/home/jw/robot/ros_ws/install/costmap_converter_msgs/lib/python3.8/site-packages:${PYTHONPATH} /usr/bin/cmake --install /home/jw/robot/ros_ws/build/teb_local_planner
[61.942s] -- Install configuration: "Release"
[61.942s] -- Installing: /home/jw/robot/ros_ws/install/teb_local_planner/lib/libteb_local_planner.so
[61.946s] -- Set runtime path of "/home/jw/robot/ros_ws/install/teb_local_planner/lib/libteb_local_planner.so" to ""
[61.946s] -- Installing: /home/jw/robot/ros_ws/install/teb_local_planner/include/
[61.946s] -- Installing: /home/jw/robot/ros_ws/install/teb_local_planner/include//teb_local_planner
[61.946s] -- Installing: /home/jw/robot/ros_ws/install/teb_local_planner/include//teb_local_planner/timed_elastic_band.hpp
[61.946s] -- Installing: /home/jw/robot/ros_ws/install/teb_local_planner/include//teb_local_planner/graph_search.h
[61.947s] -- Installing: /home/jw/robot/ros_ws/install/teb_local_planner/include//teb_local_planner/obstacles.h
[61.947s] -- Installing: /home/jw/robot/ros_ws/install/teb_local_planner/include//teb_local_planner/optimal_planner.h
[61.947s] -- Installing: /home/jw/robot/ros_ws/install/teb_local_planner/include//teb_local_planner/h_signature.h
[61.947s] -- Installing: /home/jw/robot/ros_ws/install/teb_local_planner/include//teb_local_planner/planner_interface.h
[61.947s] -- Installing: /home/jw/robot/ros_ws/install/teb_local_planner/include//teb_local_planner/pose_se2.h
[61.947s] -- Installing: /home/jw/robot/ros_ws/install/teb_local_planner/include//teb_local_planner/robot_footprint_model.h
[61.947s] -- Installing: /home/jw/robot/ros_ws/install/teb_local_planner/include//teb_local_planner/misc.h
[61.947s] -- Installing: /home/jw/robot/ros_ws/install/teb_local_planner/include//teb_local_planner/visualization.h
[61.947s] -- Installing: /home/jw/robot/ros_ws/install/teb_local_planner/include//teb_local_planner/distance_calculations.h
[61.947s] -- Installing: /home/jw/robot/ros_ws/install/teb_local_planner/include//teb_local_planner/homotopy_class_planner.h
[61.948s] -- Installing: /home/jw/robot/ros_ws/install/teb_local_planner/include//teb_local_planner/equivalence_relations.h
[61.948s] -- Installing: /home/jw/robot/ros_ws/install/teb_local_planner/include//teb_local_planner/teb_config.h
[61.948s] -- Installing: /home/jw/robot/ros_ws/install/teb_local_planner/include//teb_local_planner/g2o_types
[61.948s] -- Installing: /home/jw/robot/ros_ws/install/teb_local_planner/include//teb_local_planner/g2o_types/edge_velocity.h
[61.948s] -- Installing: /home/jw/robot/ros_ws/install/teb_local_planner/include//teb_local_planner/g2o_types/edge_via_point.h
[61.948s] -- Installing: /home/jw/robot/ros_ws/install/teb_local_planner/include//teb_local_planner/g2o_types/edge_dynamic_obstacle.h
[61.948s] -- Installing: /home/jw/robot/ros_ws/install/teb_local_planner/include//teb_local_planner/g2o_types/edge_time_optimal.h
[61.948s] -- Installing: /home/jw/robot/ros_ws/install/teb_local_planner/include//teb_local_planner/g2o_types/base_teb_edges.h
[61.948s] -- Installing: /home/jw/robot/ros_ws/install/teb_local_planner/include//teb_local_planner/g2o_types/edge_obstacle.h
[61.949s] -- Installing: /home/jw/robot/ros_ws/install/teb_local_planner/include//teb_local_planner/g2o_types/edge_acceleration.h
[61.949s] -- Installing: /home/jw/robot/ros_ws/install/teb_local_planner/include//teb_local_planner/g2o_types/edge_shortest_path.h
[61.949s] -- Installing: /home/jw/robot/ros_ws/install/teb_local_planner/include//teb_local_planner/g2o_types/penalties.h
[61.949s] -- Installing: /home/jw/robot/ros_ws/install/teb_local_planner/include//teb_local_planner/g2o_types/edge_prefer_rotdir.h
[61.949s] -- Installing: /home/jw/robot/ros_ws/install/teb_local_planner/include//teb_local_planner/g2o_types/vertex_timediff.h
[61.949s] -- Installing: /home/jw/robot/ros_ws/install/teb_local_planner/include//teb_local_planner/g2o_types/edge_velocity_obstacle_ratio.h
[61.949s] -- Installing: /home/jw/robot/ros_ws/install/teb_local_planner/include//teb_local_planner/g2o_types/edge_kinematics.h
[61.949s] -- Installing: /home/jw/robot/ros_ws/install/teb_local_planner/include//teb_local_planner/g2o_types/vertex_pose.h
[61.949s] -- Installing: /home/jw/robot/ros_ws/install/teb_local_planner/include//teb_local_planner/homotopy_class_planner.hpp
[61.950s] -- Installing: /home/jw/robot/ros_ws/install/teb_local_planner/include//teb_local_planner/visualization.hpp
[61.950s] -- Installing: /home/jw/robot/ros_ws/install/teb_local_planner/include//teb_local_planner/recovery_behaviors.h
[61.950s] -- Installing: /home/jw/robot/ros_ws/install/teb_local_planner/include//teb_local_planner/timed_elastic_band.h
[61.950s] -- Installing: /home/jw/robot/ros_ws/install/teb_local_planner/include//teb_local_planner/teb_local_planner_ros.h
[61.950s] -- Installing: /home/jw/robot/ros_ws/install/teb_local_planner/share/teb_local_planner_plugin.xml
[61.952s] -- Installing: /home/jw/robot/ros_ws/install/teb_local_planner/lib/teb_local_planner/cmd_vel_to_ackermann_drive.py
[61.952s] -- Installing: /home/jw/robot/ros_ws/install/teb_local_planner/share/teb_local_planner/params
[61.952s] -- Installing: /home/jw/robot/ros_ws/install/teb_local_planner/share/teb_local_planner/params/teb_params.yaml
[61.952s] -- Installing: /home/jw/robot/ros_ws/install/teb_local_planner/share/teb_local_planner/environment/library_path.sh
[61.952s] -- Installing: /home/jw/robot/ros_ws/install/teb_local_planner/share/teb_local_planner/environment/library_path.dsv
[61.952s] -- Installing: /home/jw/robot/ros_ws/install/teb_local_planner/share/teb_local_planner/teb_local_planner_plugin.xml
[61.953s] -- Installing: /home/jw/robot/ros_ws/install/teb_local_planner/share/ament_index/resource_index/package_run_dependencies/teb_local_planner
[61.953s] -- Installing: /home/jw/robot/ros_ws/install/teb_local_planner/share/ament_index/resource_index/parent_prefix_path/teb_local_planner
[61.953s] -- Installing: /home/jw/robot/ros_ws/install/teb_local_planner/share/teb_local_planner/environment/ament_prefix_path.sh
[61.953s] -- Installing: /home/jw/robot/ros_ws/install/teb_local_planner/share/teb_local_planner/environment/ament_prefix_path.dsv
[61.953s] -- Installing: /home/jw/robot/ros_ws/install/teb_local_planner/share/teb_local_planner/environment/path.sh
[61.953s] -- Installing: /home/jw/robot/ros_ws/install/teb_local_planner/share/teb_local_planner/environment/path.dsv
[61.954s] -- Installing: /home/jw/robot/ros_ws/install/teb_local_planner/share/teb_local_planner/local_setup.bash
[61.954s] -- Installing: /home/jw/robot/ros_ws/install/teb_local_planner/share/teb_local_planner/local_setup.sh
[61.954s] -- Installing: /home/jw/robot/ros_ws/install/teb_local_planner/share/teb_local_planner/local_setup.zsh
[61.954s] -- Installing: /home/jw/robot/ros_ws/install/teb_local_planner/share/teb_local_planner/local_setup.dsv
[61.954s] -- Installing: /home/jw/robot/ros_ws/install/teb_local_planner/share/teb_local_planner/package.dsv
[61.954s] -- Installing: /home/jw/robot/ros_ws/install/teb_local_planner/share/ament_index/resource_index/packages/teb_local_planner
[61.955s] -- Installing: /home/jw/robot/ros_ws/install/teb_local_planner/share/ament_index/resource_index/nav2_core__pluginlib__plugin/teb_local_planner
[61.955s] -- Installing: /home/jw/robot/ros_ws/install/teb_local_planner/share/teb_local_planner/cmake/ament_cmake_export_include_directories-extras.cmake
[61.955s] -- Installing: /home/jw/robot/ros_ws/install/teb_local_planner/share/teb_local_planner/cmake/ament_cmake_export_libraries-extras.cmake
[61.955s] -- Installing: /home/jw/robot/ros_ws/install/teb_local_planner/share/teb_local_planner/cmake/ament_cmake_export_dependencies-extras.cmake
[61.955s] -- Installing: /home/jw/robot/ros_ws/install/teb_local_planner/share/teb_local_planner/cmake/teb_local_plannerConfig.cmake
[61.955s] -- Installing: /home/jw/robot/ros_ws/install/teb_local_planner/share/teb_local_planner/cmake/teb_local_plannerConfig-version.cmake
[61.955s] -- Installing: /home/jw/robot/ros_ws/install/teb_local_planner/share/teb_local_planner/package.xml
[61.964s] Invoked command in '/home/jw/robot/ros_ws/build/teb_local_planner' returned '0': AMENT_PREFIX_PATH=/home/jw/robot/ros_ws/install/teb_msgs:/home/jw/robot/ros_ws/install/costmap_converter:/home/jw/robot/ros_ws/install/costmap_converter_msgs:${AMENT_PREFIX_PATH} CMAKE_PREFIX_PATH=/home/jw/robot/ros_ws/install/teb_msgs:/home/jw/robot/ros_ws/install/costmap_converter:/home/jw/robot/ros_ws/install/costmap_converter_msgs:/opt/ros/galactic LD_LIBRARY_PATH=/home/jw/robot/ros_ws/install/teb_msgs/lib:/home/jw/robot/ros_ws/install/costmap_converter/lib:/home/jw/robot/ros_ws/install/costmap_converter_msgs/lib:${LD_LIBRARY_PATH} PATH=/home/jw/robot/ros_ws/install/costmap_converter/bin:${PATH} PYTHONPATH=/home/jw/robot/ros_ws/install/teb_msgs/lib/python3.8/site-packages:/home/jw/robot/ros_ws/install/costmap_converter_msgs/lib/python3.8/site-packages:${PYTHONPATH} /usr/bin/cmake --install /home/jw/robot/ros_ws/build/teb_local_planner
