[1.294s] Invoking command in '/home/jw/robot/ros_ws/src/ExaRobot_ROS2/exa_robot': PYTHONPATH=/home/jw/robot/ros_ws/install/exa_robot/lib/python3.8/site-packages:${PYTHONPATH} /usr/bin/python3 setup.py egg_info --egg-base ../../../build/exa_robot build --build-base /home/jw/robot/ros_ws/build/exa_robot/build install --prefix /home/jw/robot/ros_ws/install/exa_robot --record /home/jw/robot/ros_ws/build/exa_robot/install.log --single-version-externally-managed
[1.735s] running egg_info
[1.735s] writing ../../../build/exa_robot/exa_robot.egg-info/PKG-INFO
[1.735s] writing dependency_links to ../../../build/exa_robot/exa_robot.egg-info/dependency_links.txt
[1.736s] writing entry points to ../../../build/exa_robot/exa_robot.egg-info/entry_points.txt
[1.736s] writing requirements to ../../../build/exa_robot/exa_robot.egg-info/requires.txt
[1.736s] writing top-level names to ../../../build/exa_robot/exa_robot.egg-info/top_level.txt
[1.824s] reading manifest file '../../../build/exa_robot/exa_robot.egg-info/SOURCES.txt'
[1.853s] writing manifest file '../../../build/exa_robot/exa_robot.egg-info/SOURCES.txt'
[1.853s] running build
[1.854s] running build_py
[1.854s] running install
[1.854s] running install_lib
[1.855s] running install_data
[1.855s] running install_egg_info
[1.855s] removing '/home/jw/robot/ros_ws/install/exa_robot/lib/python3.8/site-packages/exa_robot-0.0.0-py3.8.egg-info' (and everything under it)
[1.855s] Copying ../../../build/exa_robot/exa_robot.egg-info to /home/jw/robot/ros_ws/install/exa_robot/lib/python3.8/site-packages/exa_robot-0.0.0-py3.8.egg-info
[1.855s] running install_scripts
[1.893s] Installing robot_node script to /home/jw/robot/ros_ws/install/exa_robot/lib/exa_robot
[1.893s] writing list of installed files to '/home/jw/robot/ros_ws/build/exa_robot/install.log'
[1.970s] Invoked command in '/home/jw/robot/ros_ws/src/ExaRobot_ROS2/exa_robot' returned '0': PYTHONPATH=/home/jw/robot/ros_ws/install/exa_robot/lib/python3.8/site-packages:${PYTHONPATH} /usr/bin/python3 setup.py egg_info --egg-base ../../../build/exa_robot build --build-base /home/jw/robot/ros_ws/build/exa_robot/build install --prefix /home/jw/robot/ros_ws/install/exa_robot --record /home/jw/robot/ros_ws/build/exa_robot/install.log --single-version-externally-managed
