-- Create Release Build.
-- Found ament_cmake: 1.1.5 (/opt/ros/galactic/share/ament_cmake/cmake)
-- Using PYTHON_EXECUTABLE: /usr/bin/python3
-- Found builtin_interfaces: 1.0.3 (/opt/ros/galactic/share/builtin_interfaces/cmake)
-- Using all available rosidl_typesupport_c: rosidl_typesupport_fastrtps_c;rosidl_typesupport_introspection_c
-- Found rosidl_adapter: 2.2.2 (/opt/ros/galactic/share/rosidl_adapter/cmake)
-- Using all available rosidl_typesupport_cpp: rosidl_typesupport_fastrtps_cpp;rosidl_typesupport_introspection_cpp
-- Found cv_bridge: 2.2.1 (/opt/ros/galactic/share/cv_bridge/cmake)
-- Found image_transport: 2.5.0 (/opt/ros/galactic/share/image_transport/cmake)
-- Found rmw_implementation_cmake: 3.3.1 (/opt/ros/galactic/share/rmw_implementation_cmake/cmake)
-- Found rmw_fastrtps_cpp: 5.0.2 (/opt/ros/galactic/share/rmw_fastrtps_cpp/cmake)
-- Using RMW implementation 'rmw_fastrtps_cpp' as default
-- Found rclcpp_components: 9.2.1 (/opt/ros/galactic/share/rclcpp_components/cmake)
-- Found realsense2_camera_msgs: 4.51.1 (/home/jw/robot/ros_ws/install/realsense2_camera_msgs/share/realsense2_camera_msgs/cmake)
-- Found nav_msgs: 2.2.4 (/opt/ros/galactic/share/nav_msgs/cmake)
-- Found tf2_ros: 0.17.4 (/opt/ros/galactic/share/tf2_ros/cmake)
-- Found diagnostic_updater: 2.1.3 (/opt/ros/galactic/share/diagnostic_updater/cmake)
-- Build for ROS2 Galactic
-- Configuring done
-- Generating done
-- Build files have been written to: /home/jw/robot/ros_ws/build/realsense2_camera
[35m[1mScanning dependencies of target realsense2_camera[0m
[ 12%] Built target realsense2_camera_node
[ 18%] [32mBuilding CXX object CMakeFiles/realsense2_camera.dir/src/realsense_node_factory.cpp.o[0m
[ 25%] [32mBuilding CXX object CMakeFiles/realsense2_camera.dir/src/base_realsense_node.cpp.o[0m
[ 31%] [32mBuilding CXX object CMakeFiles/realsense2_camera.dir/src/t265_realsense_node.cpp.o[0m
[ 37%] [32mBuilding CXX object CMakeFiles/realsense2_camera.dir/src/parameters.cpp.o[0m
[ 43%] [32mBuilding CXX object CMakeFiles/realsense2_camera.dir/src/rs_node_setup.cpp.o[0m
[ 50%] [32mBuilding CXX object CMakeFiles/realsense2_camera.dir/src/dynamic_params.cpp.o[0m
[ 62%] [32mBuilding CXX object CMakeFiles/realsense2_camera.dir/src/sensor_params.cpp.o[0m
[ 62%] [32mBuilding CXX object CMakeFiles/realsense2_camera.dir/src/ros_utils.cpp.o[0m
[ 75%] [32mBuilding CXX object CMakeFiles/realsense2_camera.dir/src/named_filter.cpp.o[0m
[ 75%] [32mBuilding CXX object CMakeFiles/realsense2_camera.dir/src/ros_sensor.cpp.o[0m
[ 81%] [32mBuilding CXX object CMakeFiles/realsense2_camera.dir/src/profile_manager.cpp.o[0m
[ 87%] [32mBuilding CXX object CMakeFiles/realsense2_camera.dir/src/image_publisher.cpp.o[0m
[ 93%] [32mBuilding CXX object CMakeFiles/realsense2_camera.dir/src/ros_param_backend_foxy.cpp.o[0m
[100%] [32m[1mLinking CXX shared library librealsense2_camera.so[0m
[100%] Built target realsense2_camera
-- Install configuration: "Release"
-- Up-to-date: /home/jw/robot/ros_ws/install/realsense2_camera/lib/realsense2_camera/realsense2_camera_node
-- Installing: /home/jw/robot/ros_ws/install/realsense2_camera/lib/librealsense2_camera.so
-- Set runtime path of "/home/jw/robot/ros_ws/install/realsense2_camera/lib/librealsense2_camera.so" to ""
-- Up-to-date: /home/jw/robot/ros_ws/install/realsense2_camera/include
-- Installing: /home/jw/robot/ros_ws/install/realsense2_camera/include/sensor_params.h
-- Installing: /home/jw/robot/ros_ws/install/realsense2_camera/include/named_filter.h
-- Installing: /home/jw/robot/ros_ws/install/realsense2_camera/include/t265_realsense_node.h
-- Installing: /home/jw/robot/ros_ws/install/realsense2_camera/include/base_realsense_node.h
-- Installing: /home/jw/robot/ros_ws/install/realsense2_camera/include/constants.h
-- Installing: /home/jw/robot/ros_ws/install/realsense2_camera/include/ros_sensor.h
-- Installing: /home/jw/robot/ros_ws/install/realsense2_camera/include/realsense_node_factory.h
-- Installing: /home/jw/robot/ros_ws/install/realsense2_camera/include/ros_param_backend.h
-- Installing: /home/jw/robot/ros_ws/install/realsense2_camera/include/profile_manager.h
-- Installing: /home/jw/robot/ros_ws/install/realsense2_camera/include/dynamic_params.h
-- Installing: /home/jw/robot/ros_ws/install/realsense2_camera/include/ros_utils.h
-- Installing: /home/jw/robot/ros_ws/install/realsense2_camera/include/image_publisher.h
-- Up-to-date: /home/jw/robot/ros_ws/install/realsense2_camera/share/realsense2_camera/launch
-- Installing: /home/jw/robot/ros_ws/install/realsense2_camera/share/realsense2_camera/launch/rs_intra_process_demo_launch.py
-- Installing: /home/jw/robot/ros_ws/install/realsense2_camera/share/realsense2_camera/launch/rs_d400_and_t265_launch.py
-- Installing: /home/jw/robot/ros_ws/install/realsense2_camera/share/realsense2_camera/launch/rs_multi_camera_launch.py
-- Installing: /home/jw/robot/ros_ws/install/realsense2_camera/share/realsense2_camera/launch/rs_launch.py
-- Installing: /home/jw/robot/ros_ws/install/realsense2_camera/share/realsense2_camera/launch/default.rviz
-- Up-to-date: /home/jw/robot/ros_ws/install/realsense2_camera/share/realsense2_camera/environment/library_path.sh
-- Installing: /home/jw/robot/ros_ws/install/realsense2_camera/share/realsense2_camera/environment/library_path.dsv
-- Installing: /home/jw/robot/ros_ws/install/realsense2_camera/share/ament_index/resource_index/package_run_dependencies/realsense2_camera
-- Up-to-date: /home/jw/robot/ros_ws/install/realsense2_camera/share/ament_index/resource_index/parent_prefix_path/realsense2_camera
-- Up-to-date: /home/jw/robot/ros_ws/install/realsense2_camera/share/realsense2_camera/environment/ament_prefix_path.sh
-- Installing: /home/jw/robot/ros_ws/install/realsense2_camera/share/realsense2_camera/environment/ament_prefix_path.dsv
-- Up-to-date: /home/jw/robot/ros_ws/install/realsense2_camera/share/realsense2_camera/environment/path.sh
-- Installing: /home/jw/robot/ros_ws/install/realsense2_camera/share/realsense2_camera/environment/path.dsv
-- Up-to-date: /home/jw/robot/ros_ws/install/realsense2_camera/share/realsense2_camera/local_setup.bash
-- Up-to-date: /home/jw/robot/ros_ws/install/realsense2_camera/share/realsense2_camera/local_setup.sh
-- Up-to-date: /home/jw/robot/ros_ws/install/realsense2_camera/share/realsense2_camera/local_setup.zsh
-- Installing: /home/jw/robot/ros_ws/install/realsense2_camera/share/realsense2_camera/local_setup.dsv
-- Installing: /home/jw/robot/ros_ws/install/realsense2_camera/share/realsense2_camera/package.dsv
-- Up-to-date: /home/jw/robot/ros_ws/install/realsense2_camera/share/ament_index/resource_index/packages/realsense2_camera
-- Up-to-date: /home/jw/robot/ros_ws/install/realsense2_camera/share/ament_index/resource_index/rclcpp_components/realsense2_camera
-- Up-to-date: /home/jw/robot/ros_ws/install/realsense2_camera/share/realsense2_camera/cmake/ament_cmake_export_include_directories-extras.cmake
-- Up-to-date: /home/jw/robot/ros_ws/install/realsense2_camera/share/realsense2_camera/cmake/ament_cmake_export_libraries-extras.cmake
-- Installing: /home/jw/robot/ros_ws/install/realsense2_camera/share/realsense2_camera/cmake/ament_cmake_export_dependencies-extras.cmake
-- Installing: /home/jw/robot/ros_ws/install/realsense2_camera/share/realsense2_camera/cmake/realsense2_cameraConfig.cmake
-- Installing: /home/jw/robot/ros_ws/install/realsense2_camera/share/realsense2_camera/cmake/realsense2_cameraConfig-version.cmake
-- Installing: /home/jw/robot/ros_ws/install/realsense2_camera/share/realsense2_camera/package.xml
