[0.059s] Invoking command in '/home/jw/robot/ros_ws/build/realsense2_description': AMENT_PREFIX_PATH=/home/jw/robot/ros_ws/install/realsense2_camera_msgs:${AMENT_PREFIX_PATH} CMAKE_PREFIX_PATH=/home/jw/robot/ros_ws/install/realsense2_camera_msgs:/opt/ros/galactic LD_LIBRARY_PATH=/home/jw/robot/ros_ws/install/realsense2_camera_msgs/lib:${LD_LIBRARY_PATH} PYTHONPATH=/home/jw/robot/ros_ws/install/realsense2_camera_msgs/lib/python3.8/site-packages:${PYTHONPATH} /usr/bin/cmake /home/jw/robot/ros_ws/src/ExaRobot_ROS2/realsense-ros/realsense2_description -DCMAKE_INSTALL_PREFIX=/home/jw/robot/ros_ws/install/realsense2_description
[0.158s] -- The C compiler identification is GNU 9.4.0
[0.257s] -- The CXX compiler identification is GNU 9.4.0
[0.264s] -- Check for working C compiler: /usr/bin/cc
[0.385s] -- Check for working C compiler: /usr/bin/cc -- works
[0.386s] -- Detecting C compiler ABI info
[0.508s] -- Detecting C compiler ABI info - done
[0.523s] -- Detecting C compile features
[0.524s] -- Detecting C compile features - done
[0.528s] -- Check for working CXX compiler: /usr/bin/c++
[0.674s] -- Check for working CXX compiler: /usr/bin/c++ -- works
[0.674s] -- Detecting CXX compiler ABI info
[0.837s] -- Detecting CXX compiler ABI info - done
[0.857s] -- Detecting CXX compile features
[0.858s] -- Detecting CXX compile features - done
[0.861s] -- Found ament_cmake: 1.1.5 (/opt/ros/galactic/share/ament_cmake/cmake)
[0.900s] -- Found PythonInterp: /usr/bin/python3 (found suitable version "3.8.10", minimum required is "3") 
[0.901s] -- Using PYTHON_EXECUTABLE: /usr/bin/python3
[1.117s] -- Configuring done
[1.120s] -- Generating done
[1.122s] -- Build files have been written to: /home/jw/robot/ros_ws/build/realsense2_description
[1.127s] Invoked command in '/home/jw/robot/ros_ws/build/realsense2_description' returned '0': AMENT_PREFIX_PATH=/home/jw/robot/ros_ws/install/realsense2_camera_msgs:${AMENT_PREFIX_PATH} CMAKE_PREFIX_PATH=/home/jw/robot/ros_ws/install/realsense2_camera_msgs:/opt/ros/galactic LD_LIBRARY_PATH=/home/jw/robot/ros_ws/install/realsense2_camera_msgs/lib:${LD_LIBRARY_PATH} PYTHONPATH=/home/jw/robot/ros_ws/install/realsense2_camera_msgs/lib/python3.8/site-packages:${PYTHONPATH} /usr/bin/cmake /home/jw/robot/ros_ws/src/ExaRobot_ROS2/realsense-ros/realsense2_description -DCMAKE_INSTALL_PREFIX=/home/jw/robot/ros_ws/install/realsense2_description
[1.131s] Invoking command in '/home/jw/robot/ros_ws/build/realsense2_description': AMENT_PREFIX_PATH=/home/jw/robot/ros_ws/install/realsense2_camera_msgs:${AMENT_PREFIX_PATH} CMAKE_PREFIX_PATH=/home/jw/robot/ros_ws/install/realsense2_camera_msgs:/opt/ros/galactic LD_LIBRARY_PATH=/home/jw/robot/ros_ws/install/realsense2_camera_msgs/lib:${LD_LIBRARY_PATH} PYTHONPATH=/home/jw/robot/ros_ws/install/realsense2_camera_msgs/lib/python3.8/site-packages:${PYTHONPATH} /usr/bin/cmake --build /home/jw/robot/ros_ws/build/realsense2_description -- -j12 -l12
[1.192s] Invoked command in '/home/jw/robot/ros_ws/build/realsense2_description' returned '0': AMENT_PREFIX_PATH=/home/jw/robot/ros_ws/install/realsense2_camera_msgs:${AMENT_PREFIX_PATH} CMAKE_PREFIX_PATH=/home/jw/robot/ros_ws/install/realsense2_camera_msgs:/opt/ros/galactic LD_LIBRARY_PATH=/home/jw/robot/ros_ws/install/realsense2_camera_msgs/lib:${LD_LIBRARY_PATH} PYTHONPATH=/home/jw/robot/ros_ws/install/realsense2_camera_msgs/lib/python3.8/site-packages:${PYTHONPATH} /usr/bin/cmake --build /home/jw/robot/ros_ws/build/realsense2_description -- -j12 -l12
[1.233s] Invoking command in '/home/jw/robot/ros_ws/build/realsense2_description': AMENT_PREFIX_PATH=/home/jw/robot/ros_ws/install/realsense2_camera_msgs:${AMENT_PREFIX_PATH} CMAKE_PREFIX_PATH=/home/jw/robot/ros_ws/install/realsense2_camera_msgs:/opt/ros/galactic LD_LIBRARY_PATH=/home/jw/robot/ros_ws/install/realsense2_camera_msgs/lib:${LD_LIBRARY_PATH} PYTHONPATH=/home/jw/robot/ros_ws/install/realsense2_camera_msgs/lib/python3.8/site-packages:${PYTHONPATH} /usr/bin/cmake --install /home/jw/robot/ros_ws/build/realsense2_description
[1.248s] -- Install configuration: ""
[1.249s] -- Installing: /home/jw/robot/ros_ws/install/realsense2_description/share/realsense2_description/launch
[1.249s] -- Installing: /home/jw/robot/ros_ws/install/realsense2_description/share/realsense2_description/launch/launch_utils.py
[1.250s] -- Installing: /home/jw/robot/ros_ws/install/realsense2_description/share/realsense2_description/launch/view_model.launch.py
[1.250s] -- Installing: /home/jw/robot/ros_ws/install/realsense2_description/share/realsense2_description/meshes
[1.250s] -- Installing: /home/jw/robot/ros_ws/install/realsense2_description/share/realsense2_description/meshes/d415.stl
[1.282s] -- Installing: /home/jw/robot/ros_ws/install/realsense2_description/share/realsense2_description/meshes/plug.stl
[1.282s] -- Installing: /home/jw/robot/ros_ws/install/realsense2_description/share/realsense2_description/meshes/d435.dae
[1.304s] -- Installing: /home/jw/robot/ros_ws/install/realsense2_description/share/realsense2_description/meshes/l515.dae
[1.354s] -- Installing: /home/jw/robot/ros_ws/install/realsense2_description/share/realsense2_description/meshes/plug_collision.stl
[1.354s] -- Installing: /home/jw/robot/ros_ws/install/realsense2_description/share/realsense2_description/meshes/d455.stl
[1.358s] -- Installing: /home/jw/robot/ros_ws/install/realsense2_description/share/realsense2_description/rviz
[1.359s] -- Installing: /home/jw/robot/ros_ws/install/realsense2_description/share/realsense2_description/rviz/urdf.rviz
[1.359s] -- Installing: /home/jw/robot/ros_ws/install/realsense2_description/share/realsense2_description/urdf
[1.359s] -- Installing: /home/jw/robot/ros_ws/install/realsense2_description/share/realsense2_description/urdf/test_d435i_camera.urdf.xacro
[1.360s] -- Installing: /home/jw/robot/ros_ws/install/realsense2_description/share/realsense2_description/urdf/test_r430_camera.urdf.xacro
[1.360s] -- Installing: /home/jw/robot/ros_ws/install/realsense2_description/share/realsense2_description/urdf/test_d415_camera.urdf.xacro
[1.360s] -- Installing: /home/jw/robot/ros_ws/install/realsense2_description/share/realsense2_description/urdf/_d435i.urdf.xacro
[1.361s] -- Installing: /home/jw/robot/ros_ws/install/realsense2_description/share/realsense2_description/urdf/test_l515_camera.urdf.xacro
[1.361s] -- Installing: /home/jw/robot/ros_ws/install/realsense2_description/share/realsense2_description/urdf/test_d455_camera.urdf.xacro
[1.361s] -- Installing: /home/jw/robot/ros_ws/install/realsense2_description/share/realsense2_description/urdf/test_r410_camera.urdf.xacro
[1.362s] -- Installing: /home/jw/robot/ros_ws/install/realsense2_description/share/realsense2_description/urdf/_d415.urdf.xacro
[1.362s] -- Installing: /home/jw/robot/ros_ws/install/realsense2_description/share/realsense2_description/urdf/_usb_plug.urdf.xacro
[1.363s] -- Installing: /home/jw/robot/ros_ws/install/realsense2_description/share/realsense2_description/urdf/_l515.urdf.xacro
[1.363s] -- Installing: /home/jw/robot/ros_ws/install/realsense2_description/share/realsense2_description/urdf/_r410.urdf.xacro
[1.363s] -- Installing: /home/jw/robot/ros_ws/install/realsense2_description/share/realsense2_description/urdf/_d435i_imu_modules.urdf.xacro
[1.363s] -- Installing: /home/jw/robot/ros_ws/install/realsense2_description/share/realsense2_description/urdf/_r430.urdf.xacro
[1.364s] -- Installing: /home/jw/robot/ros_ws/install/realsense2_description/share/realsense2_description/urdf/test_d435_multiple_cameras.urdf.xacro
[1.364s] -- Installing: /home/jw/robot/ros_ws/install/realsense2_description/share/realsense2_description/urdf/_d455.urdf.xacro
[1.365s] -- Installing: /home/jw/robot/ros_ws/install/realsense2_description/share/realsense2_description/urdf/_materials.urdf.xacro
[1.365s] -- Installing: /home/jw/robot/ros_ws/install/realsense2_description/share/realsense2_description/urdf/test_d435_camera.urdf.xacro
[1.365s] -- Installing: /home/jw/robot/ros_ws/install/realsense2_description/share/realsense2_description/urdf/_d435.urdf.xacro
[1.365s] -- Installing: /home/jw/robot/ros_ws/install/realsense2_description/share/ament_index/resource_index/package_run_dependencies/realsense2_description
[1.366s] -- Installing: /home/jw/robot/ros_ws/install/realsense2_description/share/ament_index/resource_index/parent_prefix_path/realsense2_description
[1.366s] -- Installing: /home/jw/robot/ros_ws/install/realsense2_description/share/realsense2_description/environment/ament_prefix_path.sh
[1.366s] -- Installing: /home/jw/robot/ros_ws/install/realsense2_description/share/realsense2_description/environment/ament_prefix_path.dsv
[1.367s] -- Installing: /home/jw/robot/ros_ws/install/realsense2_description/share/realsense2_description/environment/path.sh
[1.367s] -- Installing: /home/jw/robot/ros_ws/install/realsense2_description/share/realsense2_description/environment/path.dsv
[1.367s] -- Installing: /home/jw/robot/ros_ws/install/realsense2_description/share/realsense2_description/local_setup.bash
[1.368s] -- Installing: /home/jw/robot/ros_ws/install/realsense2_description/share/realsense2_description/local_setup.sh
[1.368s] -- Installing: /home/jw/robot/ros_ws/install/realsense2_description/share/realsense2_description/local_setup.zsh
[1.376s] -- Installing: /home/jw/robot/ros_ws/install/realsense2_description/share/realsense2_description/local_setup.dsv
[1.377s] -- Installing: /home/jw/robot/ros_ws/install/realsense2_description/share/realsense2_description/package.dsv
[1.377s] -- Installing: /home/jw/robot/ros_ws/install/realsense2_description/share/ament_index/resource_index/packages/realsense2_description
[1.377s] -- Installing: /home/jw/robot/ros_ws/install/realsense2_description/share/realsense2_description/cmake/realsense2_descriptionConfig.cmake
[1.378s] -- Installing: /home/jw/robot/ros_ws/install/realsense2_description/share/realsense2_description/cmake/realsense2_descriptionConfig-version.cmake
[1.378s] -- Installing: /home/jw/robot/ros_ws/install/realsense2_description/share/realsense2_description/package.xml
[1.378s] Invoked command in '/home/jw/robot/ros_ws/build/realsense2_description' returned '0': AMENT_PREFIX_PATH=/home/jw/robot/ros_ws/install/realsense2_camera_msgs:${AMENT_PREFIX_PATH} CMAKE_PREFIX_PATH=/home/jw/robot/ros_ws/install/realsense2_camera_msgs:/opt/ros/galactic LD_LIBRARY_PATH=/home/jw/robot/ros_ws/install/realsense2_camera_msgs/lib:${LD_LIBRARY_PATH} PYTHONPATH=/home/jw/robot/ros_ws/install/realsense2_camera_msgs/lib/python3.8/site-packages:${PYTHONPATH} /usr/bin/cmake --install /home/jw/robot/ros_ws/build/realsense2_description
