[0.112s] Invoking command in '/home/jw/robot/ros_ws/build/realsense2_camera_msgs': CMAKE_PREFIX_PATH=${CMAKE_PREFIX_PATH}:/home/jw/robot/ros_ws/install/exa_robot:/opt/ros/galactic /usr/bin/cmake --build /home/jw/robot/ros_ws/build/realsense2_camera_msgs -- -j12 -l12
[0.533s] [  1%] Built target realsense2_camera_msgs__cpp
[0.534s] [ 12%] Built target realsense2_camera_msgs__rosidl_generator_c
[0.536s] [ 23%] Built target realsense2_camera_msgs__rosidl_typesupport_cpp
[0.536s] [ 34%] Built target realsense2_camera_msgs__rosidl_typesupport_introspection_cpp
[0.536s] [ 45%] Built target realsense2_camera_msgs__rosidl_typesupport_introspection_c
[0.536s] [ 56%] Built target realsense2_camera_msgs__rosidl_typesupport_c
[0.537s] [ 67%] Built target realsense2_camera_msgs__rosidl_typesupport_fastrtps_cpp
[0.537s] [ 78%] Built target realsense2_camera_msgs__rosidl_typesupport_fastrtps_c
[0.537s] [ 78%] Built target realsense2_camera_msgs
[0.537s] [ 80%] Built target realsense2_camera_msgs__py
[0.537s] [ 89%] Built target realsense2_camera_msgs__python
[0.537s] [ 92%] Built target realsense2_camera_msgs__rosidl_typesupport_c__pyext
[0.537s] [ 96%] Built target realsense2_camera_msgs__rosidl_typesupport_introspection_c__pyext
[0.538s] [100%] Built target realsense2_camera_msgs__rosidl_typesupport_fastrtps_c__pyext
[0.539s] Invoked command in '/home/jw/robot/ros_ws/build/realsense2_camera_msgs' returned '0': CMAKE_PREFIX_PATH=${CMAKE_PREFIX_PATH}:/home/jw/robot/ros_ws/install/exa_robot:/opt/ros/galactic /usr/bin/cmake --build /home/jw/robot/ros_ws/build/realsense2_camera_msgs -- -j12 -l12
[0.735s] Invoking command in '/home/jw/robot/ros_ws/build/realsense2_camera_msgs': CMAKE_PREFIX_PATH=${CMAKE_PREFIX_PATH}:/home/jw/robot/ros_ws/install/exa_robot:/opt/ros/galactic /usr/bin/cmake --install /home/jw/robot/ros_ws/build/realsense2_camera_msgs
[0.740s] -- Install configuration: ""
[0.740s] -- Up-to-date: /home/jw/robot/ros_ws/install/realsense2_camera_msgs/share/ament_index/resource_index/rosidl_interfaces/realsense2_camera_msgs
[0.747s] -- Up-to-date: /home/jw/robot/ros_ws/install/realsense2_camera_msgs/include/realsense2_camera_msgs
[0.747s] -- Up-to-date: /home/jw/robot/ros_ws/install/realsense2_camera_msgs/include/realsense2_camera_msgs/msg
[0.748s] -- Up-to-date: /home/jw/robot/ros_ws/install/realsense2_camera_msgs/include/realsense2_camera_msgs/msg/rosidl_generator_c__visibility_control.h
[0.748s] -- Up-to-date: /home/jw/robot/ros_ws/install/realsense2_camera_msgs/include/realsense2_camera_msgs/msg/extrinsics.h
[0.748s] -- Up-to-date: /home/jw/robot/ros_ws/install/realsense2_camera_msgs/include/realsense2_camera_msgs/msg/detail
[0.749s] -- Up-to-date: /home/jw/robot/ros_ws/install/realsense2_camera_msgs/include/realsense2_camera_msgs/msg/detail/imu_info__functions.h
[0.749s] -- Up-to-date: /home/jw/robot/ros_ws/install/realsense2_camera_msgs/include/realsense2_camera_msgs/msg/detail/extrinsics__functions.h
[0.749s] -- Up-to-date: /home/jw/robot/ros_ws/install/realsense2_camera_msgs/include/realsense2_camera_msgs/msg/detail/metadata__functions.h
[0.750s] -- Up-to-date: /home/jw/robot/ros_ws/install/realsense2_camera_msgs/include/realsense2_camera_msgs/msg/detail/extrinsics__functions.c
[0.750s] -- Up-to-date: /home/jw/robot/ros_ws/install/realsense2_camera_msgs/include/realsense2_camera_msgs/msg/detail/extrinsics__type_support.h
[0.751s] -- Up-to-date: /home/jw/robot/ros_ws/install/realsense2_camera_msgs/include/realsense2_camera_msgs/msg/detail/imu_info__type_support.h
[0.752s] -- Up-to-date: /home/jw/robot/ros_ws/install/realsense2_camera_msgs/include/realsense2_camera_msgs/msg/detail/extrinsics__struct.h
[0.752s] -- Up-to-date: /home/jw/robot/ros_ws/install/realsense2_camera_msgs/include/realsense2_camera_msgs/msg/detail/metadata__struct.h
[0.753s] -- Up-to-date: /home/jw/robot/ros_ws/install/realsense2_camera_msgs/include/realsense2_camera_msgs/msg/detail/metadata__type_support.h
[0.759s] -- Up-to-date: /home/jw/robot/ros_ws/install/realsense2_camera_msgs/include/realsense2_camera_msgs/msg/detail/imu_info__struct.h
[0.760s] -- Up-to-date: /home/jw/robot/ros_ws/install/realsense2_camera_msgs/include/realsense2_camera_msgs/msg/detail/metadata__functions.c
[0.761s] -- Up-to-date: /home/jw/robot/ros_ws/install/realsense2_camera_msgs/include/realsense2_camera_msgs/msg/detail/imu_info__functions.c
[0.761s] -- Up-to-date: /home/jw/robot/ros_ws/install/realsense2_camera_msgs/include/realsense2_camera_msgs/msg/metadata.h
[0.761s] -- Up-to-date: /home/jw/robot/ros_ws/install/realsense2_camera_msgs/include/realsense2_camera_msgs/msg/imu_info.h
[0.762s] -- Up-to-date: /home/jw/robot/ros_ws/install/realsense2_camera_msgs/include/realsense2_camera_msgs/srv
[0.762s] -- Up-to-date: /home/jw/robot/ros_ws/install/realsense2_camera_msgs/include/realsense2_camera_msgs/srv/detail
[0.763s] -- Up-to-date: /home/jw/robot/ros_ws/install/realsense2_camera_msgs/include/realsense2_camera_msgs/srv/detail/device_info__functions.h
[0.763s] -- Up-to-date: /home/jw/robot/ros_ws/install/realsense2_camera_msgs/include/realsense2_camera_msgs/srv/detail/device_info__type_support.h
[0.764s] -- Up-to-date: /home/jw/robot/ros_ws/install/realsense2_camera_msgs/include/realsense2_camera_msgs/srv/detail/device_info__functions.c
[0.765s] -- Up-to-date: /home/jw/robot/ros_ws/install/realsense2_camera_msgs/include/realsense2_camera_msgs/srv/detail/device_info__struct.h
[0.765s] -- Up-to-date: /home/jw/robot/ros_ws/install/realsense2_camera_msgs/include/realsense2_camera_msgs/srv/device_info.h
[0.766s] -- Up-to-date: /home/jw/robot/ros_ws/install/realsense2_camera_msgs/share/realsense2_camera_msgs/environment/library_path.sh
[0.767s] -- Up-to-date: /home/jw/robot/ros_ws/install/realsense2_camera_msgs/share/realsense2_camera_msgs/environment/library_path.dsv
[0.768s] -- Up-to-date: /home/jw/robot/ros_ws/install/realsense2_camera_msgs/lib/librealsense2_camera_msgs__rosidl_generator_c.so
[0.768s] -- Up-to-date: /home/jw/robot/ros_ws/install/realsense2_camera_msgs/include/realsense2_camera_msgs
[0.769s] -- Up-to-date: /home/jw/robot/ros_ws/install/realsense2_camera_msgs/include/realsense2_camera_msgs/msg
[0.769s] -- Up-to-date: /home/jw/robot/ros_ws/install/realsense2_camera_msgs/include/realsense2_camera_msgs/msg/detail
[0.770s] -- Up-to-date: /home/jw/robot/ros_ws/install/realsense2_camera_msgs/include/realsense2_camera_msgs/msg/detail/metadata__rosidl_typesupport_fastrtps_c.h
[0.772s] -- Up-to-date: /home/jw/robot/ros_ws/install/realsense2_camera_msgs/include/realsense2_camera_msgs/msg/detail/extrinsics__rosidl_typesupport_fastrtps_c.h
[0.773s] -- Up-to-date: /home/jw/robot/ros_ws/install/realsense2_camera_msgs/include/realsense2_camera_msgs/msg/detail/imu_info__rosidl_typesupport_fastrtps_c.h
[0.773s] -- Up-to-date: /home/jw/robot/ros_ws/install/realsense2_camera_msgs/include/realsense2_camera_msgs/msg/rosidl_typesupport_fastrtps_c__visibility_control.h
[0.773s] -- Up-to-date: /home/jw/robot/ros_ws/install/realsense2_camera_msgs/include/realsense2_camera_msgs/srv
[0.774s] -- Up-to-date: /home/jw/robot/ros_ws/install/realsense2_camera_msgs/include/realsense2_camera_msgs/srv/detail
[0.774s] -- Up-to-date: /home/jw/robot/ros_ws/install/realsense2_camera_msgs/include/realsense2_camera_msgs/srv/detail/device_info__rosidl_typesupport_fastrtps_c.h
[0.774s] -- Up-to-date: /home/jw/robot/ros_ws/install/realsense2_camera_msgs/lib/librealsense2_camera_msgs__rosidl_typesupport_fastrtps_c.so
[0.775s] -- Up-to-date: /home/jw/robot/ros_ws/install/realsense2_camera_msgs/include/realsense2_camera_msgs
[0.776s] -- Up-to-date: /home/jw/robot/ros_ws/install/realsense2_camera_msgs/include/realsense2_camera_msgs/msg
[0.778s] -- Up-to-date: /home/jw/robot/ros_ws/install/realsense2_camera_msgs/include/realsense2_camera_msgs/msg/detail
[0.779s] -- Up-to-date: /home/jw/robot/ros_ws/install/realsense2_camera_msgs/include/realsense2_camera_msgs/msg/detail/dds_fastrtps
[0.780s] -- Up-to-date: /home/jw/robot/ros_ws/install/realsense2_camera_msgs/include/realsense2_camera_msgs/msg/detail/extrinsics__rosidl_typesupport_fastrtps_cpp.hpp
[0.780s] -- Up-to-date: /home/jw/robot/ros_ws/install/realsense2_camera_msgs/include/realsense2_camera_msgs/msg/detail/imu_info__rosidl_typesupport_fastrtps_cpp.hpp
[0.783s] -- Up-to-date: /home/jw/robot/ros_ws/install/realsense2_camera_msgs/include/realsense2_camera_msgs/msg/detail/metadata__rosidl_typesupport_fastrtps_cpp.hpp
[0.785s] -- Up-to-date: /home/jw/robot/ros_ws/install/realsense2_camera_msgs/include/realsense2_camera_msgs/msg/rosidl_typesupport_fastrtps_cpp__visibility_control.h
[0.796s] -- Up-to-date: /home/jw/robot/ros_ws/install/realsense2_camera_msgs/include/realsense2_camera_msgs/srv
[0.798s] -- Up-to-date: /home/jw/robot/ros_ws/install/realsense2_camera_msgs/include/realsense2_camera_msgs/srv/detail
[0.798s] -- Up-to-date: /home/jw/robot/ros_ws/install/realsense2_camera_msgs/include/realsense2_camera_msgs/srv/detail/dds_fastrtps
[0.798s] -- Up-to-date: /home/jw/robot/ros_ws/install/realsense2_camera_msgs/include/realsense2_camera_msgs/srv/detail/device_info__rosidl_typesupport_fastrtps_cpp.hpp
[0.798s] -- Up-to-date: /home/jw/robot/ros_ws/install/realsense2_camera_msgs/lib/librealsense2_camera_msgs__rosidl_typesupport_fastrtps_cpp.so
[0.799s] -- Up-to-date: /home/jw/robot/ros_ws/install/realsense2_camera_msgs/include/realsense2_camera_msgs
[0.799s] -- Up-to-date: /home/jw/robot/ros_ws/install/realsense2_camera_msgs/include/realsense2_camera_msgs/msg
[0.799s] -- Up-to-date: /home/jw/robot/ros_ws/install/realsense2_camera_msgs/include/realsense2_camera_msgs/msg/detail
[0.800s] -- Up-to-date: /home/jw/robot/ros_ws/install/realsense2_camera_msgs/include/realsense2_camera_msgs/msg/detail/metadata__type_support.c
[0.800s] -- Up-to-date: /home/jw/robot/ros_ws/install/realsense2_camera_msgs/include/realsense2_camera_msgs/msg/detail/imu_info__type_support.c
[0.801s] -- Up-to-date: /home/jw/robot/ros_ws/install/realsense2_camera_msgs/include/realsense2_camera_msgs/msg/detail/imu_info__rosidl_typesupport_introspection_c.h
[0.801s] -- Up-to-date: /home/jw/robot/ros_ws/install/realsense2_camera_msgs/include/realsense2_camera_msgs/msg/detail/metadata__rosidl_typesupport_introspection_c.h
[0.801s] -- Up-to-date: /home/jw/robot/ros_ws/install/realsense2_camera_msgs/include/realsense2_camera_msgs/msg/detail/extrinsics__rosidl_typesupport_introspection_c.h
[0.801s] -- Up-to-date: /home/jw/robot/ros_ws/install/realsense2_camera_msgs/include/realsense2_camera_msgs/msg/detail/extrinsics__type_support.c
[0.802s] -- Up-to-date: /home/jw/robot/ros_ws/install/realsense2_camera_msgs/include/realsense2_camera_msgs/msg/rosidl_typesupport_introspection_c__visibility_control.h
[0.802s] -- Up-to-date: /home/jw/robot/ros_ws/install/realsense2_camera_msgs/include/realsense2_camera_msgs/srv
[0.802s] -- Up-to-date: /home/jw/robot/ros_ws/install/realsense2_camera_msgs/include/realsense2_camera_msgs/srv/detail
[0.802s] -- Up-to-date: /home/jw/robot/ros_ws/install/realsense2_camera_msgs/include/realsense2_camera_msgs/srv/detail/device_info__rosidl_typesupport_introspection_c.h
[0.803s] -- Up-to-date: /home/jw/robot/ros_ws/install/realsense2_camera_msgs/include/realsense2_camera_msgs/srv/detail/device_info__type_support.c
[0.803s] -- Up-to-date: /home/jw/robot/ros_ws/install/realsense2_camera_msgs/lib/librealsense2_camera_msgs__rosidl_typesupport_introspection_c.so
[0.803s] -- Up-to-date: /home/jw/robot/ros_ws/install/realsense2_camera_msgs/lib/librealsense2_camera_msgs__rosidl_typesupport_c.so
[0.803s] -- Up-to-date: /home/jw/robot/ros_ws/install/realsense2_camera_msgs/include/realsense2_camera_msgs
[0.803s] -- Up-to-date: /home/jw/robot/ros_ws/install/realsense2_camera_msgs/include/realsense2_camera_msgs/msg
[0.804s] -- Up-to-date: /home/jw/robot/ros_ws/install/realsense2_camera_msgs/include/realsense2_camera_msgs/msg/imu_info.hpp
[0.804s] -- Up-to-date: /home/jw/robot/ros_ws/install/realsense2_camera_msgs/include/realsense2_camera_msgs/msg/detail
[0.804s] -- Up-to-date: /home/jw/robot/ros_ws/install/realsense2_camera_msgs/include/realsense2_camera_msgs/msg/detail/metadata__traits.hpp
[0.804s] -- Up-to-date: /home/jw/robot/ros_ws/install/realsense2_camera_msgs/include/realsense2_camera_msgs/msg/detail/extrinsics__builder.hpp
[0.804s] -- Up-to-date: /home/jw/robot/ros_ws/install/realsense2_camera_msgs/include/realsense2_camera_msgs/msg/detail/imu_info__builder.hpp
[0.804s] -- Up-to-date: /home/jw/robot/ros_ws/install/realsense2_camera_msgs/include/realsense2_camera_msgs/msg/detail/extrinsics__traits.hpp
[0.805s] -- Up-to-date: /home/jw/robot/ros_ws/install/realsense2_camera_msgs/include/realsense2_camera_msgs/msg/detail/extrinsics__struct.hpp
[0.805s] -- Up-to-date: /home/jw/robot/ros_ws/install/realsense2_camera_msgs/include/realsense2_camera_msgs/msg/detail/metadata__builder.hpp
[0.805s] -- Up-to-date: /home/jw/robot/ros_ws/install/realsense2_camera_msgs/include/realsense2_camera_msgs/msg/detail/metadata__struct.hpp
[0.805s] -- Up-to-date: /home/jw/robot/ros_ws/install/realsense2_camera_msgs/include/realsense2_camera_msgs/msg/detail/imu_info__traits.hpp
[0.805s] -- Up-to-date: /home/jw/robot/ros_ws/install/realsense2_camera_msgs/include/realsense2_camera_msgs/msg/detail/imu_info__struct.hpp
[0.805s] -- Up-to-date: /home/jw/robot/ros_ws/install/realsense2_camera_msgs/include/realsense2_camera_msgs/msg/extrinsics.hpp
[0.811s] -- Up-to-date: /home/jw/robot/ros_ws/install/realsense2_camera_msgs/include/realsense2_camera_msgs/msg/metadata.hpp
[0.811s] -- Up-to-date: /home/jw/robot/ros_ws/install/realsense2_camera_msgs/include/realsense2_camera_msgs/srv
[0.812s] -- Up-to-date: /home/jw/robot/ros_ws/install/realsense2_camera_msgs/include/realsense2_camera_msgs/srv/device_info.hpp
[0.812s] -- Up-to-date: /home/jw/robot/ros_ws/install/realsense2_camera_msgs/include/realsense2_camera_msgs/srv/detail
[0.812s] -- Up-to-date: /home/jw/robot/ros_ws/install/realsense2_camera_msgs/include/realsense2_camera_msgs/srv/detail/device_info__struct.hpp
[0.812s] -- Up-to-date: /home/jw/robot/ros_ws/install/realsense2_camera_msgs/include/realsense2_camera_msgs/srv/detail/device_info__traits.hpp
[0.813s] -- Up-to-date: /home/jw/robot/ros_ws/install/realsense2_camera_msgs/include/realsense2_camera_msgs/srv/detail/device_info__builder.hpp
[0.813s] -- Up-to-date: /home/jw/robot/ros_ws/install/realsense2_camera_msgs/include/realsense2_camera_msgs
[0.813s] -- Up-to-date: /home/jw/robot/ros_ws/install/realsense2_camera_msgs/include/realsense2_camera_msgs/msg
[0.814s] -- Up-to-date: /home/jw/robot/ros_ws/install/realsense2_camera_msgs/include/realsense2_camera_msgs/msg/detail
[0.814s] -- Up-to-date: /home/jw/robot/ros_ws/install/realsense2_camera_msgs/include/realsense2_camera_msgs/msg/detail/extrinsics__type_support.cpp
[0.814s] -- Up-to-date: /home/jw/robot/ros_ws/install/realsense2_camera_msgs/include/realsense2_camera_msgs/msg/detail/imu_info__rosidl_typesupport_introspection_cpp.hpp
[0.815s] -- Up-to-date: /home/jw/robot/ros_ws/install/realsense2_camera_msgs/include/realsense2_camera_msgs/msg/detail/metadata__rosidl_typesupport_introspection_cpp.hpp
[0.815s] -- Up-to-date: /home/jw/robot/ros_ws/install/realsense2_camera_msgs/include/realsense2_camera_msgs/msg/detail/imu_info__type_support.cpp
[0.815s] -- Up-to-date: /home/jw/robot/ros_ws/install/realsense2_camera_msgs/include/realsense2_camera_msgs/msg/detail/extrinsics__rosidl_typesupport_introspection_cpp.hpp
[0.815s] -- Up-to-date: /home/jw/robot/ros_ws/install/realsense2_camera_msgs/include/realsense2_camera_msgs/msg/detail/metadata__type_support.cpp
[0.816s] -- Up-to-date: /home/jw/robot/ros_ws/install/realsense2_camera_msgs/include/realsense2_camera_msgs/srv
[0.819s] -- Up-to-date: /home/jw/robot/ros_ws/install/realsense2_camera_msgs/include/realsense2_camera_msgs/srv/detail
[0.819s] -- Up-to-date: /home/jw/robot/ros_ws/install/realsense2_camera_msgs/include/realsense2_camera_msgs/srv/detail/device_info__rosidl_typesupport_introspection_cpp.hpp
[0.820s] -- Up-to-date: /home/jw/robot/ros_ws/install/realsense2_camera_msgs/include/realsense2_camera_msgs/srv/detail/device_info__type_support.cpp
[0.820s] -- Up-to-date: /home/jw/robot/ros_ws/install/realsense2_camera_msgs/lib/librealsense2_camera_msgs__rosidl_typesupport_introspection_cpp.so
[0.821s] -- Up-to-date: /home/jw/robot/ros_ws/install/realsense2_camera_msgs/lib/librealsense2_camera_msgs__rosidl_typesupport_cpp.so
[0.821s] -- Up-to-date: /home/jw/robot/ros_ws/install/realsense2_camera_msgs/share/realsense2_camera_msgs/environment/pythonpath.sh
[0.822s] -- Up-to-date: /home/jw/robot/ros_ws/install/realsense2_camera_msgs/share/realsense2_camera_msgs/environment/pythonpath.dsv
[0.826s] -- Up-to-date: /home/jw/robot/ros_ws/install/realsense2_camera_msgs/lib/python3.8/site-packages/realsense2_camera_msgs/__init__.py
[0.856s] -- Up-to-date: /home/jw/robot/ros_ws/install/realsense2_camera_msgs/lib/python3.8/site-packages/realsense2_camera_msgs/msg
[0.856s] -- Up-to-date: /home/jw/robot/ros_ws/install/realsense2_camera_msgs/lib/python3.8/site-packages/realsense2_camera_msgs/msg/_imu_info.py
[0.856s] -- Up-to-date: /home/jw/robot/ros_ws/install/realsense2_camera_msgs/lib/python3.8/site-packages/realsense2_camera_msgs/msg/_extrinsics.py
[0.856s] -- Up-to-date: /home/jw/robot/ros_ws/install/realsense2_camera_msgs/lib/python3.8/site-packages/realsense2_camera_msgs/msg/_extrinsics_s.c
[0.857s] -- Up-to-date: /home/jw/robot/ros_ws/install/realsense2_camera_msgs/lib/python3.8/site-packages/realsense2_camera_msgs/msg/__init__.py
[0.857s] -- Up-to-date: /home/jw/robot/ros_ws/install/realsense2_camera_msgs/lib/python3.8/site-packages/realsense2_camera_msgs/msg/_metadata_s.c
[0.857s] -- Up-to-date: /home/jw/robot/ros_ws/install/realsense2_camera_msgs/lib/python3.8/site-packages/realsense2_camera_msgs/msg/_imu_info_s.c
[0.857s] -- Up-to-date: /home/jw/robot/ros_ws/install/realsense2_camera_msgs/lib/python3.8/site-packages/realsense2_camera_msgs/msg/_metadata.py
[0.858s] -- Up-to-date: /home/jw/robot/ros_ws/install/realsense2_camera_msgs/lib/python3.8/site-packages/realsense2_camera_msgs/srv
[0.858s] -- Up-to-date: /home/jw/robot/ros_ws/install/realsense2_camera_msgs/lib/python3.8/site-packages/realsense2_camera_msgs/srv/_device_info.py
[0.858s] -- Up-to-date: /home/jw/robot/ros_ws/install/realsense2_camera_msgs/lib/python3.8/site-packages/realsense2_camera_msgs/srv/__init__.py
[0.858s] -- Up-to-date: /home/jw/robot/ros_ws/install/realsense2_camera_msgs/lib/python3.8/site-packages/realsense2_camera_msgs/srv/_device_info_s.c
[0.858s] -- Up-to-date: /home/jw/robot/ros_ws/install/realsense2_camera_msgs/lib/python3.8/site-packages/realsense2_camera_msgs/realsense2_camera_msgs_s__rosidl_typesupport_fastrtps_c.cpython-38-x86_64-linux-gnu.so
[0.859s] -- Up-to-date: /home/jw/robot/ros_ws/install/realsense2_camera_msgs/lib/python3.8/site-packages/realsense2_camera_msgs/realsense2_camera_msgs_s__rosidl_typesupport_introspection_c.cpython-38-x86_64-linux-gnu.so
[0.865s] -- Up-to-date: /home/jw/robot/ros_ws/install/realsense2_camera_msgs/lib/python3.8/site-packages/realsense2_camera_msgs/realsense2_camera_msgs_s__rosidl_typesupport_c.cpython-38-x86_64-linux-gnu.so
[0.866s] -- Up-to-date: /home/jw/robot/ros_ws/install/realsense2_camera_msgs/lib/librealsense2_camera_msgs__python.so
[0.866s] -- Up-to-date: /home/jw/robot/ros_ws/install/realsense2_camera_msgs/share/realsense2_camera_msgs/msg/IMUInfo.idl
[0.866s] -- Up-to-date: /home/jw/robot/ros_ws/install/realsense2_camera_msgs/share/realsense2_camera_msgs/msg/Extrinsics.idl
[0.867s] -- Up-to-date: /home/jw/robot/ros_ws/install/realsense2_camera_msgs/share/realsense2_camera_msgs/msg/Metadata.idl
[0.867s] -- Up-to-date: /home/jw/robot/ros_ws/install/realsense2_camera_msgs/share/realsense2_camera_msgs/srv/DeviceInfo.idl
[0.867s] -- Up-to-date: /home/jw/robot/ros_ws/install/realsense2_camera_msgs/share/realsense2_camera_msgs/msg/IMUInfo.msg
[0.868s] -- Up-to-date: /home/jw/robot/ros_ws/install/realsense2_camera_msgs/share/realsense2_camera_msgs/msg/Extrinsics.msg
[0.868s] -- Up-to-date: /home/jw/robot/ros_ws/install/realsense2_camera_msgs/share/realsense2_camera_msgs/msg/Metadata.msg
[0.869s] -- Up-to-date: /home/jw/robot/ros_ws/install/realsense2_camera_msgs/share/realsense2_camera_msgs/srv/DeviceInfo.srv
[0.869s] -- Up-to-date: /home/jw/robot/ros_ws/install/realsense2_camera_msgs/share/realsense2_camera_msgs/srv/DeviceInfo_Request.msg
[0.869s] -- Up-to-date: /home/jw/robot/ros_ws/install/realsense2_camera_msgs/share/realsense2_camera_msgs/srv/DeviceInfo_Response.msg
[0.870s] -- Up-to-date: /home/jw/robot/ros_ws/install/realsense2_camera_msgs/share/ament_index/resource_index/package_run_dependencies/realsense2_camera_msgs
[0.870s] -- Up-to-date: /home/jw/robot/ros_ws/install/realsense2_camera_msgs/share/ament_index/resource_index/parent_prefix_path/realsense2_camera_msgs
[0.875s] -- Up-to-date: /home/jw/robot/ros_ws/install/realsense2_camera_msgs/share/realsense2_camera_msgs/environment/ament_prefix_path.sh
[0.876s] -- Up-to-date: /home/jw/robot/ros_ws/install/realsense2_camera_msgs/share/realsense2_camera_msgs/environment/ament_prefix_path.dsv
[0.876s] -- Up-to-date: /home/jw/robot/ros_ws/install/realsense2_camera_msgs/share/realsense2_camera_msgs/environment/path.sh
[0.876s] -- Up-to-date: /home/jw/robot/ros_ws/install/realsense2_camera_msgs/share/realsense2_camera_msgs/environment/path.dsv
[0.877s] -- Up-to-date: /home/jw/robot/ros_ws/install/realsense2_camera_msgs/share/realsense2_camera_msgs/local_setup.bash
[0.877s] -- Up-to-date: /home/jw/robot/ros_ws/install/realsense2_camera_msgs/share/realsense2_camera_msgs/local_setup.sh
[0.877s] -- Up-to-date: /home/jw/robot/ros_ws/install/realsense2_camera_msgs/share/realsense2_camera_msgs/local_setup.zsh
[0.878s] -- Up-to-date: /home/jw/robot/ros_ws/install/realsense2_camera_msgs/share/realsense2_camera_msgs/local_setup.dsv
[0.878s] -- Installing: /home/jw/robot/ros_ws/install/realsense2_camera_msgs/share/realsense2_camera_msgs/package.dsv
[0.879s] -- Up-to-date: /home/jw/robot/ros_ws/install/realsense2_camera_msgs/share/ament_index/resource_index/packages/realsense2_camera_msgs
[0.884s] -- Up-to-date: /home/jw/robot/ros_ws/install/realsense2_camera_msgs/share/realsense2_camera_msgs/cmake/realsense2_camera_msgs__rosidl_generator_cExport.cmake
[0.885s] -- Up-to-date: /home/jw/robot/ros_ws/install/realsense2_camera_msgs/share/realsense2_camera_msgs/cmake/realsense2_camera_msgs__rosidl_generator_cExport-noconfig.cmake
[0.885s] -- Up-to-date: /home/jw/robot/ros_ws/install/realsense2_camera_msgs/share/realsense2_camera_msgs/cmake/realsense2_camera_msgs__rosidl_typesupport_introspection_cExport.cmake
[0.885s] -- Up-to-date: /home/jw/robot/ros_ws/install/realsense2_camera_msgs/share/realsense2_camera_msgs/cmake/realsense2_camera_msgs__rosidl_typesupport_introspection_cExport-noconfig.cmake
[0.886s] -- Up-to-date: /home/jw/robot/ros_ws/install/realsense2_camera_msgs/share/realsense2_camera_msgs/cmake/realsense2_camera_msgs__rosidl_typesupport_cExport.cmake
[0.886s] -- Up-to-date: /home/jw/robot/ros_ws/install/realsense2_camera_msgs/share/realsense2_camera_msgs/cmake/realsense2_camera_msgs__rosidl_typesupport_cExport-noconfig.cmake
[0.887s] -- Up-to-date: /home/jw/robot/ros_ws/install/realsense2_camera_msgs/share/realsense2_camera_msgs/cmake/realsense2_camera_msgs__rosidl_generator_cppExport.cmake
[0.887s] -- Up-to-date: /home/jw/robot/ros_ws/install/realsense2_camera_msgs/share/realsense2_camera_msgs/cmake/realsense2_camera_msgs__rosidl_typesupport_introspection_cppExport.cmake
[0.891s] -- Up-to-date: /home/jw/robot/ros_ws/install/realsense2_camera_msgs/share/realsense2_camera_msgs/cmake/realsense2_camera_msgs__rosidl_typesupport_introspection_cppExport-noconfig.cmake
[0.891s] -- Up-to-date: /home/jw/robot/ros_ws/install/realsense2_camera_msgs/share/realsense2_camera_msgs/cmake/realsense2_camera_msgs__rosidl_typesupport_cppExport.cmake
[0.892s] -- Up-to-date: /home/jw/robot/ros_ws/install/realsense2_camera_msgs/share/realsense2_camera_msgs/cmake/realsense2_camera_msgs__rosidl_typesupport_cppExport-noconfig.cmake
[0.892s] -- Up-to-date: /home/jw/robot/ros_ws/install/realsense2_camera_msgs/share/realsense2_camera_msgs/cmake/rosidl_cmake-extras.cmake
[0.892s] -- Up-to-date: /home/jw/robot/ros_ws/install/realsense2_camera_msgs/share/realsense2_camera_msgs/cmake/ament_cmake_export_dependencies-extras.cmake
[0.893s] -- Up-to-date: /home/jw/robot/ros_ws/install/realsense2_camera_msgs/share/realsense2_camera_msgs/cmake/ament_cmake_export_libraries-extras.cmake
[0.893s] -- Up-to-date: /home/jw/robot/ros_ws/install/realsense2_camera_msgs/share/realsense2_camera_msgs/cmake/ament_cmake_export_targets-extras.cmake
[0.893s] -- Up-to-date: /home/jw/robot/ros_ws/install/realsense2_camera_msgs/share/realsense2_camera_msgs/cmake/ament_cmake_export_include_directories-extras.cmake
[0.894s] -- Up-to-date: /home/jw/robot/ros_ws/install/realsense2_camera_msgs/share/realsense2_camera_msgs/cmake/rosidl_cmake_export_typesupport_libraries-extras.cmake
[0.894s] -- Up-to-date: /home/jw/robot/ros_ws/install/realsense2_camera_msgs/share/realsense2_camera_msgs/cmake/rosidl_cmake_export_typesupport_targets-extras.cmake
[0.894s] -- Up-to-date: /home/jw/robot/ros_ws/install/realsense2_camera_msgs/share/realsense2_camera_msgs/cmake/realsense2_camera_msgsConfig.cmake
[0.895s] -- Up-to-date: /home/jw/robot/ros_ws/install/realsense2_camera_msgs/share/realsense2_camera_msgs/cmake/realsense2_camera_msgsConfig-version.cmake
[0.895s] -- Up-to-date: /home/jw/robot/ros_ws/install/realsense2_camera_msgs/share/realsense2_camera_msgs/package.xml
[0.939s] Invoked command in '/home/jw/robot/ros_ws/build/realsense2_camera_msgs' returned '0': CMAKE_PREFIX_PATH=${CMAKE_PREFIX_PATH}:/home/jw/robot/ros_ws/install/exa_robot:/opt/ros/galactic /usr/bin/cmake --install /home/jw/robot/ros_ws/build/realsense2_camera_msgs
