[0.087s] Invoking command in '/home/jw/robot/ros_ws/build/realsense2_camera_msgs': CMAKE_PREFIX_PATH=/opt/ros/galactic /usr/bin/cmake /home/jw/robot/ros_ws/src/ExaRobot_ROS2/realsense-ros/realsense2_camera_msgs -DCMAKE_INSTALL_PREFIX=/home/jw/robot/ros_ws/install/realsense2_camera_msgs
[0.343s] -- The C compiler identification is GNU 9.4.0
[0.343s] -- The CXX compiler identification is GNU 9.4.0
[0.343s] -- Check for working C compiler: /usr/bin/cc
[0.343s] -- Check for working C compiler: /usr/bin/cc -- works
[0.343s] -- Detecting C compiler ABI info
[0.343s] -- Detecting C compiler ABI info - done
[0.343s] -- Detecting C compile features
[0.344s] -- Detecting C compile features - done
[0.344s] -- Check for working CXX compiler: /usr/bin/c++
[0.421s] -- Check for working CXX compiler: /usr/bin/c++ -- works
[0.423s] -- Detecting CXX compiler ABI info
[0.502s] -- Detecting CXX compiler ABI info - done
[0.524s] -- Detecting CXX compile features
[0.525s] -- Detecting CXX compile features - done
[0.528s] -- Found ament_cmake: 1.1.5 (/opt/ros/galactic/share/ament_cmake/cmake)
[0.555s] -- Found PythonInterp: /usr/bin/python3 (found suitable version "3.8.10", minimum required is "3") 
[0.555s] -- Using PYTHON_EXECUTABLE: /usr/bin/python3
[0.636s] -- Found rosidl_default_generators: 1.1.1 (/opt/ros/galactic/share/rosidl_default_generators/cmake)
[0.642s] -- Using all available rosidl_typesupport_c: rosidl_typesupport_fastrtps_c;rosidl_typesupport_introspection_c
[0.651s] -- Found rosidl_adapter: 2.2.2 (/opt/ros/galactic/share/rosidl_adapter/cmake)
[0.783s] -- Found OpenSSL: /usr/lib/x86_64-linux-gnu/libcrypto.so (found version "1.1.1f")  
[0.812s] -- Found FastRTPS: /opt/ros/galactic/include  
[0.900s] -- Using all available rosidl_typesupport_cpp: rosidl_typesupport_fastrtps_cpp;rosidl_typesupport_introspection_cpp
[0.927s] -- Found builtin_interfaces: 1.0.3 (/opt/ros/galactic/share/builtin_interfaces/cmake)
[0.940s] -- Found std_msgs: 2.2.4 (/opt/ros/galactic/share/std_msgs/cmake)
[0.983s] -- Found PythonInterp: /usr/bin/python3 (found version "3.8.10") 
[1.186s] -- Found ament_cmake_cppcheck: 0.10.7 (/opt/ros/galactic/share/ament_cmake_cppcheck/cmake)
[1.189s] -- Found ament_cmake_cpplint: 0.10.7 (/opt/ros/galactic/share/ament_cmake_cpplint/cmake)
[1.191s] -- Found ament_cmake_uncrustify: 0.10.7 (/opt/ros/galactic/share/ament_cmake_uncrustify/cmake)
[1.194s] -- Found ament_cmake_ros: 0.9.2 (/opt/ros/galactic/share/ament_cmake_ros/cmake)
[1.395s] -- Using all available rosidl_typesupport_c: rosidl_typesupport_fastrtps_c;rosidl_typesupport_introspection_c
[1.458s] -- Using all available rosidl_typesupport_cpp: rosidl_typesupport_fastrtps_cpp;rosidl_typesupport_introspection_cpp
[1.485s] -- Found PythonInterp: /usr/bin/python3 (found suitable version "3.8.10", minimum required is "3.5") 
[1.486s] -- Found python_cmake_module: 0.8.1 (/opt/ros/galactic/share/python_cmake_module/cmake)
[1.520s] -- Found PythonLibs: /usr/lib/x86_64-linux-gnu/libpython3.8.so (found suitable version "3.8.10", minimum required is "3.5") 
[1.520s] -- Using PYTHON_EXECUTABLE: /usr/bin/python3
[1.520s] -- Using PYTHON_INCLUDE_DIRS: /usr/include/python3.8
[1.520s] -- Using PYTHON_LIBRARIES: /usr/lib/x86_64-linux-gnu/libpython3.8.so
[1.549s] -- Found PythonExtra: .so  
[1.610s] -- Found ament_cmake_flake8: 0.10.7 (/opt/ros/galactic/share/ament_cmake_flake8/cmake)
[1.612s] -- Found ament_cmake_pep257: 0.10.7 (/opt/ros/galactic/share/ament_cmake_pep257/cmake)
[1.633s] -- Configuring done
[1.721s] -- Generating done
[1.725s] -- Build files have been written to: /home/jw/robot/ros_ws/build/realsense2_camera_msgs
[1.741s] Invoked command in '/home/jw/robot/ros_ws/build/realsense2_camera_msgs' returned '0': CMAKE_PREFIX_PATH=/opt/ros/galactic /usr/bin/cmake /home/jw/robot/ros_ws/src/ExaRobot_ROS2/realsense-ros/realsense2_camera_msgs -DCMAKE_INSTALL_PREFIX=/home/jw/robot/ros_ws/install/realsense2_camera_msgs
[1.747s] Invoking command in '/home/jw/robot/ros_ws/build/realsense2_camera_msgs': CMAKE_PREFIX_PATH=/opt/ros/galactic /usr/bin/cmake --build /home/jw/robot/ros_ws/build/realsense2_camera_msgs -- -j12 -l12
[1.795s] [35m[1mScanning dependencies of target realsense2_camera_msgs__cpp[0m
[1.799s] [  1%] [34m[1mGenerating C code for ROS interfaces[0m
[1.805s] [  3%] [34m[1mGenerating C++ code for ROS interfaces[0m
[2.324s] [  3%] Built target realsense2_camera_msgs__cpp
[2.339s] [  9%] [34m[1mGenerating C++ type support dispatch for ROS interfaces[0m
[2.339s] [  9%] [34m[1mGenerating C++ type support for eProsima Fast-RTPS[0m
[2.339s] [  9%] [34m[1mGenerating C++ introspection for ROS interfaces[0m
[2.503s] [35m[1mScanning dependencies of target realsense2_camera_msgs__rosidl_generator_c[0m
[2.523s] [ 12%] [32mBuilding C object CMakeFiles/realsense2_camera_msgs__rosidl_generator_c.dir/rosidl_generator_c/realsense2_camera_msgs/msg/detail/metadata__functions.c.o[0m
[2.524s] [ 12%] [32mBuilding C object CMakeFiles/realsense2_camera_msgs__rosidl_generator_c.dir/rosidl_generator_c/realsense2_camera_msgs/msg/detail/imu_info__functions.c.o[0m
[2.531s] [ 14%] [32mBuilding C object CMakeFiles/realsense2_camera_msgs__rosidl_generator_c.dir/rosidl_generator_c/realsense2_camera_msgs/msg/detail/extrinsics__functions.c.o[0m
[2.546s] [ 16%] [32mBuilding C object CMakeFiles/realsense2_camera_msgs__rosidl_generator_c.dir/rosidl_generator_c/realsense2_camera_msgs/srv/detail/device_info__functions.c.o[0m
[2.641s] [ 18%] [32m[1mLinking C shared library librealsense2_camera_msgs__rosidl_generator_c.so[0m
[2.701s] [ 18%] Built target realsense2_camera_msgs__rosidl_generator_c
[2.715s] [ 21%] [34m[1mGenerating C type support dispatch for ROS interfaces[0m
[2.716s] [ 21%] [34m[1mGenerating C introspection for ROS interfaces[0m
[2.830s] [35m[1mScanning dependencies of target realsense2_camera_msgs__rosidl_typesupport_cpp[0m
[2.858s] [ 23%] [32mBuilding CXX object CMakeFiles/realsense2_camera_msgs__rosidl_typesupport_cpp.dir/rosidl_typesupport_cpp/realsense2_camera_msgs/msg/metadata__type_support.cpp.o[0m
[2.862s] [ 25%] [32mBuilding CXX object CMakeFiles/realsense2_camera_msgs__rosidl_typesupport_cpp.dir/rosidl_typesupport_cpp/realsense2_camera_msgs/msg/extrinsics__type_support.cpp.o[0m
[2.870s] [ 29%] [32mBuilding CXX object CMakeFiles/realsense2_camera_msgs__rosidl_typesupport_cpp.dir/rosidl_typesupport_cpp/realsense2_camera_msgs/srv/device_info__type_support.cpp.o[0m
[2.870s] [ 29%] [32mBuilding CXX object CMakeFiles/realsense2_camera_msgs__rosidl_typesupport_cpp.dir/rosidl_typesupport_cpp/realsense2_camera_msgs/msg/imu_info__type_support.cpp.o[0m
[2.992s] [35m[1mScanning dependencies of target realsense2_camera_msgs__rosidl_typesupport_introspection_cpp[0m
[3.024s] [35m[1mScanning dependencies of target realsense2_camera_msgs__rosidl_typesupport_fastrtps_cpp[0m
[3.033s] [ 30%] [32mBuilding CXX object CMakeFiles/realsense2_camera_msgs__rosidl_typesupport_introspection_cpp.dir/rosidl_typesupport_introspection_cpp/realsense2_camera_msgs/msg/detail/metadata__type_support.cpp.o[0m
[3.036s] [ 32%] [32mBuilding CXX object CMakeFiles/realsense2_camera_msgs__rosidl_typesupport_introspection_cpp.dir/rosidl_typesupport_introspection_cpp/realsense2_camera_msgs/msg/detail/imu_info__type_support.cpp.o[0m
[3.045s] [ 34%] [32mBuilding CXX object CMakeFiles/realsense2_camera_msgs__rosidl_typesupport_introspection_cpp.dir/rosidl_typesupport_introspection_cpp/realsense2_camera_msgs/msg/detail/extrinsics__type_support.cpp.o[0m
[3.061s] [ 36%] [32mBuilding CXX object CMakeFiles/realsense2_camera_msgs__rosidl_typesupport_introspection_cpp.dir/rosidl_typesupport_introspection_cpp/realsense2_camera_msgs/srv/detail/device_info__type_support.cpp.o[0m
[3.116s] [ 38%] [32mBuilding CXX object CMakeFiles/realsense2_camera_msgs__rosidl_typesupport_fastrtps_cpp.dir/rosidl_typesupport_fastrtps_cpp/realsense2_camera_msgs/msg/detail/dds_fastrtps/imu_info__type_support.cpp.o[0m
[3.142s] [ 40%] [32mBuilding CXX object CMakeFiles/realsense2_camera_msgs__rosidl_typesupport_fastrtps_cpp.dir/rosidl_typesupport_fastrtps_cpp/realsense2_camera_msgs/msg/detail/dds_fastrtps/extrinsics__type_support.cpp.o[0m
[3.375s] [35m[1mScanning dependencies of target realsense2_camera_msgs__rosidl_typesupport_c[0m
[3.412s] [ 41%] [32mBuilding CXX object CMakeFiles/realsense2_camera_msgs__rosidl_typesupport_fastrtps_cpp.dir/rosidl_typesupport_fastrtps_cpp/realsense2_camera_msgs/msg/detail/dds_fastrtps/metadata__type_support.cpp.o[0m
[3.418s] [ 43%] [32mBuilding CXX object CMakeFiles/realsense2_camera_msgs__rosidl_typesupport_fastrtps_cpp.dir/rosidl_typesupport_fastrtps_cpp/realsense2_camera_msgs/srv/detail/dds_fastrtps/device_info__type_support.cpp.o[0m
[3.426s] [ 45%] [32mBuilding CXX object CMakeFiles/realsense2_camera_msgs__rosidl_typesupport_c.dir/rosidl_typesupport_c/realsense2_camera_msgs/msg/imu_info__type_support.cpp.o[0m
[3.478s] [ 47%] [32mBuilding CXX object CMakeFiles/realsense2_camera_msgs__rosidl_typesupport_c.dir/rosidl_typesupport_c/realsense2_camera_msgs/msg/extrinsics__type_support.cpp.o[0m
[3.532s] [ 49%] [32m[1mLinking CXX shared library librealsense2_camera_msgs__rosidl_typesupport_cpp.so[0m
[3.535s] [ 50%] [32mBuilding CXX object CMakeFiles/realsense2_camera_msgs__rosidl_typesupport_c.dir/rosidl_typesupport_c/realsense2_camera_msgs/msg/metadata__type_support.cpp.o[0m
[3.561s] [ 52%] [32mBuilding CXX object CMakeFiles/realsense2_camera_msgs__rosidl_typesupport_c.dir/rosidl_typesupport_c/realsense2_camera_msgs/srv/device_info__type_support.cpp.o[0m
[3.610s] [35m[1mScanning dependencies of target realsense2_camera_msgs__rosidl_typesupport_introspection_c[0m
[3.678s] [ 54%] [32m[1mLinking CXX shared library librealsense2_camera_msgs__rosidl_typesupport_c.so[0m
[3.684s] [ 56%] [32mBuilding C object CMakeFiles/realsense2_camera_msgs__rosidl_typesupport_introspection_c.dir/rosidl_typesupport_introspection_c/realsense2_camera_msgs/msg/detail/metadata__type_support.c.o[0m
[3.692s] [ 58%] [32mBuilding C object CMakeFiles/realsense2_camera_msgs__rosidl_typesupport_introspection_c.dir/rosidl_typesupport_introspection_c/realsense2_camera_msgs/msg/detail/imu_info__type_support.c.o[0m
[3.696s] [ 58%] Built target realsense2_camera_msgs__rosidl_typesupport_cpp
[3.709s] [ 60%] [32mBuilding C object CMakeFiles/realsense2_camera_msgs__rosidl_typesupport_introspection_c.dir/rosidl_typesupport_introspection_c/realsense2_camera_msgs/msg/detail/extrinsics__type_support.c.o[0m
[3.735s] [ 61%] [32mBuilding C object CMakeFiles/realsense2_camera_msgs__rosidl_typesupport_introspection_c.dir/rosidl_typesupport_introspection_c/realsense2_camera_msgs/srv/detail/device_info__type_support.c.o[0m
[3.813s] [ 61%] Built target realsense2_camera_msgs__rosidl_typesupport_c
[3.828s] [ 63%] [32m[1mLinking C shared library librealsense2_camera_msgs__rosidl_typesupport_introspection_c.so[0m
[3.846s] [ 65%] [32m[1mLinking CXX shared library librealsense2_camera_msgs__rosidl_typesupport_introspection_cpp.so[0m
[3.881s] [ 65%] Built target realsense2_camera_msgs__rosidl_typesupport_introspection_c
[3.942s] [ 65%] Built target realsense2_camera_msgs__rosidl_typesupport_introspection_cpp
[4.093s] [ 67%] [32m[1mLinking CXX shared library librealsense2_camera_msgs__rosidl_typesupport_fastrtps_cpp.so[0m
[4.184s] [ 67%] Built target realsense2_camera_msgs__rosidl_typesupport_fastrtps_cpp
[4.195s] [ 69%] [34m[1mGenerating C type support for eProsima Fast-RTPS[0m
[4.504s] [35m[1mScanning dependencies of target realsense2_camera_msgs__rosidl_typesupport_fastrtps_c[0m
[4.528s] [ 70%] [32mBuilding CXX object CMakeFiles/realsense2_camera_msgs__rosidl_typesupport_fastrtps_c.dir/rosidl_typesupport_fastrtps_c/realsense2_camera_msgs/msg/detail/extrinsics__type_support_c.cpp.o[0m
[4.529s] [ 72%] [32mBuilding CXX object CMakeFiles/realsense2_camera_msgs__rosidl_typesupport_fastrtps_c.dir/rosidl_typesupport_fastrtps_c/realsense2_camera_msgs/msg/detail/imu_info__type_support_c.cpp.o[0m
[4.530s] [ 74%] [32mBuilding CXX object CMakeFiles/realsense2_camera_msgs__rosidl_typesupport_fastrtps_c.dir/rosidl_typesupport_fastrtps_c/realsense2_camera_msgs/msg/detail/metadata__type_support_c.cpp.o[0m
[4.531s] [ 76%] [32mBuilding CXX object CMakeFiles/realsense2_camera_msgs__rosidl_typesupport_fastrtps_c.dir/rosidl_typesupport_fastrtps_c/realsense2_camera_msgs/srv/detail/device_info__type_support_c.cpp.o[0m
[5.020s] [ 78%] [32m[1mLinking CXX shared library librealsense2_camera_msgs__rosidl_typesupport_fastrtps_c.so[0m
[5.126s] [ 78%] Built target realsense2_camera_msgs__rosidl_typesupport_fastrtps_c
[5.134s] [35m[1mScanning dependencies of target realsense2_camera_msgs[0m
[5.144s] [ 78%] Built target realsense2_camera_msgs
[5.155s] [35m[1mScanning dependencies of target realsense2_camera_msgs__py[0m
[5.165s] [ 80%] [34m[1mGenerating Python code for ROS interfaces[0m
[6.240s] [ 80%] Built target realsense2_camera_msgs__py
[6.268s] [35m[1mScanning dependencies of target realsense2_camera_msgs__python[0m
[6.322s] [ 83%] [32mBuilding C object CMakeFiles/realsense2_camera_msgs__python.dir/rosidl_generator_py/realsense2_camera_msgs/msg/_extrinsics_s.c.o[0m
[6.322s] [ 85%] [32mBuilding C object CMakeFiles/realsense2_camera_msgs__python.dir/rosidl_generator_py/realsense2_camera_msgs/msg/_imu_info_s.c.o[0m
[6.322s] [ 83%] [32mBuilding C object CMakeFiles/realsense2_camera_msgs__python.dir/rosidl_generator_py/realsense2_camera_msgs/srv/_device_info_s.c.o[0m
[6.324s] [ 87%] [32mBuilding C object CMakeFiles/realsense2_camera_msgs__python.dir/rosidl_generator_py/realsense2_camera_msgs/msg/_metadata_s.c.o[0m
[6.604s] [ 89%] [32m[1mLinking C shared library rosidl_generator_py/realsense2_camera_msgs/librealsense2_camera_msgs__python.so[0m
[6.658s] [ 89%] Built target realsense2_camera_msgs__python
[6.672s] [35m[1mScanning dependencies of target realsense2_camera_msgs__rosidl_typesupport_introspection_c__pyext[0m
[6.672s] [35m[1mScanning dependencies of target realsense2_camera_msgs__rosidl_typesupport_fastrtps_c__pyext[0m
[6.673s] [35m[1mScanning dependencies of target realsense2_camera_msgs__rosidl_typesupport_c__pyext[0m
[6.692s] [ 90%] [32mBuilding C object CMakeFiles/realsense2_camera_msgs__rosidl_typesupport_introspection_c__pyext.dir/rosidl_generator_py/realsense2_camera_msgs/_realsense2_camera_msgs_s.ep.rosidl_typesupport_introspection_c.c.o[0m
[6.694s] [ 92%] [32mBuilding C object CMakeFiles/realsense2_camera_msgs__rosidl_typesupport_fastrtps_c__pyext.dir/rosidl_generator_py/realsense2_camera_msgs/_realsense2_camera_msgs_s.ep.rosidl_typesupport_fastrtps_c.c.o[0m
[6.707s] [ 94%] [32mBuilding C object CMakeFiles/realsense2_camera_msgs__rosidl_typesupport_c__pyext.dir/rosidl_generator_py/realsense2_camera_msgs/_realsense2_camera_msgs_s.ep.rosidl_typesupport_c.c.o[0m
[6.859s] [ 98%] [32m[1mLinking C shared library rosidl_generator_py/realsense2_camera_msgs/realsense2_camera_msgs_s__rosidl_typesupport_introspection_c.cpython-38-x86_64-linux-gnu.so[0m
[6.860s] [ 98%] [32m[1mLinking CXX shared library rosidl_generator_py/realsense2_camera_msgs/realsense2_camera_msgs_s__rosidl_typesupport_fastrtps_c.cpython-38-x86_64-linux-gnu.so[0m
[6.869s] [100%] [32m[1mLinking C shared library rosidl_generator_py/realsense2_camera_msgs/realsense2_camera_msgs_s__rosidl_typesupport_c.cpython-38-x86_64-linux-gnu.so[0m
[6.965s] [100%] Built target realsense2_camera_msgs__rosidl_typesupport_introspection_c__pyext
[6.968s] [100%] Built target realsense2_camera_msgs__rosidl_typesupport_c__pyext
[7.017s] [100%] Built target realsense2_camera_msgs__rosidl_typesupport_fastrtps_c__pyext
