[0.142s] DEBUG:colcon:Command line arguments: ['/usr/bin/colcon', 'build']
[0.142s] DEBUG:colcon:Parsed command line arguments: Namespace(allow_overriding=[], ament_cmake_args=None, base_paths=['.'], build_base='build', catkin_cmake_args=None, catkin_skip_building_tests=False, cmake_args=None, cmake_clean_cache=False, cmake_clean_first=False, cmake_force_configure=False, cmake_target=None, cmake_target_skip_unavailable=False, continue_on_error=False, event_handlers=None, executor='parallel', ignore_user_meta=False, install_base='install', log_base=None, log_level=None, main=<bound method BuildVerb.main of <colcon_core.verb.build.BuildVerb object at 0x7f55d7419850>>, merge_install=False, metas=['./colcon.meta'], packages_above=None, packages_above_and_dependencies=None, packages_above_depth=None, packages_end=None, packages_ignore=None, packages_ignore_regex=None, packages_select=None, packages_select_build_failed=False, packages_select_by_dep=None, packages_select_regex=None, packages_select_test_failures=False, packages_skip=None, packages_skip_build_finished=False, packages_skip_by_dep=None, packages_skip_regex=None, packages_skip_test_passed=False, packages_skip_up_to=None, packages_start=None, packages_up_to=None, packages_up_to_regex=None, parallel_workers=12, paths=None, symlink_install=False, test_result_base=None, verb_extension=<colcon_core.verb.build.BuildVerb object at 0x7f55d7419850>, verb_name='build', verb_parser=<colcon_defaults.argument_parser.defaults.DefaultArgumentsDecorator object at 0x7f55d7419dc0>)
[0.162s] Level 1:colcon.colcon_core.package_discovery:discover_packages(colcon_meta) check parameters
[0.162s] Level 1:colcon.colcon_core.package_discovery:discover_packages(recursive) check parameters
[0.163s] Level 1:colcon.colcon_core.package_discovery:discover_packages(ignore) check parameters
[0.163s] Level 1:colcon.colcon_core.package_discovery:discover_packages(path) check parameters
[0.163s] Level 1:colcon.colcon_core.package_discovery:discover_packages(colcon_meta) discover
[0.163s] Level 1:colcon.colcon_core.package_discovery:discover_packages(recursive) discover
[0.163s] INFO:colcon.colcon_core.package_discovery:Crawling recursively for packages in '/home/jw/robot/ros_ws'
[0.163s] Level 1:colcon.colcon_core.package_identification:_identify(.) by extensions ['ignore', 'ignore_ament_install']
[0.163s] Level 1:colcon.colcon_core.package_identification:_identify(.) by extension 'ignore'
[0.163s] Level 1:colcon.colcon_core.package_identification:_identify(.) by extension 'ignore_ament_install'
[0.163s] Level 1:colcon.colcon_core.package_identification:_identify(.) by extensions ['colcon_pkg']
[0.163s] Level 1:colcon.colcon_core.package_identification:_identify(.) by extension 'colcon_pkg'
[0.163s] Level 1:colcon.colcon_core.package_identification:_identify(.) by extensions ['colcon_meta']
[0.163s] Level 1:colcon.colcon_core.package_identification:_identify(.) by extension 'colcon_meta'
[0.163s] Level 1:colcon.colcon_core.package_identification:_identify(.) by extensions ['ros']
[0.163s] Level 1:colcon.colcon_core.package_identification:_identify(.) by extension 'ros'
[0.180s] Level 1:colcon.colcon_core.package_identification:_identify(.) by extensions ['cmake', 'python']
[0.180s] Level 1:colcon.colcon_core.package_identification:_identify(.) by extension 'cmake'
[0.180s] Level 1:colcon.colcon_core.package_identification:_identify(.) by extension 'python'
[0.180s] Level 1:colcon.colcon_core.package_identification:_identify(.) by extensions ['python_setup_py']
[0.180s] Level 1:colcon.colcon_core.package_identification:_identify(.) by extension 'python_setup_py'
[0.180s] Level 1:colcon.colcon_core.package_identification:_identify(build) by extensions ['ignore', 'ignore_ament_install']
[0.180s] Level 1:colcon.colcon_core.package_identification:_identify(build) by extension 'ignore'
[0.180s] Level 1:colcon.colcon_core.package_identification:_identify(build) ignored
[0.180s] Level 1:colcon.colcon_core.package_identification:_identify(install) by extensions ['ignore', 'ignore_ament_install']
[0.180s] Level 1:colcon.colcon_core.package_identification:_identify(install) by extension 'ignore'
[0.180s] Level 1:colcon.colcon_core.package_identification:_identify(install) ignored
[0.180s] Level 1:colcon.colcon_core.package_identification:_identify(log) by extensions ['ignore', 'ignore_ament_install']
[0.180s] Level 1:colcon.colcon_core.package_identification:_identify(log) by extension 'ignore'
[0.180s] Level 1:colcon.colcon_core.package_identification:_identify(log) ignored
[0.180s] Level 1:colcon.colcon_core.package_identification:_identify(src) by extensions ['ignore', 'ignore_ament_install']
[0.180s] Level 1:colcon.colcon_core.package_identification:_identify(src) by extension 'ignore'
[0.181s] Level 1:colcon.colcon_core.package_identification:_identify(src) by extension 'ignore_ament_install'
[0.181s] Level 1:colcon.colcon_core.package_identification:_identify(src) by extensions ['colcon_pkg']
[0.181s] Level 1:colcon.colcon_core.package_identification:_identify(src) by extension 'colcon_pkg'
[0.181s] Level 1:colcon.colcon_core.package_identification:_identify(src) by extensions ['colcon_meta']
[0.181s] Level 1:colcon.colcon_core.package_identification:_identify(src) by extension 'colcon_meta'
[0.181s] Level 1:colcon.colcon_core.package_identification:_identify(src) by extensions ['ros']
[0.181s] Level 1:colcon.colcon_core.package_identification:_identify(src) by extension 'ros'
[0.181s] Level 1:colcon.colcon_core.package_identification:_identify(src) by extensions ['cmake', 'python']
[0.181s] Level 1:colcon.colcon_core.package_identification:_identify(src) by extension 'cmake'
[0.181s] Level 1:colcon.colcon_core.package_identification:_identify(src) by extension 'python'
[0.181s] Level 1:colcon.colcon_core.package_identification:_identify(src) by extensions ['python_setup_py']
[0.181s] Level 1:colcon.colcon_core.package_identification:_identify(src) by extension 'python_setup_py'
[0.181s] Level 1:colcon.colcon_core.package_identification:_identify(src/ExaRobot_ROS2) by extensions ['ignore', 'ignore_ament_install']
[0.181s] Level 1:colcon.colcon_core.package_identification:_identify(src/ExaRobot_ROS2) by extension 'ignore'
[0.181s] Level 1:colcon.colcon_core.package_identification:_identify(src/ExaRobot_ROS2) by extension 'ignore_ament_install'
[0.181s] Level 1:colcon.colcon_core.package_identification:_identify(src/ExaRobot_ROS2) by extensions ['colcon_pkg']
[0.181s] Level 1:colcon.colcon_core.package_identification:_identify(src/ExaRobot_ROS2) by extension 'colcon_pkg'
[0.181s] Level 1:colcon.colcon_core.package_identification:_identify(src/ExaRobot_ROS2) by extensions ['colcon_meta']
[0.181s] Level 1:colcon.colcon_core.package_identification:_identify(src/ExaRobot_ROS2) by extension 'colcon_meta'
[0.181s] Level 1:colcon.colcon_core.package_identification:_identify(src/ExaRobot_ROS2) by extensions ['ros']
[0.181s] Level 1:colcon.colcon_core.package_identification:_identify(src/ExaRobot_ROS2) by extension 'ros'
[0.181s] Level 1:colcon.colcon_core.package_identification:_identify(src/ExaRobot_ROS2) by extensions ['cmake', 'python']
[0.181s] Level 1:colcon.colcon_core.package_identification:_identify(src/ExaRobot_ROS2) by extension 'cmake'
[0.181s] Level 1:colcon.colcon_core.package_identification:_identify(src/ExaRobot_ROS2) by extension 'python'
[0.181s] Level 1:colcon.colcon_core.package_identification:_identify(src/ExaRobot_ROS2) by extensions ['python_setup_py']
[0.182s] Level 1:colcon.colcon_core.package_identification:_identify(src/ExaRobot_ROS2) by extension 'python_setup_py'
[0.182s] Level 1:colcon.colcon_core.package_identification:_identify(src/ExaRobot_ROS2/costmap_converter) by extensions ['ignore', 'ignore_ament_install']
[0.182s] Level 1:colcon.colcon_core.package_identification:_identify(src/ExaRobot_ROS2/costmap_converter) by extension 'ignore'
[0.182s] Level 1:colcon.colcon_core.package_identification:_identify(src/ExaRobot_ROS2/costmap_converter) by extension 'ignore_ament_install'
[0.182s] Level 1:colcon.colcon_core.package_identification:_identify(src/ExaRobot_ROS2/costmap_converter) by extensions ['colcon_pkg']
[0.182s] Level 1:colcon.colcon_core.package_identification:_identify(src/ExaRobot_ROS2/costmap_converter) by extension 'colcon_pkg'
[0.182s] Level 1:colcon.colcon_core.package_identification:_identify(src/ExaRobot_ROS2/costmap_converter) by extensions ['colcon_meta']
[0.182s] Level 1:colcon.colcon_core.package_identification:_identify(src/ExaRobot_ROS2/costmap_converter) by extension 'colcon_meta'
[0.182s] Level 1:colcon.colcon_core.package_identification:_identify(src/ExaRobot_ROS2/costmap_converter) by extensions ['ros']
[0.182s] Level 1:colcon.colcon_core.package_identification:_identify(src/ExaRobot_ROS2/costmap_converter) by extension 'ros'
[0.182s] Level 1:colcon.colcon_core.package_identification:_identify(src/ExaRobot_ROS2/costmap_converter) by extensions ['cmake', 'python']
[0.182s] Level 1:colcon.colcon_core.package_identification:_identify(src/ExaRobot_ROS2/costmap_converter) by extension 'cmake'
[0.182s] Level 1:colcon.colcon_core.package_identification:_identify(src/ExaRobot_ROS2/costmap_converter) by extension 'python'
[0.182s] Level 1:colcon.colcon_core.package_identification:_identify(src/ExaRobot_ROS2/costmap_converter) by extensions ['python_setup_py']
[0.182s] Level 1:colcon.colcon_core.package_identification:_identify(src/ExaRobot_ROS2/costmap_converter) by extension 'python_setup_py'
[0.182s] Level 1:colcon.colcon_core.package_identification:_identify(src/ExaRobot_ROS2/costmap_converter/costmap_converter) by extensions ['ignore', 'ignore_ament_install']
[0.182s] Level 1:colcon.colcon_core.package_identification:_identify(src/ExaRobot_ROS2/costmap_converter/costmap_converter) by extension 'ignore'
[0.182s] Level 1:colcon.colcon_core.package_identification:_identify(src/ExaRobot_ROS2/costmap_converter/costmap_converter) by extension 'ignore_ament_install'
[0.182s] Level 1:colcon.colcon_core.package_identification:_identify(src/ExaRobot_ROS2/costmap_converter/costmap_converter) by extensions ['colcon_pkg']
[0.182s] Level 1:colcon.colcon_core.package_identification:_identify(src/ExaRobot_ROS2/costmap_converter/costmap_converter) by extension 'colcon_pkg'
[0.182s] Level 1:colcon.colcon_core.package_identification:_identify(src/ExaRobot_ROS2/costmap_converter/costmap_converter) by extensions ['colcon_meta']
[0.182s] Level 1:colcon.colcon_core.package_identification:_identify(src/ExaRobot_ROS2/costmap_converter/costmap_converter) by extension 'colcon_meta'
[0.182s] Level 1:colcon.colcon_core.package_identification:_identify(src/ExaRobot_ROS2/costmap_converter/costmap_converter) by extensions ['ros']
[0.183s] Level 1:colcon.colcon_core.package_identification:_identify(src/ExaRobot_ROS2/costmap_converter/costmap_converter) by extension 'ros'
[0.185s] DEBUG:colcon.colcon_core.package_identification:Package 'src/ExaRobot_ROS2/costmap_converter/costmap_converter' with type 'ros.ament_cmake' and name 'costmap_converter'
[0.185s] Level 1:colcon.colcon_core.package_identification:_identify(src/ExaRobot_ROS2/costmap_converter/costmap_converter_msgs) by extensions ['ignore', 'ignore_ament_install']
[0.185s] Level 1:colcon.colcon_core.package_identification:_identify(src/ExaRobot_ROS2/costmap_converter/costmap_converter_msgs) by extension 'ignore'
[0.185s] Level 1:colcon.colcon_core.package_identification:_identify(src/ExaRobot_ROS2/costmap_converter/costmap_converter_msgs) by extension 'ignore_ament_install'
[0.185s] Level 1:colcon.colcon_core.package_identification:_identify(src/ExaRobot_ROS2/costmap_converter/costmap_converter_msgs) by extensions ['colcon_pkg']
[0.185s] Level 1:colcon.colcon_core.package_identification:_identify(src/ExaRobot_ROS2/costmap_converter/costmap_converter_msgs) by extension 'colcon_pkg'
[0.185s] Level 1:colcon.colcon_core.package_identification:_identify(src/ExaRobot_ROS2/costmap_converter/costmap_converter_msgs) by extensions ['colcon_meta']
[0.185s] Level 1:colcon.colcon_core.package_identification:_identify(src/ExaRobot_ROS2/costmap_converter/costmap_converter_msgs) by extension 'colcon_meta'
[0.185s] Level 1:colcon.colcon_core.package_identification:_identify(src/ExaRobot_ROS2/costmap_converter/costmap_converter_msgs) by extensions ['ros']
[0.185s] Level 1:colcon.colcon_core.package_identification:_identify(src/ExaRobot_ROS2/costmap_converter/costmap_converter_msgs) by extension 'ros'
[0.186s] DEBUG:colcon.colcon_core.package_identification:Package 'src/ExaRobot_ROS2/costmap_converter/costmap_converter_msgs' with type 'ros.ament_cmake' and name 'costmap_converter_msgs'
[0.186s] Level 1:colcon.colcon_core.package_identification:_identify(src/ExaRobot_ROS2/exa_robot) by extensions ['ignore', 'ignore_ament_install']
[0.186s] Level 1:colcon.colcon_core.package_identification:_identify(src/ExaRobot_ROS2/exa_robot) by extension 'ignore'
[0.186s] Level 1:colcon.colcon_core.package_identification:_identify(src/ExaRobot_ROS2/exa_robot) by extension 'ignore_ament_install'
[0.186s] Level 1:colcon.colcon_core.package_identification:_identify(src/ExaRobot_ROS2/exa_robot) by extensions ['colcon_pkg']
[0.186s] Level 1:colcon.colcon_core.package_identification:_identify(src/ExaRobot_ROS2/exa_robot) by extension 'colcon_pkg'
[0.186s] Level 1:colcon.colcon_core.package_identification:_identify(src/ExaRobot_ROS2/exa_robot) by extensions ['colcon_meta']
[0.186s] Level 1:colcon.colcon_core.package_identification:_identify(src/ExaRobot_ROS2/exa_robot) by extension 'colcon_meta'
[0.186s] Level 1:colcon.colcon_core.package_identification:_identify(src/ExaRobot_ROS2/exa_robot) by extensions ['ros']
[0.186s] Level 1:colcon.colcon_core.package_identification:_identify(src/ExaRobot_ROS2/exa_robot) by extension 'ros'
[0.186s] DEBUG:colcon.colcon_core.package_identification:Package 'src/ExaRobot_ROS2/exa_robot' with type 'ros.ament_python' and name 'exa_robot'
[0.187s] Level 1:colcon.colcon_core.package_identification:_identify(src/ExaRobot_ROS2/realsense-ros) by extensions ['ignore', 'ignore_ament_install']
[0.187s] Level 1:colcon.colcon_core.package_identification:_identify(src/ExaRobot_ROS2/realsense-ros) by extension 'ignore'
[0.187s] Level 1:colcon.colcon_core.package_identification:_identify(src/ExaRobot_ROS2/realsense-ros) by extension 'ignore_ament_install'
[0.187s] Level 1:colcon.colcon_core.package_identification:_identify(src/ExaRobot_ROS2/realsense-ros) by extensions ['colcon_pkg']
[0.187s] Level 1:colcon.colcon_core.package_identification:_identify(src/ExaRobot_ROS2/realsense-ros) by extension 'colcon_pkg'
[0.187s] Level 1:colcon.colcon_core.package_identification:_identify(src/ExaRobot_ROS2/realsense-ros) by extensions ['colcon_meta']
[0.187s] Level 1:colcon.colcon_core.package_identification:_identify(src/ExaRobot_ROS2/realsense-ros) by extension 'colcon_meta'
[0.187s] Level 1:colcon.colcon_core.package_identification:_identify(src/ExaRobot_ROS2/realsense-ros) by extensions ['ros']
[0.187s] Level 1:colcon.colcon_core.package_identification:_identify(src/ExaRobot_ROS2/realsense-ros) by extension 'ros'
[0.187s] Level 1:colcon.colcon_core.package_identification:_identify(src/ExaRobot_ROS2/realsense-ros) by extensions ['cmake', 'python']
[0.187s] Level 1:colcon.colcon_core.package_identification:_identify(src/ExaRobot_ROS2/realsense-ros) by extension 'cmake'
[0.187s] Level 1:colcon.colcon_core.package_identification:_identify(src/ExaRobot_ROS2/realsense-ros) by extension 'python'
[0.187s] Level 1:colcon.colcon_core.package_identification:_identify(src/ExaRobot_ROS2/realsense-ros) by extensions ['python_setup_py']
[0.187s] Level 1:colcon.colcon_core.package_identification:_identify(src/ExaRobot_ROS2/realsense-ros) by extension 'python_setup_py'
[0.187s] Level 1:colcon.colcon_core.package_identification:_identify(src/ExaRobot_ROS2/realsense-ros/realsense2_camera) by extensions ['ignore', 'ignore_ament_install']
[0.187s] Level 1:colcon.colcon_core.package_identification:_identify(src/ExaRobot_ROS2/realsense-ros/realsense2_camera) by extension 'ignore'
[0.187s] Level 1:colcon.colcon_core.package_identification:_identify(src/ExaRobot_ROS2/realsense-ros/realsense2_camera) by extension 'ignore_ament_install'
[0.187s] Level 1:colcon.colcon_core.package_identification:_identify(src/ExaRobot_ROS2/realsense-ros/realsense2_camera) by extensions ['colcon_pkg']
[0.187s] Level 1:colcon.colcon_core.package_identification:_identify(src/ExaRobot_ROS2/realsense-ros/realsense2_camera) by extension 'colcon_pkg'
[0.187s] Level 1:colcon.colcon_core.package_identification:_identify(src/ExaRobot_ROS2/realsense-ros/realsense2_camera) by extensions ['colcon_meta']
[0.187s] Level 1:colcon.colcon_core.package_identification:_identify(src/ExaRobot_ROS2/realsense-ros/realsense2_camera) by extension 'colcon_meta'
[0.187s] Level 1:colcon.colcon_core.package_identification:_identify(src/ExaRobot_ROS2/realsense-ros/realsense2_camera) by extensions ['ros']
[0.187s] Level 1:colcon.colcon_core.package_identification:_identify(src/ExaRobot_ROS2/realsense-ros/realsense2_camera) by extension 'ros'
[0.189s] DEBUG:colcon.colcon_core.package_identification:Package 'src/ExaRobot_ROS2/realsense-ros/realsense2_camera' with type 'ros.ament_cmake' and name 'realsense2_camera'
[0.189s] Level 1:colcon.colcon_core.package_identification:_identify(src/ExaRobot_ROS2/realsense-ros/realsense2_camera_msgs) by extensions ['ignore', 'ignore_ament_install']
[0.189s] Level 1:colcon.colcon_core.package_identification:_identify(src/ExaRobot_ROS2/realsense-ros/realsense2_camera_msgs) by extension 'ignore'
[0.189s] Level 1:colcon.colcon_core.package_identification:_identify(src/ExaRobot_ROS2/realsense-ros/realsense2_camera_msgs) by extension 'ignore_ament_install'
[0.189s] Level 1:colcon.colcon_core.package_identification:_identify(src/ExaRobot_ROS2/realsense-ros/realsense2_camera_msgs) by extensions ['colcon_pkg']
[0.189s] Level 1:colcon.colcon_core.package_identification:_identify(src/ExaRobot_ROS2/realsense-ros/realsense2_camera_msgs) by extension 'colcon_pkg'
[0.189s] Level 1:colcon.colcon_core.package_identification:_identify(src/ExaRobot_ROS2/realsense-ros/realsense2_camera_msgs) by extensions ['colcon_meta']
[0.189s] Level 1:colcon.colcon_core.package_identification:_identify(src/ExaRobot_ROS2/realsense-ros/realsense2_camera_msgs) by extension 'colcon_meta'
[0.189s] Level 1:colcon.colcon_core.package_identification:_identify(src/ExaRobot_ROS2/realsense-ros/realsense2_camera_msgs) by extensions ['ros']
[0.189s] Level 1:colcon.colcon_core.package_identification:_identify(src/ExaRobot_ROS2/realsense-ros/realsense2_camera_msgs) by extension 'ros'
[0.190s] DEBUG:colcon.colcon_core.package_identification:Package 'src/ExaRobot_ROS2/realsense-ros/realsense2_camera_msgs' with type 'ros.ament_cmake' and name 'realsense2_camera_msgs'
[0.190s] Level 1:colcon.colcon_core.package_identification:_identify(src/ExaRobot_ROS2/realsense-ros/realsense2_description) by extensions ['ignore', 'ignore_ament_install']
[0.190s] Level 1:colcon.colcon_core.package_identification:_identify(src/ExaRobot_ROS2/realsense-ros/realsense2_description) by extension 'ignore'
[0.190s] Level 1:colcon.colcon_core.package_identification:_identify(src/ExaRobot_ROS2/realsense-ros/realsense2_description) by extension 'ignore_ament_install'
[0.190s] Level 1:colcon.colcon_core.package_identification:_identify(src/ExaRobot_ROS2/realsense-ros/realsense2_description) by extensions ['colcon_pkg']
[0.190s] Level 1:colcon.colcon_core.package_identification:_identify(src/ExaRobot_ROS2/realsense-ros/realsense2_description) by extension 'colcon_pkg'
[0.190s] Level 1:colcon.colcon_core.package_identification:_identify(src/ExaRobot_ROS2/realsense-ros/realsense2_description) by extensions ['colcon_meta']
[0.190s] Level 1:colcon.colcon_core.package_identification:_identify(src/ExaRobot_ROS2/realsense-ros/realsense2_description) by extension 'colcon_meta'
[0.190s] Level 1:colcon.colcon_core.package_identification:_identify(src/ExaRobot_ROS2/realsense-ros/realsense2_description) by extensions ['ros']
[0.190s] Level 1:colcon.colcon_core.package_identification:_identify(src/ExaRobot_ROS2/realsense-ros/realsense2_description) by extension 'ros'
[0.191s] DEBUG:colcon.colcon_core.package_identification:Package 'src/ExaRobot_ROS2/realsense-ros/realsense2_description' with type 'ros.ament_cmake' and name 'realsense2_description'
[0.191s] Level 1:colcon.colcon_core.package_identification:_identify(src/ExaRobot_ROS2/teb_local_planner) by extensions ['ignore', 'ignore_ament_install']
[0.191s] Level 1:colcon.colcon_core.package_identification:_identify(src/ExaRobot_ROS2/teb_local_planner) by extension 'ignore'
[0.191s] Level 1:colcon.colcon_core.package_identification:_identify(src/ExaRobot_ROS2/teb_local_planner) by extension 'ignore_ament_install'
[0.191s] Level 1:colcon.colcon_core.package_identification:_identify(src/ExaRobot_ROS2/teb_local_planner) by extensions ['colcon_pkg']
[0.191s] Level 1:colcon.colcon_core.package_identification:_identify(src/ExaRobot_ROS2/teb_local_planner) by extension 'colcon_pkg'
[0.191s] Level 1:colcon.colcon_core.package_identification:_identify(src/ExaRobot_ROS2/teb_local_planner) by extensions ['colcon_meta']
[0.191s] Level 1:colcon.colcon_core.package_identification:_identify(src/ExaRobot_ROS2/teb_local_planner) by extension 'colcon_meta'
[0.191s] Level 1:colcon.colcon_core.package_identification:_identify(src/ExaRobot_ROS2/teb_local_planner) by extensions ['ros']
[0.191s] Level 1:colcon.colcon_core.package_identification:_identify(src/ExaRobot_ROS2/teb_local_planner) by extension 'ros'
[0.191s] Level 1:colcon.colcon_core.package_identification:_identify(src/ExaRobot_ROS2/teb_local_planner) by extensions ['cmake', 'python']
[0.191s] Level 1:colcon.colcon_core.package_identification:_identify(src/ExaRobot_ROS2/teb_local_planner) by extension 'cmake'
[0.191s] Level 1:colcon.colcon_core.package_identification:_identify(src/ExaRobot_ROS2/teb_local_planner) by extension 'python'
[0.191s] Level 1:colcon.colcon_core.package_identification:_identify(src/ExaRobot_ROS2/teb_local_planner) by extensions ['python_setup_py']
[0.191s] Level 1:colcon.colcon_core.package_identification:_identify(src/ExaRobot_ROS2/teb_local_planner) by extension 'python_setup_py'
[0.192s] Level 1:colcon.colcon_core.package_identification:_identify(src/ExaRobot_ROS2/teb_local_planner/teb_local_planner) by extensions ['ignore', 'ignore_ament_install']
[0.192s] Level 1:colcon.colcon_core.package_identification:_identify(src/ExaRobot_ROS2/teb_local_planner/teb_local_planner) by extension 'ignore'
[0.192s] Level 1:colcon.colcon_core.package_identification:_identify(src/ExaRobot_ROS2/teb_local_planner/teb_local_planner) by extension 'ignore_ament_install'
[0.192s] Level 1:colcon.colcon_core.package_identification:_identify(src/ExaRobot_ROS2/teb_local_planner/teb_local_planner) by extensions ['colcon_pkg']
[0.192s] Level 1:colcon.colcon_core.package_identification:_identify(src/ExaRobot_ROS2/teb_local_planner/teb_local_planner) by extension 'colcon_pkg'
[0.192s] Level 1:colcon.colcon_core.package_identification:_identify(src/ExaRobot_ROS2/teb_local_planner/teb_local_planner) by extensions ['colcon_meta']
[0.192s] Level 1:colcon.colcon_core.package_identification:_identify(src/ExaRobot_ROS2/teb_local_planner/teb_local_planner) by extension 'colcon_meta'
[0.192s] Level 1:colcon.colcon_core.package_identification:_identify(src/ExaRobot_ROS2/teb_local_planner/teb_local_planner) by extensions ['ros']
[0.192s] Level 1:colcon.colcon_core.package_identification:_identify(src/ExaRobot_ROS2/teb_local_planner/teb_local_planner) by extension 'ros'
[0.194s] DEBUG:colcon.colcon_core.package_identification:Package 'src/ExaRobot_ROS2/teb_local_planner/teb_local_planner' with type 'ros.ament_cmake' and name 'teb_local_planner'
[0.194s] Level 1:colcon.colcon_core.package_identification:_identify(src/ExaRobot_ROS2/teb_local_planner/teb_msgs) by extensions ['ignore', 'ignore_ament_install']
[0.194s] Level 1:colcon.colcon_core.package_identification:_identify(src/ExaRobot_ROS2/teb_local_planner/teb_msgs) by extension 'ignore'
[0.194s] Level 1:colcon.colcon_core.package_identification:_identify(src/ExaRobot_ROS2/teb_local_planner/teb_msgs) by extension 'ignore_ament_install'
[0.194s] Level 1:colcon.colcon_core.package_identification:_identify(src/ExaRobot_ROS2/teb_local_planner/teb_msgs) by extensions ['colcon_pkg']
[0.194s] Level 1:colcon.colcon_core.package_identification:_identify(src/ExaRobot_ROS2/teb_local_planner/teb_msgs) by extension 'colcon_pkg'
[0.194s] Level 1:colcon.colcon_core.package_identification:_identify(src/ExaRobot_ROS2/teb_local_planner/teb_msgs) by extensions ['colcon_meta']
[0.194s] Level 1:colcon.colcon_core.package_identification:_identify(src/ExaRobot_ROS2/teb_local_planner/teb_msgs) by extension 'colcon_meta'
[0.194s] Level 1:colcon.colcon_core.package_identification:_identify(src/ExaRobot_ROS2/teb_local_planner/teb_msgs) by extensions ['ros']
[0.194s] Level 1:colcon.colcon_core.package_identification:_identify(src/ExaRobot_ROS2/teb_local_planner/teb_msgs) by extension 'ros'
[0.195s] DEBUG:colcon.colcon_core.package_identification:Package 'src/ExaRobot_ROS2/teb_local_planner/teb_msgs' with type 'ros.ament_cmake' and name 'teb_msgs'
[0.195s] Level 1:colcon.colcon_core.package_identification:_identify(src/ExaRobot_ROS2/urg_node) by extensions ['ignore', 'ignore_ament_install']
[0.195s] Level 1:colcon.colcon_core.package_identification:_identify(src/ExaRobot_ROS2/urg_node) by extension 'ignore'
[0.195s] Level 1:colcon.colcon_core.package_identification:_identify(src/ExaRobot_ROS2/urg_node) by extension 'ignore_ament_install'
[0.195s] Level 1:colcon.colcon_core.package_identification:_identify(src/ExaRobot_ROS2/urg_node) by extensions ['colcon_pkg']
[0.195s] Level 1:colcon.colcon_core.package_identification:_identify(src/ExaRobot_ROS2/urg_node) by extension 'colcon_pkg'
[0.195s] Level 1:colcon.colcon_core.package_identification:_identify(src/ExaRobot_ROS2/urg_node) by extensions ['colcon_meta']
[0.195s] Level 1:colcon.colcon_core.package_identification:_identify(src/ExaRobot_ROS2/urg_node) by extension 'colcon_meta'
[0.195s] Level 1:colcon.colcon_core.package_identification:_identify(src/ExaRobot_ROS2/urg_node) by extensions ['ros']
[0.195s] Level 1:colcon.colcon_core.package_identification:_identify(src/ExaRobot_ROS2/urg_node) by extension 'ros'
[0.196s] DEBUG:colcon.colcon_core.package_identification:Package 'src/ExaRobot_ROS2/urg_node' with type 'ros.ament_cmake' and name 'urg_node'
[0.197s] Level 1:colcon.colcon_core.package_identification:_identify(src/ExaRobot_ROS2/velocity_smoother) by extensions ['ignore', 'ignore_ament_install']
[0.197s] Level 1:colcon.colcon_core.package_identification:_identify(src/ExaRobot_ROS2/velocity_smoother) by extension 'ignore'
[0.197s] Level 1:colcon.colcon_core.package_identification:_identify(src/ExaRobot_ROS2/velocity_smoother) by extension 'ignore_ament_install'
[0.197s] Level 1:colcon.colcon_core.package_identification:_identify(src/ExaRobot_ROS2/velocity_smoother) by extensions ['colcon_pkg']
[0.197s] Level 1:colcon.colcon_core.package_identification:_identify(src/ExaRobot_ROS2/velocity_smoother) by extension 'colcon_pkg'
[0.197s] Level 1:colcon.colcon_core.package_identification:_identify(src/ExaRobot_ROS2/velocity_smoother) by extensions ['colcon_meta']
[0.197s] Level 1:colcon.colcon_core.package_identification:_identify(src/ExaRobot_ROS2/velocity_smoother) by extension 'colcon_meta'
[0.197s] Level 1:colcon.colcon_core.package_identification:_identify(src/ExaRobot_ROS2/velocity_smoother) by extensions ['ros']
[0.197s] Level 1:colcon.colcon_core.package_identification:_identify(src/ExaRobot_ROS2/velocity_smoother) by extension 'ros'
[0.198s] DEBUG:colcon.colcon_core.package_identification:Package 'src/ExaRobot_ROS2/velocity_smoother' with type 'ros.ament_cmake' and name 'velocity_smoother'
[0.198s] Level 1:colcon.colcon_core.package_identification:_identify(src/ExaRobot_ROS2/ydlidar_ros2_driver) by extensions ['ignore', 'ignore_ament_install']
[0.198s] Level 1:colcon.colcon_core.package_identification:_identify(src/ExaRobot_ROS2/ydlidar_ros2_driver) by extension 'ignore'
[0.198s] Level 1:colcon.colcon_core.package_identification:_identify(src/ExaRobot_ROS2/ydlidar_ros2_driver) by extension 'ignore_ament_install'
[0.198s] Level 1:colcon.colcon_core.package_identification:_identify(src/ExaRobot_ROS2/ydlidar_ros2_driver) by extensions ['colcon_pkg']
[0.198s] Level 1:colcon.colcon_core.package_identification:_identify(src/ExaRobot_ROS2/ydlidar_ros2_driver) by extension 'colcon_pkg'
[0.198s] Level 1:colcon.colcon_core.package_identification:_identify(src/ExaRobot_ROS2/ydlidar_ros2_driver) by extensions ['colcon_meta']
[0.198s] Level 1:colcon.colcon_core.package_identification:_identify(src/ExaRobot_ROS2/ydlidar_ros2_driver) by extension 'colcon_meta'
[0.198s] Level 1:colcon.colcon_core.package_identification:_identify(src/ExaRobot_ROS2/ydlidar_ros2_driver) by extensions ['ros']
[0.198s] Level 1:colcon.colcon_core.package_identification:_identify(src/ExaRobot_ROS2/ydlidar_ros2_driver) by extension 'ros'
[0.199s] DEBUG:colcon.colcon_core.package_identification:Package 'src/ExaRobot_ROS2/ydlidar_ros2_driver' with type 'ros.ament_cmake' and name 'ydlidar_ros2_driver'
[0.199s] Level 1:colcon.colcon_core.package_discovery:discover_packages(recursive) using defaults
[0.199s] Level 1:colcon.colcon_core.package_discovery:discover_packages(ignore) discover
[0.199s] Level 1:colcon.colcon_core.package_discovery:discover_packages(ignore) using defaults
[0.199s] Level 1:colcon.colcon_core.package_discovery:discover_packages(path) discover
[0.199s] Level 1:colcon.colcon_core.package_discovery:discover_packages(path) using defaults
[0.218s] Level 1:colcon.colcon_core.package_discovery:discover_packages(prefix_path) check parameters
[0.218s] Level 1:colcon.colcon_core.package_discovery:discover_packages(prefix_path) discover
[0.221s] DEBUG:colcon.colcon_installed_package_information.package_discovery:Found 0 installed packages in /home/jw/exa_ws/install
[0.222s] DEBUG:colcon.colcon_installed_package_information.package_discovery:Found 0 installed packages in /home/jw/exa_test_ws/install
[0.224s] DEBUG:colcon.colcon_installed_package_information.package_discovery:Found 316 installed packages in /opt/ros/galactic
[0.225s] Level 1:colcon.colcon_core.package_discovery:discover_packages(prefix_path) using defaults
[0.290s] Level 5:colcon.colcon_core.verb:set package 'costmap_converter_msgs' build argument 'cmake_args' from command line to 'None'
[0.290s] Level 5:colcon.colcon_core.verb:set package 'costmap_converter_msgs' build argument 'cmake_target' from command line to 'None'
[0.290s] Level 5:colcon.colcon_core.verb:set package 'costmap_converter_msgs' build argument 'cmake_target_skip_unavailable' from command line to 'False'
[0.290s] Level 5:colcon.colcon_core.verb:set package 'costmap_converter_msgs' build argument 'cmake_clean_cache' from command line to 'False'
[0.290s] Level 5:colcon.colcon_core.verb:set package 'costmap_converter_msgs' build argument 'cmake_clean_first' from command line to 'False'
[0.290s] Level 5:colcon.colcon_core.verb:set package 'costmap_converter_msgs' build argument 'cmake_force_configure' from command line to 'False'
[0.290s] Level 5:colcon.colcon_core.verb:set package 'costmap_converter_msgs' build argument 'ament_cmake_args' from command line to 'None'
[0.290s] Level 5:colcon.colcon_core.verb:set package 'costmap_converter_msgs' build argument 'catkin_cmake_args' from command line to 'None'
[0.290s] Level 5:colcon.colcon_core.verb:set package 'costmap_converter_msgs' build argument 'catkin_skip_building_tests' from command line to 'False'
[0.290s] DEBUG:colcon.colcon_core.verb:Building package 'costmap_converter_msgs' with the following arguments: {'ament_cmake_args': None, 'build_base': '/home/jw/robot/ros_ws/build/costmap_converter_msgs', 'catkin_cmake_args': None, 'catkin_skip_building_tests': False, 'cmake_args': None, 'cmake_clean_cache': False, 'cmake_clean_first': False, 'cmake_force_configure': False, 'cmake_target': None, 'cmake_target_skip_unavailable': False, 'install_base': '/home/jw/robot/ros_ws/install/costmap_converter_msgs', 'merge_install': False, 'path': '/home/jw/robot/ros_ws/src/ExaRobot_ROS2/costmap_converter/costmap_converter_msgs', 'symlink_install': False, 'test_result_base': None}
[0.291s] Level 5:colcon.colcon_core.verb:set package 'exa_robot' build argument 'cmake_args' from command line to 'None'
[0.291s] Level 5:colcon.colcon_core.verb:set package 'exa_robot' build argument 'cmake_target' from command line to 'None'
[0.291s] Level 5:colcon.colcon_core.verb:set package 'exa_robot' build argument 'cmake_target_skip_unavailable' from command line to 'False'
[0.291s] Level 5:colcon.colcon_core.verb:set package 'exa_robot' build argument 'cmake_clean_cache' from command line to 'False'
[0.291s] Level 5:colcon.colcon_core.verb:set package 'exa_robot' build argument 'cmake_clean_first' from command line to 'False'
[0.291s] Level 5:colcon.colcon_core.verb:set package 'exa_robot' build argument 'cmake_force_configure' from command line to 'False'
[0.291s] Level 5:colcon.colcon_core.verb:set package 'exa_robot' build argument 'ament_cmake_args' from command line to 'None'
[0.291s] Level 5:colcon.colcon_core.verb:set package 'exa_robot' build argument 'catkin_cmake_args' from command line to 'None'
[0.291s] Level 5:colcon.colcon_core.verb:set package 'exa_robot' build argument 'catkin_skip_building_tests' from command line to 'False'
[0.291s] DEBUG:colcon.colcon_core.verb:Building package 'exa_robot' with the following arguments: {'ament_cmake_args': None, 'build_base': '/home/jw/robot/ros_ws/build/exa_robot', 'catkin_cmake_args': None, 'catkin_skip_building_tests': False, 'cmake_args': None, 'cmake_clean_cache': False, 'cmake_clean_first': False, 'cmake_force_configure': False, 'cmake_target': None, 'cmake_target_skip_unavailable': False, 'install_base': '/home/jw/robot/ros_ws/install/exa_robot', 'merge_install': False, 'path': '/home/jw/robot/ros_ws/src/ExaRobot_ROS2/exa_robot', 'symlink_install': False, 'test_result_base': None}
[0.292s] Level 5:colcon.colcon_core.verb:set package 'realsense2_camera_msgs' build argument 'cmake_args' from command line to 'None'
[0.292s] Level 5:colcon.colcon_core.verb:set package 'realsense2_camera_msgs' build argument 'cmake_target' from command line to 'None'
[0.292s] Level 5:colcon.colcon_core.verb:set package 'realsense2_camera_msgs' build argument 'cmake_target_skip_unavailable' from command line to 'False'
[0.292s] Level 5:colcon.colcon_core.verb:set package 'realsense2_camera_msgs' build argument 'cmake_clean_cache' from command line to 'False'
[0.292s] Level 5:colcon.colcon_core.verb:set package 'realsense2_camera_msgs' build argument 'cmake_clean_first' from command line to 'False'
[0.292s] Level 5:colcon.colcon_core.verb:set package 'realsense2_camera_msgs' build argument 'cmake_force_configure' from command line to 'False'
[0.292s] Level 5:colcon.colcon_core.verb:set package 'realsense2_camera_msgs' build argument 'ament_cmake_args' from command line to 'None'
[0.292s] Level 5:colcon.colcon_core.verb:set package 'realsense2_camera_msgs' build argument 'catkin_cmake_args' from command line to 'None'
[0.292s] Level 5:colcon.colcon_core.verb:set package 'realsense2_camera_msgs' build argument 'catkin_skip_building_tests' from command line to 'False'
[0.292s] DEBUG:colcon.colcon_core.verb:Building package 'realsense2_camera_msgs' with the following arguments: {'ament_cmake_args': None, 'build_base': '/home/jw/robot/ros_ws/build/realsense2_camera_msgs', 'catkin_cmake_args': None, 'catkin_skip_building_tests': False, 'cmake_args': None, 'cmake_clean_cache': False, 'cmake_clean_first': False, 'cmake_force_configure': False, 'cmake_target': None, 'cmake_target_skip_unavailable': False, 'install_base': '/home/jw/robot/ros_ws/install/realsense2_camera_msgs', 'merge_install': False, 'path': '/home/jw/robot/ros_ws/src/ExaRobot_ROS2/realsense-ros/realsense2_camera_msgs', 'symlink_install': False, 'test_result_base': None}
[0.294s] Level 5:colcon.colcon_core.verb:set package 'urg_node' build argument 'cmake_args' from command line to 'None'
[0.294s] Level 5:colcon.colcon_core.verb:set package 'urg_node' build argument 'cmake_target' from command line to 'None'
[0.294s] Level 5:colcon.colcon_core.verb:set package 'urg_node' build argument 'cmake_target_skip_unavailable' from command line to 'False'
[0.294s] Level 5:colcon.colcon_core.verb:set package 'urg_node' build argument 'cmake_clean_cache' from command line to 'False'
[0.294s] Level 5:colcon.colcon_core.verb:set package 'urg_node' build argument 'cmake_clean_first' from command line to 'False'
[0.294s] Level 5:colcon.colcon_core.verb:set package 'urg_node' build argument 'cmake_force_configure' from command line to 'False'
[0.294s] Level 5:colcon.colcon_core.verb:set package 'urg_node' build argument 'ament_cmake_args' from command line to 'None'
[0.294s] Level 5:colcon.colcon_core.verb:set package 'urg_node' build argument 'catkin_cmake_args' from command line to 'None'
[0.294s] Level 5:colcon.colcon_core.verb:set package 'urg_node' build argument 'catkin_skip_building_tests' from command line to 'False'
[0.294s] DEBUG:colcon.colcon_core.verb:Building package 'urg_node' with the following arguments: {'ament_cmake_args': None, 'build_base': '/home/jw/robot/ros_ws/build/urg_node', 'catkin_cmake_args': None, 'catkin_skip_building_tests': False, 'cmake_args': None, 'cmake_clean_cache': False, 'cmake_clean_first': False, 'cmake_force_configure': False, 'cmake_target': None, 'cmake_target_skip_unavailable': False, 'install_base': '/home/jw/robot/ros_ws/install/urg_node', 'merge_install': False, 'path': '/home/jw/robot/ros_ws/src/ExaRobot_ROS2/urg_node', 'symlink_install': False, 'test_result_base': None}
[0.295s] Level 5:colcon.colcon_core.verb:set package 'velocity_smoother' build argument 'cmake_args' from command line to 'None'
[0.295s] Level 5:colcon.colcon_core.verb:set package 'velocity_smoother' build argument 'cmake_target' from command line to 'None'
[0.295s] Level 5:colcon.colcon_core.verb:set package 'velocity_smoother' build argument 'cmake_target_skip_unavailable' from command line to 'False'
[0.295s] Level 5:colcon.colcon_core.verb:set package 'velocity_smoother' build argument 'cmake_clean_cache' from command line to 'False'
[0.295s] Level 5:colcon.colcon_core.verb:set package 'velocity_smoother' build argument 'cmake_clean_first' from command line to 'False'
[0.295s] Level 5:colcon.colcon_core.verb:set package 'velocity_smoother' build argument 'cmake_force_configure' from command line to 'False'
[0.295s] Level 5:colcon.colcon_core.verb:set package 'velocity_smoother' build argument 'ament_cmake_args' from command line to 'None'
[0.295s] Level 5:colcon.colcon_core.verb:set package 'velocity_smoother' build argument 'catkin_cmake_args' from command line to 'None'
[0.295s] Level 5:colcon.colcon_core.verb:set package 'velocity_smoother' build argument 'catkin_skip_building_tests' from command line to 'False'
[0.295s] DEBUG:colcon.colcon_core.verb:Building package 'velocity_smoother' with the following arguments: {'ament_cmake_args': None, 'build_base': '/home/jw/robot/ros_ws/build/velocity_smoother', 'catkin_cmake_args': None, 'catkin_skip_building_tests': False, 'cmake_args': None, 'cmake_clean_cache': False, 'cmake_clean_first': False, 'cmake_force_configure': False, 'cmake_target': None, 'cmake_target_skip_unavailable': False, 'install_base': '/home/jw/robot/ros_ws/install/velocity_smoother', 'merge_install': False, 'path': '/home/jw/robot/ros_ws/src/ExaRobot_ROS2/velocity_smoother', 'symlink_install': False, 'test_result_base': None}
[0.296s] Level 5:colcon.colcon_core.verb:set package 'ydlidar_ros2_driver' build argument 'cmake_args' from command line to 'None'
[0.296s] Level 5:colcon.colcon_core.verb:set package 'ydlidar_ros2_driver' build argument 'cmake_target' from command line to 'None'
[0.296s] Level 5:colcon.colcon_core.verb:set package 'ydlidar_ros2_driver' build argument 'cmake_target_skip_unavailable' from command line to 'False'
[0.297s] Level 5:colcon.colcon_core.verb:set package 'ydlidar_ros2_driver' build argument 'cmake_clean_cache' from command line to 'False'
[0.297s] Level 5:colcon.colcon_core.verb:set package 'ydlidar_ros2_driver' build argument 'cmake_clean_first' from command line to 'False'
[0.297s] Level 5:colcon.colcon_core.verb:set package 'ydlidar_ros2_driver' build argument 'cmake_force_configure' from command line to 'False'
[0.297s] Level 5:colcon.colcon_core.verb:set package 'ydlidar_ros2_driver' build argument 'ament_cmake_args' from command line to 'None'
[0.297s] Level 5:colcon.colcon_core.verb:set package 'ydlidar_ros2_driver' build argument 'catkin_cmake_args' from command line to 'None'
[0.297s] Level 5:colcon.colcon_core.verb:set package 'ydlidar_ros2_driver' build argument 'catkin_skip_building_tests' from command line to 'False'
[0.297s] DEBUG:colcon.colcon_core.verb:Building package 'ydlidar_ros2_driver' with the following arguments: {'ament_cmake_args': None, 'build_base': '/home/jw/robot/ros_ws/build/ydlidar_ros2_driver', 'catkin_cmake_args': None, 'catkin_skip_building_tests': False, 'cmake_args': None, 'cmake_clean_cache': False, 'cmake_clean_first': False, 'cmake_force_configure': False, 'cmake_target': None, 'cmake_target_skip_unavailable': False, 'install_base': '/home/jw/robot/ros_ws/install/ydlidar_ros2_driver', 'merge_install': False, 'path': '/home/jw/robot/ros_ws/src/ExaRobot_ROS2/ydlidar_ros2_driver', 'symlink_install': False, 'test_result_base': None}
[0.298s] Level 5:colcon.colcon_core.verb:set package 'costmap_converter' build argument 'cmake_args' from command line to 'None'
[0.298s] Level 5:colcon.colcon_core.verb:set package 'costmap_converter' build argument 'cmake_target' from command line to 'None'
[0.298s] Level 5:colcon.colcon_core.verb:set package 'costmap_converter' build argument 'cmake_target_skip_unavailable' from command line to 'False'
[0.298s] Level 5:colcon.colcon_core.verb:set package 'costmap_converter' build argument 'cmake_clean_cache' from command line to 'False'
[0.298s] Level 5:colcon.colcon_core.verb:set package 'costmap_converter' build argument 'cmake_clean_first' from command line to 'False'
[0.298s] Level 5:colcon.colcon_core.verb:set package 'costmap_converter' build argument 'cmake_force_configure' from command line to 'False'
[0.298s] Level 5:colcon.colcon_core.verb:set package 'costmap_converter' build argument 'ament_cmake_args' from command line to 'None'
[0.298s] Level 5:colcon.colcon_core.verb:set package 'costmap_converter' build argument 'catkin_cmake_args' from command line to 'None'
[0.298s] Level 5:colcon.colcon_core.verb:set package 'costmap_converter' build argument 'catkin_skip_building_tests' from command line to 'False'
[0.298s] DEBUG:colcon.colcon_core.verb:Building package 'costmap_converter' with the following arguments: {'ament_cmake_args': None, 'build_base': '/home/jw/robot/ros_ws/build/costmap_converter', 'catkin_cmake_args': None, 'catkin_skip_building_tests': False, 'cmake_args': None, 'cmake_clean_cache': False, 'cmake_clean_first': False, 'cmake_force_configure': False, 'cmake_target': None, 'cmake_target_skip_unavailable': False, 'install_base': '/home/jw/robot/ros_ws/install/costmap_converter', 'merge_install': False, 'path': '/home/jw/robot/ros_ws/src/ExaRobot_ROS2/costmap_converter/costmap_converter', 'symlink_install': False, 'test_result_base': None}
[0.299s] Level 5:colcon.colcon_core.verb:set package 'realsense2_camera' build argument 'cmake_args' from command line to 'None'
[0.299s] Level 5:colcon.colcon_core.verb:set package 'realsense2_camera' build argument 'cmake_target' from command line to 'None'
[0.299s] Level 5:colcon.colcon_core.verb:set package 'realsense2_camera' build argument 'cmake_target_skip_unavailable' from command line to 'False'
[0.299s] Level 5:colcon.colcon_core.verb:set package 'realsense2_camera' build argument 'cmake_clean_cache' from command line to 'False'
[0.299s] Level 5:colcon.colcon_core.verb:set package 'realsense2_camera' build argument 'cmake_clean_first' from command line to 'False'
[0.299s] Level 5:colcon.colcon_core.verb:set package 'realsense2_camera' build argument 'cmake_force_configure' from command line to 'False'
[0.299s] Level 5:colcon.colcon_core.verb:set package 'realsense2_camera' build argument 'ament_cmake_args' from command line to 'None'
[0.299s] Level 5:colcon.colcon_core.verb:set package 'realsense2_camera' build argument 'catkin_cmake_args' from command line to 'None'
[0.299s] Level 5:colcon.colcon_core.verb:set package 'realsense2_camera' build argument 'catkin_skip_building_tests' from command line to 'False'
[0.299s] DEBUG:colcon.colcon_core.verb:Building package 'realsense2_camera' with the following arguments: {'ament_cmake_args': None, 'build_base': '/home/jw/robot/ros_ws/build/realsense2_camera', 'catkin_cmake_args': None, 'catkin_skip_building_tests': False, 'cmake_args': None, 'cmake_clean_cache': False, 'cmake_clean_first': False, 'cmake_force_configure': False, 'cmake_target': None, 'cmake_target_skip_unavailable': False, 'install_base': '/home/jw/robot/ros_ws/install/realsense2_camera', 'merge_install': False, 'path': '/home/jw/robot/ros_ws/src/ExaRobot_ROS2/realsense-ros/realsense2_camera', 'symlink_install': False, 'test_result_base': None}
[0.300s] Level 5:colcon.colcon_core.verb:set package 'realsense2_description' build argument 'cmake_args' from command line to 'None'
[0.300s] Level 5:colcon.colcon_core.verb:set package 'realsense2_description' build argument 'cmake_target' from command line to 'None'
[0.300s] Level 5:colcon.colcon_core.verb:set package 'realsense2_description' build argument 'cmake_target_skip_unavailable' from command line to 'False'
[0.300s] Level 5:colcon.colcon_core.verb:set package 'realsense2_description' build argument 'cmake_clean_cache' from command line to 'False'
[0.300s] Level 5:colcon.colcon_core.verb:set package 'realsense2_description' build argument 'cmake_clean_first' from command line to 'False'
[0.300s] Level 5:colcon.colcon_core.verb:set package 'realsense2_description' build argument 'cmake_force_configure' from command line to 'False'
[0.300s] Level 5:colcon.colcon_core.verb:set package 'realsense2_description' build argument 'ament_cmake_args' from command line to 'None'
[0.300s] Level 5:colcon.colcon_core.verb:set package 'realsense2_description' build argument 'catkin_cmake_args' from command line to 'None'
[0.300s] Level 5:colcon.colcon_core.verb:set package 'realsense2_description' build argument 'catkin_skip_building_tests' from command line to 'False'
[0.300s] DEBUG:colcon.colcon_core.verb:Building package 'realsense2_description' with the following arguments: {'ament_cmake_args': None, 'build_base': '/home/jw/robot/ros_ws/build/realsense2_description', 'catkin_cmake_args': None, 'catkin_skip_building_tests': False, 'cmake_args': None, 'cmake_clean_cache': False, 'cmake_clean_first': False, 'cmake_force_configure': False, 'cmake_target': None, 'cmake_target_skip_unavailable': False, 'install_base': '/home/jw/robot/ros_ws/install/realsense2_description', 'merge_install': False, 'path': '/home/jw/robot/ros_ws/src/ExaRobot_ROS2/realsense-ros/realsense2_description', 'symlink_install': False, 'test_result_base': None}
[0.301s] Level 5:colcon.colcon_core.verb:set package 'teb_msgs' build argument 'cmake_args' from command line to 'None'
[0.301s] Level 5:colcon.colcon_core.verb:set package 'teb_msgs' build argument 'cmake_target' from command line to 'None'
[0.301s] Level 5:colcon.colcon_core.verb:set package 'teb_msgs' build argument 'cmake_target_skip_unavailable' from command line to 'False'
[0.301s] Level 5:colcon.colcon_core.verb:set package 'teb_msgs' build argument 'cmake_clean_cache' from command line to 'False'
[0.302s] Level 5:colcon.colcon_core.verb:set package 'teb_msgs' build argument 'cmake_clean_first' from command line to 'False'
[0.302s] Level 5:colcon.colcon_core.verb:set package 'teb_msgs' build argument 'cmake_force_configure' from command line to 'False'
[0.302s] Level 5:colcon.colcon_core.verb:set package 'teb_msgs' build argument 'ament_cmake_args' from command line to 'None'
[0.302s] Level 5:colcon.colcon_core.verb:set package 'teb_msgs' build argument 'catkin_cmake_args' from command line to 'None'
[0.302s] Level 5:colcon.colcon_core.verb:set package 'teb_msgs' build argument 'catkin_skip_building_tests' from command line to 'False'
[0.302s] DEBUG:colcon.colcon_core.verb:Building package 'teb_msgs' with the following arguments: {'ament_cmake_args': None, 'build_base': '/home/jw/robot/ros_ws/build/teb_msgs', 'catkin_cmake_args': None, 'catkin_skip_building_tests': False, 'cmake_args': None, 'cmake_clean_cache': False, 'cmake_clean_first': False, 'cmake_force_configure': False, 'cmake_target': None, 'cmake_target_skip_unavailable': False, 'install_base': '/home/jw/robot/ros_ws/install/teb_msgs', 'merge_install': False, 'path': '/home/jw/robot/ros_ws/src/ExaRobot_ROS2/teb_local_planner/teb_msgs', 'symlink_install': False, 'test_result_base': None}
[0.303s] Level 5:colcon.colcon_core.verb:set package 'teb_local_planner' build argument 'cmake_args' from command line to 'None'
[0.303s] Level 5:colcon.colcon_core.verb:set package 'teb_local_planner' build argument 'cmake_target' from command line to 'None'
[0.303s] Level 5:colcon.colcon_core.verb:set package 'teb_local_planner' build argument 'cmake_target_skip_unavailable' from command line to 'False'
[0.303s] Level 5:colcon.colcon_core.verb:set package 'teb_local_planner' build argument 'cmake_clean_cache' from command line to 'False'
[0.303s] Level 5:colcon.colcon_core.verb:set package 'teb_local_planner' build argument 'cmake_clean_first' from command line to 'False'
[0.303s] Level 5:colcon.colcon_core.verb:set package 'teb_local_planner' build argument 'cmake_force_configure' from command line to 'False'
[0.303s] Level 5:colcon.colcon_core.verb:set package 'teb_local_planner' build argument 'ament_cmake_args' from command line to 'None'
[0.303s] Level 5:colcon.colcon_core.verb:set package 'teb_local_planner' build argument 'catkin_cmake_args' from command line to 'None'
[0.303s] Level 5:colcon.colcon_core.verb:set package 'teb_local_planner' build argument 'catkin_skip_building_tests' from command line to 'False'
[0.303s] DEBUG:colcon.colcon_core.verb:Building package 'teb_local_planner' with the following arguments: {'ament_cmake_args': None, 'build_base': '/home/jw/robot/ros_ws/build/teb_local_planner', 'catkin_cmake_args': None, 'catkin_skip_building_tests': False, 'cmake_args': None, 'cmake_clean_cache': False, 'cmake_clean_first': False, 'cmake_force_configure': False, 'cmake_target': None, 'cmake_target_skip_unavailable': False, 'install_base': '/home/jw/robot/ros_ws/install/teb_local_planner', 'merge_install': False, 'path': '/home/jw/robot/ros_ws/src/ExaRobot_ROS2/teb_local_planner/teb_local_planner', 'symlink_install': False, 'test_result_base': None}
[0.304s] INFO:colcon.colcon_core.executor:Executing jobs using 'parallel' executor
[0.309s] DEBUG:colcon.colcon_parallel_executor.executor.parallel:run_until_complete
[0.309s] INFO:colcon.colcon_ros.task.ament_cmake.build:Building ROS package in '/home/jw/robot/ros_ws/src/ExaRobot_ROS2/costmap_converter/costmap_converter_msgs' with build type 'ament_cmake'
[0.309s] INFO:colcon.colcon_cmake.task.cmake.build:Building CMake package in '/home/jw/robot/ros_ws/src/ExaRobot_ROS2/costmap_converter/costmap_converter_msgs'
[0.316s] INFO:colcon.colcon_core.plugin_system:Skipping extension 'colcon_core.shell.bat': Not used on non-Windows systems
[0.316s] INFO:colcon.colcon_core.shell:Skip shell extension 'powershell' for command environment: Not usable outside of PowerShell
[0.316s] DEBUG:colcon.colcon_core.shell:Skip shell extension 'dsv' for command environment
[0.323s] INFO:colcon.colcon_ros.task.ament_cmake.build:Building ROS package in '/home/jw/robot/ros_ws/src/ExaRobot_ROS2/realsense-ros/realsense2_camera_msgs' with build type 'ament_cmake'
[0.324s] INFO:colcon.colcon_cmake.task.cmake.build:Building CMake package in '/home/jw/robot/ros_ws/src/ExaRobot_ROS2/realsense-ros/realsense2_camera_msgs'
[0.326s] INFO:colcon.colcon_core.shell:Skip shell extension 'powershell' for command environment: Not usable outside of PowerShell
[0.326s] DEBUG:colcon.colcon_core.shell:Skip shell extension 'dsv' for command environment
[0.334s] INFO:colcon.colcon_ros.task.ament_python.build:Building ROS package in '/home/jw/robot/ros_ws/src/ExaRobot_ROS2/exa_robot' with build type 'ament_python'
[0.335s] Level 1:colcon.colcon_core.shell:create_environment_hook('exa_robot', 'ament_prefix_path')
[0.338s] INFO:colcon.colcon_core.shell:Creating environment hook '/home/jw/robot/ros_ws/install/exa_robot/share/exa_robot/hook/ament_prefix_path.ps1'
[0.339s] INFO:colcon.colcon_core.shell:Creating environment descriptor '/home/jw/robot/ros_ws/install/exa_robot/share/exa_robot/hook/ament_prefix_path.dsv'
[0.339s] INFO:colcon.colcon_core.shell:Creating environment hook '/home/jw/robot/ros_ws/install/exa_robot/share/exa_robot/hook/ament_prefix_path.sh'
[0.342s] INFO:colcon.colcon_core.shell:Skip shell extension 'powershell' for command environment: Not usable outside of PowerShell
[0.342s] DEBUG:colcon.colcon_core.shell:Skip shell extension 'dsv' for command environment
[0.356s] INFO:colcon.colcon_ros.task.ament_cmake.build:Building ROS package in '/home/jw/robot/ros_ws/src/ExaRobot_ROS2/urg_node' with build type 'ament_cmake'
[0.356s] INFO:colcon.colcon_cmake.task.cmake.build:Building CMake package in '/home/jw/robot/ros_ws/src/ExaRobot_ROS2/urg_node'
[0.363s] INFO:colcon.colcon_core.shell:Skip shell extension 'powershell' for command environment: Not usable outside of PowerShell
[0.363s] DEBUG:colcon.colcon_core.shell:Skip shell extension 'dsv' for command environment
[0.375s] INFO:colcon.colcon_ros.task.ament_cmake.build:Building ROS package in '/home/jw/robot/ros_ws/src/ExaRobot_ROS2/velocity_smoother' with build type 'ament_cmake'
[0.376s] INFO:colcon.colcon_cmake.task.cmake.build:Building CMake package in '/home/jw/robot/ros_ws/src/ExaRobot_ROS2/velocity_smoother'
[0.380s] INFO:colcon.colcon_core.shell:Skip shell extension 'powershell' for command environment: Not usable outside of PowerShell
[0.380s] DEBUG:colcon.colcon_core.shell:Skip shell extension 'dsv' for command environment
[0.389s] INFO:colcon.colcon_ros.task.ament_cmake.build:Building ROS package in '/home/jw/robot/ros_ws/src/ExaRobot_ROS2/ydlidar_ros2_driver' with build type 'ament_cmake'
[0.389s] INFO:colcon.colcon_cmake.task.cmake.build:Building CMake package in '/home/jw/robot/ros_ws/src/ExaRobot_ROS2/ydlidar_ros2_driver'
[0.391s] INFO:colcon.colcon_core.shell:Skip shell extension 'powershell' for command environment: Not usable outside of PowerShell
[0.391s] DEBUG:colcon.colcon_core.shell:Skip shell extension 'dsv' for command environment
[0.405s] DEBUG:colcon.colcon_core.event_handler.log_command:Invoking command in '/home/jw/robot/ros_ws/build/costmap_converter_msgs': CMAKE_PREFIX_PATH=/opt/ros/galactic /usr/bin/cmake /home/jw/robot/ros_ws/src/ExaRobot_ROS2/costmap_converter/costmap_converter_msgs -DCMAKE_INSTALL_PREFIX=/home/jw/robot/ros_ws/install/costmap_converter_msgs
[0.411s] DEBUG:colcon.colcon_core.event_handler.log_command:Invoking command in '/home/jw/robot/ros_ws/build/realsense2_camera_msgs': CMAKE_PREFIX_PATH=/opt/ros/galactic /usr/bin/cmake /home/jw/robot/ros_ws/src/ExaRobot_ROS2/realsense-ros/realsense2_camera_msgs -DCMAKE_INSTALL_PREFIX=/home/jw/robot/ros_ws/install/realsense2_camera_msgs
[0.636s] INFO:colcon.colcon_core.task.python.build:Building Python package in '/home/jw/robot/ros_ws/src/ExaRobot_ROS2/exa_robot'
[0.639s] INFO:colcon.colcon_core.shell:Skip shell extension 'powershell' for command environment: Not usable outside of PowerShell
[0.639s] DEBUG:colcon.colcon_core.shell:Skip shell extension 'dsv' for command environment
[0.651s] DEBUG:colcon.colcon_core.event_handler.log_command:Invoking command in '/home/jw/robot/ros_ws/build/urg_node': CMAKE_PREFIX_PATH=/opt/ros/galactic /usr/bin/cmake /home/jw/robot/ros_ws/src/ExaRobot_ROS2/urg_node -DCMAKE_INSTALL_PREFIX=/home/jw/robot/ros_ws/install/urg_node
[0.656s] DEBUG:colcon.colcon_core.event_handler.log_command:Invoking command in '/home/jw/robot/ros_ws/build/velocity_smoother': CMAKE_PREFIX_PATH=/opt/ros/galactic /usr/bin/cmake /home/jw/robot/ros_ws/src/ExaRobot_ROS2/velocity_smoother -DCMAKE_INSTALL_PREFIX=/home/jw/robot/ros_ws/install/velocity_smoother
[0.660s] DEBUG:colcon.colcon_core.event_handler.log_command:Invoking command in '/home/jw/robot/ros_ws/build/ydlidar_ros2_driver': CMAKE_PREFIX_PATH=/opt/ros/galactic /usr/bin/cmake /home/jw/robot/ros_ws/src/ExaRobot_ROS2/ydlidar_ros2_driver -DCMAKE_INSTALL_PREFIX=/home/jw/robot/ros_ws/install/ydlidar_ros2_driver
[1.176s] DEBUG:colcon.colcon_core.event_handler.log_command:Invoking command in '/home/jw/robot/ros_ws/src/ExaRobot_ROS2/exa_robot': PYTHONPATH=/home/jw/robot/ros_ws/install/exa_robot/lib/python3.8/site-packages:${PYTHONPATH} /usr/bin/python3 setup.py egg_info --egg-base ../../../build/exa_robot build --build-base /home/jw/robot/ros_ws/build/exa_robot/build install --prefix /home/jw/robot/ros_ws/install/exa_robot --record /home/jw/robot/ros_ws/build/exa_robot/install.log --single-version-externally-managed
[1.565s] DEBUG:colcon.colcon_core.event_handler.log_command:Invoked command in '/home/jw/robot/ros_ws/src/ExaRobot_ROS2/exa_robot' returned '0': PYTHONPATH=/home/jw/robot/ros_ws/install/exa_robot/lib/python3.8/site-packages:${PYTHONPATH} /usr/bin/python3 setup.py egg_info --egg-base ../../../build/exa_robot build --build-base /home/jw/robot/ros_ws/build/exa_robot/build install --prefix /home/jw/robot/ros_ws/install/exa_robot --record /home/jw/robot/ros_ws/build/exa_robot/install.log --single-version-externally-managed
[1.572s] Level 1:colcon.colcon_core.environment:checking '/home/jw/robot/ros_ws/install/exa_robot' for CMake module files
[1.573s] Level 1:colcon.colcon_core.environment:checking '/home/jw/robot/ros_ws/install/exa_robot' for CMake config files
[1.574s] Level 1:colcon.colcon_core.environment:checking '/home/jw/robot/ros_ws/install/exa_robot/lib'
[1.574s] Level 1:colcon.colcon_core.environment:checking '/home/jw/robot/ros_ws/install/exa_robot/bin'
[1.574s] Level 1:colcon.colcon_core.environment:checking '/home/jw/robot/ros_ws/install/exa_robot/lib/pkgconfig/exa_robot.pc'
[1.574s] Level 1:colcon.colcon_core.environment:checking '/home/jw/robot/ros_ws/install/exa_robot/lib/python3.8/site-packages'
[1.574s] Level 1:colcon.colcon_core.shell:create_environment_hook('exa_robot', 'pythonpath')
[1.576s] INFO:colcon.colcon_core.shell:Creating environment hook '/home/jw/robot/ros_ws/install/exa_robot/share/exa_robot/hook/pythonpath.ps1'
[1.577s] INFO:colcon.colcon_core.shell:Creating environment descriptor '/home/jw/robot/ros_ws/install/exa_robot/share/exa_robot/hook/pythonpath.dsv'
[1.577s] INFO:colcon.colcon_core.shell:Creating environment hook '/home/jw/robot/ros_ws/install/exa_robot/share/exa_robot/hook/pythonpath.sh'
[1.577s] Level 1:colcon.colcon_core.environment:checking '/home/jw/robot/ros_ws/install/exa_robot/bin'
[1.577s] Level 1:colcon.colcon_core.environment:create_environment_scripts_only(exa_robot)
[1.579s] INFO:colcon.colcon_core.shell:Creating package script '/home/jw/robot/ros_ws/install/exa_robot/share/exa_robot/package.ps1'
[1.580s] INFO:colcon.colcon_core.shell:Creating package descriptor '/home/jw/robot/ros_ws/install/exa_robot/share/exa_robot/package.dsv'
[1.581s] INFO:colcon.colcon_core.shell:Creating package script '/home/jw/robot/ros_ws/install/exa_robot/share/exa_robot/package.sh'
[1.582s] INFO:colcon.colcon_core.shell:Creating package script '/home/jw/robot/ros_ws/install/exa_robot/share/exa_robot/package.bash'
[1.583s] INFO:colcon.colcon_core.shell:Creating package script '/home/jw/robot/ros_ws/install/exa_robot/share/exa_robot/package.zsh'
[1.584s] Level 1:colcon.colcon_core.environment:create_file_with_runtime_dependencies(/home/jw/robot/ros_ws/install/exa_robot/share/colcon-core/packages/exa_robot)
[2.065s] DEBUG:colcon.colcon_core.event_handler.log_command:Invoked command in '/home/jw/robot/ros_ws/build/realsense2_camera_msgs' returned '0': CMAKE_PREFIX_PATH=/opt/ros/galactic /usr/bin/cmake /home/jw/robot/ros_ws/src/ExaRobot_ROS2/realsense-ros/realsense2_camera_msgs -DCMAKE_INSTALL_PREFIX=/home/jw/robot/ros_ws/install/realsense2_camera_msgs
[2.070s] DEBUG:colcon.colcon_core.event_handler.log_command:Invoking command in '/home/jw/robot/ros_ws/build/realsense2_camera_msgs': CMAKE_PREFIX_PATH=/opt/ros/galactic /usr/bin/cmake --build /home/jw/robot/ros_ws/build/realsense2_camera_msgs -- -j12 -l12
[2.242s] DEBUG:colcon.colcon_core.event_handler.log_command:Invoked command in '/home/jw/robot/ros_ws/build/costmap_converter_msgs' returned '0': CMAKE_PREFIX_PATH=/opt/ros/galactic /usr/bin/cmake /home/jw/robot/ros_ws/src/ExaRobot_ROS2/costmap_converter/costmap_converter_msgs -DCMAKE_INSTALL_PREFIX=/home/jw/robot/ros_ws/install/costmap_converter_msgs
[2.245s] DEBUG:colcon.colcon_core.event_handler.log_command:Invoking command in '/home/jw/robot/ros_ws/build/costmap_converter_msgs': CMAKE_PREFIX_PATH=/opt/ros/galactic /usr/bin/cmake --build /home/jw/robot/ros_ws/build/costmap_converter_msgs -- -j12 -l12
[2.594s] DEBUG:colcon.colcon_core.event_handler.log_command:Invoked command in '/home/jw/robot/ros_ws/build/ydlidar_ros2_driver' returned '1': CMAKE_PREFIX_PATH=/opt/ros/galactic /usr/bin/cmake /home/jw/robot/ros_ws/src/ExaRobot_ROS2/ydlidar_ros2_driver -DCMAKE_INSTALL_PREFIX=/home/jw/robot/ros_ws/install/ydlidar_ros2_driver
[2.623s] Level 1:colcon.colcon_core.environment:create_environment_scripts_only(ydlidar_ros2_driver)
[2.630s] Level 1:colcon.colcon_core.environment:checking '/home/jw/robot/ros_ws/install/ydlidar_ros2_driver' for CMake module files
[2.630s] Level 1:colcon.colcon_core.environment:checking '/home/jw/robot/ros_ws/install/ydlidar_ros2_driver' for CMake config files
[2.631s] Level 1:colcon.colcon_core.environment:checking '/home/jw/robot/ros_ws/install/ydlidar_ros2_driver/bin'
[2.631s] Level 1:colcon.colcon_core.environment:checking '/home/jw/robot/ros_ws/install/ydlidar_ros2_driver/lib/pkgconfig/ydlidar_ros2_driver.pc'
[2.631s] Level 1:colcon.colcon_core.environment:checking '/home/jw/robot/ros_ws/install/ydlidar_ros2_driver/lib/python3.8/site-packages'
[2.631s] Level 1:colcon.colcon_core.environment:checking '/home/jw/robot/ros_ws/install/ydlidar_ros2_driver/bin'
[2.634s] INFO:colcon.colcon_core.shell:Creating package script '/home/jw/robot/ros_ws/install/ydlidar_ros2_driver/share/ydlidar_ros2_driver/package.ps1'
[2.635s] INFO:colcon.colcon_core.shell:Creating package descriptor '/home/jw/robot/ros_ws/install/ydlidar_ros2_driver/share/ydlidar_ros2_driver/package.dsv'
[2.635s] INFO:colcon.colcon_core.shell:Creating package script '/home/jw/robot/ros_ws/install/ydlidar_ros2_driver/share/ydlidar_ros2_driver/package.sh'
[2.635s] INFO:colcon.colcon_core.shell:Creating package script '/home/jw/robot/ros_ws/install/ydlidar_ros2_driver/share/ydlidar_ros2_driver/package.bash'
[2.636s] INFO:colcon.colcon_core.shell:Creating package script '/home/jw/robot/ros_ws/install/ydlidar_ros2_driver/share/ydlidar_ros2_driver/package.zsh'
[2.636s] Level 1:colcon.colcon_core.environment:create_file_with_runtime_dependencies(/home/jw/robot/ros_ws/install/ydlidar_ros2_driver/share/colcon-core/packages/ydlidar_ros2_driver)
[7.376s] DEBUG:colcon.colcon_parallel_executor.executor.parallel:closing loop
[7.378s] DEBUG:colcon.colcon_parallel_executor.executor.parallel:loop closed
[7.378s] DEBUG:colcon.colcon_parallel_executor.executor.parallel:run_until_complete finished with '1'
[7.379s] DEBUG:colcon.colcon_core.event_reactor:joining thread
[7.393s] INFO:colcon.colcon_core.plugin_system:Skipping extension 'colcon_notification.desktop_notification.terminal_notifier': Not used on non-Darwin systems
[7.393s] INFO:colcon.colcon_core.plugin_system:Skipping extension 'colcon_notification.desktop_notification.win32': Not used on non-Windows systems
[7.393s] INFO:colcon.colcon_notification.desktop_notification:Sending desktop notification using 'notify2'
[7.412s] DEBUG:colcon.colcon_core.event_reactor:joined thread
[7.415s] INFO:colcon.colcon_core.shell:Creating prefix script '/home/jw/robot/ros_ws/install/local_setup.ps1'
[7.417s] INFO:colcon.colcon_core.shell:Creating prefix util module '/home/jw/robot/ros_ws/install/_local_setup_util_ps1.py'
[7.419s] INFO:colcon.colcon_core.shell:Creating prefix chain script '/home/jw/robot/ros_ws/install/setup.ps1'
[7.423s] INFO:colcon.colcon_core.shell:Creating prefix script '/home/jw/robot/ros_ws/install/local_setup.sh'
[7.425s] INFO:colcon.colcon_core.shell:Creating prefix util module '/home/jw/robot/ros_ws/install/_local_setup_util_sh.py'
[7.426s] INFO:colcon.colcon_core.shell:Creating prefix chain script '/home/jw/robot/ros_ws/install/setup.sh'
[7.429s] INFO:colcon.colcon_core.shell:Creating prefix script '/home/jw/robot/ros_ws/install/local_setup.bash'
[7.430s] INFO:colcon.colcon_core.shell:Creating prefix chain script '/home/jw/robot/ros_ws/install/setup.bash'
[7.433s] INFO:colcon.colcon_core.shell:Creating prefix script '/home/jw/robot/ros_ws/install/local_setup.zsh'
[7.433s] INFO:colcon.colcon_core.shell:Creating prefix chain script '/home/jw/robot/ros_ws/install/setup.zsh'
