[0.927s] Invoking command in '/home/jw/robot/ros_ws/src/ExaRobot_ROS2/exa_robot': PYTHONPATH=/home/jw/robot/ros_ws/install/exa_robot/lib/python3.8/site-packages:${PYTHONPATH} /usr/bin/python3 setup.py egg_info --egg-base ../../../build/exa_robot build --build-base /home/jw/robot/ros_ws/build/exa_robot/build install --prefix /home/jw/robot/ros_ws/install/exa_robot --record /home/jw/robot/ros_ws/build/exa_robot/install.log --single-version-externally-managed
[1.179s] running egg_info
[1.180s] writing ../../../build/exa_robot/exa_robot.egg-info/PKG-INFO
[1.180s] writing dependency_links to ../../../build/exa_robot/exa_robot.egg-info/dependency_links.txt
[1.180s] writing entry points to ../../../build/exa_robot/exa_robot.egg-info/entry_points.txt
[1.181s] writing requirements to ../../../build/exa_robot/exa_robot.egg-info/requires.txt
[1.181s] writing top-level names to ../../../build/exa_robot/exa_robot.egg-info/top_level.txt
[1.229s] reading manifest file '../../../build/exa_robot/exa_robot.egg-info/SOURCES.txt'
[1.230s] writing manifest file '../../../build/exa_robot/exa_robot.egg-info/SOURCES.txt'
[1.230s] running build
[1.231s] running build_py
[1.231s] running install
[1.232s] running install_lib
[1.235s] running install_data
[1.236s] running install_egg_info
[1.236s] removing '/home/jw/robot/ros_ws/install/exa_robot/lib/python3.8/site-packages/exa_robot-0.0.0-py3.8.egg-info' (and everything under it)
[1.236s] Copying ../../../build/exa_robot/exa_robot.egg-info to /home/jw/robot/ros_ws/install/exa_robot/lib/python3.8/site-packages/exa_robot-0.0.0-py3.8.egg-info
[1.237s] running install_scripts
[1.253s] Installing robot_node script to /home/jw/robot/ros_ws/install/exa_robot/lib/exa_robot
[1.254s] writing list of installed files to '/home/jw/robot/ros_ws/build/exa_robot/install.log'
[1.280s] Invoked command in '/home/jw/robot/ros_ws/src/ExaRobot_ROS2/exa_robot' returned '0': PYTHONPATH=/home/jw/robot/ros_ws/install/exa_robot/lib/python3.8/site-packages:${PYTHONPATH} /usr/bin/python3 setup.py egg_info --egg-base ../../../build/exa_robot build --build-base /home/jw/robot/ros_ws/build/exa_robot/build install --prefix /home/jw/robot/ros_ws/install/exa_robot --record /home/jw/robot/ros_ws/build/exa_robot/install.log --single-version-externally-managed
