[0.075s] Invoking command in '/home/jw/robot/ros_ws/build/costmap_converter_msgs': CMAKE_PREFIX_PATH=${CMAKE_PREFIX_PATH}:/home/jw/robot/ros_ws/install/exa_robot:/opt/ros/galactic /usr/bin/cmake --build /home/jw/robot/ros_ws/build/costmap_converter_msgs -- -j12 -l12
[0.370s] [ 10%] Built target costmap_converter_msgs__cpp
[0.371s] [ 12%] Built target costmap_converter_msgs__rosidl_generator_c
[0.372s] [ 23%] Built target costmap_converter_msgs__rosidl_typesupport_introspection_c
[0.372s] [ 33%] Built target costmap_converter_msgs__rosidl_typesupport_c
[0.372s] [ 43%] Built target costmap_converter_msgs__rosidl_typesupport_introspection_cpp
[0.373s] [ 53%] Built target costmap_converter_msgs__rosidl_typesupport_cpp
[0.373s] [ 64%] Built target costmap_converter_msgs__rosidl_typesupport_fastrtps_cpp
[0.373s] [ 74%] Built target costmap_converter_msgs__rosidl_typesupport_fastrtps_c
[0.373s] [ 74%] Built target costmap_converter_msgs
[0.374s] [ 76%] Built target costmap_converter_msgs__py
[0.374s] [ 84%] Built target costmap_converter_msgs__python
[0.375s] [ 89%] Built target costmap_converter_msgs__rosidl_typesupport_fastrtps_c__pyext
[0.376s] [ 94%] Built target costmap_converter_msgs__rosidl_typesupport_c__pyext
[0.377s] [100%] Built target costmap_converter_msgs__rosidl_typesupport_introspection_c__pyext
[0.393s] Invoked command in '/home/jw/robot/ros_ws/build/costmap_converter_msgs' returned '0': CMAKE_PREFIX_PATH=${CMAKE_PREFIX_PATH}:/home/jw/robot/ros_ws/install/exa_robot:/opt/ros/galactic /usr/bin/cmake --build /home/jw/robot/ros_ws/build/costmap_converter_msgs -- -j12 -l12
[0.494s] Invoking command in '/home/jw/robot/ros_ws/build/costmap_converter_msgs': CMAKE_PREFIX_PATH=${CMAKE_PREFIX_PATH}:/home/jw/robot/ros_ws/install/exa_robot:/opt/ros/galactic /usr/bin/cmake --install /home/jw/robot/ros_ws/build/costmap_converter_msgs
[0.507s] -- Install configuration: ""
[0.509s] -- Up-to-date: /home/jw/robot/ros_ws/install/costmap_converter_msgs/share/ament_index/resource_index/rosidl_interfaces/costmap_converter_msgs
[0.509s] -- Up-to-date: /home/jw/robot/ros_ws/install/costmap_converter_msgs/include/costmap_converter_msgs
[0.512s] -- Up-to-date: /home/jw/robot/ros_ws/install/costmap_converter_msgs/include/costmap_converter_msgs/msg
[0.513s] -- Up-to-date: /home/jw/robot/ros_ws/install/costmap_converter_msgs/include/costmap_converter_msgs/msg/obstacle_msg.h
[0.515s] -- Up-to-date: /home/jw/robot/ros_ws/install/costmap_converter_msgs/include/costmap_converter_msgs/msg/rosidl_generator_c__visibility_control.h
[0.516s] -- Up-to-date: /home/jw/robot/ros_ws/install/costmap_converter_msgs/include/costmap_converter_msgs/msg/detail
[0.516s] -- Up-to-date: /home/jw/robot/ros_ws/install/costmap_converter_msgs/include/costmap_converter_msgs/msg/detail/obstacle_array_msg__type_support.h
[0.518s] -- Up-to-date: /home/jw/robot/ros_ws/install/costmap_converter_msgs/include/costmap_converter_msgs/msg/detail/obstacle_array_msg__functions.h
[0.519s] -- Up-to-date: /home/jw/robot/ros_ws/install/costmap_converter_msgs/include/costmap_converter_msgs/msg/detail/obstacle_msg__functions.c
[0.520s] -- Up-to-date: /home/jw/robot/ros_ws/install/costmap_converter_msgs/include/costmap_converter_msgs/msg/detail/obstacle_msg__struct.h
[0.521s] -- Up-to-date: /home/jw/robot/ros_ws/install/costmap_converter_msgs/include/costmap_converter_msgs/msg/detail/obstacle_msg__type_support.h
[0.521s] -- Up-to-date: /home/jw/robot/ros_ws/install/costmap_converter_msgs/include/costmap_converter_msgs/msg/detail/obstacle_array_msg__struct.h
[0.521s] -- Up-to-date: /home/jw/robot/ros_ws/install/costmap_converter_msgs/include/costmap_converter_msgs/msg/detail/obstacle_array_msg__functions.c
[0.521s] -- Up-to-date: /home/jw/robot/ros_ws/install/costmap_converter_msgs/include/costmap_converter_msgs/msg/detail/obstacle_msg__functions.h
[0.522s] -- Up-to-date: /home/jw/robot/ros_ws/install/costmap_converter_msgs/include/costmap_converter_msgs/msg/obstacle_array_msg.h
[0.522s] -- Up-to-date: /home/jw/robot/ros_ws/install/costmap_converter_msgs/share/costmap_converter_msgs/environment/library_path.sh
[0.522s] -- Up-to-date: /home/jw/robot/ros_ws/install/costmap_converter_msgs/share/costmap_converter_msgs/environment/library_path.dsv
[0.522s] -- Up-to-date: /home/jw/robot/ros_ws/install/costmap_converter_msgs/lib/libcostmap_converter_msgs__rosidl_generator_c.so
[0.522s] -- Up-to-date: /home/jw/robot/ros_ws/install/costmap_converter_msgs/include/costmap_converter_msgs
[0.523s] -- Up-to-date: /home/jw/robot/ros_ws/install/costmap_converter_msgs/include/costmap_converter_msgs/msg
[0.523s] -- Up-to-date: /home/jw/robot/ros_ws/install/costmap_converter_msgs/include/costmap_converter_msgs/msg/detail
[0.523s] -- Up-to-date: /home/jw/robot/ros_ws/install/costmap_converter_msgs/include/costmap_converter_msgs/msg/detail/obstacle_array_msg__rosidl_typesupport_fastrtps_c.h
[0.523s] -- Up-to-date: /home/jw/robot/ros_ws/install/costmap_converter_msgs/include/costmap_converter_msgs/msg/detail/obstacle_msg__rosidl_typesupport_fastrtps_c.h
[0.523s] -- Up-to-date: /home/jw/robot/ros_ws/install/costmap_converter_msgs/include/costmap_converter_msgs/msg/rosidl_typesupport_fastrtps_c__visibility_control.h
[0.523s] -- Up-to-date: /home/jw/robot/ros_ws/install/costmap_converter_msgs/lib/libcostmap_converter_msgs__rosidl_typesupport_fastrtps_c.so
[0.524s] -- Up-to-date: /home/jw/robot/ros_ws/install/costmap_converter_msgs/include/costmap_converter_msgs
[0.524s] -- Up-to-date: /home/jw/robot/ros_ws/install/costmap_converter_msgs/include/costmap_converter_msgs/msg
[0.524s] -- Up-to-date: /home/jw/robot/ros_ws/install/costmap_converter_msgs/include/costmap_converter_msgs/msg/detail
[0.524s] -- Up-to-date: /home/jw/robot/ros_ws/install/costmap_converter_msgs/include/costmap_converter_msgs/msg/detail/dds_fastrtps
[0.525s] -- Up-to-date: /home/jw/robot/ros_ws/install/costmap_converter_msgs/include/costmap_converter_msgs/msg/detail/obstacle_array_msg__rosidl_typesupport_fastrtps_cpp.hpp
[0.525s] -- Up-to-date: /home/jw/robot/ros_ws/install/costmap_converter_msgs/include/costmap_converter_msgs/msg/detail/obstacle_msg__rosidl_typesupport_fastrtps_cpp.hpp
[0.525s] -- Up-to-date: /home/jw/robot/ros_ws/install/costmap_converter_msgs/include/costmap_converter_msgs/msg/rosidl_typesupport_fastrtps_cpp__visibility_control.h
[0.527s] -- Up-to-date: /home/jw/robot/ros_ws/install/costmap_converter_msgs/lib/libcostmap_converter_msgs__rosidl_typesupport_fastrtps_cpp.so
[0.527s] -- Up-to-date: /home/jw/robot/ros_ws/install/costmap_converter_msgs/include/costmap_converter_msgs
[0.527s] -- Up-to-date: /home/jw/robot/ros_ws/install/costmap_converter_msgs/include/costmap_converter_msgs/msg
[0.528s] -- Up-to-date: /home/jw/robot/ros_ws/install/costmap_converter_msgs/include/costmap_converter_msgs/msg/detail
[0.528s] -- Up-to-date: /home/jw/robot/ros_ws/install/costmap_converter_msgs/include/costmap_converter_msgs/msg/detail/obstacle_array_msg__rosidl_typesupport_introspection_c.h
[0.528s] -- Up-to-date: /home/jw/robot/ros_ws/install/costmap_converter_msgs/include/costmap_converter_msgs/msg/detail/obstacle_msg__rosidl_typesupport_introspection_c.h
[0.528s] -- Up-to-date: /home/jw/robot/ros_ws/install/costmap_converter_msgs/include/costmap_converter_msgs/msg/detail/obstacle_msg__type_support.c
[0.529s] -- Up-to-date: /home/jw/robot/ros_ws/install/costmap_converter_msgs/include/costmap_converter_msgs/msg/detail/obstacle_array_msg__type_support.c
[0.529s] -- Up-to-date: /home/jw/robot/ros_ws/install/costmap_converter_msgs/include/costmap_converter_msgs/msg/rosidl_typesupport_introspection_c__visibility_control.h
[0.530s] -- Up-to-date: /home/jw/robot/ros_ws/install/costmap_converter_msgs/lib/libcostmap_converter_msgs__rosidl_typesupport_introspection_c.so
[0.531s] -- Up-to-date: /home/jw/robot/ros_ws/install/costmap_converter_msgs/lib/libcostmap_converter_msgs__rosidl_typesupport_c.so
[0.534s] -- Up-to-date: /home/jw/robot/ros_ws/install/costmap_converter_msgs/include/costmap_converter_msgs
[0.534s] -- Up-to-date: /home/jw/robot/ros_ws/install/costmap_converter_msgs/include/costmap_converter_msgs/msg
[0.535s] -- Up-to-date: /home/jw/robot/ros_ws/install/costmap_converter_msgs/include/costmap_converter_msgs/msg/detail
[0.535s] -- Up-to-date: /home/jw/robot/ros_ws/install/costmap_converter_msgs/include/costmap_converter_msgs/msg/detail/obstacle_msg__builder.hpp
[0.535s] -- Up-to-date: /home/jw/robot/ros_ws/install/costmap_converter_msgs/include/costmap_converter_msgs/msg/detail/obstacle_array_msg__struct.hpp
[0.535s] -- Up-to-date: /home/jw/robot/ros_ws/install/costmap_converter_msgs/include/costmap_converter_msgs/msg/detail/obstacle_array_msg__traits.hpp
[0.536s] -- Up-to-date: /home/jw/robot/ros_ws/install/costmap_converter_msgs/include/costmap_converter_msgs/msg/detail/obstacle_array_msg__builder.hpp
[0.536s] -- Up-to-date: /home/jw/robot/ros_ws/install/costmap_converter_msgs/include/costmap_converter_msgs/msg/detail/obstacle_msg__struct.hpp
[0.536s] -- Up-to-date: /home/jw/robot/ros_ws/install/costmap_converter_msgs/include/costmap_converter_msgs/msg/detail/obstacle_msg__traits.hpp
[0.537s] -- Up-to-date: /home/jw/robot/ros_ws/install/costmap_converter_msgs/include/costmap_converter_msgs/msg/obstacle_array_msg.hpp
[0.537s] -- Up-to-date: /home/jw/robot/ros_ws/install/costmap_converter_msgs/include/costmap_converter_msgs/msg/obstacle_msg.hpp
[0.539s] -- Up-to-date: /home/jw/robot/ros_ws/install/costmap_converter_msgs/include/costmap_converter_msgs
[0.539s] -- Up-to-date: /home/jw/robot/ros_ws/install/costmap_converter_msgs/include/costmap_converter_msgs/msg
[0.539s] -- Up-to-date: /home/jw/robot/ros_ws/install/costmap_converter_msgs/include/costmap_converter_msgs/msg/detail
[0.539s] -- Up-to-date: /home/jw/robot/ros_ws/install/costmap_converter_msgs/include/costmap_converter_msgs/msg/detail/obstacle_array_msg__rosidl_typesupport_introspection_cpp.hpp
[0.540s] -- Up-to-date: /home/jw/robot/ros_ws/install/costmap_converter_msgs/include/costmap_converter_msgs/msg/detail/obstacle_msg__type_support.cpp
[0.540s] -- Up-to-date: /home/jw/robot/ros_ws/install/costmap_converter_msgs/include/costmap_converter_msgs/msg/detail/obstacle_msg__rosidl_typesupport_introspection_cpp.hpp
[0.540s] -- Up-to-date: /home/jw/robot/ros_ws/install/costmap_converter_msgs/include/costmap_converter_msgs/msg/detail/obstacle_array_msg__type_support.cpp
[0.541s] -- Up-to-date: /home/jw/robot/ros_ws/install/costmap_converter_msgs/lib/libcostmap_converter_msgs__rosidl_typesupport_introspection_cpp.so
[0.541s] -- Up-to-date: /home/jw/robot/ros_ws/install/costmap_converter_msgs/lib/libcostmap_converter_msgs__rosidl_typesupport_cpp.so
[0.542s] -- Up-to-date: /home/jw/robot/ros_ws/install/costmap_converter_msgs/share/costmap_converter_msgs/environment/pythonpath.sh
[0.542s] -- Up-to-date: /home/jw/robot/ros_ws/install/costmap_converter_msgs/share/costmap_converter_msgs/environment/pythonpath.dsv
[0.542s] -- Up-to-date: /home/jw/robot/ros_ws/install/costmap_converter_msgs/lib/python3.8/site-packages/costmap_converter_msgs/__init__.py
[0.620s] -- Up-to-date: /home/jw/robot/ros_ws/install/costmap_converter_msgs/lib/python3.8/site-packages/costmap_converter_msgs/msg
[0.622s] -- Up-to-date: /home/jw/robot/ros_ws/install/costmap_converter_msgs/lib/python3.8/site-packages/costmap_converter_msgs/msg/_obstacle_msg.py
[0.622s] -- Up-to-date: /home/jw/robot/ros_ws/install/costmap_converter_msgs/lib/python3.8/site-packages/costmap_converter_msgs/msg/_obstacle_array_msg_s.c
[0.623s] -- Up-to-date: /home/jw/robot/ros_ws/install/costmap_converter_msgs/lib/python3.8/site-packages/costmap_converter_msgs/msg/_obstacle_array_msg.py
[0.623s] -- Up-to-date: /home/jw/robot/ros_ws/install/costmap_converter_msgs/lib/python3.8/site-packages/costmap_converter_msgs/msg/_obstacle_msg_s.c
[0.623s] -- Up-to-date: /home/jw/robot/ros_ws/install/costmap_converter_msgs/lib/python3.8/site-packages/costmap_converter_msgs/msg/__init__.py
[0.625s] -- Up-to-date: /home/jw/robot/ros_ws/install/costmap_converter_msgs/lib/python3.8/site-packages/costmap_converter_msgs/costmap_converter_msgs_s__rosidl_typesupport_fastrtps_c.cpython-38-x86_64-linux-gnu.so
[0.625s] -- Up-to-date: /home/jw/robot/ros_ws/install/costmap_converter_msgs/lib/python3.8/site-packages/costmap_converter_msgs/costmap_converter_msgs_s__rosidl_typesupport_introspection_c.cpython-38-x86_64-linux-gnu.so
[0.626s] -- Up-to-date: /home/jw/robot/ros_ws/install/costmap_converter_msgs/lib/python3.8/site-packages/costmap_converter_msgs/costmap_converter_msgs_s__rosidl_typesupport_c.cpython-38-x86_64-linux-gnu.so
[0.626s] -- Up-to-date: /home/jw/robot/ros_ws/install/costmap_converter_msgs/lib/libcostmap_converter_msgs__python.so
[0.628s] -- Up-to-date: /home/jw/robot/ros_ws/install/costmap_converter_msgs/share/costmap_converter_msgs/msg/ObstacleMsg.idl
[0.630s] -- Up-to-date: /home/jw/robot/ros_ws/install/costmap_converter_msgs/share/costmap_converter_msgs/msg/ObstacleArrayMsg.idl
[0.631s] -- Up-to-date: /home/jw/robot/ros_ws/install/costmap_converter_msgs/share/costmap_converter_msgs/msg/ObstacleMsg.msg
[0.640s] -- Up-to-date: /home/jw/robot/ros_ws/install/costmap_converter_msgs/share/costmap_converter_msgs/msg/ObstacleArrayMsg.msg
[0.641s] -- Up-to-date: /home/jw/robot/ros_ws/install/costmap_converter_msgs/share/ament_index/resource_index/package_run_dependencies/costmap_converter_msgs
[0.641s] -- Up-to-date: /home/jw/robot/ros_ws/install/costmap_converter_msgs/share/ament_index/resource_index/parent_prefix_path/costmap_converter_msgs
[0.642s] -- Up-to-date: /home/jw/robot/ros_ws/install/costmap_converter_msgs/share/costmap_converter_msgs/environment/ament_prefix_path.sh
[0.642s] -- Up-to-date: /home/jw/robot/ros_ws/install/costmap_converter_msgs/share/costmap_converter_msgs/environment/ament_prefix_path.dsv
[0.642s] -- Up-to-date: /home/jw/robot/ros_ws/install/costmap_converter_msgs/share/costmap_converter_msgs/environment/path.sh
[0.642s] -- Up-to-date: /home/jw/robot/ros_ws/install/costmap_converter_msgs/share/costmap_converter_msgs/environment/path.dsv
[0.643s] -- Up-to-date: /home/jw/robot/ros_ws/install/costmap_converter_msgs/share/costmap_converter_msgs/local_setup.bash
[0.643s] -- Up-to-date: /home/jw/robot/ros_ws/install/costmap_converter_msgs/share/costmap_converter_msgs/local_setup.sh
[0.643s] -- Up-to-date: /home/jw/robot/ros_ws/install/costmap_converter_msgs/share/costmap_converter_msgs/local_setup.zsh
[0.643s] -- Up-to-date: /home/jw/robot/ros_ws/install/costmap_converter_msgs/share/costmap_converter_msgs/local_setup.dsv
[0.644s] -- Installing: /home/jw/robot/ros_ws/install/costmap_converter_msgs/share/costmap_converter_msgs/package.dsv
[0.644s] -- Up-to-date: /home/jw/robot/ros_ws/install/costmap_converter_msgs/share/ament_index/resource_index/packages/costmap_converter_msgs
[0.644s] -- Up-to-date: /home/jw/robot/ros_ws/install/costmap_converter_msgs/share/costmap_converter_msgs/cmake/costmap_converter_msgs__rosidl_generator_cExport.cmake
[0.644s] -- Up-to-date: /home/jw/robot/ros_ws/install/costmap_converter_msgs/share/costmap_converter_msgs/cmake/costmap_converter_msgs__rosidl_generator_cExport-noconfig.cmake
[0.644s] -- Up-to-date: /home/jw/robot/ros_ws/install/costmap_converter_msgs/share/costmap_converter_msgs/cmake/costmap_converter_msgs__rosidl_typesupport_introspection_cExport.cmake
[0.645s] -- Up-to-date: /home/jw/robot/ros_ws/install/costmap_converter_msgs/share/costmap_converter_msgs/cmake/costmap_converter_msgs__rosidl_typesupport_introspection_cExport-noconfig.cmake
[0.645s] -- Up-to-date: /home/jw/robot/ros_ws/install/costmap_converter_msgs/share/costmap_converter_msgs/cmake/costmap_converter_msgs__rosidl_typesupport_cExport.cmake
[0.645s] -- Up-to-date: /home/jw/robot/ros_ws/install/costmap_converter_msgs/share/costmap_converter_msgs/cmake/costmap_converter_msgs__rosidl_typesupport_cExport-noconfig.cmake
[0.645s] -- Up-to-date: /home/jw/robot/ros_ws/install/costmap_converter_msgs/share/costmap_converter_msgs/cmake/costmap_converter_msgs__rosidl_generator_cppExport.cmake
[0.645s] -- Up-to-date: /home/jw/robot/ros_ws/install/costmap_converter_msgs/share/costmap_converter_msgs/cmake/costmap_converter_msgs__rosidl_typesupport_introspection_cppExport.cmake
[0.646s] -- Up-to-date: /home/jw/robot/ros_ws/install/costmap_converter_msgs/share/costmap_converter_msgs/cmake/costmap_converter_msgs__rosidl_typesupport_introspection_cppExport-noconfig.cmake
[0.646s] -- Up-to-date: /home/jw/robot/ros_ws/install/costmap_converter_msgs/share/costmap_converter_msgs/cmake/costmap_converter_msgs__rosidl_typesupport_cppExport.cmake
[0.646s] -- Up-to-date: /home/jw/robot/ros_ws/install/costmap_converter_msgs/share/costmap_converter_msgs/cmake/costmap_converter_msgs__rosidl_typesupport_cppExport-noconfig.cmake
[0.646s] -- Up-to-date: /home/jw/robot/ros_ws/install/costmap_converter_msgs/share/costmap_converter_msgs/cmake/rosidl_cmake-extras.cmake
[0.646s] -- Up-to-date: /home/jw/robot/ros_ws/install/costmap_converter_msgs/share/costmap_converter_msgs/cmake/ament_cmake_export_dependencies-extras.cmake
[0.646s] -- Up-to-date: /home/jw/robot/ros_ws/install/costmap_converter_msgs/share/costmap_converter_msgs/cmake/ament_cmake_export_libraries-extras.cmake
[0.647s] -- Up-to-date: /home/jw/robot/ros_ws/install/costmap_converter_msgs/share/costmap_converter_msgs/cmake/ament_cmake_export_targets-extras.cmake
[0.647s] -- Up-to-date: /home/jw/robot/ros_ws/install/costmap_converter_msgs/share/costmap_converter_msgs/cmake/ament_cmake_export_include_directories-extras.cmake
[0.647s] -- Up-to-date: /home/jw/robot/ros_ws/install/costmap_converter_msgs/share/costmap_converter_msgs/cmake/rosidl_cmake_export_typesupport_libraries-extras.cmake
[0.647s] -- Up-to-date: /home/jw/robot/ros_ws/install/costmap_converter_msgs/share/costmap_converter_msgs/cmake/rosidl_cmake_export_typesupport_targets-extras.cmake
[0.647s] -- Up-to-date: /home/jw/robot/ros_ws/install/costmap_converter_msgs/share/costmap_converter_msgs/cmake/costmap_converter_msgsConfig.cmake
[0.648s] -- Up-to-date: /home/jw/robot/ros_ws/install/costmap_converter_msgs/share/costmap_converter_msgs/cmake/costmap_converter_msgsConfig-version.cmake
[0.648s] -- Up-to-date: /home/jw/robot/ros_ws/install/costmap_converter_msgs/share/costmap_converter_msgs/package.xml
[0.648s] Invoked command in '/home/jw/robot/ros_ws/build/costmap_converter_msgs' returned '0': CMAKE_PREFIX_PATH=${CMAKE_PREFIX_PATH}:/home/jw/robot/ros_ws/install/exa_robot:/opt/ros/galactic /usr/bin/cmake --install /home/jw/robot/ros_ws/build/costmap_converter_msgs
