[1.178s] Invoking command in '/home/jw/robot/ros_ws/src/ExaRobot_ROS2/exa_robot': PYTHONPATH=/home/jw/robot/ros_ws/install/exa_robot/lib/python3.8/site-packages:${PYTHONPATH} /usr/bin/python3 setup.py egg_info --egg-base ../../../build/exa_robot build --build-base /home/jw/robot/ros_ws/build/exa_robot/build install --prefix /home/jw/robot/ros_ws/install/exa_robot --record /home/jw/robot/ros_ws/build/exa_robot/install.log --single-version-externally-managed
[1.582s] running egg_info
[1.583s] writing ../../../build/exa_robot/exa_robot.egg-info/PKG-INFO
[1.584s] writing dependency_links to ../../../build/exa_robot/exa_robot.egg-info/dependency_links.txt
[1.584s] writing entry points to ../../../build/exa_robot/exa_robot.egg-info/entry_points.txt
[1.584s] writing requirements to ../../../build/exa_robot/exa_robot.egg-info/requires.txt
[1.584s] writing top-level names to ../../../build/exa_robot/exa_robot.egg-info/top_level.txt
[1.630s] reading manifest file '../../../build/exa_robot/exa_robot.egg-info/SOURCES.txt'
[1.632s] writing manifest file '../../../build/exa_robot/exa_robot.egg-info/SOURCES.txt'
[1.632s] running build
[1.637s] running build_py
[1.638s] running install
[1.638s] running install_lib
[1.638s] running install_data
[1.639s] running install_egg_info
[1.639s] removing '/home/jw/robot/ros_ws/install/exa_robot/lib/python3.8/site-packages/exa_robot-0.0.0-py3.8.egg-info' (and everything under it)
[1.639s] Copying ../../../build/exa_robot/exa_robot.egg-info to /home/jw/robot/ros_ws/install/exa_robot/lib/python3.8/site-packages/exa_robot-0.0.0-py3.8.egg-info
[1.645s] running install_scripts
[1.667s] Installing robot_node script to /home/jw/robot/ros_ws/install/exa_robot/lib/exa_robot
[1.668s] writing list of installed files to '/home/jw/robot/ros_ws/build/exa_robot/install.log'
[1.711s] Invoked command in '/home/jw/robot/ros_ws/src/ExaRobot_ROS2/exa_robot' returned '0': PYTHONPATH=/home/jw/robot/ros_ws/install/exa_robot/lib/python3.8/site-packages:${PYTHONPATH} /usr/bin/python3 setup.py egg_info --egg-base ../../../build/exa_robot build --build-base /home/jw/robot/ros_ws/build/exa_robot/build install --prefix /home/jw/robot/ros_ws/install/exa_robot --record /home/jw/robot/ros_ws/build/exa_robot/install.log --single-version-externally-managed
