[0.149s] Invoking command in '/home/jw/robot/ros_ws/build/teb_msgs': CMAKE_PREFIX_PATH=/home/jw/robot/ros_ws/install/costmap_converter_msgs:/home/jw/robot/ros_ws/install/ydlidar_ros2_driver:/home/jw/robot/ros_ws/install/velocity_smoother:/home/jw/robot/ros_ws/install/urg_node:/home/jw/robot/ros_ws/install/teb_local_planner:/home/jw/robot/ros_ws/install/teb_msgs:/home/jw/robot/ros_ws/install/realsense2_description:/home/jw/robot/ros_ws/install/realsense2_camera:/home/jw/robot/ros_ws/install/realsense2_camera_msgs:/home/jw/robot/ros_ws/install/costmap_converter:/home/jw/robot/ros_ws/install/exa_robot:/opt/ros/galactic LD_LIBRARY_PATH=/home/jw/robot/ros_ws/install/costmap_converter_msgs/lib:/home/jw/robot/ros_ws/install/velocity_smoother/lib:/home/jw/robot/ros_ws/install/urg_node/lib:/home/jw/robot/ros_ws/install/teb_local_planner/lib:/home/jw/robot/ros_ws/install/teb_msgs/lib:/home/jw/robot/ros_ws/install/realsense2_camera/lib:/home/jw/robot/ros_ws/install/realsense2_camera_msgs/lib:/home/jw/robot/ros_ws/install/costmap_converter/lib:/opt/ros/galactic/opt/yaml_cpp_vendor/lib:/opt/ros/galactic/opt/rviz_ogre_vendor/lib:/opt/ros/galactic/lib/x86_64-linux-gnu:/opt/ros/galactic/lib PYTHONPATH=/home/jw/robot/ros_ws/install/costmap_converter_msgs/lib/python3.8/site-packages:/home/jw/robot/ros_ws/install/teb_msgs/lib/python3.8/site-packages:/home/jw/robot/ros_ws/install/realsense2_camera_msgs/lib/python3.8/site-packages:/home/jw/robot/ros_ws/install/exa_robot/lib/python3.8/site-packages:/opt/ros/galactic/lib/python3.8/site-packages /usr/bin/cmake --build /home/jw/robot/ros_ws/build/teb_msgs -- -j12 -l12
[0.227s] [ 10%] Built target teb_msgs__rosidl_generator_c
[0.227s] [ 12%] Built target teb_msgs__cpp
[0.271s] [ 23%] Built target teb_msgs__rosidl_typesupport_c
[0.271s] [ 34%] Built target teb_msgs__rosidl_typesupport_introspection_c
[0.272s] [ 44%] Built target teb_msgs__rosidl_typesupport_cpp
[0.277s] [ 55%] Built target teb_msgs__rosidl_typesupport_introspection_cpp
[0.280s] [ 65%] Built target teb_msgs__rosidl_typesupport_fastrtps_cpp
[0.308s] [ 76%] Built target teb_msgs__rosidl_typesupport_fastrtps_c
[0.334s] [ 76%] Built target teb_msgs
[0.367s] [ 78%] Built target teb_msgs__py
[0.415s] [ 87%] Built target teb_msgs__python
[0.462s] [ 95%] Built target teb_msgs__rosidl_typesupport_c__pyext
[0.462s] [ 95%] Built target teb_msgs__rosidl_typesupport_fastrtps_c__pyext
[0.463s] [100%] Built target teb_msgs__rosidl_typesupport_introspection_c__pyext
[0.498s] Invoked command in '/home/jw/robot/ros_ws/build/teb_msgs' returned '0': CMAKE_PREFIX_PATH=/home/jw/robot/ros_ws/install/costmap_converter_msgs:/home/jw/robot/ros_ws/install/ydlidar_ros2_driver:/home/jw/robot/ros_ws/install/velocity_smoother:/home/jw/robot/ros_ws/install/urg_node:/home/jw/robot/ros_ws/install/teb_local_planner:/home/jw/robot/ros_ws/install/teb_msgs:/home/jw/robot/ros_ws/install/realsense2_description:/home/jw/robot/ros_ws/install/realsense2_camera:/home/jw/robot/ros_ws/install/realsense2_camera_msgs:/home/jw/robot/ros_ws/install/costmap_converter:/home/jw/robot/ros_ws/install/exa_robot:/opt/ros/galactic LD_LIBRARY_PATH=/home/jw/robot/ros_ws/install/costmap_converter_msgs/lib:/home/jw/robot/ros_ws/install/velocity_smoother/lib:/home/jw/robot/ros_ws/install/urg_node/lib:/home/jw/robot/ros_ws/install/teb_local_planner/lib:/home/jw/robot/ros_ws/install/teb_msgs/lib:/home/jw/robot/ros_ws/install/realsense2_camera/lib:/home/jw/robot/ros_ws/install/realsense2_camera_msgs/lib:/home/jw/robot/ros_ws/install/costmap_converter/lib:/opt/ros/galactic/opt/yaml_cpp_vendor/lib:/opt/ros/galactic/opt/rviz_ogre_vendor/lib:/opt/ros/galactic/lib/x86_64-linux-gnu:/opt/ros/galactic/lib PYTHONPATH=/home/jw/robot/ros_ws/install/costmap_converter_msgs/lib/python3.8/site-packages:/home/jw/robot/ros_ws/install/teb_msgs/lib/python3.8/site-packages:/home/jw/robot/ros_ws/install/realsense2_camera_msgs/lib/python3.8/site-packages:/home/jw/robot/ros_ws/install/exa_robot/lib/python3.8/site-packages:/opt/ros/galactic/lib/python3.8/site-packages /usr/bin/cmake --build /home/jw/robot/ros_ws/build/teb_msgs -- -j12 -l12
[0.611s] Invoking command in '/home/jw/robot/ros_ws/build/teb_msgs': CMAKE_PREFIX_PATH=/home/jw/robot/ros_ws/install/costmap_converter_msgs:/home/jw/robot/ros_ws/install/ydlidar_ros2_driver:/home/jw/robot/ros_ws/install/velocity_smoother:/home/jw/robot/ros_ws/install/urg_node:/home/jw/robot/ros_ws/install/teb_local_planner:/home/jw/robot/ros_ws/install/teb_msgs:/home/jw/robot/ros_ws/install/realsense2_description:/home/jw/robot/ros_ws/install/realsense2_camera:/home/jw/robot/ros_ws/install/realsense2_camera_msgs:/home/jw/robot/ros_ws/install/costmap_converter:/home/jw/robot/ros_ws/install/exa_robot:/opt/ros/galactic LD_LIBRARY_PATH=/home/jw/robot/ros_ws/install/costmap_converter_msgs/lib:/home/jw/robot/ros_ws/install/velocity_smoother/lib:/home/jw/robot/ros_ws/install/urg_node/lib:/home/jw/robot/ros_ws/install/teb_local_planner/lib:/home/jw/robot/ros_ws/install/teb_msgs/lib:/home/jw/robot/ros_ws/install/realsense2_camera/lib:/home/jw/robot/ros_ws/install/realsense2_camera_msgs/lib:/home/jw/robot/ros_ws/install/costmap_converter/lib:/opt/ros/galactic/opt/yaml_cpp_vendor/lib:/opt/ros/galactic/opt/rviz_ogre_vendor/lib:/opt/ros/galactic/lib/x86_64-linux-gnu:/opt/ros/galactic/lib PYTHONPATH=/home/jw/robot/ros_ws/install/costmap_converter_msgs/lib/python3.8/site-packages:/home/jw/robot/ros_ws/install/teb_msgs/lib/python3.8/site-packages:/home/jw/robot/ros_ws/install/realsense2_camera_msgs/lib/python3.8/site-packages:/home/jw/robot/ros_ws/install/exa_robot/lib/python3.8/site-packages:/opt/ros/galactic/lib/python3.8/site-packages /usr/bin/cmake --install /home/jw/robot/ros_ws/build/teb_msgs
[0.651s] -- Install configuration: ""
[0.652s] -- Up-to-date: /home/jw/robot/ros_ws/install/teb_msgs/share/ament_index/resource_index/rosidl_interfaces/teb_msgs
[0.652s] -- Up-to-date: /home/jw/robot/ros_ws/install/teb_msgs/include/teb_msgs
[0.652s] -- Up-to-date: /home/jw/robot/ros_ws/install/teb_msgs/include/teb_msgs/msg
[0.653s] -- Up-to-date: /home/jw/robot/ros_ws/install/teb_msgs/include/teb_msgs/msg/trajectory_point_msg.h
[0.653s] -- Up-to-date: /home/jw/robot/ros_ws/install/teb_msgs/include/teb_msgs/msg/rosidl_generator_c__visibility_control.h
[0.653s] -- Up-to-date: /home/jw/robot/ros_ws/install/teb_msgs/include/teb_msgs/msg/trajectory_msg.h
[0.654s] -- Up-to-date: /home/jw/robot/ros_ws/install/teb_msgs/include/teb_msgs/msg/feedback_msg.h
[0.654s] -- Up-to-date: /home/jw/robot/ros_ws/install/teb_msgs/include/teb_msgs/msg/detail
[0.654s] -- Up-to-date: /home/jw/robot/ros_ws/install/teb_msgs/include/teb_msgs/msg/detail/trajectory_point_msg__type_support.h
[0.654s] -- Up-to-date: /home/jw/robot/ros_ws/install/teb_msgs/include/teb_msgs/msg/detail/feedback_msg__functions.c
[0.655s] -- Up-to-date: /home/jw/robot/ros_ws/install/teb_msgs/include/teb_msgs/msg/detail/feedback_msg__functions.h
[0.655s] -- Up-to-date: /home/jw/robot/ros_ws/install/teb_msgs/include/teb_msgs/msg/detail/trajectory_msg__type_support.h
[0.655s] -- Up-to-date: /home/jw/robot/ros_ws/install/teb_msgs/include/teb_msgs/msg/detail/trajectory_point_msg__functions.c
[0.656s] -- Up-to-date: /home/jw/robot/ros_ws/install/teb_msgs/include/teb_msgs/msg/detail/feedback_msg__type_support.h
[0.661s] -- Up-to-date: /home/jw/robot/ros_ws/install/teb_msgs/include/teb_msgs/msg/detail/trajectory_msg__functions.c
[0.661s] -- Up-to-date: /home/jw/robot/ros_ws/install/teb_msgs/include/teb_msgs/msg/detail/trajectory_point_msg__struct.h
[0.661s] -- Up-to-date: /home/jw/robot/ros_ws/install/teb_msgs/include/teb_msgs/msg/detail/trajectory_point_msg__functions.h
[0.662s] -- Up-to-date: /home/jw/robot/ros_ws/install/teb_msgs/include/teb_msgs/msg/detail/trajectory_msg__struct.h
[0.662s] -- Up-to-date: /home/jw/robot/ros_ws/install/teb_msgs/include/teb_msgs/msg/detail/feedback_msg__struct.h
[0.662s] -- Up-to-date: /home/jw/robot/ros_ws/install/teb_msgs/include/teb_msgs/msg/detail/trajectory_msg__functions.h
[0.663s] -- Up-to-date: /home/jw/robot/ros_ws/install/teb_msgs/share/teb_msgs/environment/library_path.sh
[0.663s] -- Up-to-date: /home/jw/robot/ros_ws/install/teb_msgs/share/teb_msgs/environment/library_path.dsv
[0.663s] -- Up-to-date: /home/jw/robot/ros_ws/install/teb_msgs/lib/libteb_msgs__rosidl_generator_c.so
[0.664s] -- Up-to-date: /home/jw/robot/ros_ws/install/teb_msgs/include/teb_msgs
[0.664s] -- Up-to-date: /home/jw/robot/ros_ws/install/teb_msgs/include/teb_msgs/msg
[0.668s] -- Up-to-date: /home/jw/robot/ros_ws/install/teb_msgs/include/teb_msgs/msg/detail
[0.669s] -- Up-to-date: /home/jw/robot/ros_ws/install/teb_msgs/include/teb_msgs/msg/detail/trajectory_msg__rosidl_typesupport_fastrtps_c.h
[0.670s] -- Up-to-date: /home/jw/robot/ros_ws/install/teb_msgs/include/teb_msgs/msg/detail/feedback_msg__rosidl_typesupport_fastrtps_c.h
[0.670s] -- Up-to-date: /home/jw/robot/ros_ws/install/teb_msgs/include/teb_msgs/msg/detail/trajectory_point_msg__rosidl_typesupport_fastrtps_c.h
[0.670s] -- Up-to-date: /home/jw/robot/ros_ws/install/teb_msgs/include/teb_msgs/msg/rosidl_typesupport_fastrtps_c__visibility_control.h
[0.670s] -- Up-to-date: /home/jw/robot/ros_ws/install/teb_msgs/lib/libteb_msgs__rosidl_typesupport_fastrtps_c.so
[0.671s] -- Up-to-date: /home/jw/robot/ros_ws/install/teb_msgs/include/teb_msgs
[0.671s] -- Up-to-date: /home/jw/robot/ros_ws/install/teb_msgs/include/teb_msgs/msg
[0.671s] -- Up-to-date: /home/jw/robot/ros_ws/install/teb_msgs/include/teb_msgs/msg/detail
[0.672s] -- Up-to-date: /home/jw/robot/ros_ws/install/teb_msgs/include/teb_msgs/msg/detail/dds_fastrtps
[0.673s] -- Up-to-date: /home/jw/robot/ros_ws/install/teb_msgs/include/teb_msgs/msg/detail/trajectory_msg__rosidl_typesupport_fastrtps_cpp.hpp
[0.673s] -- Up-to-date: /home/jw/robot/ros_ws/install/teb_msgs/include/teb_msgs/msg/detail/feedback_msg__rosidl_typesupport_fastrtps_cpp.hpp
[0.679s] -- Up-to-date: /home/jw/robot/ros_ws/install/teb_msgs/include/teb_msgs/msg/detail/trajectory_point_msg__rosidl_typesupport_fastrtps_cpp.hpp
[0.680s] -- Up-to-date: /home/jw/robot/ros_ws/install/teb_msgs/include/teb_msgs/msg/rosidl_typesupport_fastrtps_cpp__visibility_control.h
[0.680s] -- Up-to-date: /home/jw/robot/ros_ws/install/teb_msgs/lib/libteb_msgs__rosidl_typesupport_fastrtps_cpp.so
[0.680s] -- Up-to-date: /home/jw/robot/ros_ws/install/teb_msgs/include/teb_msgs
[0.681s] -- Up-to-date: /home/jw/robot/ros_ws/install/teb_msgs/include/teb_msgs/msg
[0.681s] -- Up-to-date: /home/jw/robot/ros_ws/install/teb_msgs/include/teb_msgs/msg/detail
[0.681s] -- Up-to-date: /home/jw/robot/ros_ws/install/teb_msgs/include/teb_msgs/msg/detail/feedback_msg__rosidl_typesupport_introspection_c.h
[0.681s] -- Up-to-date: /home/jw/robot/ros_ws/install/teb_msgs/include/teb_msgs/msg/detail/feedback_msg__type_support.c
[0.687s] -- Up-to-date: /home/jw/robot/ros_ws/install/teb_msgs/include/teb_msgs/msg/detail/trajectory_msg__rosidl_typesupport_introspection_c.h
[0.688s] -- Up-to-date: /home/jw/robot/ros_ws/install/teb_msgs/include/teb_msgs/msg/detail/trajectory_point_msg__type_support.c
[0.688s] -- Up-to-date: /home/jw/robot/ros_ws/install/teb_msgs/include/teb_msgs/msg/detail/trajectory_point_msg__rosidl_typesupport_introspection_c.h
[0.689s] -- Up-to-date: /home/jw/robot/ros_ws/install/teb_msgs/include/teb_msgs/msg/detail/trajectory_msg__type_support.c
[0.689s] -- Up-to-date: /home/jw/robot/ros_ws/install/teb_msgs/include/teb_msgs/msg/rosidl_typesupport_introspection_c__visibility_control.h
[0.690s] -- Up-to-date: /home/jw/robot/ros_ws/install/teb_msgs/lib/libteb_msgs__rosidl_typesupport_introspection_c.so
[0.690s] -- Up-to-date: /home/jw/robot/ros_ws/install/teb_msgs/lib/libteb_msgs__rosidl_typesupport_c.so
[0.690s] -- Up-to-date: /home/jw/robot/ros_ws/install/teb_msgs/include/teb_msgs
[0.690s] -- Up-to-date: /home/jw/robot/ros_ws/install/teb_msgs/include/teb_msgs/msg
[0.691s] -- Up-to-date: /home/jw/robot/ros_ws/install/teb_msgs/include/teb_msgs/msg/feedback_msg.hpp
[0.691s] -- Up-to-date: /home/jw/robot/ros_ws/install/teb_msgs/include/teb_msgs/msg/detail
[0.691s] -- Up-to-date: /home/jw/robot/ros_ws/install/teb_msgs/include/teb_msgs/msg/detail/trajectory_msg__builder.hpp
[0.691s] -- Up-to-date: /home/jw/robot/ros_ws/install/teb_msgs/include/teb_msgs/msg/detail/feedback_msg__builder.hpp
[0.691s] -- Up-to-date: /home/jw/robot/ros_ws/install/teb_msgs/include/teb_msgs/msg/detail/trajectory_point_msg__builder.hpp
[0.692s] -- Up-to-date: /home/jw/robot/ros_ws/install/teb_msgs/include/teb_msgs/msg/detail/trajectory_msg__struct.hpp
[0.697s] -- Up-to-date: /home/jw/robot/ros_ws/install/teb_msgs/include/teb_msgs/msg/detail/trajectory_point_msg__struct.hpp
[0.698s] -- Up-to-date: /home/jw/robot/ros_ws/install/teb_msgs/include/teb_msgs/msg/detail/trajectory_point_msg__traits.hpp
[0.699s] -- Up-to-date: /home/jw/robot/ros_ws/install/teb_msgs/include/teb_msgs/msg/detail/feedback_msg__struct.hpp
[0.699s] -- Up-to-date: /home/jw/robot/ros_ws/install/teb_msgs/include/teb_msgs/msg/detail/feedback_msg__traits.hpp
[0.699s] -- Up-to-date: /home/jw/robot/ros_ws/install/teb_msgs/include/teb_msgs/msg/detail/trajectory_msg__traits.hpp
[0.699s] -- Up-to-date: /home/jw/robot/ros_ws/install/teb_msgs/include/teb_msgs/msg/trajectory_msg.hpp
[0.700s] -- Up-to-date: /home/jw/robot/ros_ws/install/teb_msgs/include/teb_msgs/msg/trajectory_point_msg.hpp
[0.700s] -- Up-to-date: /home/jw/robot/ros_ws/install/teb_msgs/include/teb_msgs
[0.700s] -- Up-to-date: /home/jw/robot/ros_ws/install/teb_msgs/include/teb_msgs/msg
[0.700s] -- Up-to-date: /home/jw/robot/ros_ws/install/teb_msgs/include/teb_msgs/msg/detail
[0.700s] -- Up-to-date: /home/jw/robot/ros_ws/install/teb_msgs/include/teb_msgs/msg/detail/trajectory_point_msg__type_support.cpp
[0.700s] -- Up-to-date: /home/jw/robot/ros_ws/install/teb_msgs/include/teb_msgs/msg/detail/trajectory_point_msg__rosidl_typesupport_introspection_cpp.hpp
[0.701s] -- Up-to-date: /home/jw/robot/ros_ws/install/teb_msgs/include/teb_msgs/msg/detail/feedback_msg__rosidl_typesupport_introspection_cpp.hpp
[0.701s] -- Up-to-date: /home/jw/robot/ros_ws/install/teb_msgs/include/teb_msgs/msg/detail/trajectory_msg__rosidl_typesupport_introspection_cpp.hpp
[0.701s] -- Up-to-date: /home/jw/robot/ros_ws/install/teb_msgs/include/teb_msgs/msg/detail/feedback_msg__type_support.cpp
[0.701s] -- Up-to-date: /home/jw/robot/ros_ws/install/teb_msgs/include/teb_msgs/msg/detail/trajectory_msg__type_support.cpp
[0.701s] -- Up-to-date: /home/jw/robot/ros_ws/install/teb_msgs/lib/libteb_msgs__rosidl_typesupport_introspection_cpp.so
[0.701s] -- Up-to-date: /home/jw/robot/ros_ws/install/teb_msgs/lib/libteb_msgs__rosidl_typesupport_cpp.so
[0.701s] -- Up-to-date: /home/jw/robot/ros_ws/install/teb_msgs/share/teb_msgs/environment/pythonpath.sh
[0.702s] -- Up-to-date: /home/jw/robot/ros_ws/install/teb_msgs/share/teb_msgs/environment/pythonpath.dsv
[0.702s] -- Up-to-date: /home/jw/robot/ros_ws/install/teb_msgs/lib/python3.8/site-packages/teb_msgs/__init__.py
[0.703s] -- Up-to-date: /home/jw/robot/ros_ws/install/teb_msgs/lib/python3.8/site-packages/teb_msgs/msg
[0.703s] -- Up-to-date: /home/jw/robot/ros_ws/install/teb_msgs/lib/python3.8/site-packages/teb_msgs/msg/_trajectory_point_msg.py
[0.704s] -- Up-to-date: /home/jw/robot/ros_ws/install/teb_msgs/lib/python3.8/site-packages/teb_msgs/msg/_feedback_msg_s.c
[0.704s] -- Up-to-date: /home/jw/robot/ros_ws/install/teb_msgs/lib/python3.8/site-packages/teb_msgs/msg/_trajectory_msg_s.c
[0.704s] -- Up-to-date: /home/jw/robot/ros_ws/install/teb_msgs/lib/python3.8/site-packages/teb_msgs/msg/_trajectory_point_msg_s.c
[0.704s] -- Up-to-date: /home/jw/robot/ros_ws/install/teb_msgs/lib/python3.8/site-packages/teb_msgs/msg/_feedback_msg.py
[0.705s] -- Up-to-date: /home/jw/robot/ros_ws/install/teb_msgs/lib/python3.8/site-packages/teb_msgs/msg/__init__.py
[0.705s] -- Up-to-date: /home/jw/robot/ros_ws/install/teb_msgs/lib/python3.8/site-packages/teb_msgs/msg/_trajectory_msg.py
[0.710s] -- Up-to-date: /home/jw/robot/ros_ws/install/teb_msgs/lib/python3.8/site-packages/teb_msgs/teb_msgs_s__rosidl_typesupport_fastrtps_c.cpython-38-x86_64-linux-gnu.so
[0.710s] -- Up-to-date: /home/jw/robot/ros_ws/install/teb_msgs/lib/python3.8/site-packages/teb_msgs/teb_msgs_s__rosidl_typesupport_introspection_c.cpython-38-x86_64-linux-gnu.so
[0.710s] -- Up-to-date: /home/jw/robot/ros_ws/install/teb_msgs/lib/python3.8/site-packages/teb_msgs/teb_msgs_s__rosidl_typesupport_c.cpython-38-x86_64-linux-gnu.so
[0.710s] -- Up-to-date: /home/jw/robot/ros_ws/install/teb_msgs/lib/libteb_msgs__python.so
[0.711s] -- Up-to-date: /home/jw/robot/ros_ws/install/teb_msgs/share/teb_msgs/msg/FeedbackMsg.idl
[0.711s] -- Up-to-date: /home/jw/robot/ros_ws/install/teb_msgs/share/teb_msgs/msg/TrajectoryMsg.idl
[0.711s] -- Up-to-date: /home/jw/robot/ros_ws/install/teb_msgs/share/teb_msgs/msg/TrajectoryPointMsg.idl
[0.711s] -- Up-to-date: /home/jw/robot/ros_ws/install/teb_msgs/share/teb_msgs/msg/FeedbackMsg.msg
[0.711s] -- Up-to-date: /home/jw/robot/ros_ws/install/teb_msgs/share/teb_msgs/msg/TrajectoryMsg.msg
[0.712s] -- Up-to-date: /home/jw/robot/ros_ws/install/teb_msgs/share/teb_msgs/msg/TrajectoryPointMsg.msg
[0.712s] -- Up-to-date: /home/jw/robot/ros_ws/install/teb_msgs/share/ament_index/resource_index/package_run_dependencies/teb_msgs
[0.712s] -- Up-to-date: /home/jw/robot/ros_ws/install/teb_msgs/share/ament_index/resource_index/parent_prefix_path/teb_msgs
[0.717s] -- Up-to-date: /home/jw/robot/ros_ws/install/teb_msgs/share/teb_msgs/environment/ament_prefix_path.sh
[0.717s] -- Up-to-date: /home/jw/robot/ros_ws/install/teb_msgs/share/teb_msgs/environment/ament_prefix_path.dsv
[0.718s] -- Up-to-date: /home/jw/robot/ros_ws/install/teb_msgs/share/teb_msgs/environment/path.sh
[0.718s] -- Up-to-date: /home/jw/robot/ros_ws/install/teb_msgs/share/teb_msgs/environment/path.dsv
[0.718s] -- Up-to-date: /home/jw/robot/ros_ws/install/teb_msgs/share/teb_msgs/local_setup.bash
[0.719s] -- Up-to-date: /home/jw/robot/ros_ws/install/teb_msgs/share/teb_msgs/local_setup.sh
[0.719s] -- Up-to-date: /home/jw/robot/ros_ws/install/teb_msgs/share/teb_msgs/local_setup.zsh
[0.720s] -- Up-to-date: /home/jw/robot/ros_ws/install/teb_msgs/share/teb_msgs/local_setup.dsv
[0.720s] -- Installing: /home/jw/robot/ros_ws/install/teb_msgs/share/teb_msgs/package.dsv
[0.723s] -- Up-to-date: /home/jw/robot/ros_ws/install/teb_msgs/share/ament_index/resource_index/packages/teb_msgs
[0.725s] -- Up-to-date: /home/jw/robot/ros_ws/install/teb_msgs/share/teb_msgs/cmake/teb_msgs__rosidl_generator_cExport.cmake
[0.726s] -- Up-to-date: /home/jw/robot/ros_ws/install/teb_msgs/share/teb_msgs/cmake/teb_msgs__rosidl_generator_cExport-noconfig.cmake
[0.727s] -- Up-to-date: /home/jw/robot/ros_ws/install/teb_msgs/share/teb_msgs/cmake/teb_msgs__rosidl_typesupport_introspection_cExport.cmake
[0.727s] -- Up-to-date: /home/jw/robot/ros_ws/install/teb_msgs/share/teb_msgs/cmake/teb_msgs__rosidl_typesupport_introspection_cExport-noconfig.cmake
[0.728s] -- Up-to-date: /home/jw/robot/ros_ws/install/teb_msgs/share/teb_msgs/cmake/teb_msgs__rosidl_typesupport_cExport.cmake
[0.729s] -- Up-to-date: /home/jw/robot/ros_ws/install/teb_msgs/share/teb_msgs/cmake/teb_msgs__rosidl_typesupport_cExport-noconfig.cmake
[0.729s] -- Up-to-date: /home/jw/robot/ros_ws/install/teb_msgs/share/teb_msgs/cmake/teb_msgs__rosidl_generator_cppExport.cmake
[0.729s] -- Up-to-date: /home/jw/robot/ros_ws/install/teb_msgs/share/teb_msgs/cmake/teb_msgs__rosidl_typesupport_introspection_cppExport.cmake
[0.729s] -- Up-to-date: /home/jw/robot/ros_ws/install/teb_msgs/share/teb_msgs/cmake/teb_msgs__rosidl_typesupport_introspection_cppExport-noconfig.cmake
[0.730s] -- Up-to-date: /home/jw/robot/ros_ws/install/teb_msgs/share/teb_msgs/cmake/teb_msgs__rosidl_typesupport_cppExport.cmake
[0.730s] -- Up-to-date: /home/jw/robot/ros_ws/install/teb_msgs/share/teb_msgs/cmake/teb_msgs__rosidl_typesupport_cppExport-noconfig.cmake
[0.731s] -- Up-to-date: /home/jw/robot/ros_ws/install/teb_msgs/share/teb_msgs/cmake/rosidl_cmake-extras.cmake
[0.732s] -- Up-to-date: /home/jw/robot/ros_ws/install/teb_msgs/share/teb_msgs/cmake/ament_cmake_export_dependencies-extras.cmake
[0.739s] -- Up-to-date: /home/jw/robot/ros_ws/install/teb_msgs/share/teb_msgs/cmake/ament_cmake_export_libraries-extras.cmake
[0.742s] -- Up-to-date: /home/jw/robot/ros_ws/install/teb_msgs/share/teb_msgs/cmake/ament_cmake_export_targets-extras.cmake
[0.742s] -- Up-to-date: /home/jw/robot/ros_ws/install/teb_msgs/share/teb_msgs/cmake/ament_cmake_export_include_directories-extras.cmake
[0.743s] -- Up-to-date: /home/jw/robot/ros_ws/install/teb_msgs/share/teb_msgs/cmake/rosidl_cmake_export_typesupport_libraries-extras.cmake
[0.743s] -- Up-to-date: /home/jw/robot/ros_ws/install/teb_msgs/share/teb_msgs/cmake/rosidl_cmake_export_typesupport_targets-extras.cmake
[0.743s] -- Up-to-date: /home/jw/robot/ros_ws/install/teb_msgs/share/teb_msgs/cmake/teb_msgsConfig.cmake
[0.743s] -- Up-to-date: /home/jw/robot/ros_ws/install/teb_msgs/share/teb_msgs/cmake/teb_msgsConfig-version.cmake
[0.743s] -- Up-to-date: /home/jw/robot/ros_ws/install/teb_msgs/share/teb_msgs/package.xml
[0.744s] Invoked command in '/home/jw/robot/ros_ws/build/teb_msgs' returned '0': CMAKE_PREFIX_PATH=/home/jw/robot/ros_ws/install/costmap_converter_msgs:/home/jw/robot/ros_ws/install/ydlidar_ros2_driver:/home/jw/robot/ros_ws/install/velocity_smoother:/home/jw/robot/ros_ws/install/urg_node:/home/jw/robot/ros_ws/install/teb_local_planner:/home/jw/robot/ros_ws/install/teb_msgs:/home/jw/robot/ros_ws/install/realsense2_description:/home/jw/robot/ros_ws/install/realsense2_camera:/home/jw/robot/ros_ws/install/realsense2_camera_msgs:/home/jw/robot/ros_ws/install/costmap_converter:/home/jw/robot/ros_ws/install/exa_robot:/opt/ros/galactic LD_LIBRARY_PATH=/home/jw/robot/ros_ws/install/costmap_converter_msgs/lib:/home/jw/robot/ros_ws/install/velocity_smoother/lib:/home/jw/robot/ros_ws/install/urg_node/lib:/home/jw/robot/ros_ws/install/teb_local_planner/lib:/home/jw/robot/ros_ws/install/teb_msgs/lib:/home/jw/robot/ros_ws/install/realsense2_camera/lib:/home/jw/robot/ros_ws/install/realsense2_camera_msgs/lib:/home/jw/robot/ros_ws/install/costmap_converter/lib:/opt/ros/galactic/opt/yaml_cpp_vendor/lib:/opt/ros/galactic/opt/rviz_ogre_vendor/lib:/opt/ros/galactic/lib/x86_64-linux-gnu:/opt/ros/galactic/lib PYTHONPATH=/home/jw/robot/ros_ws/install/costmap_converter_msgs/lib/python3.8/site-packages:/home/jw/robot/ros_ws/install/teb_msgs/lib/python3.8/site-packages:/home/jw/robot/ros_ws/install/realsense2_camera_msgs/lib/python3.8/site-packages:/home/jw/robot/ros_ws/install/exa_robot/lib/python3.8/site-packages:/opt/ros/galactic/lib/python3.8/site-packages /usr/bin/cmake --install /home/jw/robot/ros_ws/build/teb_msgs
