[0.072s] Invoking command in '/home/jw/robot/ros_ws/build/realsense2_camera': AMENT_PREFIX_PATH=/home/jw/robot/ros_ws/install/realsense2_camera_msgs:${AMENT_PREFIX_PATH} CMAKE_PREFIX_PATH=/home/jw/robot/ros_ws/install/realsense2_camera_msgs:/opt/ros/galactic LD_LIBRARY_PATH=/home/jw/robot/ros_ws/install/realsense2_camera_msgs/lib:${LD_LIBRARY_PATH} PYTHONPATH=/home/jw/robot/ros_ws/install/realsense2_camera_msgs/lib/python3.8/site-packages:${PYTHONPATH} /usr/bin/cmake --build /home/jw/robot/ros_ws/build/realsense2_camera -- -j12 -l12
[0.177s] [ 25%] Built target realsense2_camera_node
[0.225s] [100%] Built target realsense2_camera
[0.244s] Invoked command in '/home/jw/robot/ros_ws/build/realsense2_camera' returned '0': AMENT_PREFIX_PATH=/home/jw/robot/ros_ws/install/realsense2_camera_msgs:${AMENT_PREFIX_PATH} CMAKE_PREFIX_PATH=/home/jw/robot/ros_ws/install/realsense2_camera_msgs:/opt/ros/galactic LD_LIBRARY_PATH=/home/jw/robot/ros_ws/install/realsense2_camera_msgs/lib:${LD_LIBRARY_PATH} PYTHONPATH=/home/jw/robot/ros_ws/install/realsense2_camera_msgs/lib/python3.8/site-packages:${PYTHONPATH} /usr/bin/cmake --build /home/jw/robot/ros_ws/build/realsense2_camera -- -j12 -l12
[0.285s] Invoking command in '/home/jw/robot/ros_ws/build/realsense2_camera': AMENT_PREFIX_PATH=/home/jw/robot/ros_ws/install/realsense2_camera_msgs:${AMENT_PREFIX_PATH} CMAKE_PREFIX_PATH=/home/jw/robot/ros_ws/install/realsense2_camera_msgs:/opt/ros/galactic LD_LIBRARY_PATH=/home/jw/robot/ros_ws/install/realsense2_camera_msgs/lib:${LD_LIBRARY_PATH} PYTHONPATH=/home/jw/robot/ros_ws/install/realsense2_camera_msgs/lib/python3.8/site-packages:${PYTHONPATH} /usr/bin/cmake --install /home/jw/robot/ros_ws/build/realsense2_camera
[0.293s] -- Install configuration: "Release"
[0.294s] -- Up-to-date: /home/jw/robot/ros_ws/install/realsense2_camera/lib/realsense2_camera/realsense2_camera_node
[0.294s] -- Up-to-date: /home/jw/robot/ros_ws/install/realsense2_camera/lib/librealsense2_camera.so
[0.294s] -- Up-to-date: /home/jw/robot/ros_ws/install/realsense2_camera/include
[0.294s] -- Up-to-date: /home/jw/robot/ros_ws/install/realsense2_camera/include/t265_realsense_node.h
[0.295s] -- Up-to-date: /home/jw/robot/ros_ws/install/realsense2_camera/include/base_realsense_node.h
[0.295s] -- Up-to-date: /home/jw/robot/ros_ws/install/realsense2_camera/include/constants.h
[0.295s] -- Up-to-date: /home/jw/robot/ros_ws/install/realsense2_camera/include/realsense_node_factory.h
[0.295s] -- Up-to-date: /home/jw/robot/ros_ws/install/realsense2_camera/include/ros_param_backend.h
[0.295s] -- Up-to-date: /home/jw/robot/ros_ws/install/realsense2_camera/include/dynamic_params.h
[0.295s] -- Up-to-date: /home/jw/robot/ros_ws/install/realsense2_camera/share/realsense2_camera/launch
[0.295s] -- Up-to-date: /home/jw/robot/ros_ws/install/realsense2_camera/share/realsense2_camera/launch/demo_t265_launch.py
[0.296s] -- Up-to-date: /home/jw/robot/ros_ws/install/realsense2_camera/share/realsense2_camera/launch/rs_t265_launch.py
[0.296s] -- Up-to-date: /home/jw/robot/ros_ws/install/realsense2_camera/share/realsense2_camera/launch/rs_d400_and_t265_launch.py
[0.296s] -- Up-to-date: /home/jw/robot/ros_ws/install/realsense2_camera/share/realsense2_camera/launch/rs_multi_camera_launch.py
[0.296s] -- Up-to-date: /home/jw/robot/ros_ws/install/realsense2_camera/share/realsense2_camera/launch/rs_launch.py
[0.296s] -- Up-to-date: /home/jw/robot/ros_ws/install/realsense2_camera/share/realsense2_camera/launch/demo_pointcloud_launch.py
[0.296s] -- Up-to-date: /home/jw/robot/ros_ws/install/realsense2_camera/share/realsense2_camera/launch/default.rviz
[0.297s] -- Up-to-date: /home/jw/robot/ros_ws/install/realsense2_camera/share/realsense2_camera/config
[0.297s] -- Up-to-date: /home/jw/robot/ros_ws/install/realsense2_camera/share/realsense2_camera/config/d435i.yaml
[0.297s] -- Up-to-date: /home/jw/robot/ros_ws/install/realsense2_camera/share/realsense2_camera/rviz
[0.297s] -- Up-to-date: /home/jw/robot/ros_ws/install/realsense2_camera/share/realsense2_camera/rviz/pointcloud.rviz
[0.297s] -- Up-to-date: /home/jw/robot/ros_ws/install/realsense2_camera/share/realsense2_camera/rviz/t265.rviz
[0.297s] -- Up-to-date: /home/jw/robot/ros_ws/install/realsense2_camera/share/realsense2_camera/environment/library_path.sh
[0.298s] -- Up-to-date: /home/jw/robot/ros_ws/install/realsense2_camera/share/realsense2_camera/environment/library_path.dsv
[0.298s] -- Up-to-date: /home/jw/robot/ros_ws/install/realsense2_camera/share/ament_index/resource_index/package_run_dependencies/realsense2_camera
[0.304s] -- Up-to-date: /home/jw/robot/ros_ws/install/realsense2_camera/share/ament_index/resource_index/parent_prefix_path/realsense2_camera
[0.305s] -- Up-to-date: /home/jw/robot/ros_ws/install/realsense2_camera/share/realsense2_camera/environment/ament_prefix_path.sh
[0.305s] -- Up-to-date: /home/jw/robot/ros_ws/install/realsense2_camera/share/realsense2_camera/environment/ament_prefix_path.dsv
[0.306s] -- Up-to-date: /home/jw/robot/ros_ws/install/realsense2_camera/share/realsense2_camera/environment/path.sh
[0.306s] -- Up-to-date: /home/jw/robot/ros_ws/install/realsense2_camera/share/realsense2_camera/environment/path.dsv
[0.306s] -- Up-to-date: /home/jw/robot/ros_ws/install/realsense2_camera/share/realsense2_camera/local_setup.bash
[0.306s] -- Up-to-date: /home/jw/robot/ros_ws/install/realsense2_camera/share/realsense2_camera/local_setup.sh
[0.307s] -- Up-to-date: /home/jw/robot/ros_ws/install/realsense2_camera/share/realsense2_camera/local_setup.zsh
[0.307s] -- Up-to-date: /home/jw/robot/ros_ws/install/realsense2_camera/share/realsense2_camera/local_setup.dsv
[0.307s] -- Installing: /home/jw/robot/ros_ws/install/realsense2_camera/share/realsense2_camera/package.dsv
[0.307s] -- Up-to-date: /home/jw/robot/ros_ws/install/realsense2_camera/share/ament_index/resource_index/packages/realsense2_camera
[0.307s] -- Up-to-date: /home/jw/robot/ros_ws/install/realsense2_camera/share/ament_index/resource_index/rclcpp_components/realsense2_camera
[0.308s] -- Up-to-date: /home/jw/robot/ros_ws/install/realsense2_camera/share/realsense2_camera/cmake/ament_cmake_export_include_directories-extras.cmake
[0.308s] -- Up-to-date: /home/jw/robot/ros_ws/install/realsense2_camera/share/realsense2_camera/cmake/ament_cmake_export_libraries-extras.cmake
[0.308s] -- Up-to-date: /home/jw/robot/ros_ws/install/realsense2_camera/share/realsense2_camera/cmake/ament_cmake_export_dependencies-extras.cmake
[0.308s] -- Up-to-date: /home/jw/robot/ros_ws/install/realsense2_camera/share/realsense2_camera/cmake/realsense2_cameraConfig.cmake
[0.308s] -- Up-to-date: /home/jw/robot/ros_ws/install/realsense2_camera/share/realsense2_camera/cmake/realsense2_cameraConfig-version.cmake
[0.309s] -- Up-to-date: /home/jw/robot/ros_ws/install/realsense2_camera/share/realsense2_camera/package.xml
[0.309s] Invoked command in '/home/jw/robot/ros_ws/build/realsense2_camera' returned '0': AMENT_PREFIX_PATH=/home/jw/robot/ros_ws/install/realsense2_camera_msgs:${AMENT_PREFIX_PATH} CMAKE_PREFIX_PATH=/home/jw/robot/ros_ws/install/realsense2_camera_msgs:/opt/ros/galactic LD_LIBRARY_PATH=/home/jw/robot/ros_ws/install/realsense2_camera_msgs/lib:${LD_LIBRARY_PATH} PYTHONPATH=/home/jw/robot/ros_ws/install/realsense2_camera_msgs/lib/python3.8/site-packages:${PYTHONPATH} /usr/bin/cmake --install /home/jw/robot/ros_ws/build/realsense2_camera
