[0.068s] Invoking command in '/home/jw/robot/ros_ws/build/realsense2_camera': CMAKE_PREFIX_PATH=/home/jw/robot/ros_ws/install/realsense2_camera_msgs:/home/jw/robot/ros_ws/install/ydlidar_ros2_driver:/home/jw/robot/ros_ws/install/velocity_smoother:/home/jw/robot/ros_ws/install/urg_node:/home/jw/robot/ros_ws/install/teb_local_planner:/home/jw/robot/ros_ws/install/teb_msgs:/home/jw/robot/ros_ws/install/realsense2_description:/home/jw/robot/ros_ws/install/realsense2_camera:/home/jw/robot/ros_ws/install/costmap_converter:/home/jw/robot/ros_ws/install/costmap_converter_msgs:/home/jw/robot/ros_ws/install/exa_robot:/opt/ros/galactic LD_LIBRARY_PATH=/home/jw/robot/ros_ws/install/realsense2_camera_msgs/lib:/home/jw/robot/ros_ws/install/velocity_smoother/lib:/home/jw/robot/ros_ws/install/urg_node/lib:/home/jw/robot/ros_ws/install/teb_local_planner/lib:/home/jw/robot/ros_ws/install/teb_msgs/lib:/home/jw/robot/ros_ws/install/realsense2_camera/lib:/home/jw/robot/ros_ws/install/costmap_converter/lib:/home/jw/robot/ros_ws/install/costmap_converter_msgs/lib:/opt/ros/galactic/opt/yaml_cpp_vendor/lib:/opt/ros/galactic/opt/rviz_ogre_vendor/lib:/opt/ros/galactic/lib/x86_64-linux-gnu:/opt/ros/galactic/lib PYTHONPATH=/home/jw/robot/ros_ws/install/realsense2_camera_msgs/lib/python3.8/site-packages:/home/jw/robot/ros_ws/install/teb_msgs/lib/python3.8/site-packages:/home/jw/robot/ros_ws/install/exa_robot/lib/python3.8/site-packages:/home/jw/robot/ros_ws/install/costmap_converter_msgs/lib/python3.8/site-packages:/opt/ros/galactic/lib/python3.8/site-packages /usr/bin/cmake --build /home/jw/robot/ros_ws/build/realsense2_camera -- -j12 -l12
[0.176s] [ 12%] Built target realsense2_camera_node
[0.255s] [100%] Built target realsense2_camera
[0.272s] Invoked command in '/home/jw/robot/ros_ws/build/realsense2_camera' returned '0': CMAKE_PREFIX_PATH=/home/jw/robot/ros_ws/install/realsense2_camera_msgs:/home/jw/robot/ros_ws/install/ydlidar_ros2_driver:/home/jw/robot/ros_ws/install/velocity_smoother:/home/jw/robot/ros_ws/install/urg_node:/home/jw/robot/ros_ws/install/teb_local_planner:/home/jw/robot/ros_ws/install/teb_msgs:/home/jw/robot/ros_ws/install/realsense2_description:/home/jw/robot/ros_ws/install/realsense2_camera:/home/jw/robot/ros_ws/install/costmap_converter:/home/jw/robot/ros_ws/install/costmap_converter_msgs:/home/jw/robot/ros_ws/install/exa_robot:/opt/ros/galactic LD_LIBRARY_PATH=/home/jw/robot/ros_ws/install/realsense2_camera_msgs/lib:/home/jw/robot/ros_ws/install/velocity_smoother/lib:/home/jw/robot/ros_ws/install/urg_node/lib:/home/jw/robot/ros_ws/install/teb_local_planner/lib:/home/jw/robot/ros_ws/install/teb_msgs/lib:/home/jw/robot/ros_ws/install/realsense2_camera/lib:/home/jw/robot/ros_ws/install/costmap_converter/lib:/home/jw/robot/ros_ws/install/costmap_converter_msgs/lib:/opt/ros/galactic/opt/yaml_cpp_vendor/lib:/opt/ros/galactic/opt/rviz_ogre_vendor/lib:/opt/ros/galactic/lib/x86_64-linux-gnu:/opt/ros/galactic/lib PYTHONPATH=/home/jw/robot/ros_ws/install/realsense2_camera_msgs/lib/python3.8/site-packages:/home/jw/robot/ros_ws/install/teb_msgs/lib/python3.8/site-packages:/home/jw/robot/ros_ws/install/exa_robot/lib/python3.8/site-packages:/home/jw/robot/ros_ws/install/costmap_converter_msgs/lib/python3.8/site-packages:/opt/ros/galactic/lib/python3.8/site-packages /usr/bin/cmake --build /home/jw/robot/ros_ws/build/realsense2_camera -- -j12 -l12
[0.354s] Invoking command in '/home/jw/robot/ros_ws/build/realsense2_camera': CMAKE_PREFIX_PATH=/home/jw/robot/ros_ws/install/realsense2_camera_msgs:/home/jw/robot/ros_ws/install/ydlidar_ros2_driver:/home/jw/robot/ros_ws/install/velocity_smoother:/home/jw/robot/ros_ws/install/urg_node:/home/jw/robot/ros_ws/install/teb_local_planner:/home/jw/robot/ros_ws/install/teb_msgs:/home/jw/robot/ros_ws/install/realsense2_description:/home/jw/robot/ros_ws/install/realsense2_camera:/home/jw/robot/ros_ws/install/costmap_converter:/home/jw/robot/ros_ws/install/costmap_converter_msgs:/home/jw/robot/ros_ws/install/exa_robot:/opt/ros/galactic LD_LIBRARY_PATH=/home/jw/robot/ros_ws/install/realsense2_camera_msgs/lib:/home/jw/robot/ros_ws/install/velocity_smoother/lib:/home/jw/robot/ros_ws/install/urg_node/lib:/home/jw/robot/ros_ws/install/teb_local_planner/lib:/home/jw/robot/ros_ws/install/teb_msgs/lib:/home/jw/robot/ros_ws/install/realsense2_camera/lib:/home/jw/robot/ros_ws/install/costmap_converter/lib:/home/jw/robot/ros_ws/install/costmap_converter_msgs/lib:/opt/ros/galactic/opt/yaml_cpp_vendor/lib:/opt/ros/galactic/opt/rviz_ogre_vendor/lib:/opt/ros/galactic/lib/x86_64-linux-gnu:/opt/ros/galactic/lib PYTHONPATH=/home/jw/robot/ros_ws/install/realsense2_camera_msgs/lib/python3.8/site-packages:/home/jw/robot/ros_ws/install/teb_msgs/lib/python3.8/site-packages:/home/jw/robot/ros_ws/install/exa_robot/lib/python3.8/site-packages:/home/jw/robot/ros_ws/install/costmap_converter_msgs/lib/python3.8/site-packages:/opt/ros/galactic/lib/python3.8/site-packages /usr/bin/cmake --install /home/jw/robot/ros_ws/build/realsense2_camera
[0.372s] -- Install configuration: "Release"
[0.372s] -- Up-to-date: /home/jw/robot/ros_ws/install/realsense2_camera/lib/realsense2_camera/realsense2_camera_node
[0.372s] -- Up-to-date: /home/jw/robot/ros_ws/install/realsense2_camera/lib/librealsense2_camera.so
[0.373s] -- Up-to-date: /home/jw/robot/ros_ws/install/realsense2_camera/include
[0.373s] -- Up-to-date: /home/jw/robot/ros_ws/install/realsense2_camera/include/sensor_params.h
[0.374s] -- Up-to-date: /home/jw/robot/ros_ws/install/realsense2_camera/include/named_filter.h
[0.374s] -- Up-to-date: /home/jw/robot/ros_ws/install/realsense2_camera/include/t265_realsense_node.h
[0.374s] -- Up-to-date: /home/jw/robot/ros_ws/install/realsense2_camera/include/base_realsense_node.h
[0.375s] -- Up-to-date: /home/jw/robot/ros_ws/install/realsense2_camera/include/constants.h
[0.375s] -- Up-to-date: /home/jw/robot/ros_ws/install/realsense2_camera/include/ros_sensor.h
[0.375s] -- Up-to-date: /home/jw/robot/ros_ws/install/realsense2_camera/include/realsense_node_factory.h
[0.375s] -- Up-to-date: /home/jw/robot/ros_ws/install/realsense2_camera/include/ros_param_backend.h
[0.376s] -- Up-to-date: /home/jw/robot/ros_ws/install/realsense2_camera/include/profile_manager.h
[0.376s] -- Up-to-date: /home/jw/robot/ros_ws/install/realsense2_camera/include/dynamic_params.h
[0.376s] -- Up-to-date: /home/jw/robot/ros_ws/install/realsense2_camera/include/ros_utils.h
[0.376s] -- Up-to-date: /home/jw/robot/ros_ws/install/realsense2_camera/include/image_publisher.h
[0.376s] -- Up-to-date: /home/jw/robot/ros_ws/install/realsense2_camera/share/realsense2_camera/launch
[0.377s] -- Up-to-date: /home/jw/robot/ros_ws/install/realsense2_camera/share/realsense2_camera/launch/rs_intra_process_demo_launch.py
[0.377s] -- Up-to-date: /home/jw/robot/ros_ws/install/realsense2_camera/share/realsense2_camera/launch/rs_d400_and_t265_launch.py
[0.377s] -- Up-to-date: /home/jw/robot/ros_ws/install/realsense2_camera/share/realsense2_camera/launch/rs_multi_camera_launch.py
[0.377s] -- Installing: /home/jw/robot/ros_ws/install/realsense2_camera/share/realsense2_camera/launch/rs_launch.py
[0.378s] -- Up-to-date: /home/jw/robot/ros_ws/install/realsense2_camera/share/realsense2_camera/launch/default.rviz
[0.379s] -- Up-to-date: /home/jw/robot/ros_ws/install/realsense2_camera/share/realsense2_camera/environment/library_path.sh
[0.388s] -- Up-to-date: /home/jw/robot/ros_ws/install/realsense2_camera/share/realsense2_camera/environment/library_path.dsv
[0.389s] -- Up-to-date: /home/jw/robot/ros_ws/install/realsense2_camera/share/ament_index/resource_index/package_run_dependencies/realsense2_camera
[0.389s] -- Up-to-date: /home/jw/robot/ros_ws/install/realsense2_camera/share/ament_index/resource_index/parent_prefix_path/realsense2_camera
[0.389s] -- Up-to-date: /home/jw/robot/ros_ws/install/realsense2_camera/share/realsense2_camera/environment/ament_prefix_path.sh
[0.389s] -- Up-to-date: /home/jw/robot/ros_ws/install/realsense2_camera/share/realsense2_camera/environment/ament_prefix_path.dsv
[0.390s] -- Up-to-date: /home/jw/robot/ros_ws/install/realsense2_camera/share/realsense2_camera/environment/path.sh
[0.390s] -- Up-to-date: /home/jw/robot/ros_ws/install/realsense2_camera/share/realsense2_camera/environment/path.dsv
[0.391s] -- Up-to-date: /home/jw/robot/ros_ws/install/realsense2_camera/share/realsense2_camera/local_setup.bash
[0.403s] -- Up-to-date: /home/jw/robot/ros_ws/install/realsense2_camera/share/realsense2_camera/local_setup.sh
[0.405s] -- Up-to-date: /home/jw/robot/ros_ws/install/realsense2_camera/share/realsense2_camera/local_setup.zsh
[0.407s] -- Up-to-date: /home/jw/robot/ros_ws/install/realsense2_camera/share/realsense2_camera/local_setup.dsv
[0.407s] -- Installing: /home/jw/robot/ros_ws/install/realsense2_camera/share/realsense2_camera/package.dsv
[0.407s] -- Up-to-date: /home/jw/robot/ros_ws/install/realsense2_camera/share/ament_index/resource_index/packages/realsense2_camera
[0.408s] -- Up-to-date: /home/jw/robot/ros_ws/install/realsense2_camera/share/ament_index/resource_index/rclcpp_components/realsense2_camera
[0.408s] -- Up-to-date: /home/jw/robot/ros_ws/install/realsense2_camera/share/realsense2_camera/cmake/ament_cmake_export_include_directories-extras.cmake
[0.408s] -- Up-to-date: /home/jw/robot/ros_ws/install/realsense2_camera/share/realsense2_camera/cmake/ament_cmake_export_libraries-extras.cmake
[0.408s] -- Up-to-date: /home/jw/robot/ros_ws/install/realsense2_camera/share/realsense2_camera/cmake/ament_cmake_export_dependencies-extras.cmake
[0.408s] -- Up-to-date: /home/jw/robot/ros_ws/install/realsense2_camera/share/realsense2_camera/cmake/realsense2_cameraConfig.cmake
[0.408s] -- Up-to-date: /home/jw/robot/ros_ws/install/realsense2_camera/share/realsense2_camera/cmake/realsense2_cameraConfig-version.cmake
[0.408s] -- Up-to-date: /home/jw/robot/ros_ws/install/realsense2_camera/share/realsense2_camera/package.xml
[0.409s] Invoked command in '/home/jw/robot/ros_ws/build/realsense2_camera' returned '0': CMAKE_PREFIX_PATH=/home/jw/robot/ros_ws/install/realsense2_camera_msgs:/home/jw/robot/ros_ws/install/ydlidar_ros2_driver:/home/jw/robot/ros_ws/install/velocity_smoother:/home/jw/robot/ros_ws/install/urg_node:/home/jw/robot/ros_ws/install/teb_local_planner:/home/jw/robot/ros_ws/install/teb_msgs:/home/jw/robot/ros_ws/install/realsense2_description:/home/jw/robot/ros_ws/install/realsense2_camera:/home/jw/robot/ros_ws/install/costmap_converter:/home/jw/robot/ros_ws/install/costmap_converter_msgs:/home/jw/robot/ros_ws/install/exa_robot:/opt/ros/galactic LD_LIBRARY_PATH=/home/jw/robot/ros_ws/install/realsense2_camera_msgs/lib:/home/jw/robot/ros_ws/install/velocity_smoother/lib:/home/jw/robot/ros_ws/install/urg_node/lib:/home/jw/robot/ros_ws/install/teb_local_planner/lib:/home/jw/robot/ros_ws/install/teb_msgs/lib:/home/jw/robot/ros_ws/install/realsense2_camera/lib:/home/jw/robot/ros_ws/install/costmap_converter/lib:/home/jw/robot/ros_ws/install/costmap_converter_msgs/lib:/opt/ros/galactic/opt/yaml_cpp_vendor/lib:/opt/ros/galactic/opt/rviz_ogre_vendor/lib:/opt/ros/galactic/lib/x86_64-linux-gnu:/opt/ros/galactic/lib PYTHONPATH=/home/jw/robot/ros_ws/install/realsense2_camera_msgs/lib/python3.8/site-packages:/home/jw/robot/ros_ws/install/teb_msgs/lib/python3.8/site-packages:/home/jw/robot/ros_ws/install/exa_robot/lib/python3.8/site-packages:/home/jw/robot/ros_ws/install/costmap_converter_msgs/lib/python3.8/site-packages:/opt/ros/galactic/lib/python3.8/site-packages /usr/bin/cmake --install /home/jw/robot/ros_ws/build/realsense2_camera
