[0.586s] Invoking command in '/home/jw/robot/ros_ws/build/velocity_smoother': CMAKE_PREFIX_PATH=${CMAKE_PREFIX_PATH}:/home/jw/robot/ros_ws/install/exa_robot:/opt/ros/galactic /usr/bin/cmake --build /home/jw/robot/ros_ws/build/velocity_smoother -- -j12 -l12
[0.703s] [ 50%] Built target velocity_smoother
[0.762s] [100%] Built target velocity_smoother_node
[0.810s] Invoked command in '/home/jw/robot/ros_ws/build/velocity_smoother' returned '0': CMAKE_PREFIX_PATH=${CMAKE_PREFIX_PATH}:/home/jw/robot/ros_ws/install/exa_robot:/opt/ros/galactic /usr/bin/cmake --build /home/jw/robot/ros_ws/build/velocity_smoother -- -j12 -l12
[0.898s] Invoking command in '/home/jw/robot/ros_ws/build/velocity_smoother': CMAKE_PREFIX_PATH=${CMAKE_PREFIX_PATH}:/home/jw/robot/ros_ws/install/exa_robot:/opt/ros/galactic /usr/bin/cmake --install /home/jw/robot/ros_ws/build/velocity_smoother
[0.946s] -- Install configuration: ""
[0.947s] -- Up-to-date: /home/jw/robot/ros_ws/install/velocity_smoother/lib/libvelocity_smoother.so
[0.956s] -- Up-to-date: /home/jw/robot/ros_ws/install/velocity_smoother/include/velocity_smoother
[0.956s] -- Up-to-date: /home/jw/robot/ros_ws/install/velocity_smoother/include/velocity_smoother/velocity_smoother.hpp
[0.957s] -- Up-to-date: /home/jw/robot/ros_ws/install/velocity_smoother/lib/velocity_smoother/velocity_smoother
[0.957s] -- Up-to-date: /home/jw/robot/ros_ws/install/velocity_smoother/share/velocity_smoother/config
[0.957s] -- Up-to-date: /home/jw/robot/ros_ws/install/velocity_smoother/share/velocity_smoother/config/velocity_smoother_params.yaml
[0.958s] -- Up-to-date: /home/jw/robot/ros_ws/install/velocity_smoother/share/velocity_smoother/launch
[0.958s] -- Up-to-date: /home/jw/robot/ros_ws/install/velocity_smoother/share/velocity_smoother/launch/velocity_smoother-composed-launch.py
[0.963s] -- Up-to-date: /home/jw/robot/ros_ws/install/velocity_smoother/share/velocity_smoother/launch/velocity_smoother-launch.py
[0.963s] -- Up-to-date: /home/jw/robot/ros_ws/install/velocity_smoother/lib/velocity_smoother/translational_command_profile.py
[0.964s] -- Up-to-date: /home/jw/robot/ros_ws/install/velocity_smoother/share/velocity_smoother/launch_test/test_translational_smoothing.py
[0.964s] -- Up-to-date: /home/jw/robot/ros_ws/install/velocity_smoother/share/ament_index/resource_index/package_run_dependencies/velocity_smoother
[0.965s] -- Up-to-date: /home/jw/robot/ros_ws/install/velocity_smoother/share/ament_index/resource_index/parent_prefix_path/velocity_smoother
[0.971s] -- Up-to-date: /home/jw/robot/ros_ws/install/velocity_smoother/share/velocity_smoother/environment/ament_prefix_path.sh
[0.972s] -- Up-to-date: /home/jw/robot/ros_ws/install/velocity_smoother/share/velocity_smoother/environment/ament_prefix_path.dsv
[0.973s] -- Up-to-date: /home/jw/robot/ros_ws/install/velocity_smoother/share/velocity_smoother/environment/path.sh
[0.973s] -- Up-to-date: /home/jw/robot/ros_ws/install/velocity_smoother/share/velocity_smoother/environment/path.dsv
[0.973s] -- Up-to-date: /home/jw/robot/ros_ws/install/velocity_smoother/share/velocity_smoother/local_setup.bash
[0.974s] -- Up-to-date: /home/jw/robot/ros_ws/install/velocity_smoother/share/velocity_smoother/local_setup.sh
[0.974s] -- Up-to-date: /home/jw/robot/ros_ws/install/velocity_smoother/share/velocity_smoother/local_setup.zsh
[0.974s] -- Up-to-date: /home/jw/robot/ros_ws/install/velocity_smoother/share/velocity_smoother/local_setup.dsv
[0.974s] -- Installing: /home/jw/robot/ros_ws/install/velocity_smoother/share/velocity_smoother/package.dsv
[0.975s] -- Up-to-date: /home/jw/robot/ros_ws/install/velocity_smoother/share/ament_index/resource_index/packages/velocity_smoother
[0.975s] -- Up-to-date: /home/jw/robot/ros_ws/install/velocity_smoother/share/ament_index/resource_index/rclcpp_components/velocity_smoother
[0.975s] -- Up-to-date: /home/jw/robot/ros_ws/install/velocity_smoother/share/velocity_smoother/cmake/velocity_smootherConfig.cmake
[0.975s] -- Up-to-date: /home/jw/robot/ros_ws/install/velocity_smoother/share/velocity_smoother/cmake/velocity_smootherConfig-version.cmake
[0.975s] -- Up-to-date: /home/jw/robot/ros_ws/install/velocity_smoother/share/velocity_smoother/package.xml
[0.976s] Invoked command in '/home/jw/robot/ros_ws/build/velocity_smoother' returned '0': CMAKE_PREFIX_PATH=${CMAKE_PREFIX_PATH}:/home/jw/robot/ros_ws/install/exa_robot:/opt/ros/galactic /usr/bin/cmake --install /home/jw/robot/ros_ws/build/velocity_smoother
