[0.063s] Invoking command in '/home/jw/robot/ros_ws/build/realsense2_description': CMAKE_PREFIX_PATH=/home/jw/robot/ros_ws/install/realsense2_camera_msgs:/home/jw/robot/ros_ws/install/ydlidar_ros2_driver:/home/jw/robot/ros_ws/install/velocity_smoother:/home/jw/robot/ros_ws/install/urg_node:/home/jw/robot/ros_ws/install/teb_local_planner:/home/jw/robot/ros_ws/install/teb_msgs:/home/jw/robot/ros_ws/install/realsense2_description:/home/jw/robot/ros_ws/install/realsense2_camera:/home/jw/robot/ros_ws/install/costmap_converter:/home/jw/robot/ros_ws/install/costmap_converter_msgs:/home/jw/robot/ros_ws/install/exa_robot:/opt/ros/galactic LD_LIBRARY_PATH=/home/jw/robot/ros_ws/install/realsense2_camera_msgs/lib:/home/jw/robot/ros_ws/install/velocity_smoother/lib:/home/jw/robot/ros_ws/install/urg_node/lib:/home/jw/robot/ros_ws/install/teb_local_planner/lib:/home/jw/robot/ros_ws/install/teb_msgs/lib:/home/jw/robot/ros_ws/install/realsense2_camera/lib:/home/jw/robot/ros_ws/install/costmap_converter/lib:/home/jw/robot/ros_ws/install/costmap_converter_msgs/lib:/opt/ros/galactic/opt/yaml_cpp_vendor/lib:/opt/ros/galactic/opt/rviz_ogre_vendor/lib:/opt/ros/galactic/lib/x86_64-linux-gnu:/opt/ros/galactic/lib PYTHONPATH=/home/jw/robot/ros_ws/install/realsense2_camera_msgs/lib/python3.8/site-packages:/home/jw/robot/ros_ws/install/teb_msgs/lib/python3.8/site-packages:/home/jw/robot/ros_ws/install/exa_robot/lib/python3.8/site-packages:/home/jw/robot/ros_ws/install/costmap_converter_msgs/lib/python3.8/site-packages:/opt/ros/galactic/lib/python3.8/site-packages /usr/bin/cmake --build /home/jw/robot/ros_ws/build/realsense2_description -- -j12 -l12
[0.131s] Invoked command in '/home/jw/robot/ros_ws/build/realsense2_description' returned '0': CMAKE_PREFIX_PATH=/home/jw/robot/ros_ws/install/realsense2_camera_msgs:/home/jw/robot/ros_ws/install/ydlidar_ros2_driver:/home/jw/robot/ros_ws/install/velocity_smoother:/home/jw/robot/ros_ws/install/urg_node:/home/jw/robot/ros_ws/install/teb_local_planner:/home/jw/robot/ros_ws/install/teb_msgs:/home/jw/robot/ros_ws/install/realsense2_description:/home/jw/robot/ros_ws/install/realsense2_camera:/home/jw/robot/ros_ws/install/costmap_converter:/home/jw/robot/ros_ws/install/costmap_converter_msgs:/home/jw/robot/ros_ws/install/exa_robot:/opt/ros/galactic LD_LIBRARY_PATH=/home/jw/robot/ros_ws/install/realsense2_camera_msgs/lib:/home/jw/robot/ros_ws/install/velocity_smoother/lib:/home/jw/robot/ros_ws/install/urg_node/lib:/home/jw/robot/ros_ws/install/teb_local_planner/lib:/home/jw/robot/ros_ws/install/teb_msgs/lib:/home/jw/robot/ros_ws/install/realsense2_camera/lib:/home/jw/robot/ros_ws/install/costmap_converter/lib:/home/jw/robot/ros_ws/install/costmap_converter_msgs/lib:/opt/ros/galactic/opt/yaml_cpp_vendor/lib:/opt/ros/galactic/opt/rviz_ogre_vendor/lib:/opt/ros/galactic/lib/x86_64-linux-gnu:/opt/ros/galactic/lib PYTHONPATH=/home/jw/robot/ros_ws/install/realsense2_camera_msgs/lib/python3.8/site-packages:/home/jw/robot/ros_ws/install/teb_msgs/lib/python3.8/site-packages:/home/jw/robot/ros_ws/install/exa_robot/lib/python3.8/site-packages:/home/jw/robot/ros_ws/install/costmap_converter_msgs/lib/python3.8/site-packages:/opt/ros/galactic/lib/python3.8/site-packages /usr/bin/cmake --build /home/jw/robot/ros_ws/build/realsense2_description -- -j12 -l12
[0.175s] Invoking command in '/home/jw/robot/ros_ws/build/realsense2_description': CMAKE_PREFIX_PATH=/home/jw/robot/ros_ws/install/realsense2_camera_msgs:/home/jw/robot/ros_ws/install/ydlidar_ros2_driver:/home/jw/robot/ros_ws/install/velocity_smoother:/home/jw/robot/ros_ws/install/urg_node:/home/jw/robot/ros_ws/install/teb_local_planner:/home/jw/robot/ros_ws/install/teb_msgs:/home/jw/robot/ros_ws/install/realsense2_description:/home/jw/robot/ros_ws/install/realsense2_camera:/home/jw/robot/ros_ws/install/costmap_converter:/home/jw/robot/ros_ws/install/costmap_converter_msgs:/home/jw/robot/ros_ws/install/exa_robot:/opt/ros/galactic LD_LIBRARY_PATH=/home/jw/robot/ros_ws/install/realsense2_camera_msgs/lib:/home/jw/robot/ros_ws/install/velocity_smoother/lib:/home/jw/robot/ros_ws/install/urg_node/lib:/home/jw/robot/ros_ws/install/teb_local_planner/lib:/home/jw/robot/ros_ws/install/teb_msgs/lib:/home/jw/robot/ros_ws/install/realsense2_camera/lib:/home/jw/robot/ros_ws/install/costmap_converter/lib:/home/jw/robot/ros_ws/install/costmap_converter_msgs/lib:/opt/ros/galactic/opt/yaml_cpp_vendor/lib:/opt/ros/galactic/opt/rviz_ogre_vendor/lib:/opt/ros/galactic/lib/x86_64-linux-gnu:/opt/ros/galactic/lib PYTHONPATH=/home/jw/robot/ros_ws/install/realsense2_camera_msgs/lib/python3.8/site-packages:/home/jw/robot/ros_ws/install/teb_msgs/lib/python3.8/site-packages:/home/jw/robot/ros_ws/install/exa_robot/lib/python3.8/site-packages:/home/jw/robot/ros_ws/install/costmap_converter_msgs/lib/python3.8/site-packages:/opt/ros/galactic/lib/python3.8/site-packages /usr/bin/cmake --install /home/jw/robot/ros_ws/build/realsense2_description
[0.185s] -- Install configuration: ""
[0.185s] -- Up-to-date: /home/jw/robot/ros_ws/install/realsense2_description/share/realsense2_description/launch
[0.185s] -- Installing: /home/jw/robot/ros_ws/install/realsense2_description/share/realsense2_description/launch/launch_utils.py
[0.185s] -- Installing: /home/jw/robot/ros_ws/install/realsense2_description/share/realsense2_description/launch/view_model.launch.py
[0.185s] -- Up-to-date: /home/jw/robot/ros_ws/install/realsense2_description/share/realsense2_description/meshes
[0.186s] -- Installing: /home/jw/robot/ros_ws/install/realsense2_description/share/realsense2_description/meshes/d415.stl
[0.230s] -- Installing: /home/jw/robot/ros_ws/install/realsense2_description/share/realsense2_description/meshes/plug.stl
[0.231s] -- Installing: /home/jw/robot/ros_ws/install/realsense2_description/share/realsense2_description/meshes/d435.dae
[0.267s] -- Installing: /home/jw/robot/ros_ws/install/realsense2_description/share/realsense2_description/meshes/l515.dae
[0.340s] -- Installing: /home/jw/robot/ros_ws/install/realsense2_description/share/realsense2_description/meshes/plug_collision.stl
[0.341s] -- Installing: /home/jw/robot/ros_ws/install/realsense2_description/share/realsense2_description/meshes/d455.stl
[0.346s] -- Up-to-date: /home/jw/robot/ros_ws/install/realsense2_description/share/realsense2_description/rviz
[0.347s] -- Installing: /home/jw/robot/ros_ws/install/realsense2_description/share/realsense2_description/rviz/urdf.rviz
[0.347s] -- Up-to-date: /home/jw/robot/ros_ws/install/realsense2_description/share/realsense2_description/urdf
[0.347s] -- Installing: /home/jw/robot/ros_ws/install/realsense2_description/share/realsense2_description/urdf/test_d435i_camera.urdf.xacro
[0.348s] -- Installing: /home/jw/robot/ros_ws/install/realsense2_description/share/realsense2_description/urdf/test_r430_camera.urdf.xacro
[0.348s] -- Installing: /home/jw/robot/ros_ws/install/realsense2_description/share/realsense2_description/urdf/test_d415_camera.urdf.xacro
[0.348s] -- Installing: /home/jw/robot/ros_ws/install/realsense2_description/share/realsense2_description/urdf/_d435i.urdf.xacro
[0.349s] -- Installing: /home/jw/robot/ros_ws/install/realsense2_description/share/realsense2_description/urdf/test_l515_camera.urdf.xacro
[0.349s] -- Installing: /home/jw/robot/ros_ws/install/realsense2_description/share/realsense2_description/urdf/test_d455_camera.urdf.xacro
[0.349s] -- Installing: /home/jw/robot/ros_ws/install/realsense2_description/share/realsense2_description/urdf/test_r410_camera.urdf.xacro
[0.350s] -- Installing: /home/jw/robot/ros_ws/install/realsense2_description/share/realsense2_description/urdf/_d415.urdf.xacro
[0.350s] -- Installing: /home/jw/robot/ros_ws/install/realsense2_description/share/realsense2_description/urdf/_usb_plug.urdf.xacro
[0.350s] -- Installing: /home/jw/robot/ros_ws/install/realsense2_description/share/realsense2_description/urdf/_l515.urdf.xacro
[0.351s] -- Installing: /home/jw/robot/ros_ws/install/realsense2_description/share/realsense2_description/urdf/_r410.urdf.xacro
[0.352s] -- Installing: /home/jw/robot/ros_ws/install/realsense2_description/share/realsense2_description/urdf/_d435i_imu_modules.urdf.xacro
[0.352s] -- Installing: /home/jw/robot/ros_ws/install/realsense2_description/share/realsense2_description/urdf/_r430.urdf.xacro
[0.352s] -- Installing: /home/jw/robot/ros_ws/install/realsense2_description/share/realsense2_description/urdf/test_d435_multiple_cameras.urdf.xacro
[0.353s] -- Installing: /home/jw/robot/ros_ws/install/realsense2_description/share/realsense2_description/urdf/_d455.urdf.xacro
[0.353s] -- Installing: /home/jw/robot/ros_ws/install/realsense2_description/share/realsense2_description/urdf/_materials.urdf.xacro
[0.353s] -- Installing: /home/jw/robot/ros_ws/install/realsense2_description/share/realsense2_description/urdf/test_d435_camera.urdf.xacro
[0.354s] -- Installing: /home/jw/robot/ros_ws/install/realsense2_description/share/realsense2_description/urdf/_d435.urdf.xacro
[0.354s] -- Up-to-date: /home/jw/robot/ros_ws/install/realsense2_description/share/ament_index/resource_index/package_run_dependencies/realsense2_description
[0.355s] -- Up-to-date: /home/jw/robot/ros_ws/install/realsense2_description/share/ament_index/resource_index/parent_prefix_path/realsense2_description
[0.355s] -- Up-to-date: /home/jw/robot/ros_ws/install/realsense2_description/share/realsense2_description/environment/ament_prefix_path.sh
[0.355s] -- Up-to-date: /home/jw/robot/ros_ws/install/realsense2_description/share/realsense2_description/environment/ament_prefix_path.dsv
[0.355s] -- Up-to-date: /home/jw/robot/ros_ws/install/realsense2_description/share/realsense2_description/environment/path.sh
[0.355s] -- Up-to-date: /home/jw/robot/ros_ws/install/realsense2_description/share/realsense2_description/environment/path.dsv
[0.356s] -- Up-to-date: /home/jw/robot/ros_ws/install/realsense2_description/share/realsense2_description/local_setup.bash
[0.356s] -- Up-to-date: /home/jw/robot/ros_ws/install/realsense2_description/share/realsense2_description/local_setup.sh
[0.356s] -- Up-to-date: /home/jw/robot/ros_ws/install/realsense2_description/share/realsense2_description/local_setup.zsh
[0.356s] -- Up-to-date: /home/jw/robot/ros_ws/install/realsense2_description/share/realsense2_description/local_setup.dsv
[0.356s] -- Installing: /home/jw/robot/ros_ws/install/realsense2_description/share/realsense2_description/package.dsv
[0.357s] -- Up-to-date: /home/jw/robot/ros_ws/install/realsense2_description/share/ament_index/resource_index/packages/realsense2_description
[0.357s] -- Up-to-date: /home/jw/robot/ros_ws/install/realsense2_description/share/realsense2_description/cmake/realsense2_descriptionConfig.cmake
[0.358s] -- Up-to-date: /home/jw/robot/ros_ws/install/realsense2_description/share/realsense2_description/cmake/realsense2_descriptionConfig-version.cmake
[0.358s] -- Installing: /home/jw/robot/ros_ws/install/realsense2_description/share/realsense2_description/package.xml
[0.365s] Invoked command in '/home/jw/robot/ros_ws/build/realsense2_description' returned '0': CMAKE_PREFIX_PATH=/home/jw/robot/ros_ws/install/realsense2_camera_msgs:/home/jw/robot/ros_ws/install/ydlidar_ros2_driver:/home/jw/robot/ros_ws/install/velocity_smoother:/home/jw/robot/ros_ws/install/urg_node:/home/jw/robot/ros_ws/install/teb_local_planner:/home/jw/robot/ros_ws/install/teb_msgs:/home/jw/robot/ros_ws/install/realsense2_description:/home/jw/robot/ros_ws/install/realsense2_camera:/home/jw/robot/ros_ws/install/costmap_converter:/home/jw/robot/ros_ws/install/costmap_converter_msgs:/home/jw/robot/ros_ws/install/exa_robot:/opt/ros/galactic LD_LIBRARY_PATH=/home/jw/robot/ros_ws/install/realsense2_camera_msgs/lib:/home/jw/robot/ros_ws/install/velocity_smoother/lib:/home/jw/robot/ros_ws/install/urg_node/lib:/home/jw/robot/ros_ws/install/teb_local_planner/lib:/home/jw/robot/ros_ws/install/teb_msgs/lib:/home/jw/robot/ros_ws/install/realsense2_camera/lib:/home/jw/robot/ros_ws/install/costmap_converter/lib:/home/jw/robot/ros_ws/install/costmap_converter_msgs/lib:/opt/ros/galactic/opt/yaml_cpp_vendor/lib:/opt/ros/galactic/opt/rviz_ogre_vendor/lib:/opt/ros/galactic/lib/x86_64-linux-gnu:/opt/ros/galactic/lib PYTHONPATH=/home/jw/robot/ros_ws/install/realsense2_camera_msgs/lib/python3.8/site-packages:/home/jw/robot/ros_ws/install/teb_msgs/lib/python3.8/site-packages:/home/jw/robot/ros_ws/install/exa_robot/lib/python3.8/site-packages:/home/jw/robot/ros_ws/install/costmap_converter_msgs/lib/python3.8/site-packages:/opt/ros/galactic/lib/python3.8/site-packages /usr/bin/cmake --install /home/jw/robot/ros_ws/build/realsense2_description
