[0.557s] Invoking command in '/home/jw/robot/ros_ws/build/urg_node': CMAKE_PREFIX_PATH=${CMAKE_PREFIX_PATH}:/home/jw/robot/ros_ws/install/exa_robot:/opt/ros/galactic /usr/bin/cmake --build /home/jw/robot/ros_ws/build/urg_node -- -j12 -l12
[0.680s] [ 28%] Built target urg_node_driver
[0.688s] [ 71%] Built target urg_node
[0.727s] [100%] Built target getID
[0.805s] Invoked command in '/home/jw/robot/ros_ws/build/urg_node' returned '0': CMAKE_PREFIX_PATH=${CMAKE_PREFIX_PATH}:/home/jw/robot/ros_ws/install/exa_robot:/opt/ros/galactic /usr/bin/cmake --build /home/jw/robot/ros_ws/build/urg_node -- -j12 -l12
[0.954s] Invoking command in '/home/jw/robot/ros_ws/build/urg_node': CMAKE_PREFIX_PATH=${CMAKE_PREFIX_PATH}:/home/jw/robot/ros_ws/install/exa_robot:/opt/ros/galactic /usr/bin/cmake --install /home/jw/robot/ros_ws/build/urg_node
[0.987s] -- Install configuration: ""
[0.988s] -- Up-to-date: /home/jw/robot/ros_ws/install/urg_node/lib/urg_node/urg_node_driver
[0.995s] -- Up-to-date: /home/jw/robot/ros_ws/install/urg_node/lib/liburg_node.so
[1.004s] -- Up-to-date: /home/jw/robot/ros_ws/install/urg_node/lib/urg_node/getID
[1.004s] -- Up-to-date: /home/jw/robot/ros_ws/install/urg_node/include
[1.005s] -- Up-to-date: /home/jw/robot/ros_ws/install/urg_node/include/urg_node
[1.005s] -- Up-to-date: /home/jw/robot/ros_ws/install/urg_node/include/urg_node/urg_node.hpp
[1.005s] -- Up-to-date: /home/jw/robot/ros_ws/install/urg_node/include/urg_node/urg_c_wrapper.hpp
[1.005s] -- Up-to-date: /home/jw/robot/ros_ws/install/urg_node/lib/urg_node/set_urg_ip.py
[1.005s] -- Up-to-date: /home/jw/robot/ros_ws/install/urg_node/share/urg_node/launch
[1.005s] -- Up-to-date: /home/jw/robot/ros_ws/install/urg_node/share/urg_node/launch/hokuyo_laser.urdf
[1.006s] -- Up-to-date: /home/jw/robot/ros_ws/install/urg_node/share/urg_node/launch/urg_node_serial.yaml
[1.006s] -- Up-to-date: /home/jw/robot/ros_ws/install/urg_node/share/urg_node/launch/urg_node_launch.py
[1.006s] -- Up-to-date: /home/jw/robot/ros_ws/install/urg_node/share/urg_node/launch/urg_lidar.launch
[1.006s] -- Up-to-date: /home/jw/robot/ros_ws/install/urg_node/share/urg_node/launch/urg_node_ethernet.yaml
[1.006s] -- Up-to-date: /home/jw/robot/ros_ws/install/urg_node/share/urg_node/environment/library_path.sh
[1.007s] -- Up-to-date: /home/jw/robot/ros_ws/install/urg_node/share/urg_node/environment/library_path.dsv
[1.007s] -- Up-to-date: /home/jw/robot/ros_ws/install/urg_node/share/ament_index/resource_index/package_run_dependencies/urg_node
[1.007s] -- Up-to-date: /home/jw/robot/ros_ws/install/urg_node/share/ament_index/resource_index/parent_prefix_path/urg_node
[1.007s] -- Up-to-date: /home/jw/robot/ros_ws/install/urg_node/share/urg_node/environment/ament_prefix_path.sh
[1.007s] -- Up-to-date: /home/jw/robot/ros_ws/install/urg_node/share/urg_node/environment/ament_prefix_path.dsv
[1.007s] -- Up-to-date: /home/jw/robot/ros_ws/install/urg_node/share/urg_node/environment/path.sh
[1.008s] -- Up-to-date: /home/jw/robot/ros_ws/install/urg_node/share/urg_node/environment/path.dsv
[1.008s] -- Up-to-date: /home/jw/robot/ros_ws/install/urg_node/share/urg_node/local_setup.bash
[1.008s] -- Up-to-date: /home/jw/robot/ros_ws/install/urg_node/share/urg_node/local_setup.sh
[1.008s] -- Up-to-date: /home/jw/robot/ros_ws/install/urg_node/share/urg_node/local_setup.zsh
[1.008s] -- Up-to-date: /home/jw/robot/ros_ws/install/urg_node/share/urg_node/local_setup.dsv
[1.008s] -- Installing: /home/jw/robot/ros_ws/install/urg_node/share/urg_node/package.dsv
[1.009s] -- Up-to-date: /home/jw/robot/ros_ws/install/urg_node/share/ament_index/resource_index/packages/urg_node
[1.009s] -- Up-to-date: /home/jw/robot/ros_ws/install/urg_node/share/ament_index/resource_index/rclcpp_components/urg_node
[1.014s] -- Up-to-date: /home/jw/robot/ros_ws/install/urg_node/share/urg_node/cmake/ament_cmake_export_dependencies-extras.cmake
[1.014s] -- Up-to-date: /home/jw/robot/ros_ws/install/urg_node/share/urg_node/cmake/ament_cmake_export_include_directories-extras.cmake
[1.015s] -- Up-to-date: /home/jw/robot/ros_ws/install/urg_node/share/urg_node/cmake/ament_cmake_export_libraries-extras.cmake
[1.015s] -- Up-to-date: /home/jw/robot/ros_ws/install/urg_node/share/urg_node/cmake/urg_nodeConfig.cmake
[1.015s] -- Up-to-date: /home/jw/robot/ros_ws/install/urg_node/share/urg_node/cmake/urg_nodeConfig-version.cmake
[1.016s] -- Up-to-date: /home/jw/robot/ros_ws/install/urg_node/share/urg_node/package.xml
[1.104s] Invoked command in '/home/jw/robot/ros_ws/build/urg_node' returned '0': CMAKE_PREFIX_PATH=${CMAKE_PREFIX_PATH}:/home/jw/robot/ros_ws/install/exa_robot:/opt/ros/galactic /usr/bin/cmake --install /home/jw/robot/ros_ws/build/urg_node
