[0.078s] Invoking command in '/home/jw/robot/ros_ws/build/teb_msgs': CMAKE_PREFIX_PATH=/home/jw/robot/ros_ws/install/costmap_converter_msgs:/home/jw/robot/ros_ws/install/ydlidar_ros2_driver:/home/jw/robot/ros_ws/install/velocity_smoother:/home/jw/robot/ros_ws/install/urg_node:/home/jw/robot/ros_ws/install/teb_local_planner:/home/jw/robot/ros_ws/install/teb_msgs:/home/jw/robot/ros_ws/install/realsense2_description:/home/jw/robot/ros_ws/install/realsense2_camera:/home/jw/robot/ros_ws/install/realsense2_camera_msgs:/home/jw/robot/ros_ws/install/costmap_converter:/home/jw/robot/ros_ws/install/exa_robot:/opt/ros/galactic LD_LIBRARY_PATH=/home/jw/robot/ros_ws/install/costmap_converter_msgs/lib:/home/jw/robot/ros_ws/install/velocity_smoother/lib:/home/jw/robot/ros_ws/install/urg_node/lib:/home/jw/robot/ros_ws/install/teb_local_planner/lib:/home/jw/robot/ros_ws/install/teb_msgs/lib:/home/jw/robot/ros_ws/install/realsense2_camera/lib:/home/jw/robot/ros_ws/install/realsense2_camera_msgs/lib:/home/jw/robot/ros_ws/install/costmap_converter/lib:/opt/ros/galactic/opt/yaml_cpp_vendor/lib:/opt/ros/galactic/opt/rviz_ogre_vendor/lib:/opt/ros/galactic/lib/x86_64-linux-gnu:/opt/ros/galactic/lib PYTHONPATH=/home/jw/robot/ros_ws/install/costmap_converter_msgs/lib/python3.8/site-packages:/home/jw/robot/ros_ws/install/teb_msgs/lib/python3.8/site-packages:/home/jw/robot/ros_ws/install/realsense2_camera_msgs/lib/python3.8/site-packages:/home/jw/robot/ros_ws/install/exa_robot/lib/python3.8/site-packages:/opt/ros/galactic/lib/python3.8/site-packages /usr/bin/cmake --build /home/jw/robot/ros_ws/build/teb_msgs -- -j12 -l12
[0.181s] [ 10%] Built target teb_msgs__rosidl_generator_c
[0.184s] [ 12%] Built target teb_msgs__cpp
[0.280s] [ 23%] Built target teb_msgs__rosidl_typesupport_c
[0.280s] [ 34%] Built target teb_msgs__rosidl_typesupport_introspection_cpp
[0.281s] [ 44%] Built target teb_msgs__rosidl_typesupport_cpp
[0.286s] [ 55%] Built target teb_msgs__rosidl_typesupport_introspection_c
[0.298s] [ 65%] Built target teb_msgs__rosidl_typesupport_fastrtps_cpp
[0.367s] [ 76%] Built target teb_msgs__rosidl_typesupport_fastrtps_c
[0.416s] [ 76%] Built target teb_msgs
[0.455s] [ 78%] Built target teb_msgs__py
[0.512s] [ 87%] Built target teb_msgs__python
[0.566s] [ 91%] Built target teb_msgs__rosidl_typesupport_fastrtps_c__pyext
[0.567s] [ 95%] Built target teb_msgs__rosidl_typesupport_introspection_c__pyext
[0.567s] [100%] Built target teb_msgs__rosidl_typesupport_c__pyext
[0.653s] Invoked command in '/home/jw/robot/ros_ws/build/teb_msgs' returned '0': CMAKE_PREFIX_PATH=/home/jw/robot/ros_ws/install/costmap_converter_msgs:/home/jw/robot/ros_ws/install/ydlidar_ros2_driver:/home/jw/robot/ros_ws/install/velocity_smoother:/home/jw/robot/ros_ws/install/urg_node:/home/jw/robot/ros_ws/install/teb_local_planner:/home/jw/robot/ros_ws/install/teb_msgs:/home/jw/robot/ros_ws/install/realsense2_description:/home/jw/robot/ros_ws/install/realsense2_camera:/home/jw/robot/ros_ws/install/realsense2_camera_msgs:/home/jw/robot/ros_ws/install/costmap_converter:/home/jw/robot/ros_ws/install/exa_robot:/opt/ros/galactic LD_LIBRARY_PATH=/home/jw/robot/ros_ws/install/costmap_converter_msgs/lib:/home/jw/robot/ros_ws/install/velocity_smoother/lib:/home/jw/robot/ros_ws/install/urg_node/lib:/home/jw/robot/ros_ws/install/teb_local_planner/lib:/home/jw/robot/ros_ws/install/teb_msgs/lib:/home/jw/robot/ros_ws/install/realsense2_camera/lib:/home/jw/robot/ros_ws/install/realsense2_camera_msgs/lib:/home/jw/robot/ros_ws/install/costmap_converter/lib:/opt/ros/galactic/opt/yaml_cpp_vendor/lib:/opt/ros/galactic/opt/rviz_ogre_vendor/lib:/opt/ros/galactic/lib/x86_64-linux-gnu:/opt/ros/galactic/lib PYTHONPATH=/home/jw/robot/ros_ws/install/costmap_converter_msgs/lib/python3.8/site-packages:/home/jw/robot/ros_ws/install/teb_msgs/lib/python3.8/site-packages:/home/jw/robot/ros_ws/install/realsense2_camera_msgs/lib/python3.8/site-packages:/home/jw/robot/ros_ws/install/exa_robot/lib/python3.8/site-packages:/opt/ros/galactic/lib/python3.8/site-packages /usr/bin/cmake --build /home/jw/robot/ros_ws/build/teb_msgs -- -j12 -l12
[0.829s] Invoking command in '/home/jw/robot/ros_ws/build/teb_msgs': CMAKE_PREFIX_PATH=/home/jw/robot/ros_ws/install/costmap_converter_msgs:/home/jw/robot/ros_ws/install/ydlidar_ros2_driver:/home/jw/robot/ros_ws/install/velocity_smoother:/home/jw/robot/ros_ws/install/urg_node:/home/jw/robot/ros_ws/install/teb_local_planner:/home/jw/robot/ros_ws/install/teb_msgs:/home/jw/robot/ros_ws/install/realsense2_description:/home/jw/robot/ros_ws/install/realsense2_camera:/home/jw/robot/ros_ws/install/realsense2_camera_msgs:/home/jw/robot/ros_ws/install/costmap_converter:/home/jw/robot/ros_ws/install/exa_robot:/opt/ros/galactic LD_LIBRARY_PATH=/home/jw/robot/ros_ws/install/costmap_converter_msgs/lib:/home/jw/robot/ros_ws/install/velocity_smoother/lib:/home/jw/robot/ros_ws/install/urg_node/lib:/home/jw/robot/ros_ws/install/teb_local_planner/lib:/home/jw/robot/ros_ws/install/teb_msgs/lib:/home/jw/robot/ros_ws/install/realsense2_camera/lib:/home/jw/robot/ros_ws/install/realsense2_camera_msgs/lib:/home/jw/robot/ros_ws/install/costmap_converter/lib:/opt/ros/galactic/opt/yaml_cpp_vendor/lib:/opt/ros/galactic/opt/rviz_ogre_vendor/lib:/opt/ros/galactic/lib/x86_64-linux-gnu:/opt/ros/galactic/lib PYTHONPATH=/home/jw/robot/ros_ws/install/costmap_converter_msgs/lib/python3.8/site-packages:/home/jw/robot/ros_ws/install/teb_msgs/lib/python3.8/site-packages:/home/jw/robot/ros_ws/install/realsense2_camera_msgs/lib/python3.8/site-packages:/home/jw/robot/ros_ws/install/exa_robot/lib/python3.8/site-packages:/opt/ros/galactic/lib/python3.8/site-packages /usr/bin/cmake --install /home/jw/robot/ros_ws/build/teb_msgs
[0.879s] -- Install configuration: ""
[0.880s] -- Up-to-date: /home/jw/robot/ros_ws/install/teb_msgs/share/ament_index/resource_index/rosidl_interfaces/teb_msgs
[0.880s] -- Up-to-date: /home/jw/robot/ros_ws/install/teb_msgs/include/teb_msgs
[0.880s] -- Up-to-date: /home/jw/robot/ros_ws/install/teb_msgs/include/teb_msgs/msg
[0.880s] -- Up-to-date: /home/jw/robot/ros_ws/install/teb_msgs/include/teb_msgs/msg/trajectory_point_msg.h
[0.880s] -- Up-to-date: /home/jw/robot/ros_ws/install/teb_msgs/include/teb_msgs/msg/rosidl_generator_c__visibility_control.h
[0.880s] -- Up-to-date: /home/jw/robot/ros_ws/install/teb_msgs/include/teb_msgs/msg/trajectory_msg.h
[0.880s] -- Up-to-date: /home/jw/robot/ros_ws/install/teb_msgs/include/teb_msgs/msg/feedback_msg.h
[0.881s] -- Up-to-date: /home/jw/robot/ros_ws/install/teb_msgs/include/teb_msgs/msg/detail
[0.881s] -- Up-to-date: /home/jw/robot/ros_ws/install/teb_msgs/include/teb_msgs/msg/detail/trajectory_point_msg__type_support.h
[0.881s] -- Up-to-date: /home/jw/robot/ros_ws/install/teb_msgs/include/teb_msgs/msg/detail/feedback_msg__functions.c
[0.881s] -- Up-to-date: /home/jw/robot/ros_ws/install/teb_msgs/include/teb_msgs/msg/detail/feedback_msg__functions.h
[0.881s] -- Up-to-date: /home/jw/robot/ros_ws/install/teb_msgs/include/teb_msgs/msg/detail/trajectory_msg__type_support.h
[0.881s] -- Up-to-date: /home/jw/robot/ros_ws/install/teb_msgs/include/teb_msgs/msg/detail/trajectory_point_msg__functions.c
[0.882s] -- Up-to-date: /home/jw/robot/ros_ws/install/teb_msgs/include/teb_msgs/msg/detail/feedback_msg__type_support.h
[0.882s] -- Up-to-date: /home/jw/robot/ros_ws/install/teb_msgs/include/teb_msgs/msg/detail/trajectory_msg__functions.c
[0.882s] -- Up-to-date: /home/jw/robot/ros_ws/install/teb_msgs/include/teb_msgs/msg/detail/trajectory_point_msg__struct.h
[0.882s] -- Up-to-date: /home/jw/robot/ros_ws/install/teb_msgs/include/teb_msgs/msg/detail/trajectory_point_msg__functions.h
[0.882s] -- Up-to-date: /home/jw/robot/ros_ws/install/teb_msgs/include/teb_msgs/msg/detail/trajectory_msg__struct.h
[0.882s] -- Up-to-date: /home/jw/robot/ros_ws/install/teb_msgs/include/teb_msgs/msg/detail/feedback_msg__struct.h
[0.883s] -- Up-to-date: /home/jw/robot/ros_ws/install/teb_msgs/include/teb_msgs/msg/detail/trajectory_msg__functions.h
[0.883s] -- Up-to-date: /home/jw/robot/ros_ws/install/teb_msgs/share/teb_msgs/environment/library_path.sh
[0.883s] -- Up-to-date: /home/jw/robot/ros_ws/install/teb_msgs/share/teb_msgs/environment/library_path.dsv
[0.883s] -- Up-to-date: /home/jw/robot/ros_ws/install/teb_msgs/lib/libteb_msgs__rosidl_generator_c.so
[0.883s] -- Up-to-date: /home/jw/robot/ros_ws/install/teb_msgs/include/teb_msgs
[0.883s] -- Up-to-date: /home/jw/robot/ros_ws/install/teb_msgs/include/teb_msgs/msg
[0.884s] -- Up-to-date: /home/jw/robot/ros_ws/install/teb_msgs/include/teb_msgs/msg/detail
[0.884s] -- Up-to-date: /home/jw/robot/ros_ws/install/teb_msgs/include/teb_msgs/msg/detail/trajectory_msg__rosidl_typesupport_fastrtps_c.h
[0.884s] -- Up-to-date: /home/jw/robot/ros_ws/install/teb_msgs/include/teb_msgs/msg/detail/feedback_msg__rosidl_typesupport_fastrtps_c.h
[0.884s] -- Up-to-date: /home/jw/robot/ros_ws/install/teb_msgs/include/teb_msgs/msg/detail/trajectory_point_msg__rosidl_typesupport_fastrtps_c.h
[0.884s] -- Up-to-date: /home/jw/robot/ros_ws/install/teb_msgs/include/teb_msgs/msg/rosidl_typesupport_fastrtps_c__visibility_control.h
[0.884s] -- Up-to-date: /home/jw/robot/ros_ws/install/teb_msgs/lib/libteb_msgs__rosidl_typesupport_fastrtps_c.so
[0.885s] -- Up-to-date: /home/jw/robot/ros_ws/install/teb_msgs/include/teb_msgs
[0.885s] -- Up-to-date: /home/jw/robot/ros_ws/install/teb_msgs/include/teb_msgs/msg
[0.885s] -- Up-to-date: /home/jw/robot/ros_ws/install/teb_msgs/include/teb_msgs/msg/detail
[0.885s] -- Up-to-date: /home/jw/robot/ros_ws/install/teb_msgs/include/teb_msgs/msg/detail/dds_fastrtps
[0.885s] -- Up-to-date: /home/jw/robot/ros_ws/install/teb_msgs/include/teb_msgs/msg/detail/trajectory_msg__rosidl_typesupport_fastrtps_cpp.hpp
[0.885s] -- Up-to-date: /home/jw/robot/ros_ws/install/teb_msgs/include/teb_msgs/msg/detail/feedback_msg__rosidl_typesupport_fastrtps_cpp.hpp
[0.886s] -- Up-to-date: /home/jw/robot/ros_ws/install/teb_msgs/include/teb_msgs/msg/detail/trajectory_point_msg__rosidl_typesupport_fastrtps_cpp.hpp
[0.886s] -- Up-to-date: /home/jw/robot/ros_ws/install/teb_msgs/include/teb_msgs/msg/rosidl_typesupport_fastrtps_cpp__visibility_control.h
[0.886s] -- Up-to-date: /home/jw/robot/ros_ws/install/teb_msgs/lib/libteb_msgs__rosidl_typesupport_fastrtps_cpp.so
[0.886s] -- Up-to-date: /home/jw/robot/ros_ws/install/teb_msgs/include/teb_msgs
[0.886s] -- Up-to-date: /home/jw/robot/ros_ws/install/teb_msgs/include/teb_msgs/msg
[0.886s] -- Up-to-date: /home/jw/robot/ros_ws/install/teb_msgs/include/teb_msgs/msg/detail
[0.886s] -- Up-to-date: /home/jw/robot/ros_ws/install/teb_msgs/include/teb_msgs/msg/detail/feedback_msg__rosidl_typesupport_introspection_c.h
[0.887s] -- Up-to-date: /home/jw/robot/ros_ws/install/teb_msgs/include/teb_msgs/msg/detail/feedback_msg__type_support.c
[0.887s] -- Up-to-date: /home/jw/robot/ros_ws/install/teb_msgs/include/teb_msgs/msg/detail/trajectory_msg__rosidl_typesupport_introspection_c.h
[0.887s] -- Up-to-date: /home/jw/robot/ros_ws/install/teb_msgs/include/teb_msgs/msg/detail/trajectory_point_msg__type_support.c
[0.887s] -- Up-to-date: /home/jw/robot/ros_ws/install/teb_msgs/include/teb_msgs/msg/detail/trajectory_point_msg__rosidl_typesupport_introspection_c.h
[0.887s] -- Up-to-date: /home/jw/robot/ros_ws/install/teb_msgs/include/teb_msgs/msg/detail/trajectory_msg__type_support.c
[0.887s] -- Up-to-date: /home/jw/robot/ros_ws/install/teb_msgs/include/teb_msgs/msg/rosidl_typesupport_introspection_c__visibility_control.h
[0.888s] -- Up-to-date: /home/jw/robot/ros_ws/install/teb_msgs/lib/libteb_msgs__rosidl_typesupport_introspection_c.so
[0.888s] -- Up-to-date: /home/jw/robot/ros_ws/install/teb_msgs/lib/libteb_msgs__rosidl_typesupport_c.so
[0.888s] -- Up-to-date: /home/jw/robot/ros_ws/install/teb_msgs/include/teb_msgs
[0.888s] -- Up-to-date: /home/jw/robot/ros_ws/install/teb_msgs/include/teb_msgs/msg
[0.888s] -- Up-to-date: /home/jw/robot/ros_ws/install/teb_msgs/include/teb_msgs/msg/feedback_msg.hpp
[0.888s] -- Up-to-date: /home/jw/robot/ros_ws/install/teb_msgs/include/teb_msgs/msg/detail
[0.889s] -- Up-to-date: /home/jw/robot/ros_ws/install/teb_msgs/include/teb_msgs/msg/detail/trajectory_msg__builder.hpp
[0.889s] -- Up-to-date: /home/jw/robot/ros_ws/install/teb_msgs/include/teb_msgs/msg/detail/feedback_msg__builder.hpp
[0.889s] -- Up-to-date: /home/jw/robot/ros_ws/install/teb_msgs/include/teb_msgs/msg/detail/trajectory_point_msg__builder.hpp
[0.889s] -- Up-to-date: /home/jw/robot/ros_ws/install/teb_msgs/include/teb_msgs/msg/detail/trajectory_msg__struct.hpp
[0.889s] -- Up-to-date: /home/jw/robot/ros_ws/install/teb_msgs/include/teb_msgs/msg/detail/trajectory_point_msg__struct.hpp
[0.889s] -- Up-to-date: /home/jw/robot/ros_ws/install/teb_msgs/include/teb_msgs/msg/detail/trajectory_point_msg__traits.hpp
[0.890s] -- Up-to-date: /home/jw/robot/ros_ws/install/teb_msgs/include/teb_msgs/msg/detail/feedback_msg__struct.hpp
[0.890s] -- Up-to-date: /home/jw/robot/ros_ws/install/teb_msgs/include/teb_msgs/msg/detail/feedback_msg__traits.hpp
[0.890s] -- Up-to-date: /home/jw/robot/ros_ws/install/teb_msgs/include/teb_msgs/msg/detail/trajectory_msg__traits.hpp
[0.890s] -- Up-to-date: /home/jw/robot/ros_ws/install/teb_msgs/include/teb_msgs/msg/trajectory_msg.hpp
[0.890s] -- Up-to-date: /home/jw/robot/ros_ws/install/teb_msgs/include/teb_msgs/msg/trajectory_point_msg.hpp
[0.890s] -- Up-to-date: /home/jw/robot/ros_ws/install/teb_msgs/include/teb_msgs
[0.891s] -- Up-to-date: /home/jw/robot/ros_ws/install/teb_msgs/include/teb_msgs/msg
[0.891s] -- Up-to-date: /home/jw/robot/ros_ws/install/teb_msgs/include/teb_msgs/msg/detail
[0.891s] -- Up-to-date: /home/jw/robot/ros_ws/install/teb_msgs/include/teb_msgs/msg/detail/trajectory_point_msg__type_support.cpp
[0.891s] -- Up-to-date: /home/jw/robot/ros_ws/install/teb_msgs/include/teb_msgs/msg/detail/trajectory_point_msg__rosidl_typesupport_introspection_cpp.hpp
[0.891s] -- Up-to-date: /home/jw/robot/ros_ws/install/teb_msgs/include/teb_msgs/msg/detail/feedback_msg__rosidl_typesupport_introspection_cpp.hpp
[0.892s] -- Up-to-date: /home/jw/robot/ros_ws/install/teb_msgs/include/teb_msgs/msg/detail/trajectory_msg__rosidl_typesupport_introspection_cpp.hpp
[0.892s] -- Up-to-date: /home/jw/robot/ros_ws/install/teb_msgs/include/teb_msgs/msg/detail/feedback_msg__type_support.cpp
[0.892s] -- Up-to-date: /home/jw/robot/ros_ws/install/teb_msgs/include/teb_msgs/msg/detail/trajectory_msg__type_support.cpp
[0.892s] -- Up-to-date: /home/jw/robot/ros_ws/install/teb_msgs/lib/libteb_msgs__rosidl_typesupport_introspection_cpp.so
[0.892s] -- Up-to-date: /home/jw/robot/ros_ws/install/teb_msgs/lib/libteb_msgs__rosidl_typesupport_cpp.so
[0.892s] -- Up-to-date: /home/jw/robot/ros_ws/install/teb_msgs/share/teb_msgs/environment/pythonpath.sh
[0.893s] -- Up-to-date: /home/jw/robot/ros_ws/install/teb_msgs/share/teb_msgs/environment/pythonpath.dsv
[0.893s] -- Up-to-date: /home/jw/robot/ros_ws/install/teb_msgs/lib/python3.8/site-packages/teb_msgs/__init__.py
[0.925s] -- Up-to-date: /home/jw/robot/ros_ws/install/teb_msgs/lib/python3.8/site-packages/teb_msgs/msg
[0.925s] -- Up-to-date: /home/jw/robot/ros_ws/install/teb_msgs/lib/python3.8/site-packages/teb_msgs/msg/_trajectory_point_msg.py
[0.925s] -- Up-to-date: /home/jw/robot/ros_ws/install/teb_msgs/lib/python3.8/site-packages/teb_msgs/msg/_feedback_msg_s.c
[0.926s] -- Up-to-date: /home/jw/robot/ros_ws/install/teb_msgs/lib/python3.8/site-packages/teb_msgs/msg/_trajectory_msg_s.c
[0.926s] -- Up-to-date: /home/jw/robot/ros_ws/install/teb_msgs/lib/python3.8/site-packages/teb_msgs/msg/_trajectory_point_msg_s.c
[0.926s] -- Up-to-date: /home/jw/robot/ros_ws/install/teb_msgs/lib/python3.8/site-packages/teb_msgs/msg/_feedback_msg.py
[0.926s] -- Up-to-date: /home/jw/robot/ros_ws/install/teb_msgs/lib/python3.8/site-packages/teb_msgs/msg/__init__.py
[0.927s] -- Up-to-date: /home/jw/robot/ros_ws/install/teb_msgs/lib/python3.8/site-packages/teb_msgs/msg/_trajectory_msg.py
[0.927s] -- Up-to-date: /home/jw/robot/ros_ws/install/teb_msgs/lib/python3.8/site-packages/teb_msgs/teb_msgs_s__rosidl_typesupport_fastrtps_c.cpython-38-x86_64-linux-gnu.so
[0.927s] -- Up-to-date: /home/jw/robot/ros_ws/install/teb_msgs/lib/python3.8/site-packages/teb_msgs/teb_msgs_s__rosidl_typesupport_introspection_c.cpython-38-x86_64-linux-gnu.so
[0.928s] -- Up-to-date: /home/jw/robot/ros_ws/install/teb_msgs/lib/python3.8/site-packages/teb_msgs/teb_msgs_s__rosidl_typesupport_c.cpython-38-x86_64-linux-gnu.so
[0.928s] -- Up-to-date: /home/jw/robot/ros_ws/install/teb_msgs/lib/libteb_msgs__python.so
[0.929s] -- Up-to-date: /home/jw/robot/ros_ws/install/teb_msgs/share/teb_msgs/msg/FeedbackMsg.idl
[0.929s] -- Up-to-date: /home/jw/robot/ros_ws/install/teb_msgs/share/teb_msgs/msg/TrajectoryMsg.idl
[0.929s] -- Up-to-date: /home/jw/robot/ros_ws/install/teb_msgs/share/teb_msgs/msg/TrajectoryPointMsg.idl
[0.929s] -- Up-to-date: /home/jw/robot/ros_ws/install/teb_msgs/share/teb_msgs/msg/FeedbackMsg.msg
[0.930s] -- Up-to-date: /home/jw/robot/ros_ws/install/teb_msgs/share/teb_msgs/msg/TrajectoryMsg.msg
[0.930s] -- Up-to-date: /home/jw/robot/ros_ws/install/teb_msgs/share/teb_msgs/msg/TrajectoryPointMsg.msg
[0.930s] -- Up-to-date: /home/jw/robot/ros_ws/install/teb_msgs/share/ament_index/resource_index/package_run_dependencies/teb_msgs
[0.930s] -- Up-to-date: /home/jw/robot/ros_ws/install/teb_msgs/share/ament_index/resource_index/parent_prefix_path/teb_msgs
[0.930s] -- Up-to-date: /home/jw/robot/ros_ws/install/teb_msgs/share/teb_msgs/environment/ament_prefix_path.sh
[0.931s] -- Up-to-date: /home/jw/robot/ros_ws/install/teb_msgs/share/teb_msgs/environment/ament_prefix_path.dsv
[0.931s] -- Up-to-date: /home/jw/robot/ros_ws/install/teb_msgs/share/teb_msgs/environment/path.sh
[0.931s] -- Up-to-date: /home/jw/robot/ros_ws/install/teb_msgs/share/teb_msgs/environment/path.dsv
[0.931s] -- Up-to-date: /home/jw/robot/ros_ws/install/teb_msgs/share/teb_msgs/local_setup.bash
[0.931s] -- Up-to-date: /home/jw/robot/ros_ws/install/teb_msgs/share/teb_msgs/local_setup.sh
[0.932s] -- Up-to-date: /home/jw/robot/ros_ws/install/teb_msgs/share/teb_msgs/local_setup.zsh
[0.932s] -- Up-to-date: /home/jw/robot/ros_ws/install/teb_msgs/share/teb_msgs/local_setup.dsv
[0.932s] -- Installing: /home/jw/robot/ros_ws/install/teb_msgs/share/teb_msgs/package.dsv
[0.932s] -- Up-to-date: /home/jw/robot/ros_ws/install/teb_msgs/share/ament_index/resource_index/packages/teb_msgs
[0.932s] -- Up-to-date: /home/jw/robot/ros_ws/install/teb_msgs/share/teb_msgs/cmake/teb_msgs__rosidl_generator_cExport.cmake
[0.933s] -- Up-to-date: /home/jw/robot/ros_ws/install/teb_msgs/share/teb_msgs/cmake/teb_msgs__rosidl_generator_cExport-noconfig.cmake
[0.933s] -- Up-to-date: /home/jw/robot/ros_ws/install/teb_msgs/share/teb_msgs/cmake/teb_msgs__rosidl_typesupport_introspection_cExport.cmake
[0.933s] -- Up-to-date: /home/jw/robot/ros_ws/install/teb_msgs/share/teb_msgs/cmake/teb_msgs__rosidl_typesupport_introspection_cExport-noconfig.cmake
[0.933s] -- Up-to-date: /home/jw/robot/ros_ws/install/teb_msgs/share/teb_msgs/cmake/teb_msgs__rosidl_typesupport_cExport.cmake
[0.933s] -- Up-to-date: /home/jw/robot/ros_ws/install/teb_msgs/share/teb_msgs/cmake/teb_msgs__rosidl_typesupport_cExport-noconfig.cmake
[0.933s] -- Up-to-date: /home/jw/robot/ros_ws/install/teb_msgs/share/teb_msgs/cmake/teb_msgs__rosidl_generator_cppExport.cmake
[0.934s] -- Up-to-date: /home/jw/robot/ros_ws/install/teb_msgs/share/teb_msgs/cmake/teb_msgs__rosidl_typesupport_introspection_cppExport.cmake
[0.934s] -- Up-to-date: /home/jw/robot/ros_ws/install/teb_msgs/share/teb_msgs/cmake/teb_msgs__rosidl_typesupport_introspection_cppExport-noconfig.cmake
[0.934s] -- Up-to-date: /home/jw/robot/ros_ws/install/teb_msgs/share/teb_msgs/cmake/teb_msgs__rosidl_typesupport_cppExport.cmake
[0.934s] -- Up-to-date: /home/jw/robot/ros_ws/install/teb_msgs/share/teb_msgs/cmake/teb_msgs__rosidl_typesupport_cppExport-noconfig.cmake
[0.934s] -- Up-to-date: /home/jw/robot/ros_ws/install/teb_msgs/share/teb_msgs/cmake/rosidl_cmake-extras.cmake
[0.935s] -- Up-to-date: /home/jw/robot/ros_ws/install/teb_msgs/share/teb_msgs/cmake/ament_cmake_export_dependencies-extras.cmake
[0.941s] -- Up-to-date: /home/jw/robot/ros_ws/install/teb_msgs/share/teb_msgs/cmake/ament_cmake_export_libraries-extras.cmake
[0.945s] -- Up-to-date: /home/jw/robot/ros_ws/install/teb_msgs/share/teb_msgs/cmake/ament_cmake_export_targets-extras.cmake
[0.945s] -- Up-to-date: /home/jw/robot/ros_ws/install/teb_msgs/share/teb_msgs/cmake/ament_cmake_export_include_directories-extras.cmake
[0.946s] -- Up-to-date: /home/jw/robot/ros_ws/install/teb_msgs/share/teb_msgs/cmake/rosidl_cmake_export_typesupport_libraries-extras.cmake
[0.946s] -- Up-to-date: /home/jw/robot/ros_ws/install/teb_msgs/share/teb_msgs/cmake/rosidl_cmake_export_typesupport_targets-extras.cmake
[0.946s] -- Up-to-date: /home/jw/robot/ros_ws/install/teb_msgs/share/teb_msgs/cmake/teb_msgsConfig.cmake
[0.947s] -- Up-to-date: /home/jw/robot/ros_ws/install/teb_msgs/share/teb_msgs/cmake/teb_msgsConfig-version.cmake
[0.947s] -- Up-to-date: /home/jw/robot/ros_ws/install/teb_msgs/share/teb_msgs/package.xml
[0.947s] Invoked command in '/home/jw/robot/ros_ws/build/teb_msgs' returned '0': CMAKE_PREFIX_PATH=/home/jw/robot/ros_ws/install/costmap_converter_msgs:/home/jw/robot/ros_ws/install/ydlidar_ros2_driver:/home/jw/robot/ros_ws/install/velocity_smoother:/home/jw/robot/ros_ws/install/urg_node:/home/jw/robot/ros_ws/install/teb_local_planner:/home/jw/robot/ros_ws/install/teb_msgs:/home/jw/robot/ros_ws/install/realsense2_description:/home/jw/robot/ros_ws/install/realsense2_camera:/home/jw/robot/ros_ws/install/realsense2_camera_msgs:/home/jw/robot/ros_ws/install/costmap_converter:/home/jw/robot/ros_ws/install/exa_robot:/opt/ros/galactic LD_LIBRARY_PATH=/home/jw/robot/ros_ws/install/costmap_converter_msgs/lib:/home/jw/robot/ros_ws/install/velocity_smoother/lib:/home/jw/robot/ros_ws/install/urg_node/lib:/home/jw/robot/ros_ws/install/teb_local_planner/lib:/home/jw/robot/ros_ws/install/teb_msgs/lib:/home/jw/robot/ros_ws/install/realsense2_camera/lib:/home/jw/robot/ros_ws/install/realsense2_camera_msgs/lib:/home/jw/robot/ros_ws/install/costmap_converter/lib:/opt/ros/galactic/opt/yaml_cpp_vendor/lib:/opt/ros/galactic/opt/rviz_ogre_vendor/lib:/opt/ros/galactic/lib/x86_64-linux-gnu:/opt/ros/galactic/lib PYTHONPATH=/home/jw/robot/ros_ws/install/costmap_converter_msgs/lib/python3.8/site-packages:/home/jw/robot/ros_ws/install/teb_msgs/lib/python3.8/site-packages:/home/jw/robot/ros_ws/install/realsense2_camera_msgs/lib/python3.8/site-packages:/home/jw/robot/ros_ws/install/exa_robot/lib/python3.8/site-packages:/opt/ros/galactic/lib/python3.8/site-packages /usr/bin/cmake --install /home/jw/robot/ros_ws/build/teb_msgs
