[0.066s] Invoking command in '/home/jw/robot/ros_ws/build/realsense2_camera_msgs': CMAKE_PREFIX_PATH=${CMAKE_PREFIX_PATH}:/home/jw/robot/ros_ws/install/exa_robot:/opt/ros/galactic /usr/bin/cmake /home/jw/robot/ros_ws/src/ExaRobot_ROS2/realsense-ros/realsense2_camera_msgs -DCMAKE_INSTALL_PREFIX=/home/jw/robot/ros_ws/install/realsense2_camera_msgs
[0.347s] -- The C compiler identification is GNU 9.4.0
[0.348s] -- The CXX compiler identification is GNU 9.4.0
[0.350s] -- Check for working C compiler: /usr/bin/cc
[0.351s] -- Check for working C compiler: /usr/bin/cc -- works
[0.353s] -- Detecting C compiler ABI info
[0.354s] -- Detecting C compiler ABI info - done
[0.357s] -- Detecting C compile features
[0.357s] -- Detecting C compile features - done
[0.357s] -- Check for working CXX compiler: /usr/bin/c++
[0.468s] -- Check for working CXX compiler: /usr/bin/c++ -- works
[0.470s] -- Detecting CXX compiler ABI info
[0.611s] -- Detecting CXX compiler ABI info - done
[0.612s] -- Detecting CXX compile features
[0.613s] -- Detecting CXX compile features - done
[0.613s] -- Found ament_cmake: 1.1.5 (/opt/ros/galactic/share/ament_cmake/cmake)
[0.630s] -- Found PythonInterp: /usr/bin/python3 (found suitable version "3.8.10", minimum required is "3") 
[0.630s] -- Using PYTHON_EXECUTABLE: /usr/bin/python3
[0.747s] -- Found rosidl_default_generators: 1.1.1 (/opt/ros/galactic/share/rosidl_default_generators/cmake)
[0.757s] -- Using all available rosidl_typesupport_c: rosidl_typesupport_fastrtps_c;rosidl_typesupport_introspection_c
[0.769s] -- Found rosidl_adapter: 2.2.2 (/opt/ros/galactic/share/rosidl_adapter/cmake)
[0.936s] -- Found OpenSSL: /usr/lib/x86_64-linux-gnu/libcrypto.so (found version "1.1.1f")  
[0.986s] -- Found FastRTPS: /opt/ros/galactic/include  
[1.126s] -- Using all available rosidl_typesupport_cpp: rosidl_typesupport_fastrtps_cpp;rosidl_typesupport_introspection_cpp
[1.183s] -- Found builtin_interfaces: 1.0.3 (/opt/ros/galactic/share/builtin_interfaces/cmake)
[1.194s] -- Found std_msgs: 2.2.4 (/opt/ros/galactic/share/std_msgs/cmake)
[1.235s] -- Found PythonInterp: /usr/bin/python3 (found version "3.8.10") 
[1.407s] -- Found ament_cmake_cppcheck: 0.10.7 (/opt/ros/galactic/share/ament_cmake_cppcheck/cmake)
[1.410s] -- Found ament_cmake_cpplint: 0.10.7 (/opt/ros/galactic/share/ament_cmake_cpplint/cmake)
[1.415s] -- Found ament_cmake_uncrustify: 0.10.7 (/opt/ros/galactic/share/ament_cmake_uncrustify/cmake)
[1.416s] -- Found ament_cmake_ros: 0.9.2 (/opt/ros/galactic/share/ament_cmake_ros/cmake)
[1.625s] -- Using all available rosidl_typesupport_c: rosidl_typesupport_fastrtps_c;rosidl_typesupport_introspection_c
[1.695s] -- Using all available rosidl_typesupport_cpp: rosidl_typesupport_fastrtps_cpp;rosidl_typesupport_introspection_cpp
[1.721s] -- Found PythonInterp: /usr/bin/python3 (found suitable version "3.8.10", minimum required is "3.5") 
[1.723s] -- Found python_cmake_module: 0.8.1 (/opt/ros/galactic/share/python_cmake_module/cmake)
[1.749s] -- Found PythonLibs: /usr/lib/x86_64-linux-gnu/libpython3.8.so (found suitable version "3.8.10", minimum required is "3.5") 
[1.749s] -- Using PYTHON_EXECUTABLE: /usr/bin/python3
[1.749s] -- Using PYTHON_INCLUDE_DIRS: /usr/include/python3.8
[1.749s] -- Using PYTHON_LIBRARIES: /usr/lib/x86_64-linux-gnu/libpython3.8.so
[1.768s] -- Found PythonExtra: .so  
[1.830s] -- Found ament_cmake_flake8: 0.10.7 (/opt/ros/galactic/share/ament_cmake_flake8/cmake)
[1.832s] -- Found ament_cmake_pep257: 0.10.7 (/opt/ros/galactic/share/ament_cmake_pep257/cmake)
[1.845s] -- Configuring done
[1.896s] -- Generating done
[1.899s] -- Build files have been written to: /home/jw/robot/ros_ws/build/realsense2_camera_msgs
[1.907s] Invoked command in '/home/jw/robot/ros_ws/build/realsense2_camera_msgs' returned '0': CMAKE_PREFIX_PATH=${CMAKE_PREFIX_PATH}:/home/jw/robot/ros_ws/install/exa_robot:/opt/ros/galactic /usr/bin/cmake /home/jw/robot/ros_ws/src/ExaRobot_ROS2/realsense-ros/realsense2_camera_msgs -DCMAKE_INSTALL_PREFIX=/home/jw/robot/ros_ws/install/realsense2_camera_msgs
[1.910s] Invoking command in '/home/jw/robot/ros_ws/build/realsense2_camera_msgs': CMAKE_PREFIX_PATH=${CMAKE_PREFIX_PATH}:/home/jw/robot/ros_ws/install/exa_robot:/opt/ros/galactic /usr/bin/cmake --build /home/jw/robot/ros_ws/build/realsense2_camera_msgs -- -j12 -l12
[1.952s] [  1%] [34m[1mGenerating C code for ROS interfaces[0m
[1.952s] [35m[1mScanning dependencies of target realsense2_camera_msgs__cpp[0m
[1.963s] [  3%] [34m[1mGenerating C++ code for ROS interfaces[0m
[2.308s] [  3%] Built target realsense2_camera_msgs__cpp
[2.324s] [  5%] [34m[1mGenerating C++ introspection for ROS interfaces[0m
[2.324s] [  7%] [34m[1mGenerating C++ type support dispatch for ROS interfaces[0m
[2.324s] [  9%] [34m[1mGenerating C++ type support for eProsima Fast-RTPS[0m
[2.344s] [35m[1mScanning dependencies of target realsense2_camera_msgs__rosidl_generator_c[0m
[2.361s] [ 12%] [32mBuilding C object CMakeFiles/realsense2_camera_msgs__rosidl_generator_c.dir/rosidl_generator_c/realsense2_camera_msgs/msg/detail/metadata__functions.c.o[0m
[2.361s] [ 12%] [32mBuilding C object CMakeFiles/realsense2_camera_msgs__rosidl_generator_c.dir/rosidl_generator_c/realsense2_camera_msgs/msg/detail/extrinsics__functions.c.o[0m
[2.364s] [ 16%] [32mBuilding C object CMakeFiles/realsense2_camera_msgs__rosidl_generator_c.dir/rosidl_generator_c/realsense2_camera_msgs/srv/detail/device_info__functions.c.o[0m
[2.364s] [ 16%] [32mBuilding C object CMakeFiles/realsense2_camera_msgs__rosidl_generator_c.dir/rosidl_generator_c/realsense2_camera_msgs/msg/detail/imu_info__functions.c.o[0m
[2.442s] [ 18%] [32m[1mLinking C shared library librealsense2_camera_msgs__rosidl_generator_c.so[0m
[2.484s] [ 18%] Built target realsense2_camera_msgs__rosidl_generator_c
[2.495s] [ 21%] [34m[1mGenerating C introspection for ROS interfaces[0m
[2.496s] [ 21%] [34m[1mGenerating C type support dispatch for ROS interfaces[0m
[2.623s] [35m[1mScanning dependencies of target realsense2_camera_msgs__rosidl_typesupport_cpp[0m
[2.640s] [ 23%] [32mBuilding CXX object CMakeFiles/realsense2_camera_msgs__rosidl_typesupport_cpp.dir/rosidl_typesupport_cpp/realsense2_camera_msgs/msg/imu_info__type_support.cpp.o[0m
[2.642s] [ 27%] [32mBuilding CXX object CMakeFiles/realsense2_camera_msgs__rosidl_typesupport_cpp.dir/rosidl_typesupport_cpp/realsense2_camera_msgs/msg/metadata__type_support.cpp.o[0m
[2.643s] [ 27%] [32mBuilding CXX object CMakeFiles/realsense2_camera_msgs__rosidl_typesupport_cpp.dir/rosidl_typesupport_cpp/realsense2_camera_msgs/srv/device_info__type_support.cpp.o[0m
[2.643s] [ 29%] [32mBuilding CXX object CMakeFiles/realsense2_camera_msgs__rosidl_typesupport_cpp.dir/rosidl_typesupport_cpp/realsense2_camera_msgs/msg/extrinsics__type_support.cpp.o[0m
[2.705s] [35m[1mScanning dependencies of target realsense2_camera_msgs__rosidl_typesupport_introspection_cpp[0m
[2.728s] [ 32%] [32mBuilding CXX object CMakeFiles/realsense2_camera_msgs__rosidl_typesupport_introspection_cpp.dir/rosidl_typesupport_introspection_cpp/realsense2_camera_msgs/msg/detail/imu_info__type_support.cpp.o[0m
[2.728s] [ 32%] [32mBuilding CXX object CMakeFiles/realsense2_camera_msgs__rosidl_typesupport_introspection_cpp.dir/rosidl_typesupport_introspection_cpp/realsense2_camera_msgs/msg/detail/extrinsics__type_support.cpp.o[0m
[2.735s] [ 34%] [32mBuilding CXX object CMakeFiles/realsense2_camera_msgs__rosidl_typesupport_introspection_cpp.dir/rosidl_typesupport_introspection_cpp/realsense2_camera_msgs/msg/detail/metadata__type_support.cpp.o[0m
[2.742s] [ 36%] [32mBuilding CXX object CMakeFiles/realsense2_camera_msgs__rosidl_typesupport_introspection_cpp.dir/rosidl_typesupport_introspection_cpp/realsense2_camera_msgs/srv/detail/device_info__type_support.cpp.o[0m
[2.994s] [35m[1mScanning dependencies of target realsense2_camera_msgs__rosidl_typesupport_c[0m
[3.018s] [ 38%] [32mBuilding CXX object CMakeFiles/realsense2_camera_msgs__rosidl_typesupport_c.dir/rosidl_typesupport_c/realsense2_camera_msgs/msg/imu_info__type_support.cpp.o[0m
[3.032s] [ 40%] [32mBuilding CXX object CMakeFiles/realsense2_camera_msgs__rosidl_typesupport_c.dir/rosidl_typesupport_c/realsense2_camera_msgs/msg/extrinsics__type_support.cpp.o[0m
[3.116s] [ 41%] [32mBuilding CXX object CMakeFiles/realsense2_camera_msgs__rosidl_typesupport_c.dir/rosidl_typesupport_c/realsense2_camera_msgs/msg/metadata__type_support.cpp.o[0m
[3.140s] [35m[1mScanning dependencies of target realsense2_camera_msgs__rosidl_typesupport_fastrtps_cpp[0m
[3.141s] [ 43%] [32mBuilding CXX object CMakeFiles/realsense2_camera_msgs__rosidl_typesupport_c.dir/rosidl_typesupport_c/realsense2_camera_msgs/srv/device_info__type_support.cpp.o[0m
[3.167s] [ 45%] [32m[1mLinking CXX shared library librealsense2_camera_msgs__rosidl_typesupport_cpp.so[0m
[3.174s] [ 47%] [32mBuilding CXX object CMakeFiles/realsense2_camera_msgs__rosidl_typesupport_fastrtps_cpp.dir/rosidl_typesupport_fastrtps_cpp/realsense2_camera_msgs/msg/detail/dds_fastrtps/imu_info__type_support.cpp.o[0m
[3.177s] [ 49%] [32mBuilding CXX object CMakeFiles/realsense2_camera_msgs__rosidl_typesupport_fastrtps_cpp.dir/rosidl_typesupport_fastrtps_cpp/realsense2_camera_msgs/msg/detail/dds_fastrtps/extrinsics__type_support.cpp.o[0m
[3.186s] [ 50%] [32mBuilding CXX object CMakeFiles/realsense2_camera_msgs__rosidl_typesupport_fastrtps_cpp.dir/rosidl_typesupport_fastrtps_cpp/realsense2_camera_msgs/msg/detail/dds_fastrtps/metadata__type_support.cpp.o[0m
[3.188s] [35m[1mScanning dependencies of target realsense2_camera_msgs__rosidl_typesupport_introspection_c[0m
[3.194s] [ 52%] [32mBuilding CXX object CMakeFiles/realsense2_camera_msgs__rosidl_typesupport_fastrtps_cpp.dir/rosidl_typesupport_fastrtps_cpp/realsense2_camera_msgs/srv/detail/dds_fastrtps/device_info__type_support.cpp.o[0m
[3.213s] [ 54%] [32mBuilding C object CMakeFiles/realsense2_camera_msgs__rosidl_typesupport_introspection_c.dir/rosidl_typesupport_introspection_c/realsense2_camera_msgs/msg/detail/imu_info__type_support.c.o[0m
[3.237s] [ 56%] [32m[1mLinking CXX shared library librealsense2_camera_msgs__rosidl_typesupport_c.so[0m
[3.250s] [ 58%] [32mBuilding C object CMakeFiles/realsense2_camera_msgs__rosidl_typesupport_introspection_c.dir/rosidl_typesupport_introspection_c/realsense2_camera_msgs/msg/detail/extrinsics__type_support.c.o[0m
[3.264s] [ 58%] Built target realsense2_camera_msgs__rosidl_typesupport_cpp
[3.272s] [ 60%] [32mBuilding C object CMakeFiles/realsense2_camera_msgs__rosidl_typesupport_introspection_c.dir/rosidl_typesupport_introspection_c/realsense2_camera_msgs/msg/detail/metadata__type_support.c.o[0m
[3.282s] [ 61%] [32mBuilding C object CMakeFiles/realsense2_camera_msgs__rosidl_typesupport_introspection_c.dir/rosidl_typesupport_introspection_c/realsense2_camera_msgs/srv/detail/device_info__type_support.c.o[0m
[3.320s] [ 61%] Built target realsense2_camera_msgs__rosidl_typesupport_c
[3.342s] [ 63%] [32m[1mLinking CXX shared library librealsense2_camera_msgs__rosidl_typesupport_introspection_cpp.so[0m
[3.342s] [ 65%] [32m[1mLinking C shared library librealsense2_camera_msgs__rosidl_typesupport_introspection_c.so[0m
[3.380s] [ 65%] Built target realsense2_camera_msgs__rosidl_typesupport_introspection_c
[3.425s] [ 65%] Built target realsense2_camera_msgs__rosidl_typesupport_introspection_cpp
[3.791s] [ 67%] [32m[1mLinking CXX shared library librealsense2_camera_msgs__rosidl_typesupport_fastrtps_cpp.so[0m
[3.873s] [ 67%] Built target realsense2_camera_msgs__rosidl_typesupport_fastrtps_cpp
[3.884s] [ 69%] [34m[1mGenerating C type support for eProsima Fast-RTPS[0m
[4.199s] [35m[1mScanning dependencies of target realsense2_camera_msgs__rosidl_typesupport_fastrtps_c[0m
[4.222s] [ 74%] [32mBuilding CXX object CMakeFiles/realsense2_camera_msgs__rosidl_typesupport_fastrtps_c.dir/rosidl_typesupport_fastrtps_c/realsense2_camera_msgs/msg/detail/imu_info__type_support_c.cpp.o[0m
[4.222s] [ 74%] [32mBuilding CXX object CMakeFiles/realsense2_camera_msgs__rosidl_typesupport_fastrtps_c.dir/rosidl_typesupport_fastrtps_c/realsense2_camera_msgs/msg/detail/extrinsics__type_support_c.cpp.o[0m
[4.222s] [ 74%] [32mBuilding CXX object CMakeFiles/realsense2_camera_msgs__rosidl_typesupport_fastrtps_c.dir/rosidl_typesupport_fastrtps_c/realsense2_camera_msgs/msg/detail/metadata__type_support_c.cpp.o[0m
[4.226s] [ 76%] [32mBuilding CXX object CMakeFiles/realsense2_camera_msgs__rosidl_typesupport_fastrtps_c.dir/rosidl_typesupport_fastrtps_c/realsense2_camera_msgs/srv/detail/device_info__type_support_c.cpp.o[0m
[4.576s] [ 78%] [32m[1mLinking CXX shared library librealsense2_camera_msgs__rosidl_typesupport_fastrtps_c.so[0m
[4.658s] [ 78%] Built target realsense2_camera_msgs__rosidl_typesupport_fastrtps_c
[4.668s] [35m[1mScanning dependencies of target realsense2_camera_msgs[0m
[4.679s] [ 78%] Built target realsense2_camera_msgs
[4.689s] [35m[1mScanning dependencies of target realsense2_camera_msgs__py[0m
[4.700s] [ 80%] [34m[1mGenerating Python code for ROS interfaces[0m
[5.323s] [ 80%] Built target realsense2_camera_msgs__py
[5.333s] [35m[1mScanning dependencies of target realsense2_camera_msgs__python[0m
[5.358s] [ 85%] [32mBuilding C object CMakeFiles/realsense2_camera_msgs__python.dir/rosidl_generator_py/realsense2_camera_msgs/msg/_extrinsics_s.c.o[0m
[5.359s] [ 85%] [32mBuilding C object CMakeFiles/realsense2_camera_msgs__python.dir/rosidl_generator_py/realsense2_camera_msgs/msg/_imu_info_s.c.o[0m
[5.359s] [ 85%] [32mBuilding C object CMakeFiles/realsense2_camera_msgs__python.dir/rosidl_generator_py/realsense2_camera_msgs/msg/_metadata_s.c.o[0m
[5.362s] [ 87%] [32mBuilding C object CMakeFiles/realsense2_camera_msgs__python.dir/rosidl_generator_py/realsense2_camera_msgs/srv/_device_info_s.c.o[0m
[5.453s] [ 89%] [32m[1mLinking C shared library rosidl_generator_py/realsense2_camera_msgs/librealsense2_camera_msgs__python.so[0m
[5.496s] [ 89%] Built target realsense2_camera_msgs__python
[5.507s] [35m[1mScanning dependencies of target realsense2_camera_msgs__rosidl_typesupport_introspection_c__pyext[0m
[5.507s] [35m[1mScanning dependencies of target realsense2_camera_msgs__rosidl_typesupport_c__pyext[0m
[5.507s] [35m[1mScanning dependencies of target realsense2_camera_msgs__rosidl_typesupport_fastrtps_c__pyext[0m
[5.530s] [ 90%] [32mBuilding C object CMakeFiles/realsense2_camera_msgs__rosidl_typesupport_introspection_c__pyext.dir/rosidl_generator_py/realsense2_camera_msgs/_realsense2_camera_msgs_s.ep.rosidl_typesupport_introspection_c.c.o[0m
[5.531s] [ 92%] [32mBuilding C object CMakeFiles/realsense2_camera_msgs__rosidl_typesupport_fastrtps_c__pyext.dir/rosidl_generator_py/realsense2_camera_msgs/_realsense2_camera_msgs_s.ep.rosidl_typesupport_fastrtps_c.c.o[0m
[5.534s] [ 94%] [32mBuilding C object CMakeFiles/realsense2_camera_msgs__rosidl_typesupport_c__pyext.dir/rosidl_generator_py/realsense2_camera_msgs/_realsense2_camera_msgs_s.ep.rosidl_typesupport_c.c.o[0m
[5.615s] [ 96%] [32m[1mLinking C shared library rosidl_generator_py/realsense2_camera_msgs/realsense2_camera_msgs_s__rosidl_typesupport_introspection_c.cpython-38-x86_64-linux-gnu.so[0m
[5.617s] [ 98%] [32m[1mLinking C shared library rosidl_generator_py/realsense2_camera_msgs/realsense2_camera_msgs_s__rosidl_typesupport_c.cpython-38-x86_64-linux-gnu.so[0m
[5.617s] [100%] [32m[1mLinking CXX shared library rosidl_generator_py/realsense2_camera_msgs/realsense2_camera_msgs_s__rosidl_typesupport_fastrtps_c.cpython-38-x86_64-linux-gnu.so[0m
[5.657s] [100%] Built target realsense2_camera_msgs__rosidl_typesupport_introspection_c__pyext
[5.657s] [100%] Built target realsense2_camera_msgs__rosidl_typesupport_c__pyext
[5.686s] [100%] Built target realsense2_camera_msgs__rosidl_typesupport_fastrtps_c__pyext
[5.697s] Invoked command in '/home/jw/robot/ros_ws/build/realsense2_camera_msgs' returned '0': CMAKE_PREFIX_PATH=${CMAKE_PREFIX_PATH}:/home/jw/robot/ros_ws/install/exa_robot:/opt/ros/galactic /usr/bin/cmake --build /home/jw/robot/ros_ws/build/realsense2_camera_msgs -- -j12 -l12
[5.800s] Invoking command in '/home/jw/robot/ros_ws/build/realsense2_camera_msgs': CMAKE_PREFIX_PATH=${CMAKE_PREFIX_PATH}:/home/jw/robot/ros_ws/install/exa_robot:/opt/ros/galactic /usr/bin/cmake --install /home/jw/robot/ros_ws/build/realsense2_camera_msgs
[5.808s] -- Install configuration: ""
[5.808s] -- Installing: /home/jw/robot/ros_ws/install/realsense2_camera_msgs/share/ament_index/resource_index/rosidl_interfaces/realsense2_camera_msgs
[5.809s] -- Installing: /home/jw/robot/ros_ws/install/realsense2_camera_msgs/include/realsense2_camera_msgs
[5.809s] -- Installing: /home/jw/robot/ros_ws/install/realsense2_camera_msgs/include/realsense2_camera_msgs/msg
[5.809s] -- Installing: /home/jw/robot/ros_ws/install/realsense2_camera_msgs/include/realsense2_camera_msgs/msg/rosidl_generator_c__visibility_control.h
[5.809s] -- Installing: /home/jw/robot/ros_ws/install/realsense2_camera_msgs/include/realsense2_camera_msgs/msg/extrinsics.h
[5.809s] -- Installing: /home/jw/robot/ros_ws/install/realsense2_camera_msgs/include/realsense2_camera_msgs/msg/detail
[5.809s] -- Installing: /home/jw/robot/ros_ws/install/realsense2_camera_msgs/include/realsense2_camera_msgs/msg/detail/imu_info__functions.h
[5.809s] -- Installing: /home/jw/robot/ros_ws/install/realsense2_camera_msgs/include/realsense2_camera_msgs/msg/detail/extrinsics__functions.h
[5.809s] -- Installing: /home/jw/robot/ros_ws/install/realsense2_camera_msgs/include/realsense2_camera_msgs/msg/detail/metadata__functions.h
[5.809s] -- Installing: /home/jw/robot/ros_ws/install/realsense2_camera_msgs/include/realsense2_camera_msgs/msg/detail/extrinsics__functions.c
[5.809s] -- Installing: /home/jw/robot/ros_ws/install/realsense2_camera_msgs/include/realsense2_camera_msgs/msg/detail/extrinsics__type_support.h
[5.809s] -- Installing: /home/jw/robot/ros_ws/install/realsense2_camera_msgs/include/realsense2_camera_msgs/msg/detail/imu_info__type_support.h
[5.809s] -- Installing: /home/jw/robot/ros_ws/install/realsense2_camera_msgs/include/realsense2_camera_msgs/msg/detail/extrinsics__struct.h
[5.810s] -- Installing: /home/jw/robot/ros_ws/install/realsense2_camera_msgs/include/realsense2_camera_msgs/msg/detail/metadata__struct.h
[5.810s] -- Installing: /home/jw/robot/ros_ws/install/realsense2_camera_msgs/include/realsense2_camera_msgs/msg/detail/metadata__type_support.h
[5.810s] -- Installing: /home/jw/robot/ros_ws/install/realsense2_camera_msgs/include/realsense2_camera_msgs/msg/detail/imu_info__struct.h
[5.810s] -- Installing: /home/jw/robot/ros_ws/install/realsense2_camera_msgs/include/realsense2_camera_msgs/msg/detail/metadata__functions.c
[5.810s] -- Installing: /home/jw/robot/ros_ws/install/realsense2_camera_msgs/include/realsense2_camera_msgs/msg/detail/imu_info__functions.c
[5.810s] -- Installing: /home/jw/robot/ros_ws/install/realsense2_camera_msgs/include/realsense2_camera_msgs/msg/metadata.h
[5.810s] -- Installing: /home/jw/robot/ros_ws/install/realsense2_camera_msgs/include/realsense2_camera_msgs/msg/imu_info.h
[5.810s] -- Installing: /home/jw/robot/ros_ws/install/realsense2_camera_msgs/include/realsense2_camera_msgs/srv
[5.810s] -- Installing: /home/jw/robot/ros_ws/install/realsense2_camera_msgs/include/realsense2_camera_msgs/srv/detail
[5.810s] -- Installing: /home/jw/robot/ros_ws/install/realsense2_camera_msgs/include/realsense2_camera_msgs/srv/detail/device_info__functions.h
[5.810s] -- Installing: /home/jw/robot/ros_ws/install/realsense2_camera_msgs/include/realsense2_camera_msgs/srv/detail/device_info__type_support.h
[5.810s] -- Installing: /home/jw/robot/ros_ws/install/realsense2_camera_msgs/include/realsense2_camera_msgs/srv/detail/device_info__functions.c
[5.811s] -- Installing: /home/jw/robot/ros_ws/install/realsense2_camera_msgs/include/realsense2_camera_msgs/srv/detail/device_info__struct.h
[5.811s] -- Installing: /home/jw/robot/ros_ws/install/realsense2_camera_msgs/include/realsense2_camera_msgs/srv/device_info.h
[5.811s] -- Installing: /home/jw/robot/ros_ws/install/realsense2_camera_msgs/share/realsense2_camera_msgs/environment/library_path.sh
[5.811s] -- Installing: /home/jw/robot/ros_ws/install/realsense2_camera_msgs/share/realsense2_camera_msgs/environment/library_path.dsv
[5.811s] -- Installing: /home/jw/robot/ros_ws/install/realsense2_camera_msgs/lib/librealsense2_camera_msgs__rosidl_generator_c.so
[5.812s] -- Set runtime path of "/home/jw/robot/ros_ws/install/realsense2_camera_msgs/lib/librealsense2_camera_msgs__rosidl_generator_c.so" to ""
[5.812s] -- Up-to-date: /home/jw/robot/ros_ws/install/realsense2_camera_msgs/include/realsense2_camera_msgs
[5.812s] -- Up-to-date: /home/jw/robot/ros_ws/install/realsense2_camera_msgs/include/realsense2_camera_msgs/msg
[5.812s] -- Up-to-date: /home/jw/robot/ros_ws/install/realsense2_camera_msgs/include/realsense2_camera_msgs/msg/detail
[5.812s] -- Installing: /home/jw/robot/ros_ws/install/realsense2_camera_msgs/include/realsense2_camera_msgs/msg/detail/metadata__rosidl_typesupport_fastrtps_c.h
[5.812s] -- Installing: /home/jw/robot/ros_ws/install/realsense2_camera_msgs/include/realsense2_camera_msgs/msg/detail/extrinsics__rosidl_typesupport_fastrtps_c.h
[5.812s] -- Installing: /home/jw/robot/ros_ws/install/realsense2_camera_msgs/include/realsense2_camera_msgs/msg/detail/imu_info__rosidl_typesupport_fastrtps_c.h
[5.812s] -- Installing: /home/jw/robot/ros_ws/install/realsense2_camera_msgs/include/realsense2_camera_msgs/msg/rosidl_typesupport_fastrtps_c__visibility_control.h
[5.812s] -- Up-to-date: /home/jw/robot/ros_ws/install/realsense2_camera_msgs/include/realsense2_camera_msgs/srv
[5.812s] -- Up-to-date: /home/jw/robot/ros_ws/install/realsense2_camera_msgs/include/realsense2_camera_msgs/srv/detail
[5.812s] -- Installing: /home/jw/robot/ros_ws/install/realsense2_camera_msgs/include/realsense2_camera_msgs/srv/detail/device_info__rosidl_typesupport_fastrtps_c.h
[5.812s] -- Installing: /home/jw/robot/ros_ws/install/realsense2_camera_msgs/lib/librealsense2_camera_msgs__rosidl_typesupport_fastrtps_c.so
[5.813s] -- Set runtime path of "/home/jw/robot/ros_ws/install/realsense2_camera_msgs/lib/librealsense2_camera_msgs__rosidl_typesupport_fastrtps_c.so" to ""
[5.813s] -- Up-to-date: /home/jw/robot/ros_ws/install/realsense2_camera_msgs/include/realsense2_camera_msgs
[5.813s] -- Up-to-date: /home/jw/robot/ros_ws/install/realsense2_camera_msgs/include/realsense2_camera_msgs/msg
[5.813s] -- Up-to-date: /home/jw/robot/ros_ws/install/realsense2_camera_msgs/include/realsense2_camera_msgs/msg/detail
[5.813s] -- Installing: /home/jw/robot/ros_ws/install/realsense2_camera_msgs/include/realsense2_camera_msgs/msg/detail/dds_fastrtps
[5.813s] -- Installing: /home/jw/robot/ros_ws/install/realsense2_camera_msgs/include/realsense2_camera_msgs/msg/detail/extrinsics__rosidl_typesupport_fastrtps_cpp.hpp
[5.813s] -- Installing: /home/jw/robot/ros_ws/install/realsense2_camera_msgs/include/realsense2_camera_msgs/msg/detail/imu_info__rosidl_typesupport_fastrtps_cpp.hpp
[5.813s] -- Installing: /home/jw/robot/ros_ws/install/realsense2_camera_msgs/include/realsense2_camera_msgs/msg/detail/metadata__rosidl_typesupport_fastrtps_cpp.hpp
[5.814s] -- Installing: /home/jw/robot/ros_ws/install/realsense2_camera_msgs/include/realsense2_camera_msgs/msg/rosidl_typesupport_fastrtps_cpp__visibility_control.h
[5.814s] -- Up-to-date: /home/jw/robot/ros_ws/install/realsense2_camera_msgs/include/realsense2_camera_msgs/srv
[5.814s] -- Up-to-date: /home/jw/robot/ros_ws/install/realsense2_camera_msgs/include/realsense2_camera_msgs/srv/detail
[5.814s] -- Installing: /home/jw/robot/ros_ws/install/realsense2_camera_msgs/include/realsense2_camera_msgs/srv/detail/dds_fastrtps
[5.814s] -- Installing: /home/jw/robot/ros_ws/install/realsense2_camera_msgs/include/realsense2_camera_msgs/srv/detail/device_info__rosidl_typesupport_fastrtps_cpp.hpp
[5.814s] -- Installing: /home/jw/robot/ros_ws/install/realsense2_camera_msgs/lib/librealsense2_camera_msgs__rosidl_typesupport_fastrtps_cpp.so
[5.814s] -- Set runtime path of "/home/jw/robot/ros_ws/install/realsense2_camera_msgs/lib/librealsense2_camera_msgs__rosidl_typesupport_fastrtps_cpp.so" to ""
[5.814s] -- Up-to-date: /home/jw/robot/ros_ws/install/realsense2_camera_msgs/include/realsense2_camera_msgs
[5.814s] -- Up-to-date: /home/jw/robot/ros_ws/install/realsense2_camera_msgs/include/realsense2_camera_msgs/msg
[5.814s] -- Up-to-date: /home/jw/robot/ros_ws/install/realsense2_camera_msgs/include/realsense2_camera_msgs/msg/detail
[5.814s] -- Installing: /home/jw/robot/ros_ws/install/realsense2_camera_msgs/include/realsense2_camera_msgs/msg/detail/metadata__type_support.c
[5.814s] -- Installing: /home/jw/robot/ros_ws/install/realsense2_camera_msgs/include/realsense2_camera_msgs/msg/detail/imu_info__type_support.c
[5.814s] -- Installing: /home/jw/robot/ros_ws/install/realsense2_camera_msgs/include/realsense2_camera_msgs/msg/detail/imu_info__rosidl_typesupport_introspection_c.h
[5.814s] -- Installing: /home/jw/robot/ros_ws/install/realsense2_camera_msgs/include/realsense2_camera_msgs/msg/detail/metadata__rosidl_typesupport_introspection_c.h
[5.815s] -- Installing: /home/jw/robot/ros_ws/install/realsense2_camera_msgs/include/realsense2_camera_msgs/msg/detail/extrinsics__rosidl_typesupport_introspection_c.h
[5.815s] -- Installing: /home/jw/robot/ros_ws/install/realsense2_camera_msgs/include/realsense2_camera_msgs/msg/detail/extrinsics__type_support.c
[5.815s] -- Installing: /home/jw/robot/ros_ws/install/realsense2_camera_msgs/include/realsense2_camera_msgs/msg/rosidl_typesupport_introspection_c__visibility_control.h
[5.815s] -- Up-to-date: /home/jw/robot/ros_ws/install/realsense2_camera_msgs/include/realsense2_camera_msgs/srv
[5.815s] -- Up-to-date: /home/jw/robot/ros_ws/install/realsense2_camera_msgs/include/realsense2_camera_msgs/srv/detail
[5.815s] -- Installing: /home/jw/robot/ros_ws/install/realsense2_camera_msgs/include/realsense2_camera_msgs/srv/detail/device_info__rosidl_typesupport_introspection_c.h
[5.815s] -- Installing: /home/jw/robot/ros_ws/install/realsense2_camera_msgs/include/realsense2_camera_msgs/srv/detail/device_info__type_support.c
[5.815s] -- Installing: /home/jw/robot/ros_ws/install/realsense2_camera_msgs/lib/librealsense2_camera_msgs__rosidl_typesupport_introspection_c.so
[5.816s] -- Set runtime path of "/home/jw/robot/ros_ws/install/realsense2_camera_msgs/lib/librealsense2_camera_msgs__rosidl_typesupport_introspection_c.so" to ""
[5.816s] -- Installing: /home/jw/robot/ros_ws/install/realsense2_camera_msgs/lib/librealsense2_camera_msgs__rosidl_typesupport_c.so
[5.816s] -- Set runtime path of "/home/jw/robot/ros_ws/install/realsense2_camera_msgs/lib/librealsense2_camera_msgs__rosidl_typesupport_c.so" to ""
[5.816s] -- Up-to-date: /home/jw/robot/ros_ws/install/realsense2_camera_msgs/include/realsense2_camera_msgs
[5.816s] -- Up-to-date: /home/jw/robot/ros_ws/install/realsense2_camera_msgs/include/realsense2_camera_msgs/msg
[5.816s] -- Installing: /home/jw/robot/ros_ws/install/realsense2_camera_msgs/include/realsense2_camera_msgs/msg/imu_info.hpp
[5.816s] -- Up-to-date: /home/jw/robot/ros_ws/install/realsense2_camera_msgs/include/realsense2_camera_msgs/msg/detail
[5.816s] -- Installing: /home/jw/robot/ros_ws/install/realsense2_camera_msgs/include/realsense2_camera_msgs/msg/detail/metadata__traits.hpp
[5.816s] -- Installing: /home/jw/robot/ros_ws/install/realsense2_camera_msgs/include/realsense2_camera_msgs/msg/detail/extrinsics__builder.hpp
[5.817s] -- Installing: /home/jw/robot/ros_ws/install/realsense2_camera_msgs/include/realsense2_camera_msgs/msg/detail/imu_info__builder.hpp
[5.817s] -- Installing: /home/jw/robot/ros_ws/install/realsense2_camera_msgs/include/realsense2_camera_msgs/msg/detail/extrinsics__traits.hpp
[5.817s] -- Installing: /home/jw/robot/ros_ws/install/realsense2_camera_msgs/include/realsense2_camera_msgs/msg/detail/extrinsics__struct.hpp
[5.817s] -- Installing: /home/jw/robot/ros_ws/install/realsense2_camera_msgs/include/realsense2_camera_msgs/msg/detail/metadata__builder.hpp
[5.817s] -- Installing: /home/jw/robot/ros_ws/install/realsense2_camera_msgs/include/realsense2_camera_msgs/msg/detail/metadata__struct.hpp
[5.817s] -- Installing: /home/jw/robot/ros_ws/install/realsense2_camera_msgs/include/realsense2_camera_msgs/msg/detail/imu_info__traits.hpp
[5.817s] -- Installing: /home/jw/robot/ros_ws/install/realsense2_camera_msgs/include/realsense2_camera_msgs/msg/detail/imu_info__struct.hpp
[5.817s] -- Installing: /home/jw/robot/ros_ws/install/realsense2_camera_msgs/include/realsense2_camera_msgs/msg/extrinsics.hpp
[5.817s] -- Installing: /home/jw/robot/ros_ws/install/realsense2_camera_msgs/include/realsense2_camera_msgs/msg/metadata.hpp
[5.817s] -- Up-to-date: /home/jw/robot/ros_ws/install/realsense2_camera_msgs/include/realsense2_camera_msgs/srv
[5.817s] -- Installing: /home/jw/robot/ros_ws/install/realsense2_camera_msgs/include/realsense2_camera_msgs/srv/device_info.hpp
[5.817s] -- Up-to-date: /home/jw/robot/ros_ws/install/realsense2_camera_msgs/include/realsense2_camera_msgs/srv/detail
[5.817s] -- Installing: /home/jw/robot/ros_ws/install/realsense2_camera_msgs/include/realsense2_camera_msgs/srv/detail/device_info__struct.hpp
[5.818s] -- Installing: /home/jw/robot/ros_ws/install/realsense2_camera_msgs/include/realsense2_camera_msgs/srv/detail/device_info__traits.hpp
[5.818s] -- Installing: /home/jw/robot/ros_ws/install/realsense2_camera_msgs/include/realsense2_camera_msgs/srv/detail/device_info__builder.hpp
[5.818s] -- Up-to-date: /home/jw/robot/ros_ws/install/realsense2_camera_msgs/include/realsense2_camera_msgs
[5.818s] -- Up-to-date: /home/jw/robot/ros_ws/install/realsense2_camera_msgs/include/realsense2_camera_msgs/msg
[5.818s] -- Up-to-date: /home/jw/robot/ros_ws/install/realsense2_camera_msgs/include/realsense2_camera_msgs/msg/detail
[5.818s] -- Installing: /home/jw/robot/ros_ws/install/realsense2_camera_msgs/include/realsense2_camera_msgs/msg/detail/extrinsics__type_support.cpp
[5.818s] -- Installing: /home/jw/robot/ros_ws/install/realsense2_camera_msgs/include/realsense2_camera_msgs/msg/detail/imu_info__rosidl_typesupport_introspection_cpp.hpp
[5.818s] -- Installing: /home/jw/robot/ros_ws/install/realsense2_camera_msgs/include/realsense2_camera_msgs/msg/detail/metadata__rosidl_typesupport_introspection_cpp.hpp
[5.818s] -- Installing: /home/jw/robot/ros_ws/install/realsense2_camera_msgs/include/realsense2_camera_msgs/msg/detail/imu_info__type_support.cpp
[5.818s] -- Installing: /home/jw/robot/ros_ws/install/realsense2_camera_msgs/include/realsense2_camera_msgs/msg/detail/extrinsics__rosidl_typesupport_introspection_cpp.hpp
[5.818s] -- Installing: /home/jw/robot/ros_ws/install/realsense2_camera_msgs/include/realsense2_camera_msgs/msg/detail/metadata__type_support.cpp
[5.818s] -- Up-to-date: /home/jw/robot/ros_ws/install/realsense2_camera_msgs/include/realsense2_camera_msgs/srv
[5.818s] -- Up-to-date: /home/jw/robot/ros_ws/install/realsense2_camera_msgs/include/realsense2_camera_msgs/srv/detail
[5.819s] -- Installing: /home/jw/robot/ros_ws/install/realsense2_camera_msgs/include/realsense2_camera_msgs/srv/detail/device_info__rosidl_typesupport_introspection_cpp.hpp
[5.819s] -- Installing: /home/jw/robot/ros_ws/install/realsense2_camera_msgs/include/realsense2_camera_msgs/srv/detail/device_info__type_support.cpp
[5.819s] -- Installing: /home/jw/robot/ros_ws/install/realsense2_camera_msgs/lib/librealsense2_camera_msgs__rosidl_typesupport_introspection_cpp.so
[5.819s] -- Set runtime path of "/home/jw/robot/ros_ws/install/realsense2_camera_msgs/lib/librealsense2_camera_msgs__rosidl_typesupport_introspection_cpp.so" to ""
[5.819s] -- Installing: /home/jw/robot/ros_ws/install/realsense2_camera_msgs/lib/librealsense2_camera_msgs__rosidl_typesupport_cpp.so
[5.820s] -- Set runtime path of "/home/jw/robot/ros_ws/install/realsense2_camera_msgs/lib/librealsense2_camera_msgs__rosidl_typesupport_cpp.so" to ""
[5.820s] -- Installing: /home/jw/robot/ros_ws/install/realsense2_camera_msgs/share/realsense2_camera_msgs/environment/pythonpath.sh
[5.820s] -- Installing: /home/jw/robot/ros_ws/install/realsense2_camera_msgs/share/realsense2_camera_msgs/environment/pythonpath.dsv
[5.820s] -- Installing: /home/jw/robot/ros_ws/install/realsense2_camera_msgs/lib/python3.8/site-packages/realsense2_camera_msgs/__init__.py
[5.848s] Compiling '/home/jw/robot/ros_ws/install/realsense2_camera_msgs/lib/python3.8/site-packages/realsense2_camera_msgs/__init__.py'...
[5.852s] -- Installing: /home/jw/robot/ros_ws/install/realsense2_camera_msgs/lib/python3.8/site-packages/realsense2_camera_msgs/msg
[5.852s] -- Installing: /home/jw/robot/ros_ws/install/realsense2_camera_msgs/lib/python3.8/site-packages/realsense2_camera_msgs/msg/_imu_info.py
[5.852s] -- Installing: /home/jw/robot/ros_ws/install/realsense2_camera_msgs/lib/python3.8/site-packages/realsense2_camera_msgs/msg/_extrinsics.py
[5.852s] -- Installing: /home/jw/robot/ros_ws/install/realsense2_camera_msgs/lib/python3.8/site-packages/realsense2_camera_msgs/msg/_extrinsics_s.c
[5.852s] -- Installing: /home/jw/robot/ros_ws/install/realsense2_camera_msgs/lib/python3.8/site-packages/realsense2_camera_msgs/msg/__init__.py
[5.852s] -- Installing: /home/jw/robot/ros_ws/install/realsense2_camera_msgs/lib/python3.8/site-packages/realsense2_camera_msgs/msg/_metadata_s.c
[5.852s] -- Installing: /home/jw/robot/ros_ws/install/realsense2_camera_msgs/lib/python3.8/site-packages/realsense2_camera_msgs/msg/_imu_info_s.c
[5.852s] -- Installing: /home/jw/robot/ros_ws/install/realsense2_camera_msgs/lib/python3.8/site-packages/realsense2_camera_msgs/msg/_metadata.py
[5.853s] -- Installing: /home/jw/robot/ros_ws/install/realsense2_camera_msgs/lib/python3.8/site-packages/realsense2_camera_msgs/srv
[5.853s] -- Installing: /home/jw/robot/ros_ws/install/realsense2_camera_msgs/lib/python3.8/site-packages/realsense2_camera_msgs/srv/_device_info.py
[5.853s] -- Installing: /home/jw/robot/ros_ws/install/realsense2_camera_msgs/lib/python3.8/site-packages/realsense2_camera_msgs/srv/__init__.py
[5.853s] -- Installing: /home/jw/robot/ros_ws/install/realsense2_camera_msgs/lib/python3.8/site-packages/realsense2_camera_msgs/srv/_device_info_s.c
[5.853s] -- Installing: /home/jw/robot/ros_ws/install/realsense2_camera_msgs/lib/python3.8/site-packages/realsense2_camera_msgs/realsense2_camera_msgs_s__rosidl_typesupport_fastrtps_c.cpython-38-x86_64-linux-gnu.so
[5.853s] -- Set runtime path of "/home/jw/robot/ros_ws/install/realsense2_camera_msgs/lib/python3.8/site-packages/realsense2_camera_msgs/realsense2_camera_msgs_s__rosidl_typesupport_fastrtps_c.cpython-38-x86_64-linux-gnu.so" to ""
[5.854s] -- Installing: /home/jw/robot/ros_ws/install/realsense2_camera_msgs/lib/python3.8/site-packages/realsense2_camera_msgs/realsense2_camera_msgs_s__rosidl_typesupport_introspection_c.cpython-38-x86_64-linux-gnu.so
[5.854s] -- Set runtime path of "/home/jw/robot/ros_ws/install/realsense2_camera_msgs/lib/python3.8/site-packages/realsense2_camera_msgs/realsense2_camera_msgs_s__rosidl_typesupport_introspection_c.cpython-38-x86_64-linux-gnu.so" to ""
[5.855s] -- Installing: /home/jw/robot/ros_ws/install/realsense2_camera_msgs/lib/python3.8/site-packages/realsense2_camera_msgs/realsense2_camera_msgs_s__rosidl_typesupport_c.cpython-38-x86_64-linux-gnu.so
[5.855s] -- Set runtime path of "/home/jw/robot/ros_ws/install/realsense2_camera_msgs/lib/python3.8/site-packages/realsense2_camera_msgs/realsense2_camera_msgs_s__rosidl_typesupport_c.cpython-38-x86_64-linux-gnu.so" to ""
[5.855s] -- Installing: /home/jw/robot/ros_ws/install/realsense2_camera_msgs/lib/librealsense2_camera_msgs__python.so
[5.856s] -- Set runtime path of "/home/jw/robot/ros_ws/install/realsense2_camera_msgs/lib/librealsense2_camera_msgs__python.so" to ""
[5.856s] -- Installing: /home/jw/robot/ros_ws/install/realsense2_camera_msgs/share/realsense2_camera_msgs/msg/IMUInfo.idl
[5.856s] -- Installing: /home/jw/robot/ros_ws/install/realsense2_camera_msgs/share/realsense2_camera_msgs/msg/Extrinsics.idl
[5.856s] -- Installing: /home/jw/robot/ros_ws/install/realsense2_camera_msgs/share/realsense2_camera_msgs/msg/Metadata.idl
[5.856s] -- Installing: /home/jw/robot/ros_ws/install/realsense2_camera_msgs/share/realsense2_camera_msgs/srv/DeviceInfo.idl
[5.856s] -- Installing: /home/jw/robot/ros_ws/install/realsense2_camera_msgs/share/realsense2_camera_msgs/msg/IMUInfo.msg
[5.856s] -- Installing: /home/jw/robot/ros_ws/install/realsense2_camera_msgs/share/realsense2_camera_msgs/msg/Extrinsics.msg
[5.856s] -- Installing: /home/jw/robot/ros_ws/install/realsense2_camera_msgs/share/realsense2_camera_msgs/msg/Metadata.msg
[5.857s] -- Installing: /home/jw/robot/ros_ws/install/realsense2_camera_msgs/share/realsense2_camera_msgs/srv/DeviceInfo.srv
[5.857s] -- Installing: /home/jw/robot/ros_ws/install/realsense2_camera_msgs/share/realsense2_camera_msgs/srv/DeviceInfo_Request.msg
[5.857s] -- Installing: /home/jw/robot/ros_ws/install/realsense2_camera_msgs/share/realsense2_camera_msgs/srv/DeviceInfo_Response.msg
[5.857s] -- Installing: /home/jw/robot/ros_ws/install/realsense2_camera_msgs/share/ament_index/resource_index/package_run_dependencies/realsense2_camera_msgs
[5.857s] -- Installing: /home/jw/robot/ros_ws/install/realsense2_camera_msgs/share/ament_index/resource_index/parent_prefix_path/realsense2_camera_msgs
[5.857s] -- Installing: /home/jw/robot/ros_ws/install/realsense2_camera_msgs/share/realsense2_camera_msgs/environment/ament_prefix_path.sh
[5.857s] -- Installing: /home/jw/robot/ros_ws/install/realsense2_camera_msgs/share/realsense2_camera_msgs/environment/ament_prefix_path.dsv
[5.858s] -- Installing: /home/jw/robot/ros_ws/install/realsense2_camera_msgs/share/realsense2_camera_msgs/environment/path.sh
[5.858s] -- Installing: /home/jw/robot/ros_ws/install/realsense2_camera_msgs/share/realsense2_camera_msgs/environment/path.dsv
[5.858s] -- Installing: /home/jw/robot/ros_ws/install/realsense2_camera_msgs/share/realsense2_camera_msgs/local_setup.bash
[5.858s] -- Installing: /home/jw/robot/ros_ws/install/realsense2_camera_msgs/share/realsense2_camera_msgs/local_setup.sh
[5.858s] -- Installing: /home/jw/robot/ros_ws/install/realsense2_camera_msgs/share/realsense2_camera_msgs/local_setup.zsh
[5.858s] -- Installing: /home/jw/robot/ros_ws/install/realsense2_camera_msgs/share/realsense2_camera_msgs/local_setup.dsv
[5.858s] -- Installing: /home/jw/robot/ros_ws/install/realsense2_camera_msgs/share/realsense2_camera_msgs/package.dsv
[5.858s] -- Installing: /home/jw/robot/ros_ws/install/realsense2_camera_msgs/share/ament_index/resource_index/packages/realsense2_camera_msgs
[5.859s] -- Installing: /home/jw/robot/ros_ws/install/realsense2_camera_msgs/share/realsense2_camera_msgs/cmake/realsense2_camera_msgs__rosidl_generator_cExport.cmake
[5.859s] -- Installing: /home/jw/robot/ros_ws/install/realsense2_camera_msgs/share/realsense2_camera_msgs/cmake/realsense2_camera_msgs__rosidl_generator_cExport-noconfig.cmake
[5.859s] -- Installing: /home/jw/robot/ros_ws/install/realsense2_camera_msgs/share/realsense2_camera_msgs/cmake/realsense2_camera_msgs__rosidl_typesupport_introspection_cExport.cmake
[5.859s] -- Installing: /home/jw/robot/ros_ws/install/realsense2_camera_msgs/share/realsense2_camera_msgs/cmake/realsense2_camera_msgs__rosidl_typesupport_introspection_cExport-noconfig.cmake
[5.859s] -- Installing: /home/jw/robot/ros_ws/install/realsense2_camera_msgs/share/realsense2_camera_msgs/cmake/realsense2_camera_msgs__rosidl_typesupport_cExport.cmake
[5.859s] -- Installing: /home/jw/robot/ros_ws/install/realsense2_camera_msgs/share/realsense2_camera_msgs/cmake/realsense2_camera_msgs__rosidl_typesupport_cExport-noconfig.cmake
[5.860s] -- Installing: /home/jw/robot/ros_ws/install/realsense2_camera_msgs/share/realsense2_camera_msgs/cmake/realsense2_camera_msgs__rosidl_generator_cppExport.cmake
[5.860s] -- Installing: /home/jw/robot/ros_ws/install/realsense2_camera_msgs/share/realsense2_camera_msgs/cmake/realsense2_camera_msgs__rosidl_typesupport_introspection_cppExport.cmake
[5.860s] -- Installing: /home/jw/robot/ros_ws/install/realsense2_camera_msgs/share/realsense2_camera_msgs/cmake/realsense2_camera_msgs__rosidl_typesupport_introspection_cppExport-noconfig.cmake
[5.860s] -- Installing: /home/jw/robot/ros_ws/install/realsense2_camera_msgs/share/realsense2_camera_msgs/cmake/realsense2_camera_msgs__rosidl_typesupport_cppExport.cmake
[5.860s] -- Installing: /home/jw/robot/ros_ws/install/realsense2_camera_msgs/share/realsense2_camera_msgs/cmake/realsense2_camera_msgs__rosidl_typesupport_cppExport-noconfig.cmake
[5.860s] -- Installing: /home/jw/robot/ros_ws/install/realsense2_camera_msgs/share/realsense2_camera_msgs/cmake/rosidl_cmake-extras.cmake
[5.860s] -- Installing: /home/jw/robot/ros_ws/install/realsense2_camera_msgs/share/realsense2_camera_msgs/cmake/ament_cmake_export_dependencies-extras.cmake
[5.861s] -- Installing: /home/jw/robot/ros_ws/install/realsense2_camera_msgs/share/realsense2_camera_msgs/cmake/ament_cmake_export_libraries-extras.cmake
[5.861s] -- Installing: /home/jw/robot/ros_ws/install/realsense2_camera_msgs/share/realsense2_camera_msgs/cmake/ament_cmake_export_targets-extras.cmake
[5.861s] -- Installing: /home/jw/robot/ros_ws/install/realsense2_camera_msgs/share/realsense2_camera_msgs/cmake/ament_cmake_export_include_directories-extras.cmake
[5.861s] -- Installing: /home/jw/robot/ros_ws/install/realsense2_camera_msgs/share/realsense2_camera_msgs/cmake/rosidl_cmake_export_typesupport_libraries-extras.cmake
[5.861s] -- Installing: /home/jw/robot/ros_ws/install/realsense2_camera_msgs/share/realsense2_camera_msgs/cmake/rosidl_cmake_export_typesupport_targets-extras.cmake
[5.861s] -- Installing: /home/jw/robot/ros_ws/install/realsense2_camera_msgs/share/realsense2_camera_msgs/cmake/realsense2_camera_msgsConfig.cmake
[5.861s] -- Installing: /home/jw/robot/ros_ws/install/realsense2_camera_msgs/share/realsense2_camera_msgs/cmake/realsense2_camera_msgsConfig-version.cmake
[5.861s] -- Installing: /home/jw/robot/ros_ws/install/realsense2_camera_msgs/share/realsense2_camera_msgs/package.xml
[5.868s] Invoked command in '/home/jw/robot/ros_ws/build/realsense2_camera_msgs' returned '0': CMAKE_PREFIX_PATH=${CMAKE_PREFIX_PATH}:/home/jw/robot/ros_ws/install/exa_robot:/opt/ros/galactic /usr/bin/cmake --install /home/jw/robot/ros_ws/build/realsense2_camera_msgs
