[0.068s] Invoking command in '/home/jw/robot/ros_ws/build/realsense2_camera': AMENT_PREFIX_PATH=/home/jw/robot/ros_ws/install/realsense2_camera_msgs:${AMENT_PREFIX_PATH} CMAKE_PREFIX_PATH=/home/jw/robot/ros_ws/install/realsense2_camera_msgs:/opt/ros/galactic LD_LIBRARY_PATH=/home/jw/robot/ros_ws/install/realsense2_camera_msgs/lib:${LD_LIBRARY_PATH} PYTHONPATH=/home/jw/robot/ros_ws/install/realsense2_camera_msgs/lib/python3.8/site-packages:${PYTHONPATH} /usr/bin/cmake /home/jw/robot/ros_ws/src/ExaRobot_ROS2/realsense-ros/realsense2_camera -DCMAKE_INSTALL_PREFIX=/home/jw/robot/ros_ws/install/realsense2_camera
[0.179s] -- The C compiler identification is GNU 9.4.0
[0.276s] -- The CXX compiler identification is GNU 9.4.0
[0.283s] -- Check for working C compiler: /usr/bin/cc
[0.390s] -- Check for working C compiler: /usr/bin/cc -- works
[0.391s] -- Detecting C compiler ABI info
[0.523s] -- Detecting C compiler ABI info - done
[0.542s] -- Detecting C compile features
[0.543s] -- Detecting C compile features - done
[0.547s] -- Check for working CXX compiler: /usr/bin/c++
[0.692s] -- Check for working CXX compiler: /usr/bin/c++ -- works
[0.692s] -- Detecting CXX compiler ABI info
[0.858s] -- Detecting CXX compiler ABI info - done
[0.866s] -- Detecting CXX compile features
[0.867s] -- Detecting CXX compile features - done
[0.868s] -- Create Release Build.
[0.871s] -- Found ament_cmake: 1.1.5 (/opt/ros/galactic/share/ament_cmake/cmake)
[0.915s] -- Found PythonInterp: /usr/bin/python3 (found suitable version "3.8.10", minimum required is "3") 
[0.915s] -- Using PYTHON_EXECUTABLE: /usr/bin/python3
[1.033s] -- Found builtin_interfaces: 1.0.3 (/opt/ros/galactic/share/builtin_interfaces/cmake)
[1.077s] -- Using all available rosidl_typesupport_c: rosidl_typesupport_fastrtps_c;rosidl_typesupport_introspection_c
[1.088s] -- Found rosidl_adapter: 2.2.2 (/opt/ros/galactic/share/rosidl_adapter/cmake)
[1.217s] -- Found OpenSSL: /usr/lib/x86_64-linux-gnu/libcrypto.so (found version "1.1.1f")  
[1.272s] -- Found FastRTPS: /opt/ros/galactic/include  
[1.408s] -- Using all available rosidl_typesupport_cpp: rosidl_typesupport_fastrtps_cpp;rosidl_typesupport_introspection_cpp
[1.468s] -- Found cv_bridge: 2.2.1 (/opt/ros/galactic/share/cv_bridge/cmake)
[1.491s] -- Found image_transport: 2.5.0 (/opt/ros/galactic/share/image_transport/cmake)
[1.609s] -- Found rmw_implementation_cmake: 3.3.1 (/opt/ros/galactic/share/rmw_implementation_cmake/cmake)
[1.615s] -- Found rmw_fastrtps_cpp: 5.0.2 (/opt/ros/galactic/share/rmw_fastrtps_cpp/cmake)
[1.808s] -- Using RMW implementation 'rmw_fastrtps_cpp' as default
[1.809s] -- Looking for pthread.h
[1.928s] -- Looking for pthread.h - found
[1.929s] -- Performing Test CMAKE_HAVE_LIBC_PTHREAD
[2.051s] -- Performing Test CMAKE_HAVE_LIBC_PTHREAD - Failed
[2.052s] -- Looking for pthread_create in pthreads
[2.163s] -- Looking for pthread_create in pthreads - not found
[2.164s] -- Looking for pthread_create in pthread
[2.278s] -- Looking for pthread_create in pthread - found
[2.278s] -- Found Threads: TRUE  
[2.852s] -- Found rclcpp_components: 9.2.1 (/opt/ros/galactic/share/rclcpp_components/cmake)
[2.972s] -- Found realsense2_camera_msgs: 3.2.3 (/home/jw/robot/ros_ws/install/realsense2_camera_msgs/share/realsense2_camera_msgs/cmake)
[3.038s] -- Found std_srvs: 2.2.4 (/opt/ros/galactic/share/std_srvs/cmake)
[3.054s] -- Found nav_msgs: 2.2.4 (/opt/ros/galactic/share/nav_msgs/cmake)
[3.181s] -- Found tf2_ros: 0.17.4 (/opt/ros/galactic/share/tf2_ros/cmake)
[3.819s] -- Found diagnostic_updater: 2.1.3 (/opt/ros/galactic/share/diagnostic_updater/cmake)
[3.942s] -- Build for ROS2 Galactic
[4.091s] -- Found ament_lint_auto: 0.10.7 (/opt/ros/galactic/share/ament_lint_auto/cmake)
[4.102s] -- Found OpenCV: /usr (found version "4.2.0") 
[4.279s] -- Added test 'copyright' to check source files copyright and LICENSE
[4.284s] -- Added test 'cppcheck' to perform static code analysis on C / C++ code
[4.285s] -- Configured cppcheck include dirs: /home/jw/robot/ros_ws/src/ExaRobot_ROS2/realsense-ros/realsense2_camera/include
[4.285s] -- Configured cppcheck exclude dirs and/or files: 
[4.297s] -- Added test 'cpplint' to check C / C++ code against the Google style
[4.298s] -- Configured cpplint exclude dirs and/or files: 
[4.299s] -- Added test 'flake8' to check Python code syntax and style conventions
[4.301s] -- Added test 'lint_cmake' to check CMake code style
[4.318s] -- Added test 'pep257' to check Python code against some of the style conventions in PEP 257
[4.322s] -- Added test 'uncrustify' to check C / C++ code style
[4.323s] -- Configured uncrustify additional arguments: 
[4.324s] -- Added test 'xmllint' to check XML markup files
[4.333s] -- Configuring done
[4.474s] -- Generating done
[4.494s] -- Build files have been written to: /home/jw/robot/ros_ws/build/realsense2_camera
[4.514s] Invoked command in '/home/jw/robot/ros_ws/build/realsense2_camera' returned '0': AMENT_PREFIX_PATH=/home/jw/robot/ros_ws/install/realsense2_camera_msgs:${AMENT_PREFIX_PATH} CMAKE_PREFIX_PATH=/home/jw/robot/ros_ws/install/realsense2_camera_msgs:/opt/ros/galactic LD_LIBRARY_PATH=/home/jw/robot/ros_ws/install/realsense2_camera_msgs/lib:${LD_LIBRARY_PATH} PYTHONPATH=/home/jw/robot/ros_ws/install/realsense2_camera_msgs/lib/python3.8/site-packages:${PYTHONPATH} /usr/bin/cmake /home/jw/robot/ros_ws/src/ExaRobot_ROS2/realsense-ros/realsense2_camera -DCMAKE_INSTALL_PREFIX=/home/jw/robot/ros_ws/install/realsense2_camera
[4.518s] Invoking command in '/home/jw/robot/ros_ws/build/realsense2_camera': AMENT_PREFIX_PATH=/home/jw/robot/ros_ws/install/realsense2_camera_msgs:${AMENT_PREFIX_PATH} CMAKE_PREFIX_PATH=/home/jw/robot/ros_ws/install/realsense2_camera_msgs:/opt/ros/galactic LD_LIBRARY_PATH=/home/jw/robot/ros_ws/install/realsense2_camera_msgs/lib:${LD_LIBRARY_PATH} PYTHONPATH=/home/jw/robot/ros_ws/install/realsense2_camera_msgs/lib/python3.8/site-packages:${PYTHONPATH} /usr/bin/cmake --build /home/jw/robot/ros_ws/build/realsense2_camera -- -j12 -l12
[4.612s] [35m[1mScanning dependencies of target realsense2_camera_node[0m
[4.670s] [35m[1mScanning dependencies of target realsense2_camera[0m
[4.703s] [ 12%] [32mBuilding CXX object CMakeFiles/realsense2_camera_node.dir/rclcpp_components/node_main_realsense2_camera_node.cpp.o[0m
[5.022s] [ 25%] [32mBuilding CXX object CMakeFiles/realsense2_camera.dir/src/realsense_node_factory.cpp.o[0m
[5.030s] [ 37%] [32mBuilding CXX object CMakeFiles/realsense2_camera.dir/src/t265_realsense_node.cpp.o[0m
[5.038s] [ 50%] [32mBuilding CXX object CMakeFiles/realsense2_camera.dir/src/base_realsense_node.cpp.o[0m
[5.055s] [ 62%] [32mBuilding CXX object CMakeFiles/realsense2_camera.dir/src/dynamic_params.cpp.o[0m
[5.099s] [ 75%] [32mBuilding CXX object CMakeFiles/realsense2_camera.dir/src/ros_param_backend_foxy.cpp.o[0m
[13.558s] [ 87%] [32m[1mLinking CXX executable realsense2_camera_node[0m
[13.991s] [ 87%] Built target realsense2_camera_node
[44.228s] [100%] [32m[1mLinking CXX shared library librealsense2_camera.so[0m
[45.166s] [100%] Built target realsense2_camera
[45.179s] Invoked command in '/home/jw/robot/ros_ws/build/realsense2_camera' returned '0': AMENT_PREFIX_PATH=/home/jw/robot/ros_ws/install/realsense2_camera_msgs:${AMENT_PREFIX_PATH} CMAKE_PREFIX_PATH=/home/jw/robot/ros_ws/install/realsense2_camera_msgs:/opt/ros/galactic LD_LIBRARY_PATH=/home/jw/robot/ros_ws/install/realsense2_camera_msgs/lib:${LD_LIBRARY_PATH} PYTHONPATH=/home/jw/robot/ros_ws/install/realsense2_camera_msgs/lib/python3.8/site-packages:${PYTHONPATH} /usr/bin/cmake --build /home/jw/robot/ros_ws/build/realsense2_camera -- -j12 -l12
[45.215s] Invoking command in '/home/jw/robot/ros_ws/build/realsense2_camera': AMENT_PREFIX_PATH=/home/jw/robot/ros_ws/install/realsense2_camera_msgs:${AMENT_PREFIX_PATH} CMAKE_PREFIX_PATH=/home/jw/robot/ros_ws/install/realsense2_camera_msgs:/opt/ros/galactic LD_LIBRARY_PATH=/home/jw/robot/ros_ws/install/realsense2_camera_msgs/lib:${LD_LIBRARY_PATH} PYTHONPATH=/home/jw/robot/ros_ws/install/realsense2_camera_msgs/lib/python3.8/site-packages:${PYTHONPATH} /usr/bin/cmake --install /home/jw/robot/ros_ws/build/realsense2_camera
[45.223s] -- Install configuration: "Release"
[45.224s] -- Installing: /home/jw/robot/ros_ws/install/realsense2_camera/lib/realsense2_camera/realsense2_camera_node
[45.224s] -- Set runtime path of "/home/jw/robot/ros_ws/install/realsense2_camera/lib/realsense2_camera/realsense2_camera_node" to ""
[45.224s] -- Installing: /home/jw/robot/ros_ws/install/realsense2_camera/lib/librealsense2_camera.so
[45.227s] -- Set runtime path of "/home/jw/robot/ros_ws/install/realsense2_camera/lib/librealsense2_camera.so" to ""
[45.228s] -- Installing: /home/jw/robot/ros_ws/install/realsense2_camera/include
[45.228s] -- Installing: /home/jw/robot/ros_ws/install/realsense2_camera/include/t265_realsense_node.h
[45.228s] -- Installing: /home/jw/robot/ros_ws/install/realsense2_camera/include/base_realsense_node.h
[45.228s] -- Installing: /home/jw/robot/ros_ws/install/realsense2_camera/include/constants.h
[45.228s] -- Installing: /home/jw/robot/ros_ws/install/realsense2_camera/include/realsense_node_factory.h
[45.229s] -- Installing: /home/jw/robot/ros_ws/install/realsense2_camera/include/ros_param_backend.h
[45.229s] -- Installing: /home/jw/robot/ros_ws/install/realsense2_camera/include/dynamic_params.h
[45.229s] -- Installing: /home/jw/robot/ros_ws/install/realsense2_camera/share/realsense2_camera/launch
[45.229s] -- Installing: /home/jw/robot/ros_ws/install/realsense2_camera/share/realsense2_camera/launch/demo_t265_launch.py
[45.229s] -- Installing: /home/jw/robot/ros_ws/install/realsense2_camera/share/realsense2_camera/launch/rs_t265_launch.py
[45.229s] -- Installing: /home/jw/robot/ros_ws/install/realsense2_camera/share/realsense2_camera/launch/rs_d400_and_t265_launch.py
[45.229s] -- Installing: /home/jw/robot/ros_ws/install/realsense2_camera/share/realsense2_camera/launch/rs_multi_camera_launch.py
[45.229s] -- Installing: /home/jw/robot/ros_ws/install/realsense2_camera/share/realsense2_camera/launch/rs_launch.py
[45.230s] -- Installing: /home/jw/robot/ros_ws/install/realsense2_camera/share/realsense2_camera/launch/demo_pointcloud_launch.py
[45.230s] -- Installing: /home/jw/robot/ros_ws/install/realsense2_camera/share/realsense2_camera/launch/default.rviz
[45.230s] -- Installing: /home/jw/robot/ros_ws/install/realsense2_camera/share/realsense2_camera/config
[45.230s] -- Installing: /home/jw/robot/ros_ws/install/realsense2_camera/share/realsense2_camera/config/d435i.yaml
[45.230s] -- Installing: /home/jw/robot/ros_ws/install/realsense2_camera/share/realsense2_camera/rviz
[45.231s] -- Installing: /home/jw/robot/ros_ws/install/realsense2_camera/share/realsense2_camera/rviz/pointcloud.rviz
[45.231s] -- Installing: /home/jw/robot/ros_ws/install/realsense2_camera/share/realsense2_camera/rviz/t265.rviz
[45.231s] -- Installing: /home/jw/robot/ros_ws/install/realsense2_camera/share/realsense2_camera/environment/library_path.sh
[45.231s] -- Installing: /home/jw/robot/ros_ws/install/realsense2_camera/share/realsense2_camera/environment/library_path.dsv
[45.231s] -- Installing: /home/jw/robot/ros_ws/install/realsense2_camera/share/ament_index/resource_index/package_run_dependencies/realsense2_camera
[45.232s] -- Installing: /home/jw/robot/ros_ws/install/realsense2_camera/share/ament_index/resource_index/parent_prefix_path/realsense2_camera
[45.232s] -- Installing: /home/jw/robot/ros_ws/install/realsense2_camera/share/realsense2_camera/environment/ament_prefix_path.sh
[45.232s] -- Installing: /home/jw/robot/ros_ws/install/realsense2_camera/share/realsense2_camera/environment/ament_prefix_path.dsv
[45.232s] -- Installing: /home/jw/robot/ros_ws/install/realsense2_camera/share/realsense2_camera/environment/path.sh
[45.232s] -- Installing: /home/jw/robot/ros_ws/install/realsense2_camera/share/realsense2_camera/environment/path.dsv
[45.233s] -- Installing: /home/jw/robot/ros_ws/install/realsense2_camera/share/realsense2_camera/local_setup.bash
[45.233s] -- Installing: /home/jw/robot/ros_ws/install/realsense2_camera/share/realsense2_camera/local_setup.sh
[45.233s] -- Installing: /home/jw/robot/ros_ws/install/realsense2_camera/share/realsense2_camera/local_setup.zsh
[45.233s] -- Installing: /home/jw/robot/ros_ws/install/realsense2_camera/share/realsense2_camera/local_setup.dsv
[45.233s] -- Installing: /home/jw/robot/ros_ws/install/realsense2_camera/share/realsense2_camera/package.dsv
[45.233s] -- Installing: /home/jw/robot/ros_ws/install/realsense2_camera/share/ament_index/resource_index/packages/realsense2_camera
[45.233s] -- Installing: /home/jw/robot/ros_ws/install/realsense2_camera/share/ament_index/resource_index/rclcpp_components/realsense2_camera
[45.234s] -- Installing: /home/jw/robot/ros_ws/install/realsense2_camera/share/realsense2_camera/cmake/ament_cmake_export_include_directories-extras.cmake
[45.234s] -- Installing: /home/jw/robot/ros_ws/install/realsense2_camera/share/realsense2_camera/cmake/ament_cmake_export_libraries-extras.cmake
[45.234s] -- Installing: /home/jw/robot/ros_ws/install/realsense2_camera/share/realsense2_camera/cmake/ament_cmake_export_dependencies-extras.cmake
[45.234s] -- Installing: /home/jw/robot/ros_ws/install/realsense2_camera/share/realsense2_camera/cmake/realsense2_cameraConfig.cmake
[45.234s] -- Installing: /home/jw/robot/ros_ws/install/realsense2_camera/share/realsense2_camera/cmake/realsense2_cameraConfig-version.cmake
[45.234s] -- Installing: /home/jw/robot/ros_ws/install/realsense2_camera/share/realsense2_camera/package.xml
[45.240s] Invoked command in '/home/jw/robot/ros_ws/build/realsense2_camera' returned '0': AMENT_PREFIX_PATH=/home/jw/robot/ros_ws/install/realsense2_camera_msgs:${AMENT_PREFIX_PATH} CMAKE_PREFIX_PATH=/home/jw/robot/ros_ws/install/realsense2_camera_msgs:/opt/ros/galactic LD_LIBRARY_PATH=/home/jw/robot/ros_ws/install/realsense2_camera_msgs/lib:${LD_LIBRARY_PATH} PYTHONPATH=/home/jw/robot/ros_ws/install/realsense2_camera_msgs/lib/python3.8/site-packages:${PYTHONPATH} /usr/bin/cmake --install /home/jw/robot/ros_ws/build/realsense2_camera
