[0.085s] Invoking command in '/home/jw/robot/ros_ws/build/costmap_converter': AMENT_PREFIX_PATH=/home/jw/robot/ros_ws/install/costmap_converter_msgs:${AMENT_PREFIX_PATH} CMAKE_PREFIX_PATH=/home/jw/robot/ros_ws/install/costmap_converter_msgs:/opt/ros/galactic LD_LIBRARY_PATH=/home/jw/robot/ros_ws/install/costmap_converter_msgs/lib:${LD_LIBRARY_PATH} PYTHONPATH=/home/jw/robot/ros_ws/install/costmap_converter_msgs/lib/python3.8/site-packages:${PYTHONPATH} /usr/bin/cmake /home/jw/robot/ros_ws/src/ExaRobot_ROS2/costmap_converter/costmap_converter -DCMAKE_INSTALL_PREFIX=/home/jw/robot/ros_ws/install/costmap_converter
[0.180s] -- The C compiler identification is GNU 9.4.0
[0.281s] -- The CXX compiler identification is GNU 9.4.0
[0.289s] -- Check for working C compiler: /usr/bin/cc
[0.404s] -- Check for working C compiler: /usr/bin/cc -- works
[0.405s] -- Detecting C compiler ABI info
[0.512s] -- Detecting C compiler ABI info - done
[0.532s] -- Detecting C compile features
[0.533s] -- Detecting C compile features - done
[0.537s] -- Check for working CXX compiler: /usr/bin/c++
[0.662s] -- Check for working CXX compiler: /usr/bin/c++ -- works
[0.664s] -- Detecting CXX compiler ABI info
[0.799s] -- Detecting CXX compiler ABI info - done
[0.820s] -- Detecting CXX compile features
[0.820s] -- Detecting CXX compile features - done
[0.824s] -- Found ament_cmake: 1.1.5 (/opt/ros/galactic/share/ament_cmake/cmake)
[0.885s] -- Found PythonInterp: /usr/bin/python3 (found suitable version "3.8.10", minimum required is "3") 
[0.885s] -- Using PYTHON_EXECUTABLE: /usr/bin/python3
[1.015s] -- Found class_loader: 2.1.2 (/opt/ros/galactic/share/class_loader/cmake)
[1.045s] -- Found costmap_converter_msgs: 0.1.2 (/home/jw/robot/ros_ws/install/costmap_converter_msgs/share/costmap_converter_msgs/cmake)
[1.074s] -- Using all available rosidl_typesupport_c: rosidl_typesupport_fastrtps_c;rosidl_typesupport_introspection_c
[1.086s] -- Found rosidl_adapter: 2.2.2 (/opt/ros/galactic/share/rosidl_adapter/cmake)
[1.219s] -- Found OpenSSL: /usr/lib/x86_64-linux-gnu/libcrypto.so (found version "1.1.1f")  
[1.272s] -- Found FastRTPS: /opt/ros/galactic/include  
[1.407s] -- Using all available rosidl_typesupport_cpp: rosidl_typesupport_fastrtps_cpp;rosidl_typesupport_introspection_cpp
[1.695s] -- Found cv_bridge: 2.2.1 (/opt/ros/galactic/share/cv_bridge/cmake)
[1.727s] -- Found nav2_costmap_2d: 1.0.12 (/opt/ros/galactic/share/nav2_costmap_2d/cmake)
[2.423s] -- Found rmw_implementation_cmake: 3.3.1 (/opt/ros/galactic/share/rmw_implementation_cmake/cmake)
[2.426s] -- Found rmw_fastrtps_cpp: 5.0.2 (/opt/ros/galactic/share/rmw_fastrtps_cpp/cmake)
[2.590s] -- Using RMW implementation 'rmw_fastrtps_cpp' as default
[2.591s] -- Looking for pthread.h
[2.692s] -- Looking for pthread.h - found
[2.694s] -- Performing Test CMAKE_HAVE_LIBC_PTHREAD
[2.792s] -- Performing Test CMAKE_HAVE_LIBC_PTHREAD - Failed
[2.792s] -- Looking for pthread_create in pthreads
[3.021s] -- Looking for pthread_create in pthreads - not found
[3.021s] -- Looking for pthread_create in pthread
[3.144s] -- Looking for pthread_create in pthread - found
[3.147s] -- Found Threads: TRUE  
[4.810s] -- Found Eigen3: TRUE (found version "3.3.7") 
[7.167s] -- Found OpenCV: /usr (found version "4.2.0") 
[9.016s] -- Found ament_cmake_gtest: 1.1.5 (/opt/ros/galactic/share/ament_cmake_gtest/cmake)
[9.028s] -- Found gtest sources under '/opt/ros/galactic/src/gtest_vendor': C++ tests using 'Google Test' will be built
[9.047s] -- Check if compiler accepts -pthread
[9.421s] -- Check if compiler accepts -pthread - yes
[10.425s] -- Configuring done
[10.875s] -- Generating done
[10.881s] -- Build files have been written to: /home/jw/robot/ros_ws/build/costmap_converter
[10.906s] Invoked command in '/home/jw/robot/ros_ws/build/costmap_converter' returned '0': AMENT_PREFIX_PATH=/home/jw/robot/ros_ws/install/costmap_converter_msgs:${AMENT_PREFIX_PATH} CMAKE_PREFIX_PATH=/home/jw/robot/ros_ws/install/costmap_converter_msgs:/opt/ros/galactic LD_LIBRARY_PATH=/home/jw/robot/ros_ws/install/costmap_converter_msgs/lib:${LD_LIBRARY_PATH} PYTHONPATH=/home/jw/robot/ros_ws/install/costmap_converter_msgs/lib/python3.8/site-packages:${PYTHONPATH} /usr/bin/cmake /home/jw/robot/ros_ws/src/ExaRobot_ROS2/costmap_converter/costmap_converter -DCMAKE_INSTALL_PREFIX=/home/jw/robot/ros_ws/install/costmap_converter
[10.911s] Invoking command in '/home/jw/robot/ros_ws/build/costmap_converter': AMENT_PREFIX_PATH=/home/jw/robot/ros_ws/install/costmap_converter_msgs:${AMENT_PREFIX_PATH} CMAKE_PREFIX_PATH=/home/jw/robot/ros_ws/install/costmap_converter_msgs:/opt/ros/galactic LD_LIBRARY_PATH=/home/jw/robot/ros_ws/install/costmap_converter_msgs/lib:${LD_LIBRARY_PATH} PYTHONPATH=/home/jw/robot/ros_ws/install/costmap_converter_msgs/lib/python3.8/site-packages:${PYTHONPATH} /usr/bin/cmake --build /home/jw/robot/ros_ws/build/costmap_converter -- -j12 -l12
[10.985s] [35m[1mScanning dependencies of target costmap_converter[0m
[10.987s] [35m[1mScanning dependencies of target gtest_main[0m
[11.002s] [35m[1mScanning dependencies of target gtest[0m
[11.066s] [  5%] [32mBuilding CXX object gtest/CMakeFiles/gtest_main.dir/src/gtest_main.cc.o[0m
[11.102s] [ 10%] [32mBuilding CXX object gtest/CMakeFiles/gtest.dir/src/gtest-all.cc.o[0m
[11.448s] [ 15%] [32mBuilding CXX object CMakeFiles/costmap_converter.dir/src/costmap_to_polygons_concave.cpp.o[0m
[11.448s] [ 21%] [32mBuilding CXX object CMakeFiles/costmap_converter.dir/src/costmap_to_polygons.cpp.o[0m
[11.455s] [ 26%] [32mBuilding CXX object CMakeFiles/costmap_converter.dir/src/costmap_to_lines_convex_hull.cpp.o[0m
[11.469s] [ 31%] [32mBuilding CXX object CMakeFiles/costmap_converter.dir/src/costmap_to_lines_ransac.cpp.o[0m
[11.493s] [ 36%] [32mBuilding CXX object CMakeFiles/costmap_converter.dir/src/costmap_to_dynamic_obstacles/costmap_to_dynamic_obstacles.cpp.o[0m
[11.568s] [ 42%] [32mBuilding CXX object CMakeFiles/costmap_converter.dir/src/costmap_to_dynamic_obstacles/background_subtractor.cpp.o[0m
[11.635s] [ 47%] [32mBuilding CXX object CMakeFiles/costmap_converter.dir/src/costmap_to_dynamic_obstacles/blob_detector.cpp.o[0m
[11.636s] [ 52%] [32mBuilding CXX object CMakeFiles/costmap_converter.dir/src/costmap_to_dynamic_obstacles/multitarget_tracker/Ctracker.cpp.o[0m
[11.644s] [ 57%] [32mBuilding CXX object CMakeFiles/costmap_converter.dir/src/costmap_to_dynamic_obstacles/multitarget_tracker/Kalman.cpp.o[0m
[11.668s] [ 63%] [32mBuilding CXX object CMakeFiles/costmap_converter.dir/src/costmap_to_dynamic_obstacles/multitarget_tracker/HungarianAlg.cpp.o[0m
[13.636s] [ 68%] [32m[1mLinking CXX static library libgtest_main.a[0m
[13.849s] [ 68%] Built target gtest_main
[19.868s] In file included from [01m[K/opt/ros/galactic/include/rclcpp/client.hpp:40[m[K,
[19.868s]                  from [01m[K/opt/ros/galactic/include/rclcpp/callback_group.hpp:23[m[K,
[19.868s]                  from [01m[K/opt/ros/galactic/include/rclcpp/any_executable.hpp:20[m[K,
[19.869s]                  from [01m[K/opt/ros/galactic/include/rclcpp/memory_strategy.hpp:25[m[K,
[19.869s]                  from [01m[K/opt/ros/galactic/include/rclcpp/memory_strategies.hpp:18[m[K,
[19.869s]                  from [01m[K/opt/ros/galactic/include/rclcpp/executor_options.hpp:20[m[K,
[19.869s]                  from [01m[K/opt/ros/galactic/include/rclcpp/executor.hpp:36[m[K,
[19.870s]                  from [01m[K/opt/ros/galactic/include/rclcpp/executors/multi_threaded_executor.hpp:26[m[K,
[19.870s]                  from [01m[K/opt/ros/galactic/include/rclcpp/executors.hpp:21[m[K,
[19.870s]                  from [01m[K/opt/ros/galactic/include/rclcpp/rclcpp.hpp:156[m[K,
[19.870s]                  from [01m[K/home/jw/robot/ros_ws/src/ExaRobot_ROS2/costmap_converter/costmap_converter/include/costmap_converter/costmap_to_polygons.h:42[m[K,
[19.871s]                  from [01m[K/home/jw/robot/ros_ws/src/ExaRobot_ROS2/costmap_converter/costmap_converter/include/costmap_converter/costmap_to_polygons_concave.h:42[m[K,
[19.871s]                  from [01m[K/home/jw/robot/ros_ws/src/ExaRobot_ROS2/costmap_converter/costmap_converter/src/costmap_to_polygons_concave.cpp:39[m[K:
[19.871s] [01m[K/home/jw/robot/ros_ws/src/ExaRobot_ROS2/costmap_converter/costmap_converter/include/costmap_converter/costmap_converter_interface.h:[m[K In member function ‘[01m[Kvoid costmap_converter::BaseCostmapToPolygons::startWorker(rclcpp::GenericRate<std::chrono::_V2::system_clock>::SharedPtr, nav2_costmap_2d::Costmap2D*, bool)[m[K’:
[19.871s] [01m[K/home/jw/robot/ros_ws/src/ExaRobot_ROS2/costmap_converter/costmap_converter/include/costmap_converter/costmap_converter_interface.h:197:41:[m[K [01;35m[Kwarning: [m[Ktoo many arguments for format [[01;35m[K-Wformat-extra-args[m[K]
[19.872s]   197 |         RCLCPP_DEBUG(nh_->get_logger(), [01;35m[K"costmap_converter"[m[K, "Spinning up a thread for the CostmapToPolygons plugin");
[19.872s]       |                                         [01;35m[K^~~~~~~~~~~~~~~~~~~[m[K
[19.905s] [01m[K/home/jw/robot/ros_ws/src/ExaRobot_ROS2/costmap_converter/costmap_converter/include/costmap_converter/costmap_converter_interface.h:[m[K In member function ‘[01m[Kvoid costmap_converter::BaseCostmapToDynamicObstacles::loadStaticCostmapConverterPlugin(const string&, rclcpp::Node::SharedPtr)[m[K’:
[19.905s] [01m[K/home/jw/robot/ros_ws/src/ExaRobot_ROS2/costmap_converter/costmap_converter/include/costmap_converter/costmap_converter_interface.h:313:32:[m[K [01;35m[Kwarning: [m[Kformat ‘[01m[K%s[m[K’ expects argument of type ‘[01m[Kchar*[m[K’, but argument 5 has type ‘[01m[Kconst string[m[K’ {aka ‘[01m[Kconst std::__cxx11::basic_string<char>[m[K’} [[01;35m[K-Wformat=[m[K]
[19.906s]   313 |       RCLCPP_INFO(getLogger(), [01;35m[K"CostmapToDynamicObstacles: underlying costmap conversion plugin for static obstacles %s loaded."[m[K, plugin_name);
[19.906s]       |                                [01;35m[K^~~~~~~~~~~~~~~~~~~~~~~~~~~~~~~~~~~~~~~~~~~~~~~~~~~~~~~~~~~~~~~~~~~~~~~~~~~~~~~~~~~~~~~~~~~~~~~~~[m[K
[19.906s] In file included from [01m[K/home/jw/robot/ros_ws/src/ExaRobot_ROS2/costmap_converter/costmap_converter/include/costmap_converter/costmap_to_polygons.h:43[m[K,
[19.906s]                  from [01m[K/home/jw/robot/ros_ws/src/ExaRobot_ROS2/costmap_converter/costmap_converter/include/costmap_converter/costmap_to_polygons_concave.h:42[m[K,
[19.907s]                  from [01m[K/home/jw/robot/ros_ws/src/ExaRobot_ROS2/costmap_converter/costmap_converter/src/costmap_to_polygons_concave.cpp:39[m[K:
[19.907s] [01m[K/home/jw/robot/ros_ws/src/ExaRobot_ROS2/costmap_converter/costmap_converter/include/costmap_converter/costmap_converter_interface.h:313:119:[m[K [01;36m[Knote: [m[Kformat string is defined here
[19.907s]   313 |       RCLCPP_INFO(getLogger(), "CostmapToDynamicObstacles: underlying costmap conversion plugin for static obstacles [01;36m[K%s[m[K loaded.", plugin_name);
[19.907s]       |                                                                                                                      [01;36m[K~^[m[K
[19.908s]       |                                                                                                                       [01;36m[K|[m[K
[19.908s]       |                                                                                                                       [01;36m[Kchar*[m[K
[20.973s] In file included from [01m[K/opt/ros/galactic/include/rclcpp/client.hpp:40[m[K,
[20.973s]                  from [01m[K/opt/ros/galactic/include/rclcpp/callback_group.hpp:23[m[K,
[20.973s]                  from [01m[K/opt/ros/galactic/include/rclcpp/any_executable.hpp:20[m[K,
[20.974s]                  from [01m[K/opt/ros/galactic/include/rclcpp/memory_strategy.hpp:25[m[K,
[20.974s]                  from [01m[K/opt/ros/galactic/include/rclcpp/memory_strategies.hpp:18[m[K,
[20.974s]                  from [01m[K/opt/ros/galactic/include/rclcpp/executor_options.hpp:20[m[K,
[20.974s]                  from [01m[K/opt/ros/galactic/include/rclcpp/executor.hpp:36[m[K,
[20.974s]                  from [01m[K/opt/ros/galactic/include/rclcpp/executors/multi_threaded_executor.hpp:26[m[K,
[20.975s]                  from [01m[K/opt/ros/galactic/include/rclcpp/executors.hpp:21[m[K,
[20.975s]                  from [01m[K/opt/ros/galactic/include/rclcpp/rclcpp.hpp:156[m[K,
[20.975s]                  from [01m[K/home/jw/robot/ros_ws/src/ExaRobot_ROS2/costmap_converter/costmap_converter/include/costmap_converter/costmap_converter_interface.h:46[m[K,
[20.975s]                  from [01m[K/home/jw/robot/ros_ws/src/ExaRobot_ROS2/costmap_converter/costmap_converter/include/costmap_converter/costmap_to_lines_convex_hull.h:42[m[K,
[20.976s]                  from [01m[K/home/jw/robot/ros_ws/src/ExaRobot_ROS2/costmap_converter/costmap_converter/src/costmap_to_lines_convex_hull.cpp:39[m[K:
[20.976s] [01m[K/home/jw/robot/ros_ws/src/ExaRobot_ROS2/costmap_converter/costmap_converter/include/costmap_converter/costmap_converter_interface.h:[m[K In member function ‘[01m[Kvoid costmap_converter::BaseCostmapToPolygons::startWorker(rclcpp::GenericRate<std::chrono::_V2::system_clock>::SharedPtr, nav2_costmap_2d::Costmap2D*, bool)[m[K’:
[20.976s] [01m[K/home/jw/robot/ros_ws/src/ExaRobot_ROS2/costmap_converter/costmap_converter/include/costmap_converter/costmap_converter_interface.h:197:41:[m[K [01;35m[Kwarning: [m[Ktoo many arguments for format [[01;35m[K-Wformat-extra-args[m[K]
[20.976s]   197 |         RCLCPP_DEBUG(nh_->get_logger(), [01;35m[K"costmap_converter"[m[K, "Spinning up a thread for the CostmapToPolygons plugin");
[20.976s]       |                                         [01;35m[K^~~~~~~~~~~~~~~~~~~[m[K
[21.014s] [01m[K/home/jw/robot/ros_ws/src/ExaRobot_ROS2/costmap_converter/costmap_converter/include/costmap_converter/costmap_converter_interface.h:[m[K In member function ‘[01m[Kvoid costmap_converter::BaseCostmapToDynamicObstacles::loadStaticCostmapConverterPlugin(const string&, rclcpp::Node::SharedPtr)[m[K’:
[21.014s] [01m[K/home/jw/robot/ros_ws/src/ExaRobot_ROS2/costmap_converter/costmap_converter/include/costmap_converter/costmap_converter_interface.h:313:32:[m[K [01;35m[Kwarning: [m[Kformat ‘[01m[K%s[m[K’ expects argument of type ‘[01m[Kchar*[m[K’, but argument 5 has type ‘[01m[Kconst string[m[K’ {aka ‘[01m[Kconst std::__cxx11::basic_string<char>[m[K’} [[01;35m[K-Wformat=[m[K]
[21.014s]   313 |       RCLCPP_INFO(getLogger(), [01;35m[K"CostmapToDynamicObstacles: underlying costmap conversion plugin for static obstacles %s loaded."[m[K, plugin_name);
[21.014s]       |                                [01;35m[K^~~~~~~~~~~~~~~~~~~~~~~~~~~~~~~~~~~~~~~~~~~~~~~~~~~~~~~~~~~~~~~~~~~~~~~~~~~~~~~~~~~~~~~~~~~~~~~~~[m[K
[21.015s] In file included from [01m[K/home/jw/robot/ros_ws/src/ExaRobot_ROS2/costmap_converter/costmap_converter/include/costmap_converter/costmap_to_lines_convex_hull.h:42[m[K,
[21.015s]                  from [01m[K/home/jw/robot/ros_ws/src/ExaRobot_ROS2/costmap_converter/costmap_converter/src/costmap_to_lines_convex_hull.cpp:39[m[K:
[21.015s] [01m[K/home/jw/robot/ros_ws/src/ExaRobot_ROS2/costmap_converter/costmap_converter/include/costmap_converter/costmap_converter_interface.h:313:119:[m[K [01;36m[Knote: [m[Kformat string is defined here
[21.015s]   313 |       RCLCPP_INFO(getLogger(), "CostmapToDynamicObstacles: underlying costmap conversion plugin for static obstacles [01;36m[K%s[m[K loaded.", plugin_name);
[21.016s]       |                                                                                                                      [01;36m[K~^[m[K
[21.016s]       |                                                                                                                       [01;36m[K|[m[K
[21.016s]       |                                                                                                                       [01;36m[Kchar*[m[K
[21.464s] In file included from [01m[K/opt/ros/galactic/include/rclcpp/client.hpp:40[m[K,
[21.465s]                  from [01m[K/opt/ros/galactic/include/rclcpp/callback_group.hpp:23[m[K,
[21.465s]                  from [01m[K/opt/ros/galactic/include/rclcpp/any_executable.hpp:20[m[K,
[21.465s]                  from [01m[K/opt/ros/galactic/include/rclcpp/memory_strategy.hpp:25[m[K,
[21.465s]                  from [01m[K/opt/ros/galactic/include/rclcpp/memory_strategies.hpp:18[m[K,
[21.466s]                  from [01m[K/opt/ros/galactic/include/rclcpp/executor_options.hpp:20[m[K,
[21.466s]                  from [01m[K/opt/ros/galactic/include/rclcpp/executor.hpp:36[m[K,
[21.466s]                  from [01m[K/opt/ros/galactic/include/rclcpp/executors/multi_threaded_executor.hpp:26[m[K,
[21.466s]                  from [01m[K/opt/ros/galactic/include/rclcpp/executors.hpp:21[m[K,
[21.467s]                  from [01m[K/opt/ros/galactic/include/rclcpp/rclcpp.hpp:156[m[K,
[21.467s]                  from [01m[K/home/jw/robot/ros_ws/src/ExaRobot_ROS2/costmap_converter/costmap_converter/include/costmap_converter/costmap_converter_interface.h:46[m[K,
[21.467s]                  from [01m[K/home/jw/robot/ros_ws/src/ExaRobot_ROS2/costmap_converter/costmap_converter/include/costmap_converter/costmap_to_dynamic_obstacles/costmap_to_dynamic_obstacles.h:47[m[K,
[21.467s]                  from [01m[K/home/jw/robot/ros_ws/src/ExaRobot_ROS2/costmap_converter/costmap_converter/src/costmap_to_dynamic_obstacles/costmap_to_dynamic_obstacles.cpp:1[m[K:
[21.468s] [01m[K/home/jw/robot/ros_ws/src/ExaRobot_ROS2/costmap_converter/costmap_converter/include/costmap_converter/costmap_converter_interface.h:[m[K In member function ‘[01m[Kvoid costmap_converter::BaseCostmapToPolygons::startWorker(rclcpp::GenericRate<std::chrono::_V2::system_clock>::SharedPtr, nav2_costmap_2d::Costmap2D*, bool)[m[K’:
[21.468s] [01m[K/home/jw/robot/ros_ws/src/ExaRobot_ROS2/costmap_converter/costmap_converter/include/costmap_converter/costmap_converter_interface.h:197:41:[m[K [01;35m[Kwarning: [m[Ktoo many arguments for format [[01;35m[K-Wformat-extra-args[m[K]
[21.468s]   197 |         RCLCPP_DEBUG(nh_->get_logger(), [01;35m[K"costmap_converter"[m[K, "Spinning up a thread for the CostmapToPolygons plugin");
[21.468s]       |                                         [01;35m[K^~~~~~~~~~~~~~~~~~~[m[K
[21.504s] [01m[K/home/jw/robot/ros_ws/src/ExaRobot_ROS2/costmap_converter/costmap_converter/include/costmap_converter/costmap_converter_interface.h:[m[K In member function ‘[01m[Kvoid costmap_converter::BaseCostmapToDynamicObstacles::loadStaticCostmapConverterPlugin(const string&, rclcpp::Node::SharedPtr)[m[K’:
[21.504s] [01m[K/home/jw/robot/ros_ws/src/ExaRobot_ROS2/costmap_converter/costmap_converter/include/costmap_converter/costmap_converter_interface.h:313:32:[m[K [01;35m[Kwarning: [m[Kformat ‘[01m[K%s[m[K’ expects argument of type ‘[01m[Kchar*[m[K’, but argument 5 has type ‘[01m[Kconst string[m[K’ {aka ‘[01m[Kconst std::__cxx11::basic_string<char>[m[K’} [[01;35m[K-Wformat=[m[K]
[21.504s]   313 |       RCLCPP_INFO(getLogger(), [01;35m[K"CostmapToDynamicObstacles: underlying costmap conversion plugin for static obstacles %s loaded."[m[K, plugin_name);
[21.505s]       |                                [01;35m[K^~~~~~~~~~~~~~~~~~~~~~~~~~~~~~~~~~~~~~~~~~~~~~~~~~~~~~~~~~~~~~~~~~~~~~~~~~~~~~~~~~~~~~~~~~~~~~~~~[m[K
[21.505s] In file included from [01m[K/home/jw/robot/ros_ws/src/ExaRobot_ROS2/costmap_converter/costmap_converter/include/costmap_converter/costmap_to_dynamic_obstacles/costmap_to_dynamic_obstacles.h:47[m[K,
[21.505s]                  from [01m[K/home/jw/robot/ros_ws/src/ExaRobot_ROS2/costmap_converter/costmap_converter/src/costmap_to_dynamic_obstacles/costmap_to_dynamic_obstacles.cpp:1[m[K:
[21.505s] [01m[K/home/jw/robot/ros_ws/src/ExaRobot_ROS2/costmap_converter/costmap_converter/include/costmap_converter/costmap_converter_interface.h:313:119:[m[K [01;36m[Knote: [m[Kformat string is defined here
[21.506s]   313 |       RCLCPP_INFO(getLogger(), "CostmapToDynamicObstacles: underlying costmap conversion plugin for static obstacles [01;36m[K%s[m[K loaded.", plugin_name);
[21.506s]       |                                                                                                                      [01;36m[K~^[m[K
[21.506s]       |                                                                                                                       [01;36m[K|[m[K
[21.506s]       |                                                                                                                       [01;36m[Kchar*[m[K
[21.507s] In file included from [01m[K/opt/ros/galactic/include/rclcpp/client.hpp:40[m[K,
[21.507s]                  from [01m[K/opt/ros/galactic/include/rclcpp/callback_group.hpp:23[m[K,
[21.507s]                  from [01m[K/opt/ros/galactic/include/rclcpp/any_executable.hpp:20[m[K,
[21.507s]                  from [01m[K/opt/ros/galactic/include/rclcpp/memory_strategy.hpp:25[m[K,
[21.508s]                  from [01m[K/opt/ros/galactic/include/rclcpp/memory_strategies.hpp:18[m[K,
[21.508s]                  from [01m[K/opt/ros/galactic/include/rclcpp/executor_options.hpp:20[m[K,
[21.508s]                  from [01m[K/opt/ros/galactic/include/rclcpp/executor.hpp:36[m[K,
[21.508s]                  from [01m[K/opt/ros/galactic/include/rclcpp/executors/multi_threaded_executor.hpp:26[m[K,
[21.509s]                  from [01m[K/opt/ros/galactic/include/rclcpp/executors.hpp:21[m[K,
[21.509s]                  from [01m[K/opt/ros/galactic/include/rclcpp/rclcpp.hpp:156[m[K,
[21.509s]                  from [01m[K/home/jw/robot/ros_ws/src/ExaRobot_ROS2/costmap_converter/costmap_converter/include/costmap_converter/costmap_converter_interface.h:46[m[K,
[21.509s]                  from [01m[K/home/jw/robot/ros_ws/src/ExaRobot_ROS2/costmap_converter/costmap_converter/include/costmap_converter/costmap_to_lines_ransac.h:42[m[K,
[21.510s]                  from [01m[K/home/jw/robot/ros_ws/src/ExaRobot_ROS2/costmap_converter/costmap_converter/src/costmap_to_lines_ransac.cpp:39[m[K:
[21.510s] [01m[K/home/jw/robot/ros_ws/src/ExaRobot_ROS2/costmap_converter/costmap_converter/include/costmap_converter/costmap_converter_interface.h:[m[K In member function ‘[01m[Kvoid costmap_converter::BaseCostmapToPolygons::startWorker(rclcpp::GenericRate<std::chrono::_V2::system_clock>::SharedPtr, nav2_costmap_2d::Costmap2D*, bool)[m[K’:
[21.510s] [01m[K/home/jw/robot/ros_ws/src/ExaRobot_ROS2/costmap_converter/costmap_converter/include/costmap_converter/costmap_converter_interface.h:197:41:[m[K [01;35m[Kwarning: [m[Ktoo many arguments for format [[01;35m[K-Wformat-extra-args[m[K]
[21.510s]   197 |         RCLCPP_DEBUG(nh_->get_logger(), [01;35m[K"costmap_converter"[m[K, "Spinning up a thread for the CostmapToPolygons plugin");
[21.511s]       |                                         [01;35m[K^~~~~~~~~~~~~~~~~~~[m[K
[21.550s] [01m[K/home/jw/robot/ros_ws/src/ExaRobot_ROS2/costmap_converter/costmap_converter/include/costmap_converter/costmap_converter_interface.h:[m[K In member function ‘[01m[Kvoid costmap_converter::BaseCostmapToDynamicObstacles::loadStaticCostmapConverterPlugin(const string&, rclcpp::Node::SharedPtr)[m[K’:
[21.551s] [01m[K/home/jw/robot/ros_ws/src/ExaRobot_ROS2/costmap_converter/costmap_converter/include/costmap_converter/costmap_converter_interface.h:313:32:[m[K [01;35m[Kwarning: [m[Kformat ‘[01m[K%s[m[K’ expects argument of type ‘[01m[Kchar*[m[K’, but argument 5 has type ‘[01m[Kconst string[m[K’ {aka ‘[01m[Kconst std::__cxx11::basic_string<char>[m[K’} [[01;35m[K-Wformat=[m[K]
[21.551s]   313 |       RCLCPP_INFO(getLogger(), [01;35m[K"CostmapToDynamicObstacles: underlying costmap conversion plugin for static obstacles %s loaded."[m[K, plugin_name);
[21.551s]       |                                [01;35m[K^~~~~~~~~~~~~~~~~~~~~~~~~~~~~~~~~~~~~~~~~~~~~~~~~~~~~~~~~~~~~~~~~~~~~~~~~~~~~~~~~~~~~~~~~~~~~~~~~[m[K
[21.551s] In file included from [01m[K/home/jw/robot/ros_ws/src/ExaRobot_ROS2/costmap_converter/costmap_converter/include/costmap_converter/costmap_to_lines_ransac.h:42[m[K,
[21.552s]                  from [01m[K/home/jw/robot/ros_ws/src/ExaRobot_ROS2/costmap_converter/costmap_converter/src/costmap_to_lines_ransac.cpp:39[m[K:
[21.552s] [01m[K/home/jw/robot/ros_ws/src/ExaRobot_ROS2/costmap_converter/costmap_converter/include/costmap_converter/costmap_converter_interface.h:313:119:[m[K [01;36m[Knote: [m[Kformat string is defined here
[21.552s]   313 |       RCLCPP_INFO(getLogger(), "CostmapToDynamicObstacles: underlying costmap conversion plugin for static obstacles [01;36m[K%s[m[K loaded.", plugin_name);
[21.552s]       |                                                                                                                      [01;36m[K~^[m[K
[21.553s]       |                                                                                                                       [01;36m[K|[m[K
[21.553s]       |                                                                                                                       [01;36m[Kchar*[m[K
[21.721s] In file included from [01m[K/opt/ros/galactic/include/rclcpp/client.hpp:40[m[K,
[21.721s]                  from [01m[K/opt/ros/galactic/include/rclcpp/callback_group.hpp:23[m[K,
[21.721s]                  from [01m[K/opt/ros/galactic/include/rclcpp/any_executable.hpp:20[m[K,
[21.722s]                  from [01m[K/opt/ros/galactic/include/rclcpp/memory_strategy.hpp:25[m[K,
[21.722s]                  from [01m[K/opt/ros/galactic/include/rclcpp/memory_strategies.hpp:18[m[K,
[21.722s]                  from [01m[K/opt/ros/galactic/include/rclcpp/executor_options.hpp:20[m[K,
[21.722s]                  from [01m[K/opt/ros/galactic/include/rclcpp/executor.hpp:36[m[K,
[21.723s]                  from [01m[K/opt/ros/galactic/include/rclcpp/executors/multi_threaded_executor.hpp:26[m[K,
[21.723s]                  from [01m[K/opt/ros/galactic/include/rclcpp/executors.hpp:21[m[K,
[21.723s]                  from [01m[K/opt/ros/galactic/include/rclcpp/rclcpp.hpp:156[m[K,
[21.723s]                  from [01m[K/home/jw/robot/ros_ws/src/ExaRobot_ROS2/costmap_converter/costmap_converter/include/costmap_converter/costmap_to_polygons.h:42[m[K,
[21.723s]                  from [01m[K/home/jw/robot/ros_ws/src/ExaRobot_ROS2/costmap_converter/costmap_converter/src/costmap_to_polygons.cpp:39[m[K:
[21.724s] [01m[K/home/jw/robot/ros_ws/src/ExaRobot_ROS2/costmap_converter/costmap_converter/include/costmap_converter/costmap_converter_interface.h:[m[K In member function ‘[01m[Kvoid costmap_converter::BaseCostmapToPolygons::startWorker(rclcpp::GenericRate<std::chrono::_V2::system_clock>::SharedPtr, nav2_costmap_2d::Costmap2D*, bool)[m[K’:
[21.724s] [01m[K/home/jw/robot/ros_ws/src/ExaRobot_ROS2/costmap_converter/costmap_converter/include/costmap_converter/costmap_converter_interface.h:197:41:[m[K [01;35m[Kwarning: [m[Ktoo many arguments for format [[01;35m[K-Wformat-extra-args[m[K]
[21.724s]   197 |         RCLCPP_DEBUG(nh_->get_logger(), [01;35m[K"costmap_converter"[m[K, "Spinning up a thread for the CostmapToPolygons plugin");
[21.724s]       |                                         [01;35m[K^~~~~~~~~~~~~~~~~~~[m[K
[21.760s] [01m[K/home/jw/robot/ros_ws/src/ExaRobot_ROS2/costmap_converter/costmap_converter/include/costmap_converter/costmap_converter_interface.h:[m[K In member function ‘[01m[Kvoid costmap_converter::BaseCostmapToDynamicObstacles::loadStaticCostmapConverterPlugin(const string&, rclcpp::Node::SharedPtr)[m[K’:
[21.760s] [01m[K/home/jw/robot/ros_ws/src/ExaRobot_ROS2/costmap_converter/costmap_converter/include/costmap_converter/costmap_converter_interface.h:313:32:[m[K [01;35m[Kwarning: [m[Kformat ‘[01m[K%s[m[K’ expects argument of type ‘[01m[Kchar*[m[K’, but argument 5 has type ‘[01m[Kconst string[m[K’ {aka ‘[01m[Kconst std::__cxx11::basic_string<char>[m[K’} [[01;35m[K-Wformat=[m[K]
[21.761s]   313 |       RCLCPP_INFO(getLogger(), [01;35m[K"CostmapToDynamicObstacles: underlying costmap conversion plugin for static obstacles %s loaded."[m[K, plugin_name);
[21.761s]       |                                [01;35m[K^~~~~~~~~~~~~~~~~~~~~~~~~~~~~~~~~~~~~~~~~~~~~~~~~~~~~~~~~~~~~~~~~~~~~~~~~~~~~~~~~~~~~~~~~~~~~~~~~[m[K
[21.761s] In file included from [01m[K/home/jw/robot/ros_ws/src/ExaRobot_ROS2/costmap_converter/costmap_converter/include/costmap_converter/costmap_to_polygons.h:43[m[K,
[21.761s]                  from [01m[K/home/jw/robot/ros_ws/src/ExaRobot_ROS2/costmap_converter/costmap_converter/src/costmap_to_polygons.cpp:39[m[K:
[21.762s] [01m[K/home/jw/robot/ros_ws/src/ExaRobot_ROS2/costmap_converter/costmap_converter/include/costmap_converter/costmap_converter_interface.h:313:119:[m[K [01;36m[Knote: [m[Kformat string is defined here
[21.762s]   313 | : underlying costmap conversion plugin for static obstacles [01;36m[K%s[m[K loaded.", plugin_name);
[21.762s]       |                                                             [01;36m[K~^[m[K
[21.763s]       |                                                              [01;36m[K|[m[K
[21.763s]       |                                                              [01;36m[Kchar*[m[K
[21.763s] 
[27.527s] [ 73%] [32m[1mLinking CXX static library libgtest.a[0m
[27.576s] [ 73%] Built target gtest
[39.839s] [ 78%] [32m[1mLinking CXX shared library libcostmap_converter.so[0m
[40.255s] [ 78%] Built target costmap_converter
[40.274s] [35m[1mScanning dependencies of target standalone_converter[0m
[40.275s] [35m[1mScanning dependencies of target test_costmap_polygons[0m
[40.342s] [ 84%] [32mBuilding CXX object CMakeFiles/standalone_converter.dir/src/costmap_converter_node.cpp.o[0m
[40.364s] [ 89%] [32mBuilding CXX object CMakeFiles/test_costmap_polygons.dir/test/costmap_polygons.cpp.o[0m
[43.350s] In file included from [01m[K/opt/ros/galactic/include/rclcpp/client.hpp:40[m[K,
[43.350s]                  from [01m[K/opt/ros/galactic/include/rclcpp/callback_group.hpp:23[m[K,
[43.350s]                  from [01m[K/opt/ros/galactic/include/rclcpp/any_executable.hpp:20[m[K,
[43.351s]                  from [01m[K/opt/ros/galactic/include/rclcpp/memory_strategy.hpp:25[m[K,
[43.351s]                  from [01m[K/opt/ros/galactic/include/rclcpp/memory_strategies.hpp:18[m[K,
[43.351s]                  from [01m[K/opt/ros/galactic/include/rclcpp/executor_options.hpp:20[m[K,
[43.351s]                  from [01m[K/opt/ros/galactic/include/rclcpp/executor.hpp:36[m[K,
[43.351s]                  from [01m[K/opt/ros/galactic/include/rclcpp/executors/multi_threaded_executor.hpp:26[m[K,
[43.351s]                  from [01m[K/opt/ros/galactic/include/rclcpp/executors.hpp:21[m[K,
[43.351s]                  from [01m[K/opt/ros/galactic/include/rclcpp/rclcpp.hpp:156[m[K,
[43.351s]                  from [01m[K/home/jw/robot/ros_ws/src/ExaRobot_ROS2/costmap_converter/costmap_converter/src/costmap_converter_node.cpp:40[m[K:
[43.352s] [01m[K/home/jw/robot/ros_ws/src/ExaRobot_ROS2/costmap_converter/costmap_converter/include/costmap_converter/costmap_converter_interface.h:[m[K In member function ‘[01m[Kvoid costmap_converter::BaseCostmapToPolygons::startWorker(rclcpp::GenericRate<std::chrono::_V2::system_clock>::SharedPtr, nav2_costmap_2d::Costmap2D*, bool)[m[K’:
[43.352s] [01m[K/home/jw/robot/ros_ws/src/ExaRobot_ROS2/costmap_converter/costmap_converter/include/costmap_converter/costmap_converter_interface.h:197:41:[m[K [01;35m[Kwarning: [m[Ktoo many arguments for format [[01;35m[K-Wformat-extra-args[m[K]
[43.352s]   197 |         RCLCPP_DEBUG(nh_->get_logger(), [01;35m[K"costmap_converter"[m[K, "Spinning up a thread for the CostmapToPolygons plugin");
[43.352s]       |                                         [01;35m[K^~~~~~~~~~~~~~~~~~~[m[K
[43.386s] [01m[K/home/jw/robot/ros_ws/src/ExaRobot_ROS2/costmap_converter/costmap_converter/include/costmap_converter/costmap_converter_interface.h:[m[K In member function ‘[01m[Kvoid costmap_converter::BaseCostmapToDynamicObstacles::loadStaticCostmapConverterPlugin(const string&, rclcpp::Node::SharedPtr)[m[K’:
[43.386s] [01m[K/home/jw/robot/ros_ws/src/ExaRobot_ROS2/costmap_converter/costmap_converter/include/costmap_converter/costmap_converter_interface.h:313:32:[m[K [01;35m[Kwarning: [m[Kformat ‘[01m[K%s[m[K’ expects argument of type ‘[01m[Kchar*[m[K’, but argument 5 has type ‘[01m[Kconst string[m[K’ {aka ‘[01m[Kconst std::__cxx11::basic_string<char>[m[K’} [[01;35m[K-Wformat=[m[K]
[43.387s]   313 |       RCLCPP_INFO(getLogger(), [01;35m[K"CostmapToDynamicObstacles: underlying costmap conversion plugin for static obstacles %s loaded."[m[K, plugin_name);
[43.387s]       |                                [01;35m[K^~~~~~~~~~~~~~~~~~~~~~~~~~~~~~~~~~~~~~~~~~~~~~~~~~~~~~~~~~~~~~~~~~~~~~~~~~~~~~~~~~~~~~~~~~~~~~~~~[m[K
[43.387s] In file included from [01m[K/home/jw/robot/ros_ws/src/ExaRobot_ROS2/costmap_converter/costmap_converter/src/costmap_converter_node.cpp:47[m[K:
[43.387s] [01m[K/home/jw/robot/ros_ws/src/ExaRobot_ROS2/costmap_converter/costmap_converter/include/costmap_converter/costmap_converter_interface.h:313:119:[m[K [01;36m[Knote: [m[Kformat string is defined here
[43.387s]   313 | : underlying costmap conversion plugin for static obstacles [01;36m[K%s[m[K loaded.", plugin_name);
[43.387s]       |                                                             [01;36m[K~^[m[K
[43.387s]       |                                                              [01;36m[K|[m[K
[43.388s]       |                                                              [01;36m[Kchar*[m[K
[43.388s] 
[44.402s] In file included from [01m[K/opt/ros/galactic/include/rclcpp/client.hpp:40[m[K,
[44.402s]                  from [01m[K/opt/ros/galactic/include/rclcpp/callback_group.hpp:23[m[K,
[44.402s]                  from [01m[K/opt/ros/galactic/include/rclcpp/any_executable.hpp:20[m[K,
[44.402s]                  from [01m[K/opt/ros/galactic/include/rclcpp/memory_strategy.hpp:25[m[K,
[44.402s]                  from [01m[K/opt/ros/galactic/include/rclcpp/memory_strategies.hpp:18[m[K,
[44.402s]                  from [01m[K/opt/ros/galactic/include/rclcpp/executor_options.hpp:20[m[K,
[44.402s]                  from [01m[K/opt/ros/galactic/include/rclcpp/executor.hpp:36[m[K,
[44.402s]                  from [01m[K/opt/ros/galactic/include/rclcpp/executors/multi_threaded_executor.hpp:26[m[K,
[44.403s]                  from [01m[K/opt/ros/galactic/include/rclcpp/executors.hpp:21[m[K,
[44.403s]                  from [01m[K/opt/ros/galactic/include/rclcpp/rclcpp.hpp:156[m[K,
[44.403s]                  from [01m[K/home/jw/robot/ros_ws/src/ExaRobot_ROS2/costmap_converter/costmap_converter/include/costmap_converter/costmap_to_polygons.h:42[m[K,
[44.403s]                  from [01m[K/home/jw/robot/ros_ws/src/ExaRobot_ROS2/costmap_converter/costmap_converter/test/costmap_polygons.cpp:5[m[K:
[44.403s] [01m[K/home/jw/robot/ros_ws/src/ExaRobot_ROS2/costmap_converter/costmap_converter/include/costmap_converter/costmap_converter_interface.h:[m[K In member function ‘[01m[Kvoid costmap_converter::BaseCostmapToPolygons::startWorker(rclcpp::GenericRate<std::chrono::_V2::system_clock>::SharedPtr, nav2_costmap_2d::Costmap2D*, bool)[m[K’:
[44.403s] [01m[K/home/jw/robot/ros_ws/src/ExaRobot_ROS2/costmap_converter/costmap_converter/include/costmap_converter/costmap_converter_interface.h:197:41:[m[K [01;35m[Kwarning: [m[Ktoo many arguments for format [[01;35m[K-Wformat-extra-args[m[K]
[44.403s]   197 |         RCLCPP_DEBUG(nh_->get_logger(), [01;35m[K"costmap_converter"[m[K, "Spinning up a thread for the CostmapToPolygons plugin");
[44.403s]       |                                         [01;35m[K^~~~~~~~~~~~~~~~~~~[m[K
[44.426s] [01m[K/home/jw/robot/ros_ws/src/ExaRobot_ROS2/costmap_converter/costmap_converter/include/costmap_converter/costmap_converter_interface.h:[m[K In member function ‘[01m[Kvoid costmap_converter::BaseCostmapToDynamicObstacles::loadStaticCostmapConverterPlugin(const string&, rclcpp::Node::SharedPtr)[m[K’:
[44.426s] [01m[K/home/jw/robot/ros_ws/src/ExaRobot_ROS2/costmap_converter/costmap_converter/include/costmap_converter/costmap_converter_interface.h:313:32:[m[K [01;35m[Kwarning: [m[Kformat ‘[01m[K%s[m[K’ expects argument of type ‘[01m[Kchar*[m[K’, but argument 5 has type ‘[01m[Kconst string[m[K’ {aka ‘[01m[Kconst std::__cxx11::basic_string<char>[m[K’} [[01;35m[K-Wformat=[m[K]
[44.426s]   313 |       RCLCPP_INFO(getLogger(), [01;35m[K"CostmapToDynamicObstacles: underlying costmap conversion plugin for static obstacles %s loaded."[m[K, plugin_name);
[44.426s]       |                                [01;35m[K^~~~~~~~~~~~~~~~~~~~~~~~~~~~~~~~~~~~~~~~~~~~~~~~~~~~~~~~~~~~~~~~~~~~~~~~~~~~~~~~~~~~~~~~~~~~~~~~~[m[K
[44.426s] In file included from [01m[K/home/jw/robot/ros_ws/src/ExaRobot_ROS2/costmap_converter/costmap_converter/include/costmap_converter/costmap_to_polygons.h:43[m[K,
[44.427s]                  from [01m[K/home/jw/robot/ros_ws/src/ExaRobot_ROS2/costmap_converter/costmap_converter/test/costmap_polygons.cpp:5[m[K:
[44.427s] [01m[K/home/jw/robot/ros_ws/src/ExaRobot_ROS2/costmap_converter/costmap_converter/include/costmap_converter/costmap_converter_interface.h:313:119:[m[K [01;36m[Knote: [m[Kformat string is defined here
[44.427s]   313 |       RCLCPP_INFO(getLogger(), "CostmapToDynamicObstacles: underlying costmap conversion plugin for static obstacles [01;36m[K%s[m[K loaded.", plugin_name);
[44.427s]       |                                                                                                                      [01;36m[K~^[m[K
[44.427s]       |                                                                                                                       [01;36m[K|[m[K
[44.427s]       |                                                                                                                       [01;36m[Kchar*[m[K
[45.887s] In file included from [01m[K/home/jw/robot/ros_ws/src/ExaRobot_ROS2/costmap_converter/costmap_converter/test/costmap_polygons.cpp:3[m[K:
[45.887s] /opt/ros/galactic/src/gtest_vendor/include/gtest/gtest.h: In instantiation of ‘[01m[Ktesting::AssertionResult testing::internal::CmpHelperEQ(const char*, const char*, const T1&, const T2&) [with T1 = int; T2 = long unsigned int][m[K’:
[45.887s] [01m[K/opt/ros/galactic/src/gtest_vendor/include/gtest/gtest.h:1554:23:[m[K   required from ‘[01m[Kstatic testing::AssertionResult testing::internal::EqHelper::Compare(const char*, const char*, const T1&, const T2&) [with T1 = int; T2 = long unsigned int; typename std::enable_if<((! std::is_integral<_Tp>::value) || (! std::is_pointer<_Dp>::value))>::type* <anonymous> = 0][m[K’
[45.887s] [01m[K/home/jw/robot/ros_ws/src/ExaRobot_ROS2/costmap_converter/costmap_converter/test/costmap_polygons.cpp:125:3:[m[K   required from here
[45.887s] [01m[K/opt/ros/galactic/src/gtest_vendor/include/gtest/gtest.h:1527:11:[m[K [01;35m[Kwarning: [m[Kcomparison of integer expressions of different signedness: ‘[01m[Kconst int[m[K’ and ‘[01m[Kconst long unsigned int[m[K’ [[01;35m[K-Wsign-compare[m[K]
[45.887s]  1527 |   if ([01;35m[Klhs == rhs[m[K) {
[45.888s]       |       [01;35m[K~~~~^~~~~~[m[K
[48.032s] [ 94%] [32m[1mLinking CXX executable test_costmap_polygons[0m
[48.724s] [ 94%] Built target test_costmap_polygons
[53.436s] [100%] [32m[1mLinking CXX executable standalone_converter[0m
[53.721s] [100%] Built target standalone_converter
[53.733s] Invoked command in '/home/jw/robot/ros_ws/build/costmap_converter' returned '0': AMENT_PREFIX_PATH=/home/jw/robot/ros_ws/install/costmap_converter_msgs:${AMENT_PREFIX_PATH} CMAKE_PREFIX_PATH=/home/jw/robot/ros_ws/install/costmap_converter_msgs:/opt/ros/galactic LD_LIBRARY_PATH=/home/jw/robot/ros_ws/install/costmap_converter_msgs/lib:${LD_LIBRARY_PATH} PYTHONPATH=/home/jw/robot/ros_ws/install/costmap_converter_msgs/lib/python3.8/site-packages:${PYTHONPATH} /usr/bin/cmake --build /home/jw/robot/ros_ws/build/costmap_converter -- -j12 -l12
[53.771s] Invoking command in '/home/jw/robot/ros_ws/build/costmap_converter': AMENT_PREFIX_PATH=/home/jw/robot/ros_ws/install/costmap_converter_msgs:${AMENT_PREFIX_PATH} CMAKE_PREFIX_PATH=/home/jw/robot/ros_ws/install/costmap_converter_msgs:/opt/ros/galactic LD_LIBRARY_PATH=/home/jw/robot/ros_ws/install/costmap_converter_msgs/lib:${LD_LIBRARY_PATH} PYTHONPATH=/home/jw/robot/ros_ws/install/costmap_converter_msgs/lib/python3.8/site-packages:${PYTHONPATH} /usr/bin/cmake --install /home/jw/robot/ros_ws/build/costmap_converter
[53.779s] -- Install configuration: "Release"
[53.779s] -- Installing: /home/jw/robot/ros_ws/install/costmap_converter/lib/libcostmap_converter.so
[53.780s] -- Set runtime path of "/home/jw/robot/ros_ws/install/costmap_converter/lib/libcostmap_converter.so" to ""
[53.781s] -- Installing: /home/jw/robot/ros_ws/install/costmap_converter/bin/standalone_converter
[53.782s] -- Set runtime path of "/home/jw/robot/ros_ws/install/costmap_converter/bin/standalone_converter" to ""
[53.782s] -- Installing: /home/jw/robot/ros_ws/install/costmap_converter/include/
[53.782s] -- Installing: /home/jw/robot/ros_ws/install/costmap_converter/include//costmap_converter
[53.782s] -- Installing: /home/jw/robot/ros_ws/install/costmap_converter/include//costmap_converter/misc.h
[53.782s] -- Installing: /home/jw/robot/ros_ws/install/costmap_converter/include//costmap_converter/costmap_to_polygons_concave.h
[53.782s] -- Installing: /home/jw/robot/ros_ws/install/costmap_converter/include//costmap_converter/costmap_to_dynamic_obstacles
[53.782s] -- Installing: /home/jw/robot/ros_ws/install/costmap_converter/include//costmap_converter/costmap_to_dynamic_obstacles/costmap_to_dynamic_obstacles.h
[53.782s] -- Installing: /home/jw/robot/ros_ws/install/costmap_converter/include//costmap_converter/costmap_to_dynamic_obstacles/blob_detector.h
[53.783s] -- Installing: /home/jw/robot/ros_ws/install/costmap_converter/include//costmap_converter/costmap_to_dynamic_obstacles/background_subtractor.h
[53.783s] -- Installing: /home/jw/robot/ros_ws/install/costmap_converter/include//costmap_converter/costmap_to_dynamic_obstacles/multitarget_tracker
[53.783s] -- Installing: /home/jw/robot/ros_ws/install/costmap_converter/include//costmap_converter/costmap_to_dynamic_obstacles/multitarget_tracker/defines.h
[53.783s] -- Installing: /home/jw/robot/ros_ws/install/costmap_converter/include//costmap_converter/costmap_to_dynamic_obstacles/multitarget_tracker/Ctracker.h
[53.783s] -- Installing: /home/jw/robot/ros_ws/install/costmap_converter/include//costmap_converter/costmap_to_dynamic_obstacles/multitarget_tracker/HungarianAlg.h
[53.783s] -- Installing: /home/jw/robot/ros_ws/install/costmap_converter/include//costmap_converter/costmap_to_dynamic_obstacles/multitarget_tracker/Kalman.h
[53.783s] -- Installing: /home/jw/robot/ros_ws/install/costmap_converter/include//costmap_converter/costmap_to_dynamic_obstacles/multitarget_tracker/README.md
[53.784s] -- Installing: /home/jw/robot/ros_ws/install/costmap_converter/include//costmap_converter/costmap_to_lines_convex_hull.h
[53.784s] -- Installing: /home/jw/robot/ros_ws/install/costmap_converter/include//costmap_converter/costmap_to_lines_ransac.h
[53.784s] -- Installing: /home/jw/robot/ros_ws/install/costmap_converter/include//costmap_converter/costmap_to_polygons.h
[53.784s] -- Installing: /home/jw/robot/ros_ws/install/costmap_converter/include//costmap_converter/costmap_converter_interface.h
[53.784s] -- Installing: /home/jw/robot/ros_ws/install/costmap_converter/share/costmap_converter/environment/library_path.sh
[53.784s] -- Installing: /home/jw/robot/ros_ws/install/costmap_converter/share/costmap_converter/environment/library_path.dsv
[53.785s] -- Installing: /home/jw/robot/ros_ws/install/costmap_converter/share/costmap_converter/costmap_converter_plugins.xml
[53.785s] -- Installing: /home/jw/robot/ros_ws/install/costmap_converter/share/ament_index/resource_index/package_run_dependencies/costmap_converter
[53.785s] -- Installing: /home/jw/robot/ros_ws/install/costmap_converter/share/ament_index/resource_index/parent_prefix_path/costmap_converter
[53.785s] -- Installing: /home/jw/robot/ros_ws/install/costmap_converter/share/costmap_converter/environment/ament_prefix_path.sh
[53.785s] -- Installing: /home/jw/robot/ros_ws/install/costmap_converter/share/costmap_converter/environment/ament_prefix_path.dsv
[53.785s] -- Installing: /home/jw/robot/ros_ws/install/costmap_converter/share/costmap_converter/environment/path.sh
[53.786s] -- Installing: /home/jw/robot/ros_ws/install/costmap_converter/share/costmap_converter/environment/path.dsv
[53.786s] -- Installing: /home/jw/robot/ros_ws/install/costmap_converter/share/costmap_converter/local_setup.bash
[53.786s] -- Installing: /home/jw/robot/ros_ws/install/costmap_converter/share/costmap_converter/local_setup.sh
[53.786s] -- Installing: /home/jw/robot/ros_ws/install/costmap_converter/share/costmap_converter/local_setup.zsh
[53.786s] -- Installing: /home/jw/robot/ros_ws/install/costmap_converter/share/costmap_converter/local_setup.dsv
[53.786s] -- Installing: /home/jw/robot/ros_ws/install/costmap_converter/share/costmap_converter/package.dsv
[53.786s] -- Installing: /home/jw/robot/ros_ws/install/costmap_converter/share/ament_index/resource_index/packages/costmap_converter
[53.786s] -- Installing: /home/jw/robot/ros_ws/install/costmap_converter/share/ament_index/resource_index/costmap_converter__pluginlib__plugin/costmap_converter
[53.787s] -- Installing: /home/jw/robot/ros_ws/install/costmap_converter/share/costmap_converter/cmake/ament_cmake_export_include_directories-extras.cmake
[53.787s] -- Installing: /home/jw/robot/ros_ws/install/costmap_converter/share/costmap_converter/cmake/ament_cmake_export_libraries-extras.cmake
[53.787s] -- Installing: /home/jw/robot/ros_ws/install/costmap_converter/share/costmap_converter/cmake/ament_cmake_export_dependencies-extras.cmake
[53.787s] -- Installing: /home/jw/robot/ros_ws/install/costmap_converter/share/costmap_converter/cmake/costmap_converterConfig.cmake
[53.787s] -- Installing: /home/jw/robot/ros_ws/install/costmap_converter/share/costmap_converter/cmake/costmap_converterConfig-version.cmake
[53.787s] -- Installing: /home/jw/robot/ros_ws/install/costmap_converter/share/costmap_converter/package.xml
[53.794s] Invoked command in '/home/jw/robot/ros_ws/build/costmap_converter' returned '0': AMENT_PREFIX_PATH=/home/jw/robot/ros_ws/install/costmap_converter_msgs:${AMENT_PREFIX_PATH} CMAKE_PREFIX_PATH=/home/jw/robot/ros_ws/install/costmap_converter_msgs:/opt/ros/galactic LD_LIBRARY_PATH=/home/jw/robot/ros_ws/install/costmap_converter_msgs/lib:${LD_LIBRARY_PATH} PYTHONPATH=/home/jw/robot/ros_ws/install/costmap_converter_msgs/lib/python3.8/site-packages:${PYTHONPATH} /usr/bin/cmake --install /home/jw/robot/ros_ws/build/costmap_converter
