[0.385s] Invoking command in '/home/jw/robot/ros_ws/build/urg_node': CMAKE_PREFIX_PATH=${CMAKE_PREFIX_PATH}:/home/jw/robot/ros_ws/install/exa_robot:/opt/ros/galactic /usr/bin/cmake --build /home/jw/robot/ros_ws/build/urg_node -- -j12 -l12
[0.471s] [ 28%] Built target urg_node_driver
[0.476s] [ 71%] Built target urg_node
[0.527s] [100%] Built target getID
[0.557s] Invoked command in '/home/jw/robot/ros_ws/build/urg_node' returned '0': CMAKE_PREFIX_PATH=${CMAKE_PREFIX_PATH}:/home/jw/robot/ros_ws/install/exa_robot:/opt/ros/galactic /usr/bin/cmake --build /home/jw/robot/ros_ws/build/urg_node -- -j12 -l12
[0.740s] Invoking command in '/home/jw/robot/ros_ws/build/urg_node': CMAKE_PREFIX_PATH=${CMAKE_PREFIX_PATH}:/home/jw/robot/ros_ws/install/exa_robot:/opt/ros/galactic /usr/bin/cmake --install /home/jw/robot/ros_ws/build/urg_node
[0.758s] -- Install configuration: ""
[0.758s] -- Up-to-date: /home/jw/robot/ros_ws/install/urg_node/lib/urg_node/urg_node_driver
[0.758s] -- Up-to-date: /home/jw/robot/ros_ws/install/urg_node/lib/liburg_node.so
[0.758s] -- Up-to-date: /home/jw/robot/ros_ws/install/urg_node/lib/urg_node/getID
[0.759s] -- Up-to-date: /home/jw/robot/ros_ws/install/urg_node/include
[0.759s] -- Up-to-date: /home/jw/robot/ros_ws/install/urg_node/include/urg_node
[0.759s] -- Up-to-date: /home/jw/robot/ros_ws/install/urg_node/include/urg_node/urg_node.hpp
[0.759s] -- Up-to-date: /home/jw/robot/ros_ws/install/urg_node/include/urg_node/urg_c_wrapper.hpp
[0.760s] -- Up-to-date: /home/jw/robot/ros_ws/install/urg_node/lib/urg_node/set_urg_ip.py
[0.760s] -- Up-to-date: /home/jw/robot/ros_ws/install/urg_node/share/urg_node/launch
[0.760s] -- Up-to-date: /home/jw/robot/ros_ws/install/urg_node/share/urg_node/launch/hokuyo_laser.urdf
[0.760s] -- Up-to-date: /home/jw/robot/ros_ws/install/urg_node/share/urg_node/launch/urg_node_serial.yaml
[0.760s] -- Up-to-date: /home/jw/robot/ros_ws/install/urg_node/share/urg_node/launch/urg_node_launch.py
[0.761s] -- Up-to-date: /home/jw/robot/ros_ws/install/urg_node/share/urg_node/launch/urg_lidar.launch
[0.761s] -- Up-to-date: /home/jw/robot/ros_ws/install/urg_node/share/urg_node/launch/urg_node_ethernet.yaml
[0.761s] -- Up-to-date: /home/jw/robot/ros_ws/install/urg_node/share/urg_node/environment/library_path.sh
[0.761s] -- Up-to-date: /home/jw/robot/ros_ws/install/urg_node/share/urg_node/environment/library_path.dsv
[0.761s] -- Up-to-date: /home/jw/robot/ros_ws/install/urg_node/share/ament_index/resource_index/package_run_dependencies/urg_node
[0.761s] -- Up-to-date: /home/jw/robot/ros_ws/install/urg_node/share/ament_index/resource_index/parent_prefix_path/urg_node
[0.762s] -- Up-to-date: /home/jw/robot/ros_ws/install/urg_node/share/urg_node/environment/ament_prefix_path.sh
[0.762s] -- Up-to-date: /home/jw/robot/ros_ws/install/urg_node/share/urg_node/environment/ament_prefix_path.dsv
[0.762s] -- Up-to-date: /home/jw/robot/ros_ws/install/urg_node/share/urg_node/environment/path.sh
[0.762s] -- Up-to-date: /home/jw/robot/ros_ws/install/urg_node/share/urg_node/environment/path.dsv
[0.762s] -- Up-to-date: /home/jw/robot/ros_ws/install/urg_node/share/urg_node/local_setup.bash
[0.762s] -- Up-to-date: /home/jw/robot/ros_ws/install/urg_node/share/urg_node/local_setup.sh
[0.763s] -- Up-to-date: /home/jw/robot/ros_ws/install/urg_node/share/urg_node/local_setup.zsh
[0.768s] -- Up-to-date: /home/jw/robot/ros_ws/install/urg_node/share/urg_node/local_setup.dsv
[0.768s] -- Installing: /home/jw/robot/ros_ws/install/urg_node/share/urg_node/package.dsv
[0.769s] -- Up-to-date: /home/jw/robot/ros_ws/install/urg_node/share/ament_index/resource_index/packages/urg_node
[0.769s] -- Up-to-date: /home/jw/robot/ros_ws/install/urg_node/share/ament_index/resource_index/rclcpp_components/urg_node
[0.769s] -- Up-to-date: /home/jw/robot/ros_ws/install/urg_node/share/urg_node/cmake/ament_cmake_export_dependencies-extras.cmake
[0.770s] -- Up-to-date: /home/jw/robot/ros_ws/install/urg_node/share/urg_node/cmake/ament_cmake_export_include_directories-extras.cmake
[0.770s] -- Up-to-date: /home/jw/robot/ros_ws/install/urg_node/share/urg_node/cmake/ament_cmake_export_libraries-extras.cmake
[0.770s] -- Up-to-date: /home/jw/robot/ros_ws/install/urg_node/share/urg_node/cmake/urg_nodeConfig.cmake
[0.771s] -- Up-to-date: /home/jw/robot/ros_ws/install/urg_node/share/urg_node/cmake/urg_nodeConfig-version.cmake
[0.771s] -- Up-to-date: /home/jw/robot/ros_ws/install/urg_node/share/urg_node/package.xml
[0.834s] Invoked command in '/home/jw/robot/ros_ws/build/urg_node' returned '0': CMAKE_PREFIX_PATH=${CMAKE_PREFIX_PATH}:/home/jw/robot/ros_ws/install/exa_robot:/opt/ros/galactic /usr/bin/cmake --install /home/jw/robot/ros_ws/build/urg_node
