[0.070s] Invoking command in '/home/jw/robot/ros_ws/build/realsense2_camera_msgs': CMAKE_PREFIX_PATH=${CMAKE_PREFIX_PATH}:/home/jw/robot/ros_ws/install/exa_robot:/opt/ros/galactic /usr/bin/cmake --build /home/jw/robot/ros_ws/build/realsense2_camera_msgs -- -j12 -l12
[0.364s] [  1%] Built target realsense2_camera_msgs__cpp
[0.365s] [ 12%] Built target realsense2_camera_msgs__rosidl_generator_c
[0.366s] [ 23%] Built target realsense2_camera_msgs__rosidl_typesupport_cpp
[0.367s] [ 34%] Built target realsense2_camera_msgs__rosidl_typesupport_introspection_cpp
[0.367s] [ 45%] Built target realsense2_camera_msgs__rosidl_typesupport_introspection_c
[0.369s] [ 56%] Built target realsense2_camera_msgs__rosidl_typesupport_fastrtps_cpp
[0.370s] [ 67%] Built target realsense2_camera_msgs__rosidl_typesupport_c
[0.372s] [ 78%] Built target realsense2_camera_msgs__rosidl_typesupport_fastrtps_c
[0.372s] [ 78%] Built target realsense2_camera_msgs
[0.373s] [ 80%] Built target realsense2_camera_msgs__py
[0.375s] [ 89%] Built target realsense2_camera_msgs__python
[0.375s] [ 92%] Built target realsense2_camera_msgs__rosidl_typesupport_fastrtps_c__pyext
[0.376s] [ 96%] Built target realsense2_camera_msgs__rosidl_typesupport_introspection_c__pyext
[0.377s] [100%] Built target realsense2_camera_msgs__rosidl_typesupport_c__pyext
[0.379s] Invoked command in '/home/jw/robot/ros_ws/build/realsense2_camera_msgs' returned '0': CMAKE_PREFIX_PATH=${CMAKE_PREFIX_PATH}:/home/jw/robot/ros_ws/install/exa_robot:/opt/ros/galactic /usr/bin/cmake --build /home/jw/robot/ros_ws/build/realsense2_camera_msgs -- -j12 -l12
[0.530s] Invoking command in '/home/jw/robot/ros_ws/build/realsense2_camera_msgs': CMAKE_PREFIX_PATH=${CMAKE_PREFIX_PATH}:/home/jw/robot/ros_ws/install/exa_robot:/opt/ros/galactic /usr/bin/cmake --install /home/jw/robot/ros_ws/build/realsense2_camera_msgs
[0.544s] -- Install configuration: ""
[0.545s] -- Up-to-date: /home/jw/robot/ros_ws/install/realsense2_camera_msgs/share/ament_index/resource_index/rosidl_interfaces/realsense2_camera_msgs
[0.545s] -- Up-to-date: /home/jw/robot/ros_ws/install/realsense2_camera_msgs/include/realsense2_camera_msgs
[0.545s] -- Up-to-date: /home/jw/robot/ros_ws/install/realsense2_camera_msgs/include/realsense2_camera_msgs/msg
[0.546s] -- Up-to-date: /home/jw/robot/ros_ws/install/realsense2_camera_msgs/include/realsense2_camera_msgs/msg/rosidl_generator_c__visibility_control.h
[0.546s] -- Up-to-date: /home/jw/robot/ros_ws/install/realsense2_camera_msgs/include/realsense2_camera_msgs/msg/extrinsics.h
[0.546s] -- Up-to-date: /home/jw/robot/ros_ws/install/realsense2_camera_msgs/include/realsense2_camera_msgs/msg/detail
[0.546s] -- Up-to-date: /home/jw/robot/ros_ws/install/realsense2_camera_msgs/include/realsense2_camera_msgs/msg/detail/imu_info__functions.h
[0.547s] -- Up-to-date: /home/jw/robot/ros_ws/install/realsense2_camera_msgs/include/realsense2_camera_msgs/msg/detail/extrinsics__functions.h
[0.547s] -- Up-to-date: /home/jw/robot/ros_ws/install/realsense2_camera_msgs/include/realsense2_camera_msgs/msg/detail/metadata__functions.h
[0.547s] -- Up-to-date: /home/jw/robot/ros_ws/install/realsense2_camera_msgs/include/realsense2_camera_msgs/msg/detail/extrinsics__functions.c
[0.547s] -- Up-to-date: /home/jw/robot/ros_ws/install/realsense2_camera_msgs/include/realsense2_camera_msgs/msg/detail/extrinsics__type_support.h
[0.548s] -- Up-to-date: /home/jw/robot/ros_ws/install/realsense2_camera_msgs/include/realsense2_camera_msgs/msg/detail/imu_info__type_support.h
[0.549s] -- Up-to-date: /home/jw/robot/ros_ws/install/realsense2_camera_msgs/include/realsense2_camera_msgs/msg/detail/extrinsics__struct.h
[0.549s] -- Up-to-date: /home/jw/robot/ros_ws/install/realsense2_camera_msgs/include/realsense2_camera_msgs/msg/detail/metadata__struct.h
[0.549s] -- Up-to-date: /home/jw/robot/ros_ws/install/realsense2_camera_msgs/include/realsense2_camera_msgs/msg/detail/metadata__type_support.h
[0.550s] -- Up-to-date: /home/jw/robot/ros_ws/install/realsense2_camera_msgs/include/realsense2_camera_msgs/msg/detail/imu_info__struct.h
[0.555s] -- Up-to-date: /home/jw/robot/ros_ws/install/realsense2_camera_msgs/include/realsense2_camera_msgs/msg/detail/metadata__functions.c
[0.556s] -- Up-to-date: /home/jw/robot/ros_ws/install/realsense2_camera_msgs/include/realsense2_camera_msgs/msg/detail/imu_info__functions.c
[0.557s] -- Up-to-date: /home/jw/robot/ros_ws/install/realsense2_camera_msgs/include/realsense2_camera_msgs/msg/metadata.h
[0.557s] -- Up-to-date: /home/jw/robot/ros_ws/install/realsense2_camera_msgs/include/realsense2_camera_msgs/msg/imu_info.h
[0.557s] -- Up-to-date: /home/jw/robot/ros_ws/install/realsense2_camera_msgs/include/realsense2_camera_msgs/srv
[0.557s] -- Up-to-date: /home/jw/robot/ros_ws/install/realsense2_camera_msgs/include/realsense2_camera_msgs/srv/detail
[0.558s] -- Up-to-date: /home/jw/robot/ros_ws/install/realsense2_camera_msgs/include/realsense2_camera_msgs/srv/detail/device_info__functions.h
[0.558s] -- Up-to-date: /home/jw/robot/ros_ws/install/realsense2_camera_msgs/include/realsense2_camera_msgs/srv/detail/device_info__type_support.h
[0.559s] -- Up-to-date: /home/jw/robot/ros_ws/install/realsense2_camera_msgs/include/realsense2_camera_msgs/srv/detail/device_info__functions.c
[0.559s] -- Up-to-date: /home/jw/robot/ros_ws/install/realsense2_camera_msgs/include/realsense2_camera_msgs/srv/detail/device_info__struct.h
[0.560s] -- Up-to-date: /home/jw/robot/ros_ws/install/realsense2_camera_msgs/include/realsense2_camera_msgs/srv/device_info.h
[0.560s] -- Up-to-date: /home/jw/robot/ros_ws/install/realsense2_camera_msgs/share/realsense2_camera_msgs/environment/library_path.sh
[0.560s] -- Up-to-date: /home/jw/robot/ros_ws/install/realsense2_camera_msgs/share/realsense2_camera_msgs/environment/library_path.dsv
[0.561s] -- Up-to-date: /home/jw/robot/ros_ws/install/realsense2_camera_msgs/lib/librealsense2_camera_msgs__rosidl_generator_c.so
[0.561s] -- Up-to-date: /home/jw/robot/ros_ws/install/realsense2_camera_msgs/include/realsense2_camera_msgs
[0.561s] -- Up-to-date: /home/jw/robot/ros_ws/install/realsense2_camera_msgs/include/realsense2_camera_msgs/msg
[0.561s] -- Up-to-date: /home/jw/robot/ros_ws/install/realsense2_camera_msgs/include/realsense2_camera_msgs/msg/detail
[0.562s] -- Up-to-date: /home/jw/robot/ros_ws/install/realsense2_camera_msgs/include/realsense2_camera_msgs/msg/detail/metadata__rosidl_typesupport_fastrtps_c.h
[0.562s] -- Up-to-date: /home/jw/robot/ros_ws/install/realsense2_camera_msgs/include/realsense2_camera_msgs/msg/detail/extrinsics__rosidl_typesupport_fastrtps_c.h
[0.562s] -- Up-to-date: /home/jw/robot/ros_ws/install/realsense2_camera_msgs/include/realsense2_camera_msgs/msg/detail/imu_info__rosidl_typesupport_fastrtps_c.h
[0.564s] -- Up-to-date: /home/jw/robot/ros_ws/install/realsense2_camera_msgs/include/realsense2_camera_msgs/msg/rosidl_typesupport_fastrtps_c__visibility_control.h
[0.565s] -- Up-to-date: /home/jw/robot/ros_ws/install/realsense2_camera_msgs/include/realsense2_camera_msgs/srv
[0.566s] -- Up-to-date: /home/jw/robot/ros_ws/install/realsense2_camera_msgs/include/realsense2_camera_msgs/srv/detail
[0.566s] -- Up-to-date: /home/jw/robot/ros_ws/install/realsense2_camera_msgs/include/realsense2_camera_msgs/srv/detail/device_info__rosidl_typesupport_fastrtps_c.h
[0.567s] -- Up-to-date: /home/jw/robot/ros_ws/install/realsense2_camera_msgs/lib/librealsense2_camera_msgs__rosidl_typesupport_fastrtps_c.so
[0.575s] -- Up-to-date: /home/jw/robot/ros_ws/install/realsense2_camera_msgs/include/realsense2_camera_msgs
[0.575s] -- Up-to-date: /home/jw/robot/ros_ws/install/realsense2_camera_msgs/include/realsense2_camera_msgs/msg
[0.576s] -- Up-to-date: /home/jw/robot/ros_ws/install/realsense2_camera_msgs/include/realsense2_camera_msgs/msg/detail
[0.576s] -- Up-to-date: /home/jw/robot/ros_ws/install/realsense2_camera_msgs/include/realsense2_camera_msgs/msg/detail/dds_fastrtps
[0.576s] -- Up-to-date: /home/jw/robot/ros_ws/install/realsense2_camera_msgs/include/realsense2_camera_msgs/msg/detail/extrinsics__rosidl_typesupport_fastrtps_cpp.hpp
[0.577s] -- Up-to-date: /home/jw/robot/ros_ws/install/realsense2_camera_msgs/include/realsense2_camera_msgs/msg/detail/imu_info__rosidl_typesupport_fastrtps_cpp.hpp
[0.577s] -- Up-to-date: /home/jw/robot/ros_ws/install/realsense2_camera_msgs/include/realsense2_camera_msgs/msg/detail/metadata__rosidl_typesupport_fastrtps_cpp.hpp
[0.577s] -- Up-to-date: /home/jw/robot/ros_ws/install/realsense2_camera_msgs/include/realsense2_camera_msgs/msg/rosidl_typesupport_fastrtps_cpp__visibility_control.h
[0.577s] -- Up-to-date: /home/jw/robot/ros_ws/install/realsense2_camera_msgs/include/realsense2_camera_msgs/srv
[0.578s] -- Up-to-date: /home/jw/robot/ros_ws/install/realsense2_camera_msgs/include/realsense2_camera_msgs/srv/detail
[0.578s] -- Up-to-date: /home/jw/robot/ros_ws/install/realsense2_camera_msgs/include/realsense2_camera_msgs/srv/detail/dds_fastrtps
[0.578s] -- Up-to-date: /home/jw/robot/ros_ws/install/realsense2_camera_msgs/include/realsense2_camera_msgs/srv/detail/device_info__rosidl_typesupport_fastrtps_cpp.hpp
[0.578s] -- Up-to-date: /home/jw/robot/ros_ws/install/realsense2_camera_msgs/lib/librealsense2_camera_msgs__rosidl_typesupport_fastrtps_cpp.so
[0.579s] -- Up-to-date: /home/jw/robot/ros_ws/install/realsense2_camera_msgs/include/realsense2_camera_msgs
[0.579s] -- Up-to-date: /home/jw/robot/ros_ws/install/realsense2_camera_msgs/include/realsense2_camera_msgs/msg
[0.579s] -- Up-to-date: /home/jw/robot/ros_ws/install/realsense2_camera_msgs/include/realsense2_camera_msgs/msg/detail
[0.579s] -- Up-to-date: /home/jw/robot/ros_ws/install/realsense2_camera_msgs/include/realsense2_camera_msgs/msg/detail/metadata__type_support.c
[0.580s] -- Up-to-date: /home/jw/robot/ros_ws/install/realsense2_camera_msgs/include/realsense2_camera_msgs/msg/detail/imu_info__type_support.c
[0.580s] -- Up-to-date: /home/jw/robot/ros_ws/install/realsense2_camera_msgs/include/realsense2_camera_msgs/msg/detail/imu_info__rosidl_typesupport_introspection_c.h
[0.580s] -- Up-to-date: /home/jw/robot/ros_ws/install/realsense2_camera_msgs/include/realsense2_camera_msgs/msg/detail/metadata__rosidl_typesupport_introspection_c.h
[0.580s] -- Up-to-date: /home/jw/robot/ros_ws/install/realsense2_camera_msgs/include/realsense2_camera_msgs/msg/detail/extrinsics__rosidl_typesupport_introspection_c.h
[0.580s] -- Up-to-date: /home/jw/robot/ros_ws/install/realsense2_camera_msgs/include/realsense2_camera_msgs/msg/detail/extrinsics__type_support.c
[0.581s] -- Up-to-date: /home/jw/robot/ros_ws/install/realsense2_camera_msgs/include/realsense2_camera_msgs/msg/rosidl_typesupport_introspection_c__visibility_control.h
[0.581s] -- Up-to-date: /home/jw/robot/ros_ws/install/realsense2_camera_msgs/include/realsense2_camera_msgs/srv
[0.581s] -- Up-to-date: /home/jw/robot/ros_ws/install/realsense2_camera_msgs/include/realsense2_camera_msgs/srv/detail
[0.581s] -- Up-to-date: /home/jw/robot/ros_ws/install/realsense2_camera_msgs/include/realsense2_camera_msgs/srv/detail/device_info__rosidl_typesupport_introspection_c.h
[0.581s] -- Up-to-date: /home/jw/robot/ros_ws/install/realsense2_camera_msgs/include/realsense2_camera_msgs/srv/detail/device_info__type_support.c
[0.581s] -- Up-to-date: /home/jw/robot/ros_ws/install/realsense2_camera_msgs/lib/librealsense2_camera_msgs__rosidl_typesupport_introspection_c.so
[0.582s] -- Up-to-date: /home/jw/robot/ros_ws/install/realsense2_camera_msgs/lib/librealsense2_camera_msgs__rosidl_typesupport_c.so
[0.582s] -- Up-to-date: /home/jw/robot/ros_ws/install/realsense2_camera_msgs/include/realsense2_camera_msgs
[0.582s] -- Up-to-date: /home/jw/robot/ros_ws/install/realsense2_camera_msgs/include/realsense2_camera_msgs/msg
[0.586s] -- Up-to-date: /home/jw/robot/ros_ws/install/realsense2_camera_msgs/include/realsense2_camera_msgs/msg/imu_info.hpp
[0.587s] -- Up-to-date: /home/jw/robot/ros_ws/install/realsense2_camera_msgs/include/realsense2_camera_msgs/msg/detail
[0.587s] -- Up-to-date: /home/jw/robot/ros_ws/install/realsense2_camera_msgs/include/realsense2_camera_msgs/msg/detail/metadata__traits.hpp
[0.587s] -- Up-to-date: /home/jw/robot/ros_ws/install/realsense2_camera_msgs/include/realsense2_camera_msgs/msg/detail/extrinsics__builder.hpp
[0.587s] -- Up-to-date: /home/jw/robot/ros_ws/install/realsense2_camera_msgs/include/realsense2_camera_msgs/msg/detail/imu_info__builder.hpp
[0.587s] -- Up-to-date: /home/jw/robot/ros_ws/install/realsense2_camera_msgs/include/realsense2_camera_msgs/msg/detail/extrinsics__traits.hpp
[0.588s] -- Up-to-date: /home/jw/robot/ros_ws/install/realsense2_camera_msgs/include/realsense2_camera_msgs/msg/detail/extrinsics__struct.hpp
[0.588s] -- Up-to-date: /home/jw/robot/ros_ws/install/realsense2_camera_msgs/include/realsense2_camera_msgs/msg/detail/metadata__builder.hpp
[0.588s] -- Up-to-date: /home/jw/robot/ros_ws/install/realsense2_camera_msgs/include/realsense2_camera_msgs/msg/detail/metadata__struct.hpp
[0.588s] -- Up-to-date: /home/jw/robot/ros_ws/install/realsense2_camera_msgs/include/realsense2_camera_msgs/msg/detail/imu_info__traits.hpp
[0.592s] -- Up-to-date: /home/jw/robot/ros_ws/install/realsense2_camera_msgs/include/realsense2_camera_msgs/msg/detail/imu_info__struct.hpp
[0.593s] -- Up-to-date: /home/jw/robot/ros_ws/install/realsense2_camera_msgs/include/realsense2_camera_msgs/msg/extrinsics.hpp
[0.593s] -- Up-to-date: /home/jw/robot/ros_ws/install/realsense2_camera_msgs/include/realsense2_camera_msgs/msg/metadata.hpp
[0.593s] -- Up-to-date: /home/jw/robot/ros_ws/install/realsense2_camera_msgs/include/realsense2_camera_msgs/srv
[0.594s] -- Up-to-date: /home/jw/robot/ros_ws/install/realsense2_camera_msgs/include/realsense2_camera_msgs/srv/device_info.hpp
[0.594s] -- Up-to-date: /home/jw/robot/ros_ws/install/realsense2_camera_msgs/include/realsense2_camera_msgs/srv/detail
[0.594s] -- Up-to-date: /home/jw/robot/ros_ws/install/realsense2_camera_msgs/include/realsense2_camera_msgs/srv/detail/device_info__struct.hpp
[0.599s] -- Up-to-date: /home/jw/robot/ros_ws/install/realsense2_camera_msgs/include/realsense2_camera_msgs/srv/detail/device_info__traits.hpp
[0.599s] -- Up-to-date: /home/jw/robot/ros_ws/install/realsense2_camera_msgs/include/realsense2_camera_msgs/srv/detail/device_info__builder.hpp
[0.599s] -- Up-to-date: /home/jw/robot/ros_ws/install/realsense2_camera_msgs/include/realsense2_camera_msgs
[0.600s] -- Up-to-date: /home/jw/robot/ros_ws/install/realsense2_camera_msgs/include/realsense2_camera_msgs/msg
[0.603s] -- Up-to-date: /home/jw/robot/ros_ws/install/realsense2_camera_msgs/include/realsense2_camera_msgs/msg/detail
[0.604s] -- Up-to-date: /home/jw/robot/ros_ws/install/realsense2_camera_msgs/include/realsense2_camera_msgs/msg/detail/extrinsics__type_support.cpp
[0.604s] -- Up-to-date: /home/jw/robot/ros_ws/install/realsense2_camera_msgs/include/realsense2_camera_msgs/msg/detail/imu_info__rosidl_typesupport_introspection_cpp.hpp
[0.604s] -- Up-to-date: /home/jw/robot/ros_ws/install/realsense2_camera_msgs/include/realsense2_camera_msgs/msg/detail/metadata__rosidl_typesupport_introspection_cpp.hpp
[0.604s] -- Up-to-date: /home/jw/robot/ros_ws/install/realsense2_camera_msgs/include/realsense2_camera_msgs/msg/detail/imu_info__type_support.cpp
[0.604s] -- Up-to-date: /home/jw/robot/ros_ws/install/realsense2_camera_msgs/include/realsense2_camera_msgs/msg/detail/extrinsics__rosidl_typesupport_introspection_cpp.hpp
[0.604s] -- Up-to-date: /home/jw/robot/ros_ws/install/realsense2_camera_msgs/include/realsense2_camera_msgs/msg/detail/metadata__type_support.cpp
[0.605s] -- Up-to-date: /home/jw/robot/ros_ws/install/realsense2_camera_msgs/include/realsense2_camera_msgs/srv
[0.605s] -- Up-to-date: /home/jw/robot/ros_ws/install/realsense2_camera_msgs/include/realsense2_camera_msgs/srv/detail
[0.605s] -- Up-to-date: /home/jw/robot/ros_ws/install/realsense2_camera_msgs/include/realsense2_camera_msgs/srv/detail/device_info__rosidl_typesupport_introspection_cpp.hpp
[0.605s] -- Up-to-date: /home/jw/robot/ros_ws/install/realsense2_camera_msgs/include/realsense2_camera_msgs/srv/detail/device_info__type_support.cpp
[0.605s] -- Up-to-date: /home/jw/robot/ros_ws/install/realsense2_camera_msgs/lib/librealsense2_camera_msgs__rosidl_typesupport_introspection_cpp.so
[0.606s] -- Up-to-date: /home/jw/robot/ros_ws/install/realsense2_camera_msgs/lib/librealsense2_camera_msgs__rosidl_typesupport_cpp.so
[0.606s] -- Up-to-date: /home/jw/robot/ros_ws/install/realsense2_camera_msgs/share/realsense2_camera_msgs/environment/pythonpath.sh
[0.606s] -- Up-to-date: /home/jw/robot/ros_ws/install/realsense2_camera_msgs/share/realsense2_camera_msgs/environment/pythonpath.dsv
[0.606s] -- Up-to-date: /home/jw/robot/ros_ws/install/realsense2_camera_msgs/lib/python3.8/site-packages/realsense2_camera_msgs/__init__.py
[0.635s] -- Up-to-date: /home/jw/robot/ros_ws/install/realsense2_camera_msgs/lib/python3.8/site-packages/realsense2_camera_msgs/msg
[0.635s] -- Up-to-date: /home/jw/robot/ros_ws/install/realsense2_camera_msgs/lib/python3.8/site-packages/realsense2_camera_msgs/msg/_imu_info.py
[0.635s] -- Up-to-date: /home/jw/robot/ros_ws/install/realsense2_camera_msgs/lib/python3.8/site-packages/realsense2_camera_msgs/msg/_extrinsics.py
[0.635s] -- Up-to-date: /home/jw/robot/ros_ws/install/realsense2_camera_msgs/lib/python3.8/site-packages/realsense2_camera_msgs/msg/_extrinsics_s.c
[0.640s] -- Up-to-date: /home/jw/robot/ros_ws/install/realsense2_camera_msgs/lib/python3.8/site-packages/realsense2_camera_msgs/msg/__init__.py
[0.640s] -- Up-to-date: /home/jw/robot/ros_ws/install/realsense2_camera_msgs/lib/python3.8/site-packages/realsense2_camera_msgs/msg/_metadata_s.c
[0.641s] -- Up-to-date: /home/jw/robot/ros_ws/install/realsense2_camera_msgs/lib/python3.8/site-packages/realsense2_camera_msgs/msg/_imu_info_s.c
[0.641s] -- Up-to-date: /home/jw/robot/ros_ws/install/realsense2_camera_msgs/lib/python3.8/site-packages/realsense2_camera_msgs/msg/_metadata.py
[0.641s] -- Up-to-date: /home/jw/robot/ros_ws/install/realsense2_camera_msgs/lib/python3.8/site-packages/realsense2_camera_msgs/srv
[0.642s] -- Up-to-date: /home/jw/robot/ros_ws/install/realsense2_camera_msgs/lib/python3.8/site-packages/realsense2_camera_msgs/srv/_device_info.py
[0.642s] -- Up-to-date: /home/jw/robot/ros_ws/install/realsense2_camera_msgs/lib/python3.8/site-packages/realsense2_camera_msgs/srv/__init__.py
[0.642s] -- Up-to-date: /home/jw/robot/ros_ws/install/realsense2_camera_msgs/lib/python3.8/site-packages/realsense2_camera_msgs/srv/_device_info_s.c
[0.643s] -- Up-to-date: /home/jw/robot/ros_ws/install/realsense2_camera_msgs/lib/python3.8/site-packages/realsense2_camera_msgs/realsense2_camera_msgs_s__rosidl_typesupport_fastrtps_c.cpython-38-x86_64-linux-gnu.so
[0.643s] -- Up-to-date: /home/jw/robot/ros_ws/install/realsense2_camera_msgs/lib/python3.8/site-packages/realsense2_camera_msgs/realsense2_camera_msgs_s__rosidl_typesupport_introspection_c.cpython-38-x86_64-linux-gnu.so
[0.643s] -- Up-to-date: /home/jw/robot/ros_ws/install/realsense2_camera_msgs/lib/python3.8/site-packages/realsense2_camera_msgs/realsense2_camera_msgs_s__rosidl_typesupport_c.cpython-38-x86_64-linux-gnu.so
[0.644s] -- Up-to-date: /home/jw/robot/ros_ws/install/realsense2_camera_msgs/lib/librealsense2_camera_msgs__python.so
[0.644s] -- Up-to-date: /home/jw/robot/ros_ws/install/realsense2_camera_msgs/share/realsense2_camera_msgs/msg/IMUInfo.idl
[0.649s] -- Up-to-date: /home/jw/robot/ros_ws/install/realsense2_camera_msgs/share/realsense2_camera_msgs/msg/Extrinsics.idl
[0.649s] -- Up-to-date: /home/jw/robot/ros_ws/install/realsense2_camera_msgs/share/realsense2_camera_msgs/msg/Metadata.idl
[0.649s] -- Up-to-date: /home/jw/robot/ros_ws/install/realsense2_camera_msgs/share/realsense2_camera_msgs/srv/DeviceInfo.idl
[0.650s] -- Up-to-date: /home/jw/robot/ros_ws/install/realsense2_camera_msgs/share/realsense2_camera_msgs/msg/IMUInfo.msg
[0.650s] -- Up-to-date: /home/jw/robot/ros_ws/install/realsense2_camera_msgs/share/realsense2_camera_msgs/msg/Extrinsics.msg
[0.650s] -- Up-to-date: /home/jw/robot/ros_ws/install/realsense2_camera_msgs/share/realsense2_camera_msgs/msg/Metadata.msg
[0.651s] -- Up-to-date: /home/jw/robot/ros_ws/install/realsense2_camera_msgs/share/realsense2_camera_msgs/srv/DeviceInfo.srv
[0.651s] -- Up-to-date: /home/jw/robot/ros_ws/install/realsense2_camera_msgs/share/realsense2_camera_msgs/srv/DeviceInfo_Request.msg
[0.651s] -- Up-to-date: /home/jw/robot/ros_ws/install/realsense2_camera_msgs/share/realsense2_camera_msgs/srv/DeviceInfo_Response.msg
[0.652s] -- Up-to-date: /home/jw/robot/ros_ws/install/realsense2_camera_msgs/share/ament_index/resource_index/package_run_dependencies/realsense2_camera_msgs
[0.657s] -- Up-to-date: /home/jw/robot/ros_ws/install/realsense2_camera_msgs/share/ament_index/resource_index/parent_prefix_path/realsense2_camera_msgs
[0.658s] -- Up-to-date: /home/jw/robot/ros_ws/install/realsense2_camera_msgs/share/realsense2_camera_msgs/environment/ament_prefix_path.sh
[0.658s] -- Up-to-date: /home/jw/robot/ros_ws/install/realsense2_camera_msgs/share/realsense2_camera_msgs/environment/ament_prefix_path.dsv
[0.658s] -- Up-to-date: /home/jw/robot/ros_ws/install/realsense2_camera_msgs/share/realsense2_camera_msgs/environment/path.sh
[0.659s] -- Up-to-date: /home/jw/robot/ros_ws/install/realsense2_camera_msgs/share/realsense2_camera_msgs/environment/path.dsv
[0.659s] -- Up-to-date: /home/jw/robot/ros_ws/install/realsense2_camera_msgs/share/realsense2_camera_msgs/local_setup.bash
[0.659s] -- Up-to-date: /home/jw/robot/ros_ws/install/realsense2_camera_msgs/share/realsense2_camera_msgs/local_setup.sh
[0.660s] -- Up-to-date: /home/jw/robot/ros_ws/install/realsense2_camera_msgs/share/realsense2_camera_msgs/local_setup.zsh
[0.660s] -- Up-to-date: /home/jw/robot/ros_ws/install/realsense2_camera_msgs/share/realsense2_camera_msgs/local_setup.dsv
[0.665s] -- Installing: /home/jw/robot/ros_ws/install/realsense2_camera_msgs/share/realsense2_camera_msgs/package.dsv
[0.666s] -- Up-to-date: /home/jw/robot/ros_ws/install/realsense2_camera_msgs/share/ament_index/resource_index/packages/realsense2_camera_msgs
[0.666s] -- Up-to-date: /home/jw/robot/ros_ws/install/realsense2_camera_msgs/share/realsense2_camera_msgs/cmake/realsense2_camera_msgs__rosidl_generator_cExport.cmake
[0.666s] -- Up-to-date: /home/jw/robot/ros_ws/install/realsense2_camera_msgs/share/realsense2_camera_msgs/cmake/realsense2_camera_msgs__rosidl_generator_cExport-noconfig.cmake
[0.667s] -- Up-to-date: /home/jw/robot/ros_ws/install/realsense2_camera_msgs/share/realsense2_camera_msgs/cmake/realsense2_camera_msgs__rosidl_typesupport_introspection_cExport.cmake
[0.667s] -- Up-to-date: /home/jw/robot/ros_ws/install/realsense2_camera_msgs/share/realsense2_camera_msgs/cmake/realsense2_camera_msgs__rosidl_typesupport_introspection_cExport-noconfig.cmake
[0.667s] -- Up-to-date: /home/jw/robot/ros_ws/install/realsense2_camera_msgs/share/realsense2_camera_msgs/cmake/realsense2_camera_msgs__rosidl_typesupport_cExport.cmake
[0.668s] -- Up-to-date: /home/jw/robot/ros_ws/install/realsense2_camera_msgs/share/realsense2_camera_msgs/cmake/realsense2_camera_msgs__rosidl_typesupport_cExport-noconfig.cmake
[0.668s] -- Up-to-date: /home/jw/robot/ros_ws/install/realsense2_camera_msgs/share/realsense2_camera_msgs/cmake/realsense2_camera_msgs__rosidl_generator_cppExport.cmake
[0.669s] -- Up-to-date: /home/jw/robot/ros_ws/install/realsense2_camera_msgs/share/realsense2_camera_msgs/cmake/realsense2_camera_msgs__rosidl_typesupport_introspection_cppExport.cmake
[0.669s] -- Up-to-date: /home/jw/robot/ros_ws/install/realsense2_camera_msgs/share/realsense2_camera_msgs/cmake/realsense2_camera_msgs__rosidl_typesupport_introspection_cppExport-noconfig.cmake
[0.669s] -- Up-to-date: /home/jw/robot/ros_ws/install/realsense2_camera_msgs/share/realsense2_camera_msgs/cmake/realsense2_camera_msgs__rosidl_typesupport_cppExport.cmake
[0.670s] -- Up-to-date: /home/jw/robot/ros_ws/install/realsense2_camera_msgs/share/realsense2_camera_msgs/cmake/realsense2_camera_msgs__rosidl_typesupport_cppExport-noconfig.cmake
[0.670s] -- Up-to-date: /home/jw/robot/ros_ws/install/realsense2_camera_msgs/share/realsense2_camera_msgs/cmake/rosidl_cmake-extras.cmake
[0.670s] -- Up-to-date: /home/jw/robot/ros_ws/install/realsense2_camera_msgs/share/realsense2_camera_msgs/cmake/ament_cmake_export_dependencies-extras.cmake
[0.670s] -- Up-to-date: /home/jw/robot/ros_ws/install/realsense2_camera_msgs/share/realsense2_camera_msgs/cmake/ament_cmake_export_libraries-extras.cmake
[0.671s] -- Up-to-date: /home/jw/robot/ros_ws/install/realsense2_camera_msgs/share/realsense2_camera_msgs/cmake/ament_cmake_export_targets-extras.cmake
[0.671s] -- Up-to-date: /home/jw/robot/ros_ws/install/realsense2_camera_msgs/share/realsense2_camera_msgs/cmake/ament_cmake_export_include_directories-extras.cmake
[0.673s] -- Up-to-date: /home/jw/robot/ros_ws/install/realsense2_camera_msgs/share/realsense2_camera_msgs/cmake/rosidl_cmake_export_typesupport_libraries-extras.cmake
[0.674s] -- Up-to-date: /home/jw/robot/ros_ws/install/realsense2_camera_msgs/share/realsense2_camera_msgs/cmake/rosidl_cmake_export_typesupport_targets-extras.cmake
[0.681s] -- Up-to-date: /home/jw/robot/ros_ws/install/realsense2_camera_msgs/share/realsense2_camera_msgs/cmake/realsense2_camera_msgsConfig.cmake
[0.682s] -- Up-to-date: /home/jw/robot/ros_ws/install/realsense2_camera_msgs/share/realsense2_camera_msgs/cmake/realsense2_camera_msgsConfig-version.cmake
[0.682s] -- Up-to-date: /home/jw/robot/ros_ws/install/realsense2_camera_msgs/share/realsense2_camera_msgs/package.xml
[0.684s] Invoked command in '/home/jw/robot/ros_ws/build/realsense2_camera_msgs' returned '0': CMAKE_PREFIX_PATH=${CMAKE_PREFIX_PATH}:/home/jw/robot/ros_ws/install/exa_robot:/opt/ros/galactic /usr/bin/cmake --install /home/jw/robot/ros_ws/build/realsense2_camera_msgs
