[0.084s] Invoking command in '/home/jw/robot/ros_ws/build/costmap_converter_msgs': CMAKE_PREFIX_PATH=/opt/ros/galactic /usr/bin/cmake --build /home/jw/robot/ros_ws/build/costmap_converter_msgs -- -j12 -l12
[0.382s] [  2%] Built target costmap_converter_msgs__cpp
[0.383s] [ 12%] Built target costmap_converter_msgs__rosidl_generator_c
[0.384s] [ 25%] Built target costmap_converter_msgs__rosidl_typesupport_cpp
[0.384s] [ 33%] Built target costmap_converter_msgs__rosidl_typesupport_introspection_cpp
[0.386s] [ 43%] Built target costmap_converter_msgs__rosidl_typesupport_c
[0.387s] [ 53%] Built target costmap_converter_msgs__rosidl_typesupport_introspection_c
[0.388s] [ 64%] Built target costmap_converter_msgs__rosidl_typesupport_fastrtps_cpp
[0.390s] [ 74%] Built target costmap_converter_msgs__rosidl_typesupport_fastrtps_c
[0.390s] [ 74%] Built target costmap_converter_msgs
[0.391s] [ 76%] Built target costmap_converter_msgs__py
[0.392s] [ 84%] Built target costmap_converter_msgs__python
[0.392s] [ 89%] Built target costmap_converter_msgs__rosidl_typesupport_fastrtps_c__pyext
[0.393s] [100%] Built target costmap_converter_msgs__rosidl_typesupport_introspection_c__pyext
[0.395s] [100%] Built target costmap_converter_msgs__rosidl_typesupport_c__pyext
[0.399s] Invoked command in '/home/jw/robot/ros_ws/build/costmap_converter_msgs' returned '0': CMAKE_PREFIX_PATH=/opt/ros/galactic /usr/bin/cmake --build /home/jw/robot/ros_ws/build/costmap_converter_msgs -- -j12 -l12
[0.467s] Invoking command in '/home/jw/robot/ros_ws/build/costmap_converter_msgs': CMAKE_PREFIX_PATH=/opt/ros/galactic /usr/bin/cmake --install /home/jw/robot/ros_ws/build/costmap_converter_msgs
[0.479s] -- Install configuration: ""
[0.480s] -- Installing: /home/jw/robot/ros_ws/install/costmap_converter_msgs/share/ament_index/resource_index/rosidl_interfaces/costmap_converter_msgs
[0.480s] -- Installing: /home/jw/robot/ros_ws/install/costmap_converter_msgs/include/costmap_converter_msgs
[0.480s] -- Installing: /home/jw/robot/ros_ws/install/costmap_converter_msgs/include/costmap_converter_msgs/msg
[0.481s] -- Installing: /home/jw/robot/ros_ws/install/costmap_converter_msgs/include/costmap_converter_msgs/msg/obstacle_msg.h
[0.481s] -- Installing: /home/jw/robot/ros_ws/install/costmap_converter_msgs/include/costmap_converter_msgs/msg/rosidl_generator_c__visibility_control.h
[0.481s] -- Installing: /home/jw/robot/ros_ws/install/costmap_converter_msgs/include/costmap_converter_msgs/msg/detail
[0.481s] -- Installing: /home/jw/robot/ros_ws/install/costmap_converter_msgs/include/costmap_converter_msgs/msg/detail/obstacle_array_msg__type_support.h
[0.481s] -- Installing: /home/jw/robot/ros_ws/install/costmap_converter_msgs/include/costmap_converter_msgs/msg/detail/obstacle_array_msg__functions.h
[0.481s] -- Installing: /home/jw/robot/ros_ws/install/costmap_converter_msgs/include/costmap_converter_msgs/msg/detail/obstacle_msg__functions.c
[0.481s] -- Installing: /home/jw/robot/ros_ws/install/costmap_converter_msgs/include/costmap_converter_msgs/msg/detail/obstacle_msg__struct.h
[0.482s] -- Installing: /home/jw/robot/ros_ws/install/costmap_converter_msgs/include/costmap_converter_msgs/msg/detail/obstacle_msg__type_support.h
[0.482s] -- Installing: /home/jw/robot/ros_ws/install/costmap_converter_msgs/include/costmap_converter_msgs/msg/detail/obstacle_array_msg__struct.h
[0.482s] -- Installing: /home/jw/robot/ros_ws/install/costmap_converter_msgs/include/costmap_converter_msgs/msg/detail/obstacle_array_msg__functions.c
[0.482s] -- Installing: /home/jw/robot/ros_ws/install/costmap_converter_msgs/include/costmap_converter_msgs/msg/detail/obstacle_msg__functions.h
[0.482s] -- Installing: /home/jw/robot/ros_ws/install/costmap_converter_msgs/include/costmap_converter_msgs/msg/obstacle_array_msg.h
[0.482s] -- Installing: /home/jw/robot/ros_ws/install/costmap_converter_msgs/share/costmap_converter_msgs/environment/library_path.sh
[0.483s] -- Installing: /home/jw/robot/ros_ws/install/costmap_converter_msgs/share/costmap_converter_msgs/environment/library_path.dsv
[0.486s] -- Installing: /home/jw/robot/ros_ws/install/costmap_converter_msgs/lib/libcostmap_converter_msgs__rosidl_generator_c.so
[0.489s] -- Set runtime path of "/home/jw/robot/ros_ws/install/costmap_converter_msgs/lib/libcostmap_converter_msgs__rosidl_generator_c.so" to ""
[0.489s] -- Up-to-date: /home/jw/robot/ros_ws/install/costmap_converter_msgs/include/costmap_converter_msgs
[0.489s] -- Up-to-date: /home/jw/robot/ros_ws/install/costmap_converter_msgs/include/costmap_converter_msgs/msg
[0.489s] -- Up-to-date: /home/jw/robot/ros_ws/install/costmap_converter_msgs/include/costmap_converter_msgs/msg/detail
[0.489s] -- Installing: /home/jw/robot/ros_ws/install/costmap_converter_msgs/include/costmap_converter_msgs/msg/detail/obstacle_array_msg__rosidl_typesupport_fastrtps_c.h
[0.490s] -- Installing: /home/jw/robot/ros_ws/install/costmap_converter_msgs/include/costmap_converter_msgs/msg/detail/obstacle_msg__rosidl_typesupport_fastrtps_c.h
[0.490s] -- Installing: /home/jw/robot/ros_ws/install/costmap_converter_msgs/include/costmap_converter_msgs/msg/rosidl_typesupport_fastrtps_c__visibility_control.h
[0.490s] -- Installing: /home/jw/robot/ros_ws/install/costmap_converter_msgs/lib/libcostmap_converter_msgs__rosidl_typesupport_fastrtps_c.so
[0.490s] -- Set runtime path of "/home/jw/robot/ros_ws/install/costmap_converter_msgs/lib/libcostmap_converter_msgs__rosidl_typesupport_fastrtps_c.so" to ""
[0.490s] -- Up-to-date: /home/jw/robot/ros_ws/install/costmap_converter_msgs/include/costmap_converter_msgs
[0.490s] -- Up-to-date: /home/jw/robot/ros_ws/install/costmap_converter_msgs/include/costmap_converter_msgs/msg
[0.490s] -- Up-to-date: /home/jw/robot/ros_ws/install/costmap_converter_msgs/include/costmap_converter_msgs/msg/detail
[0.491s] -- Installing: /home/jw/robot/ros_ws/install/costmap_converter_msgs/include/costmap_converter_msgs/msg/detail/dds_fastrtps
[0.491s] -- Installing: /home/jw/robot/ros_ws/install/costmap_converter_msgs/include/costmap_converter_msgs/msg/detail/obstacle_array_msg__rosidl_typesupport_fastrtps_cpp.hpp
[0.491s] -- Installing: /home/jw/robot/ros_ws/install/costmap_converter_msgs/include/costmap_converter_msgs/msg/detail/obstacle_msg__rosidl_typesupport_fastrtps_cpp.hpp
[0.491s] -- Installing: /home/jw/robot/ros_ws/install/costmap_converter_msgs/include/costmap_converter_msgs/msg/rosidl_typesupport_fastrtps_cpp__visibility_control.h
[0.491s] -- Installing: /home/jw/robot/ros_ws/install/costmap_converter_msgs/lib/libcostmap_converter_msgs__rosidl_typesupport_fastrtps_cpp.so
[0.491s] -- Set runtime path of "/home/jw/robot/ros_ws/install/costmap_converter_msgs/lib/libcostmap_converter_msgs__rosidl_typesupport_fastrtps_cpp.so" to ""
[0.491s] -- Up-to-date: /home/jw/robot/ros_ws/install/costmap_converter_msgs/include/costmap_converter_msgs
[0.491s] -- Up-to-date: /home/jw/robot/ros_ws/install/costmap_converter_msgs/include/costmap_converter_msgs/msg
[0.491s] -- Up-to-date: /home/jw/robot/ros_ws/install/costmap_converter_msgs/include/costmap_converter_msgs/msg/detail
[0.492s] -- Installing: /home/jw/robot/ros_ws/install/costmap_converter_msgs/include/costmap_converter_msgs/msg/detail/obstacle_array_msg__rosidl_typesupport_introspection_c.h
[0.492s] -- Installing: /home/jw/robot/ros_ws/install/costmap_converter_msgs/include/costmap_converter_msgs/msg/detail/obstacle_msg__rosidl_typesupport_introspection_c.h
[0.492s] -- Installing: /home/jw/robot/ros_ws/install/costmap_converter_msgs/include/costmap_converter_msgs/msg/detail/obstacle_msg__type_support.c
[0.492s] -- Installing: /home/jw/robot/ros_ws/install/costmap_converter_msgs/include/costmap_converter_msgs/msg/detail/obstacle_array_msg__type_support.c
[0.492s] -- Installing: /home/jw/robot/ros_ws/install/costmap_converter_msgs/include/costmap_converter_msgs/msg/rosidl_typesupport_introspection_c__visibility_control.h
[0.492s] -- Installing: /home/jw/robot/ros_ws/install/costmap_converter_msgs/lib/libcostmap_converter_msgs__rosidl_typesupport_introspection_c.so
[0.493s] -- Set runtime path of "/home/jw/robot/ros_ws/install/costmap_converter_msgs/lib/libcostmap_converter_msgs__rosidl_typesupport_introspection_c.so" to ""
[0.493s] -- Installing: /home/jw/robot/ros_ws/install/costmap_converter_msgs/lib/libcostmap_converter_msgs__rosidl_typesupport_c.so
[0.493s] -- Set runtime path of "/home/jw/robot/ros_ws/install/costmap_converter_msgs/lib/libcostmap_converter_msgs__rosidl_typesupport_c.so" to ""
[0.493s] -- Up-to-date: /home/jw/robot/ros_ws/install/costmap_converter_msgs/include/costmap_converter_msgs
[0.493s] -- Up-to-date: /home/jw/robot/ros_ws/install/costmap_converter_msgs/include/costmap_converter_msgs/msg
[0.493s] -- Up-to-date: /home/jw/robot/ros_ws/install/costmap_converter_msgs/include/costmap_converter_msgs/msg/detail
[0.493s] -- Installing: /home/jw/robot/ros_ws/install/costmap_converter_msgs/include/costmap_converter_msgs/msg/detail/obstacle_msg__builder.hpp
[0.493s] -- Installing: /home/jw/robot/ros_ws/install/costmap_converter_msgs/include/costmap_converter_msgs/msg/detail/obstacle_array_msg__struct.hpp
[0.494s] -- Installing: /home/jw/robot/ros_ws/install/costmap_converter_msgs/include/costmap_converter_msgs/msg/detail/obstacle_array_msg__traits.hpp
[0.494s] -- Installing: /home/jw/robot/ros_ws/install/costmap_converter_msgs/include/costmap_converter_msgs/msg/detail/obstacle_array_msg__builder.hpp
[0.494s] -- Installing: /home/jw/robot/ros_ws/install/costmap_converter_msgs/include/costmap_converter_msgs/msg/detail/obstacle_msg__struct.hpp
[0.494s] -- Installing: /home/jw/robot/ros_ws/install/costmap_converter_msgs/include/costmap_converter_msgs/msg/detail/obstacle_msg__traits.hpp
[0.494s] -- Installing: /home/jw/robot/ros_ws/install/costmap_converter_msgs/include/costmap_converter_msgs/msg/obstacle_array_msg.hpp
[0.494s] -- Installing: /home/jw/robot/ros_ws/install/costmap_converter_msgs/include/costmap_converter_msgs/msg/obstacle_msg.hpp
[0.494s] -- Up-to-date: /home/jw/robot/ros_ws/install/costmap_converter_msgs/include/costmap_converter_msgs
[0.494s] -- Up-to-date: /home/jw/robot/ros_ws/install/costmap_converter_msgs/include/costmap_converter_msgs/msg
[0.494s] -- Up-to-date: /home/jw/robot/ros_ws/install/costmap_converter_msgs/include/costmap_converter_msgs/msg/detail
[0.495s] -- Installing: /home/jw/robot/ros_ws/install/costmap_converter_msgs/include/costmap_converter_msgs/msg/detail/obstacle_array_msg__rosidl_typesupport_introspection_cpp.hpp
[0.495s] -- Installing: /home/jw/robot/ros_ws/install/costmap_converter_msgs/include/costmap_converter_msgs/msg/detail/obstacle_msg__type_support.cpp
[0.495s] -- Installing: /home/jw/robot/ros_ws/install/costmap_converter_msgs/include/costmap_converter_msgs/msg/detail/obstacle_msg__rosidl_typesupport_introspection_cpp.hpp
[0.495s] -- Installing: /home/jw/robot/ros_ws/install/costmap_converter_msgs/include/costmap_converter_msgs/msg/detail/obstacle_array_msg__type_support.cpp
[0.495s] -- Installing: /home/jw/robot/ros_ws/install/costmap_converter_msgs/lib/libcostmap_converter_msgs__rosidl_typesupport_introspection_cpp.so
[0.495s] -- Set runtime path of "/home/jw/robot/ros_ws/install/costmap_converter_msgs/lib/libcostmap_converter_msgs__rosidl_typesupport_introspection_cpp.so" to ""
[0.495s] -- Installing: /home/jw/robot/ros_ws/install/costmap_converter_msgs/lib/libcostmap_converter_msgs__rosidl_typesupport_cpp.so
[0.495s] -- Set runtime path of "/home/jw/robot/ros_ws/install/costmap_converter_msgs/lib/libcostmap_converter_msgs__rosidl_typesupport_cpp.so" to ""
[0.495s] -- Installing: /home/jw/robot/ros_ws/install/costmap_converter_msgs/share/costmap_converter_msgs/environment/pythonpath.sh
[0.496s] -- Installing: /home/jw/robot/ros_ws/install/costmap_converter_msgs/share/costmap_converter_msgs/environment/pythonpath.dsv
[0.496s] -- Installing: /home/jw/robot/ros_ws/install/costmap_converter_msgs/lib/python3.8/site-packages/costmap_converter_msgs/__init__.py
[0.537s] Compiling '/home/jw/robot/ros_ws/install/costmap_converter_msgs/lib/python3.8/site-packages/costmap_converter_msgs/__init__.py'...
[0.544s] -- Installing: /home/jw/robot/ros_ws/install/costmap_converter_msgs/lib/python3.8/site-packages/costmap_converter_msgs/msg
[0.544s] -- Installing: /home/jw/robot/ros_ws/install/costmap_converter_msgs/lib/python3.8/site-packages/costmap_converter_msgs/msg/_obstacle_msg.py
[0.544s] -- Installing: /home/jw/robot/ros_ws/install/costmap_converter_msgs/lib/python3.8/site-packages/costmap_converter_msgs/msg/_obstacle_array_msg_s.c
[0.544s] -- Installing: /home/jw/robot/ros_ws/install/costmap_converter_msgs/lib/python3.8/site-packages/costmap_converter_msgs/msg/_obstacle_array_msg.py
[0.545s] -- Installing: /home/jw/robot/ros_ws/install/costmap_converter_msgs/lib/python3.8/site-packages/costmap_converter_msgs/msg/_obstacle_msg_s.c
[0.545s] -- Installing: /home/jw/robot/ros_ws/install/costmap_converter_msgs/lib/python3.8/site-packages/costmap_converter_msgs/msg/__init__.py
[0.545s] -- Installing: /home/jw/robot/ros_ws/install/costmap_converter_msgs/lib/python3.8/site-packages/costmap_converter_msgs/costmap_converter_msgs_s__rosidl_typesupport_fastrtps_c.cpython-38-x86_64-linux-gnu.so
[0.546s] -- Set runtime path of "/home/jw/robot/ros_ws/install/costmap_converter_msgs/lib/python3.8/site-packages/costmap_converter_msgs/costmap_converter_msgs_s__rosidl_typesupport_fastrtps_c.cpython-38-x86_64-linux-gnu.so" to ""
[0.546s] -- Installing: /home/jw/robot/ros_ws/install/costmap_converter_msgs/lib/python3.8/site-packages/costmap_converter_msgs/costmap_converter_msgs_s__rosidl_typesupport_introspection_c.cpython-38-x86_64-linux-gnu.so
[0.547s] -- Set runtime path of "/home/jw/robot/ros_ws/install/costmap_converter_msgs/lib/python3.8/site-packages/costmap_converter_msgs/costmap_converter_msgs_s__rosidl_typesupport_introspection_c.cpython-38-x86_64-linux-gnu.so" to ""
[0.547s] -- Installing: /home/jw/robot/ros_ws/install/costmap_converter_msgs/lib/python3.8/site-packages/costmap_converter_msgs/costmap_converter_msgs_s__rosidl_typesupport_c.cpython-38-x86_64-linux-gnu.so
[0.548s] -- Set runtime path of "/home/jw/robot/ros_ws/install/costmap_converter_msgs/lib/python3.8/site-packages/costmap_converter_msgs/costmap_converter_msgs_s__rosidl_typesupport_c.cpython-38-x86_64-linux-gnu.so" to ""
[0.548s] -- Installing: /home/jw/robot/ros_ws/install/costmap_converter_msgs/lib/libcostmap_converter_msgs__python.so
[0.549s] -- Set runtime path of "/home/jw/robot/ros_ws/install/costmap_converter_msgs/lib/libcostmap_converter_msgs__python.so" to ""
[0.549s] -- Installing: /home/jw/robot/ros_ws/install/costmap_converter_msgs/share/costmap_converter_msgs/msg/ObstacleMsg.idl
[0.549s] -- Installing: /home/jw/robot/ros_ws/install/costmap_converter_msgs/share/costmap_converter_msgs/msg/ObstacleArrayMsg.idl
[0.549s] -- Installing: /home/jw/robot/ros_ws/install/costmap_converter_msgs/share/costmap_converter_msgs/msg/ObstacleMsg.msg
[0.549s] -- Installing: /home/jw/robot/ros_ws/install/costmap_converter_msgs/share/costmap_converter_msgs/msg/ObstacleArrayMsg.msg
[0.550s] -- Installing: /home/jw/robot/ros_ws/install/costmap_converter_msgs/share/ament_index/resource_index/package_run_dependencies/costmap_converter_msgs
[0.550s] -- Installing: /home/jw/robot/ros_ws/install/costmap_converter_msgs/share/ament_index/resource_index/parent_prefix_path/costmap_converter_msgs
[0.550s] -- Installing: /home/jw/robot/ros_ws/install/costmap_converter_msgs/share/costmap_converter_msgs/environment/ament_prefix_path.sh
[0.550s] -- Installing: /home/jw/robot/ros_ws/install/costmap_converter_msgs/share/costmap_converter_msgs/environment/ament_prefix_path.dsv
[0.550s] -- Installing: /home/jw/robot/ros_ws/install/costmap_converter_msgs/share/costmap_converter_msgs/environment/path.sh
[0.551s] -- Installing: /home/jw/robot/ros_ws/install/costmap_converter_msgs/share/costmap_converter_msgs/environment/path.dsv
[0.551s] -- Installing: /home/jw/robot/ros_ws/install/costmap_converter_msgs/share/costmap_converter_msgs/local_setup.bash
[0.551s] -- Installing: /home/jw/robot/ros_ws/install/costmap_converter_msgs/share/costmap_converter_msgs/local_setup.sh
[0.551s] -- Installing: /home/jw/robot/ros_ws/install/costmap_converter_msgs/share/costmap_converter_msgs/local_setup.zsh
[0.551s] -- Installing: /home/jw/robot/ros_ws/install/costmap_converter_msgs/share/costmap_converter_msgs/local_setup.dsv
[0.552s] -- Installing: /home/jw/robot/ros_ws/install/costmap_converter_msgs/share/costmap_converter_msgs/package.dsv
[0.552s] -- Installing: /home/jw/robot/ros_ws/install/costmap_converter_msgs/share/ament_index/resource_index/packages/costmap_converter_msgs
[0.552s] -- Installing: /home/jw/robot/ros_ws/install/costmap_converter_msgs/share/costmap_converter_msgs/cmake/costmap_converter_msgs__rosidl_generator_cExport.cmake
[0.552s] -- Installing: /home/jw/robot/ros_ws/install/costmap_converter_msgs/share/costmap_converter_msgs/cmake/costmap_converter_msgs__rosidl_generator_cExport-noconfig.cmake
[0.553s] -- Installing: /home/jw/robot/ros_ws/install/costmap_converter_msgs/share/costmap_converter_msgs/cmake/costmap_converter_msgs__rosidl_typesupport_introspection_cExport.cmake
[0.553s] -- Installing: /home/jw/robot/ros_ws/install/costmap_converter_msgs/share/costmap_converter_msgs/cmake/costmap_converter_msgs__rosidl_typesupport_introspection_cExport-noconfig.cmake
[0.553s] -- Installing: /home/jw/robot/ros_ws/install/costmap_converter_msgs/share/costmap_converter_msgs/cmake/costmap_converter_msgs__rosidl_typesupport_cExport.cmake
[0.553s] -- Installing: /home/jw/robot/ros_ws/install/costmap_converter_msgs/share/costmap_converter_msgs/cmake/costmap_converter_msgs__rosidl_typesupport_cExport-noconfig.cmake
[0.553s] -- Installing: /home/jw/robot/ros_ws/install/costmap_converter_msgs/share/costmap_converter_msgs/cmake/costmap_converter_msgs__rosidl_generator_cppExport.cmake
[0.554s] -- Installing: /home/jw/robot/ros_ws/install/costmap_converter_msgs/share/costmap_converter_msgs/cmake/costmap_converter_msgs__rosidl_typesupport_introspection_cppExport.cmake
[0.554s] -- Installing: /home/jw/robot/ros_ws/install/costmap_converter_msgs/share/costmap_converter_msgs/cmake/costmap_converter_msgs__rosidl_typesupport_introspection_cppExport-noconfig.cmake
[0.555s] -- Installing: /home/jw/robot/ros_ws/install/costmap_converter_msgs/share/costmap_converter_msgs/cmake/costmap_converter_msgs__rosidl_typesupport_cppExport.cmake
[0.555s] -- Installing: /home/jw/robot/ros_ws/install/costmap_converter_msgs/share/costmap_converter_msgs/cmake/costmap_converter_msgs__rosidl_typesupport_cppExport-noconfig.cmake
[0.555s] -- Installing: /home/jw/robot/ros_ws/install/costmap_converter_msgs/share/costmap_converter_msgs/cmake/rosidl_cmake-extras.cmake
[0.555s] -- Installing: /home/jw/robot/ros_ws/install/costmap_converter_msgs/share/costmap_converter_msgs/cmake/ament_cmake_export_dependencies-extras.cmake
[0.555s] -- Installing: /home/jw/robot/ros_ws/install/costmap_converter_msgs/share/costmap_converter_msgs/cmake/ament_cmake_export_libraries-extras.cmake
[0.556s] -- Installing: /home/jw/robot/ros_ws/install/costmap_converter_msgs/share/costmap_converter_msgs/cmake/ament_cmake_export_targets-extras.cmake
[0.556s] -- Installing: /home/jw/robot/ros_ws/install/costmap_converter_msgs/share/costmap_converter_msgs/cmake/ament_cmake_export_include_directories-extras.cmake
[0.558s] -- Installing: /home/jw/robot/ros_ws/install/costmap_converter_msgs/share/costmap_converter_msgs/cmake/rosidl_cmake_export_typesupport_libraries-extras.cmake
[0.558s] -- Installing: /home/jw/robot/ros_ws/install/costmap_converter_msgs/share/costmap_converter_msgs/cmake/rosidl_cmake_export_typesupport_targets-extras.cmake
[0.558s] -- Installing: /home/jw/robot/ros_ws/install/costmap_converter_msgs/share/costmap_converter_msgs/cmake/costmap_converter_msgsConfig.cmake
[0.558s] -- Installing: /home/jw/robot/ros_ws/install/costmap_converter_msgs/share/costmap_converter_msgs/cmake/costmap_converter_msgsConfig-version.cmake
[0.559s] -- Installing: /home/jw/robot/ros_ws/install/costmap_converter_msgs/share/costmap_converter_msgs/package.xml
[0.561s] Invoked command in '/home/jw/robot/ros_ws/build/costmap_converter_msgs' returned '0': CMAKE_PREFIX_PATH=/opt/ros/galactic /usr/bin/cmake --install /home/jw/robot/ros_ws/build/costmap_converter_msgs
