[0.213s] Invoking command in '/home/jw/robot/ros_ws/build/teb_msgs': CMAKE_PREFIX_PATH=/home/jw/robot/ros_ws/install/costmap_converter_msgs:/home/jw/robot/ros_ws/install/ydlidar_ros2_driver:/home/jw/robot/ros_ws/install/velocity_smoother:/home/jw/robot/ros_ws/install/urg_node:/home/jw/robot/ros_ws/install/teb_local_planner:/home/jw/robot/ros_ws/install/teb_msgs:/home/jw/robot/ros_ws/install/realsense2_description:/home/jw/robot/ros_ws/install/realsense2_camera:/home/jw/robot/ros_ws/install/realsense2_camera_msgs:/home/jw/robot/ros_ws/install/costmap_converter:/home/jw/robot/ros_ws/install/exa_robot:/opt/ros/galactic LD_LIBRARY_PATH=/home/jw/robot/ros_ws/install/costmap_converter_msgs/lib:/home/jw/robot/ros_ws/install/velocity_smoother/lib:/home/jw/robot/ros_ws/install/urg_node/lib:/home/jw/robot/ros_ws/install/teb_local_planner/lib:/home/jw/robot/ros_ws/install/teb_msgs/lib:/home/jw/robot/ros_ws/install/realsense2_camera/lib:/home/jw/robot/ros_ws/install/realsense2_camera_msgs/lib:/home/jw/robot/ros_ws/install/costmap_converter/lib:/opt/ros/galactic/opt/yaml_cpp_vendor/lib:/opt/ros/galactic/opt/rviz_ogre_vendor/lib:/opt/ros/galactic/lib/x86_64-linux-gnu:/opt/ros/galactic/lib PYTHONPATH=/home/jw/robot/ros_ws/install/costmap_converter_msgs/lib/python3.8/site-packages:/home/jw/robot/ros_ws/install/teb_msgs/lib/python3.8/site-packages:/home/jw/robot/ros_ws/install/realsense2_camera_msgs/lib/python3.8/site-packages:/home/jw/robot/ros_ws/install/exa_robot/lib/python3.8/site-packages:/opt/ros/galactic/lib/python3.8/site-packages /usr/bin/cmake --build /home/jw/robot/ros_ws/build/teb_msgs -- -j12 -l12
[0.319s] [  2%] Built target teb_msgs__cpp
[0.330s] [ 12%] Built target teb_msgs__rosidl_generator_c
[0.375s] [ 23%] Built target teb_msgs__rosidl_typesupport_introspection_cpp
[0.378s] [ 34%] Built target teb_msgs__rosidl_typesupport_cpp
[0.386s] [ 44%] Built target teb_msgs__rosidl_typesupport_introspection_c
[0.387s] [ 55%] Built target teb_msgs__rosidl_typesupport_fastrtps_cpp
[0.394s] [ 65%] Built target teb_msgs__rosidl_typesupport_c
[0.432s] [ 76%] Built target teb_msgs__rosidl_typesupport_fastrtps_c
[0.469s] [ 76%] Built target teb_msgs
[0.504s] [ 78%] Built target teb_msgs__py
[0.564s] [ 87%] Built target teb_msgs__python
[0.606s] [ 91%] Built target teb_msgs__rosidl_typesupport_fastrtps_c__pyext
[0.607s] [ 95%] Built target teb_msgs__rosidl_typesupport_introspection_c__pyext
[0.607s] [100%] Built target teb_msgs__rosidl_typesupport_c__pyext
[0.626s] Invoked command in '/home/jw/robot/ros_ws/build/teb_msgs' returned '0': CMAKE_PREFIX_PATH=/home/jw/robot/ros_ws/install/costmap_converter_msgs:/home/jw/robot/ros_ws/install/ydlidar_ros2_driver:/home/jw/robot/ros_ws/install/velocity_smoother:/home/jw/robot/ros_ws/install/urg_node:/home/jw/robot/ros_ws/install/teb_local_planner:/home/jw/robot/ros_ws/install/teb_msgs:/home/jw/robot/ros_ws/install/realsense2_description:/home/jw/robot/ros_ws/install/realsense2_camera:/home/jw/robot/ros_ws/install/realsense2_camera_msgs:/home/jw/robot/ros_ws/install/costmap_converter:/home/jw/robot/ros_ws/install/exa_robot:/opt/ros/galactic LD_LIBRARY_PATH=/home/jw/robot/ros_ws/install/costmap_converter_msgs/lib:/home/jw/robot/ros_ws/install/velocity_smoother/lib:/home/jw/robot/ros_ws/install/urg_node/lib:/home/jw/robot/ros_ws/install/teb_local_planner/lib:/home/jw/robot/ros_ws/install/teb_msgs/lib:/home/jw/robot/ros_ws/install/realsense2_camera/lib:/home/jw/robot/ros_ws/install/realsense2_camera_msgs/lib:/home/jw/robot/ros_ws/install/costmap_converter/lib:/opt/ros/galactic/opt/yaml_cpp_vendor/lib:/opt/ros/galactic/opt/rviz_ogre_vendor/lib:/opt/ros/galactic/lib/x86_64-linux-gnu:/opt/ros/galactic/lib PYTHONPATH=/home/jw/robot/ros_ws/install/costmap_converter_msgs/lib/python3.8/site-packages:/home/jw/robot/ros_ws/install/teb_msgs/lib/python3.8/site-packages:/home/jw/robot/ros_ws/install/realsense2_camera_msgs/lib/python3.8/site-packages:/home/jw/robot/ros_ws/install/exa_robot/lib/python3.8/site-packages:/opt/ros/galactic/lib/python3.8/site-packages /usr/bin/cmake --build /home/jw/robot/ros_ws/build/teb_msgs -- -j12 -l12
[0.747s] Invoking command in '/home/jw/robot/ros_ws/build/teb_msgs': CMAKE_PREFIX_PATH=/home/jw/robot/ros_ws/install/costmap_converter_msgs:/home/jw/robot/ros_ws/install/ydlidar_ros2_driver:/home/jw/robot/ros_ws/install/velocity_smoother:/home/jw/robot/ros_ws/install/urg_node:/home/jw/robot/ros_ws/install/teb_local_planner:/home/jw/robot/ros_ws/install/teb_msgs:/home/jw/robot/ros_ws/install/realsense2_description:/home/jw/robot/ros_ws/install/realsense2_camera:/home/jw/robot/ros_ws/install/realsense2_camera_msgs:/home/jw/robot/ros_ws/install/costmap_converter:/home/jw/robot/ros_ws/install/exa_robot:/opt/ros/galactic LD_LIBRARY_PATH=/home/jw/robot/ros_ws/install/costmap_converter_msgs/lib:/home/jw/robot/ros_ws/install/velocity_smoother/lib:/home/jw/robot/ros_ws/install/urg_node/lib:/home/jw/robot/ros_ws/install/teb_local_planner/lib:/home/jw/robot/ros_ws/install/teb_msgs/lib:/home/jw/robot/ros_ws/install/realsense2_camera/lib:/home/jw/robot/ros_ws/install/realsense2_camera_msgs/lib:/home/jw/robot/ros_ws/install/costmap_converter/lib:/opt/ros/galactic/opt/yaml_cpp_vendor/lib:/opt/ros/galactic/opt/rviz_ogre_vendor/lib:/opt/ros/galactic/lib/x86_64-linux-gnu:/opt/ros/galactic/lib PYTHONPATH=/home/jw/robot/ros_ws/install/costmap_converter_msgs/lib/python3.8/site-packages:/home/jw/robot/ros_ws/install/teb_msgs/lib/python3.8/site-packages:/home/jw/robot/ros_ws/install/realsense2_camera_msgs/lib/python3.8/site-packages:/home/jw/robot/ros_ws/install/exa_robot/lib/python3.8/site-packages:/opt/ros/galactic/lib/python3.8/site-packages /usr/bin/cmake --install /home/jw/robot/ros_ws/build/teb_msgs
[0.760s] -- Install configuration: ""
[0.760s] -- Up-to-date: /home/jw/robot/ros_ws/install/teb_msgs/share/ament_index/resource_index/rosidl_interfaces/teb_msgs
[0.761s] -- Up-to-date: /home/jw/robot/ros_ws/install/teb_msgs/include/teb_msgs
[0.761s] -- Up-to-date: /home/jw/robot/ros_ws/install/teb_msgs/include/teb_msgs/msg
[0.761s] -- Up-to-date: /home/jw/robot/ros_ws/install/teb_msgs/include/teb_msgs/msg/trajectory_point_msg.h
[0.762s] -- Up-to-date: /home/jw/robot/ros_ws/install/teb_msgs/include/teb_msgs/msg/rosidl_generator_c__visibility_control.h
[0.762s] -- Up-to-date: /home/jw/robot/ros_ws/install/teb_msgs/include/teb_msgs/msg/trajectory_msg.h
[0.762s] -- Up-to-date: /home/jw/robot/ros_ws/install/teb_msgs/include/teb_msgs/msg/feedback_msg.h
[0.763s] -- Up-to-date: /home/jw/robot/ros_ws/install/teb_msgs/include/teb_msgs/msg/detail
[0.763s] -- Up-to-date: /home/jw/robot/ros_ws/install/teb_msgs/include/teb_msgs/msg/detail/trajectory_point_msg__type_support.h
[0.763s] -- Up-to-date: /home/jw/robot/ros_ws/install/teb_msgs/include/teb_msgs/msg/detail/feedback_msg__functions.c
[0.764s] -- Up-to-date: /home/jw/robot/ros_ws/install/teb_msgs/include/teb_msgs/msg/detail/feedback_msg__functions.h
[0.764s] -- Up-to-date: /home/jw/robot/ros_ws/install/teb_msgs/include/teb_msgs/msg/detail/trajectory_msg__type_support.h
[0.764s] -- Up-to-date: /home/jw/robot/ros_ws/install/teb_msgs/include/teb_msgs/msg/detail/trajectory_point_msg__functions.c
[0.764s] -- Up-to-date: /home/jw/robot/ros_ws/install/teb_msgs/include/teb_msgs/msg/detail/feedback_msg__type_support.h
[0.765s] -- Up-to-date: /home/jw/robot/ros_ws/install/teb_msgs/include/teb_msgs/msg/detail/trajectory_msg__functions.c
[0.765s] -- Up-to-date: /home/jw/robot/ros_ws/install/teb_msgs/include/teb_msgs/msg/detail/trajectory_point_msg__struct.h
[0.765s] -- Up-to-date: /home/jw/robot/ros_ws/install/teb_msgs/include/teb_msgs/msg/detail/trajectory_point_msg__functions.h
[0.765s] -- Up-to-date: /home/jw/robot/ros_ws/install/teb_msgs/include/teb_msgs/msg/detail/trajectory_msg__struct.h
[0.766s] -- Up-to-date: /home/jw/robot/ros_ws/install/teb_msgs/include/teb_msgs/msg/detail/feedback_msg__struct.h
[0.766s] -- Up-to-date: /home/jw/robot/ros_ws/install/teb_msgs/include/teb_msgs/msg/detail/trajectory_msg__functions.h
[0.766s] -- Up-to-date: /home/jw/robot/ros_ws/install/teb_msgs/share/teb_msgs/environment/library_path.sh
[0.767s] -- Up-to-date: /home/jw/robot/ros_ws/install/teb_msgs/share/teb_msgs/environment/library_path.dsv
[0.767s] -- Up-to-date: /home/jw/robot/ros_ws/install/teb_msgs/lib/libteb_msgs__rosidl_generator_c.so
[0.767s] -- Up-to-date: /home/jw/robot/ros_ws/install/teb_msgs/include/teb_msgs
[0.767s] -- Up-to-date: /home/jw/robot/ros_ws/install/teb_msgs/include/teb_msgs/msg
[0.767s] -- Up-to-date: /home/jw/robot/ros_ws/install/teb_msgs/include/teb_msgs/msg/detail
[0.768s] -- Up-to-date: /home/jw/robot/ros_ws/install/teb_msgs/include/teb_msgs/msg/detail/trajectory_msg__rosidl_typesupport_fastrtps_c.h
[0.768s] -- Up-to-date: /home/jw/robot/ros_ws/install/teb_msgs/include/teb_msgs/msg/detail/feedback_msg__rosidl_typesupport_fastrtps_c.h
[0.768s] -- Up-to-date: /home/jw/robot/ros_ws/install/teb_msgs/include/teb_msgs/msg/detail/trajectory_point_msg__rosidl_typesupport_fastrtps_c.h
[0.769s] -- Up-to-date: /home/jw/robot/ros_ws/install/teb_msgs/include/teb_msgs/msg/rosidl_typesupport_fastrtps_c__visibility_control.h
[0.769s] -- Up-to-date: /home/jw/robot/ros_ws/install/teb_msgs/lib/libteb_msgs__rosidl_typesupport_fastrtps_c.so
[0.775s] -- Up-to-date: /home/jw/robot/ros_ws/install/teb_msgs/include/teb_msgs
[0.775s] -- Up-to-date: /home/jw/robot/ros_ws/install/teb_msgs/include/teb_msgs/msg
[0.776s] -- Up-to-date: /home/jw/robot/ros_ws/install/teb_msgs/include/teb_msgs/msg/detail
[0.776s] -- Up-to-date: /home/jw/robot/ros_ws/install/teb_msgs/include/teb_msgs/msg/detail/dds_fastrtps
[0.776s] -- Up-to-date: /home/jw/robot/ros_ws/install/teb_msgs/include/teb_msgs/msg/detail/trajectory_msg__rosidl_typesupport_fastrtps_cpp.hpp
[0.776s] -- Up-to-date: /home/jw/robot/ros_ws/install/teb_msgs/include/teb_msgs/msg/detail/feedback_msg__rosidl_typesupport_fastrtps_cpp.hpp
[0.777s] -- Up-to-date: /home/jw/robot/ros_ws/install/teb_msgs/include/teb_msgs/msg/detail/trajectory_point_msg__rosidl_typesupport_fastrtps_cpp.hpp
[0.777s] -- Up-to-date: /home/jw/robot/ros_ws/install/teb_msgs/include/teb_msgs/msg/rosidl_typesupport_fastrtps_cpp__visibility_control.h
[0.777s] -- Up-to-date: /home/jw/robot/ros_ws/install/teb_msgs/lib/libteb_msgs__rosidl_typesupport_fastrtps_cpp.so
[0.778s] -- Up-to-date: /home/jw/robot/ros_ws/install/teb_msgs/include/teb_msgs
[0.782s] -- Up-to-date: /home/jw/robot/ros_ws/install/teb_msgs/include/teb_msgs/msg
[0.783s] -- Up-to-date: /home/jw/robot/ros_ws/install/teb_msgs/include/teb_msgs/msg/detail
[0.783s] -- Up-to-date: /home/jw/robot/ros_ws/install/teb_msgs/include/teb_msgs/msg/detail/feedback_msg__rosidl_typesupport_introspection_c.h
[0.783s] -- Up-to-date: /home/jw/robot/ros_ws/install/teb_msgs/include/teb_msgs/msg/detail/feedback_msg__type_support.c
[0.784s] -- Up-to-date: /home/jw/robot/ros_ws/install/teb_msgs/include/teb_msgs/msg/detail/trajectory_msg__rosidl_typesupport_introspection_c.h
[0.784s] -- Up-to-date: /home/jw/robot/ros_ws/install/teb_msgs/include/teb_msgs/msg/detail/trajectory_point_msg__type_support.c
[0.784s] -- Up-to-date: /home/jw/robot/ros_ws/install/teb_msgs/include/teb_msgs/msg/detail/trajectory_point_msg__rosidl_typesupport_introspection_c.h
[0.785s] -- Up-to-date: /home/jw/robot/ros_ws/install/teb_msgs/include/teb_msgs/msg/detail/trajectory_msg__type_support.c
[0.785s] -- Up-to-date: /home/jw/robot/ros_ws/install/teb_msgs/include/teb_msgs/msg/rosidl_typesupport_introspection_c__visibility_control.h
[0.785s] -- Up-to-date: /home/jw/robot/ros_ws/install/teb_msgs/lib/libteb_msgs__rosidl_typesupport_introspection_c.so
[0.786s] -- Up-to-date: /home/jw/robot/ros_ws/install/teb_msgs/lib/libteb_msgs__rosidl_typesupport_c.so
[0.786s] -- Up-to-date: /home/jw/robot/ros_ws/install/teb_msgs/include/teb_msgs
[0.786s] -- Up-to-date: /home/jw/robot/ros_ws/install/teb_msgs/include/teb_msgs/msg
[0.787s] -- Up-to-date: /home/jw/robot/ros_ws/install/teb_msgs/include/teb_msgs/msg/feedback_msg.hpp
[0.787s] -- Up-to-date: /home/jw/robot/ros_ws/install/teb_msgs/include/teb_msgs/msg/detail
[0.794s] -- Up-to-date: /home/jw/robot/ros_ws/install/teb_msgs/include/teb_msgs/msg/detail/trajectory_msg__builder.hpp
[0.795s] -- Up-to-date: /home/jw/robot/ros_ws/install/teb_msgs/include/teb_msgs/msg/detail/feedback_msg__builder.hpp
[0.795s] -- Up-to-date: /home/jw/robot/ros_ws/install/teb_msgs/include/teb_msgs/msg/detail/trajectory_point_msg__builder.hpp
[0.795s] -- Up-to-date: /home/jw/robot/ros_ws/install/teb_msgs/include/teb_msgs/msg/detail/trajectory_msg__struct.hpp
[0.795s] -- Up-to-date: /home/jw/robot/ros_ws/install/teb_msgs/include/teb_msgs/msg/detail/trajectory_point_msg__struct.hpp
[0.796s] -- Up-to-date: /home/jw/robot/ros_ws/install/teb_msgs/include/teb_msgs/msg/detail/trajectory_point_msg__traits.hpp
[0.796s] -- Up-to-date: /home/jw/robot/ros_ws/install/teb_msgs/include/teb_msgs/msg/detail/feedback_msg__struct.hpp
[0.796s] -- Up-to-date: /home/jw/robot/ros_ws/install/teb_msgs/include/teb_msgs/msg/detail/feedback_msg__traits.hpp
[0.796s] -- Up-to-date: /home/jw/robot/ros_ws/install/teb_msgs/include/teb_msgs/msg/detail/trajectory_msg__traits.hpp
[0.797s] -- Up-to-date: /home/jw/robot/ros_ws/install/teb_msgs/include/teb_msgs/msg/trajectory_msg.hpp
[0.797s] -- Up-to-date: /home/jw/robot/ros_ws/install/teb_msgs/include/teb_msgs/msg/trajectory_point_msg.hpp
[0.797s] -- Up-to-date: /home/jw/robot/ros_ws/install/teb_msgs/include/teb_msgs
[0.797s] -- Up-to-date: /home/jw/robot/ros_ws/install/teb_msgs/include/teb_msgs/msg
[0.797s] -- Up-to-date: /home/jw/robot/ros_ws/install/teb_msgs/include/teb_msgs/msg/detail
[0.802s] -- Up-to-date: /home/jw/robot/ros_ws/install/teb_msgs/include/teb_msgs/msg/detail/trajectory_point_msg__type_support.cpp
[0.803s] -- Up-to-date: /home/jw/robot/ros_ws/install/teb_msgs/include/teb_msgs/msg/detail/trajectory_point_msg__rosidl_typesupport_introspection_cpp.hpp
[0.804s] -- Up-to-date: /home/jw/robot/ros_ws/install/teb_msgs/include/teb_msgs/msg/detail/feedback_msg__rosidl_typesupport_introspection_cpp.hpp
[0.804s] -- Up-to-date: /home/jw/robot/ros_ws/install/teb_msgs/include/teb_msgs/msg/detail/trajectory_msg__rosidl_typesupport_introspection_cpp.hpp
[0.804s] -- Up-to-date: /home/jw/robot/ros_ws/install/teb_msgs/include/teb_msgs/msg/detail/feedback_msg__type_support.cpp
[0.805s] -- Up-to-date: /home/jw/robot/ros_ws/install/teb_msgs/include/teb_msgs/msg/detail/trajectory_msg__type_support.cpp
[0.810s] -- Up-to-date: /home/jw/robot/ros_ws/install/teb_msgs/lib/libteb_msgs__rosidl_typesupport_introspection_cpp.so
[0.811s] -- Up-to-date: /home/jw/robot/ros_ws/install/teb_msgs/lib/libteb_msgs__rosidl_typesupport_cpp.so
[0.811s] -- Up-to-date: /home/jw/robot/ros_ws/install/teb_msgs/share/teb_msgs/environment/pythonpath.sh
[0.812s] -- Up-to-date: /home/jw/robot/ros_ws/install/teb_msgs/share/teb_msgs/environment/pythonpath.dsv
[0.812s] -- Up-to-date: /home/jw/robot/ros_ws/install/teb_msgs/lib/python3.8/site-packages/teb_msgs/__init__.py
[0.816s] -- Up-to-date: /home/jw/robot/ros_ws/install/teb_msgs/lib/python3.8/site-packages/teb_msgs/msg
[0.816s] -- Up-to-date: /home/jw/robot/ros_ws/install/teb_msgs/lib/python3.8/site-packages/teb_msgs/msg/_trajectory_point_msg.py
[0.817s] -- Up-to-date: /home/jw/robot/ros_ws/install/teb_msgs/lib/python3.8/site-packages/teb_msgs/msg/_feedback_msg_s.c
[0.817s] -- Up-to-date: /home/jw/robot/ros_ws/install/teb_msgs/lib/python3.8/site-packages/teb_msgs/msg/_trajectory_msg_s.c
[0.818s] -- Up-to-date: /home/jw/robot/ros_ws/install/teb_msgs/lib/python3.8/site-packages/teb_msgs/msg/_trajectory_point_msg_s.c
[0.820s] -- Up-to-date: /home/jw/robot/ros_ws/install/teb_msgs/lib/python3.8/site-packages/teb_msgs/msg/_feedback_msg.py
[0.821s] -- Up-to-date: /home/jw/robot/ros_ws/install/teb_msgs/lib/python3.8/site-packages/teb_msgs/msg/__init__.py
[0.821s] -- Up-to-date: /home/jw/robot/ros_ws/install/teb_msgs/lib/python3.8/site-packages/teb_msgs/msg/_trajectory_msg.py
[0.821s] -- Up-to-date: /home/jw/robot/ros_ws/install/teb_msgs/lib/python3.8/site-packages/teb_msgs/teb_msgs_s__rosidl_typesupport_fastrtps_c.cpython-38-x86_64-linux-gnu.so
[0.821s] -- Up-to-date: /home/jw/robot/ros_ws/install/teb_msgs/lib/python3.8/site-packages/teb_msgs/teb_msgs_s__rosidl_typesupport_introspection_c.cpython-38-x86_64-linux-gnu.so
[0.821s] -- Up-to-date: /home/jw/robot/ros_ws/install/teb_msgs/lib/python3.8/site-packages/teb_msgs/teb_msgs_s__rosidl_typesupport_c.cpython-38-x86_64-linux-gnu.so
[0.822s] -- Up-to-date: /home/jw/robot/ros_ws/install/teb_msgs/lib/libteb_msgs__python.so
[0.822s] -- Up-to-date: /home/jw/robot/ros_ws/install/teb_msgs/share/teb_msgs/msg/FeedbackMsg.idl
[0.826s] -- Up-to-date: /home/jw/robot/ros_ws/install/teb_msgs/share/teb_msgs/msg/TrajectoryMsg.idl
[0.827s] -- Up-to-date: /home/jw/robot/ros_ws/install/teb_msgs/share/teb_msgs/msg/TrajectoryPointMsg.idl
[0.827s] -- Up-to-date: /home/jw/robot/ros_ws/install/teb_msgs/share/teb_msgs/msg/FeedbackMsg.msg
[0.827s] -- Up-to-date: /home/jw/robot/ros_ws/install/teb_msgs/share/teb_msgs/msg/TrajectoryMsg.msg
[0.829s] -- Up-to-date: /home/jw/robot/ros_ws/install/teb_msgs/share/teb_msgs/msg/TrajectoryPointMsg.msg
[0.832s] -- Up-to-date: /home/jw/robot/ros_ws/install/teb_msgs/share/ament_index/resource_index/package_run_dependencies/teb_msgs
[0.833s] -- Up-to-date: /home/jw/robot/ros_ws/install/teb_msgs/share/ament_index/resource_index/parent_prefix_path/teb_msgs
[0.834s] -- Up-to-date: /home/jw/robot/ros_ws/install/teb_msgs/share/teb_msgs/environment/ament_prefix_path.sh
[0.835s] -- Up-to-date: /home/jw/robot/ros_ws/install/teb_msgs/share/teb_msgs/environment/ament_prefix_path.dsv
[0.836s] -- Up-to-date: /home/jw/robot/ros_ws/install/teb_msgs/share/teb_msgs/environment/path.sh
[0.837s] -- Up-to-date: /home/jw/robot/ros_ws/install/teb_msgs/share/teb_msgs/environment/path.dsv
[0.838s] -- Up-to-date: /home/jw/robot/ros_ws/install/teb_msgs/share/teb_msgs/local_setup.bash
[0.838s] -- Up-to-date: /home/jw/robot/ros_ws/install/teb_msgs/share/teb_msgs/local_setup.sh
[0.838s] -- Up-to-date: /home/jw/robot/ros_ws/install/teb_msgs/share/teb_msgs/local_setup.zsh
[0.839s] -- Up-to-date: /home/jw/robot/ros_ws/install/teb_msgs/share/teb_msgs/local_setup.dsv
[0.840s] -- Installing: /home/jw/robot/ros_ws/install/teb_msgs/share/teb_msgs/package.dsv
[0.840s] -- Up-to-date: /home/jw/robot/ros_ws/install/teb_msgs/share/ament_index/resource_index/packages/teb_msgs
[0.841s] -- Up-to-date: /home/jw/robot/ros_ws/install/teb_msgs/share/teb_msgs/cmake/teb_msgs__rosidl_generator_cExport.cmake
[0.842s] -- Up-to-date: /home/jw/robot/ros_ws/install/teb_msgs/share/teb_msgs/cmake/teb_msgs__rosidl_generator_cExport-noconfig.cmake
[0.842s] -- Up-to-date: /home/jw/robot/ros_ws/install/teb_msgs/share/teb_msgs/cmake/teb_msgs__rosidl_typesupport_introspection_cExport.cmake
[0.843s] -- Up-to-date: /home/jw/robot/ros_ws/install/teb_msgs/share/teb_msgs/cmake/teb_msgs__rosidl_typesupport_introspection_cExport-noconfig.cmake
[0.843s] -- Up-to-date: /home/jw/robot/ros_ws/install/teb_msgs/share/teb_msgs/cmake/teb_msgs__rosidl_typesupport_cExport.cmake
[0.852s] -- Up-to-date: /home/jw/robot/ros_ws/install/teb_msgs/share/teb_msgs/cmake/teb_msgs__rosidl_typesupport_cExport-noconfig.cmake
[0.853s] -- Up-to-date: /home/jw/robot/ros_ws/install/teb_msgs/share/teb_msgs/cmake/teb_msgs__rosidl_generator_cppExport.cmake
[0.854s] -- Up-to-date: /home/jw/robot/ros_ws/install/teb_msgs/share/teb_msgs/cmake/teb_msgs__rosidl_typesupport_introspection_cppExport.cmake
[0.854s] -- Up-to-date: /home/jw/robot/ros_ws/install/teb_msgs/share/teb_msgs/cmake/teb_msgs__rosidl_typesupport_introspection_cppExport-noconfig.cmake
[0.854s] -- Up-to-date: /home/jw/robot/ros_ws/install/teb_msgs/share/teb_msgs/cmake/teb_msgs__rosidl_typesupport_cppExport.cmake
[0.855s] -- Up-to-date: /home/jw/robot/ros_ws/install/teb_msgs/share/teb_msgs/cmake/teb_msgs__rosidl_typesupport_cppExport-noconfig.cmake
[0.855s] -- Up-to-date: /home/jw/robot/ros_ws/install/teb_msgs/share/teb_msgs/cmake/rosidl_cmake-extras.cmake
[0.855s] -- Up-to-date: /home/jw/robot/ros_ws/install/teb_msgs/share/teb_msgs/cmake/ament_cmake_export_dependencies-extras.cmake
[0.855s] -- Up-to-date: /home/jw/robot/ros_ws/install/teb_msgs/share/teb_msgs/cmake/ament_cmake_export_libraries-extras.cmake
[0.855s] -- Up-to-date: /home/jw/robot/ros_ws/install/teb_msgs/share/teb_msgs/cmake/ament_cmake_export_targets-extras.cmake
[0.856s] -- Up-to-date: /home/jw/robot/ros_ws/install/teb_msgs/share/teb_msgs/cmake/ament_cmake_export_include_directories-extras.cmake
[0.856s] -- Up-to-date: /home/jw/robot/ros_ws/install/teb_msgs/share/teb_msgs/cmake/rosidl_cmake_export_typesupport_libraries-extras.cmake
[0.856s] -- Up-to-date: /home/jw/robot/ros_ws/install/teb_msgs/share/teb_msgs/cmake/rosidl_cmake_export_typesupport_targets-extras.cmake
[0.857s] -- Up-to-date: /home/jw/robot/ros_ws/install/teb_msgs/share/teb_msgs/cmake/teb_msgsConfig.cmake
[0.857s] -- Up-to-date: /home/jw/robot/ros_ws/install/teb_msgs/share/teb_msgs/cmake/teb_msgsConfig-version.cmake
[0.857s] -- Up-to-date: /home/jw/robot/ros_ws/install/teb_msgs/share/teb_msgs/package.xml
[0.861s] Invoked command in '/home/jw/robot/ros_ws/build/teb_msgs' returned '0': CMAKE_PREFIX_PATH=/home/jw/robot/ros_ws/install/costmap_converter_msgs:/home/jw/robot/ros_ws/install/ydlidar_ros2_driver:/home/jw/robot/ros_ws/install/velocity_smoother:/home/jw/robot/ros_ws/install/urg_node:/home/jw/robot/ros_ws/install/teb_local_planner:/home/jw/robot/ros_ws/install/teb_msgs:/home/jw/robot/ros_ws/install/realsense2_description:/home/jw/robot/ros_ws/install/realsense2_camera:/home/jw/robot/ros_ws/install/realsense2_camera_msgs:/home/jw/robot/ros_ws/install/costmap_converter:/home/jw/robot/ros_ws/install/exa_robot:/opt/ros/galactic LD_LIBRARY_PATH=/home/jw/robot/ros_ws/install/costmap_converter_msgs/lib:/home/jw/robot/ros_ws/install/velocity_smoother/lib:/home/jw/robot/ros_ws/install/urg_node/lib:/home/jw/robot/ros_ws/install/teb_local_planner/lib:/home/jw/robot/ros_ws/install/teb_msgs/lib:/home/jw/robot/ros_ws/install/realsense2_camera/lib:/home/jw/robot/ros_ws/install/realsense2_camera_msgs/lib:/home/jw/robot/ros_ws/install/costmap_converter/lib:/opt/ros/galactic/opt/yaml_cpp_vendor/lib:/opt/ros/galactic/opt/rviz_ogre_vendor/lib:/opt/ros/galactic/lib/x86_64-linux-gnu:/opt/ros/galactic/lib PYTHONPATH=/home/jw/robot/ros_ws/install/costmap_converter_msgs/lib/python3.8/site-packages:/home/jw/robot/ros_ws/install/teb_msgs/lib/python3.8/site-packages:/home/jw/robot/ros_ws/install/realsense2_camera_msgs/lib/python3.8/site-packages:/home/jw/robot/ros_ws/install/exa_robot/lib/python3.8/site-packages:/opt/ros/galactic/lib/python3.8/site-packages /usr/bin/cmake --install /home/jw/robot/ros_ws/build/teb_msgs
