[0.188s] Invoking command in '/home/jw/robot/ros_ws/build/realsense2_camera_msgs': CMAKE_PREFIX_PATH=${CMAKE_PREFIX_PATH}:/home/jw/robot/ros_ws/install/exa_robot:/opt/ros/galactic /usr/bin/cmake --build /home/jw/robot/ros_ws/build/realsense2_camera_msgs -- -j12 -l12
[0.625s] [  1%] Built target realsense2_camera_msgs__cpp
[0.625s] [ 12%] Built target realsense2_camera_msgs__rosidl_generator_c
[0.626s] [ 23%] Built target realsense2_camera_msgs__rosidl_typesupport_introspection_cpp
[0.627s] [ 34%] Built target realsense2_camera_msgs__rosidl_typesupport_cpp
[0.628s] [ 45%] Built target realsense2_camera_msgs__rosidl_typesupport_introspection_c
[0.628s] [ 56%] Built target realsense2_camera_msgs__rosidl_typesupport_fastrtps_cpp
[0.630s] [ 67%] Built target realsense2_camera_msgs__rosidl_typesupport_c
[0.631s] [ 78%] Built target realsense2_camera_msgs__rosidl_typesupport_fastrtps_c
[0.632s] [ 78%] Built target realsense2_camera_msgs
[0.634s] [ 80%] Built target realsense2_camera_msgs__py
[0.635s] [ 89%] Built target realsense2_camera_msgs__python
[0.637s] [ 92%] Built target realsense2_camera_msgs__rosidl_typesupport_introspection_c__pyext
[0.638s] [ 96%] Built target realsense2_camera_msgs__rosidl_typesupport_fastrtps_c__pyext
[0.641s] [100%] Built target realsense2_camera_msgs__rosidl_typesupport_c__pyext
[0.649s] Invoked command in '/home/jw/robot/ros_ws/build/realsense2_camera_msgs' returned '0': CMAKE_PREFIX_PATH=${CMAKE_PREFIX_PATH}:/home/jw/robot/ros_ws/install/exa_robot:/opt/ros/galactic /usr/bin/cmake --build /home/jw/robot/ros_ws/build/realsense2_camera_msgs -- -j12 -l12
[0.827s] Invoking command in '/home/jw/robot/ros_ws/build/realsense2_camera_msgs': CMAKE_PREFIX_PATH=${CMAKE_PREFIX_PATH}:/home/jw/robot/ros_ws/install/exa_robot:/opt/ros/galactic /usr/bin/cmake --install /home/jw/robot/ros_ws/build/realsense2_camera_msgs
[0.829s] -- Install configuration: ""
[0.830s] -- Up-to-date: /home/jw/robot/ros_ws/install/realsense2_camera_msgs/share/ament_index/resource_index/rosidl_interfaces/realsense2_camera_msgs
[0.833s] -- Up-to-date: /home/jw/robot/ros_ws/install/realsense2_camera_msgs/include/realsense2_camera_msgs
[0.835s] -- Up-to-date: /home/jw/robot/ros_ws/install/realsense2_camera_msgs/include/realsense2_camera_msgs/msg
[0.835s] -- Up-to-date: /home/jw/robot/ros_ws/install/realsense2_camera_msgs/include/realsense2_camera_msgs/msg/rosidl_generator_c__visibility_control.h
[0.837s] -- Up-to-date: /home/jw/robot/ros_ws/install/realsense2_camera_msgs/include/realsense2_camera_msgs/msg/extrinsics.h
[0.837s] -- Up-to-date: /home/jw/robot/ros_ws/install/realsense2_camera_msgs/include/realsense2_camera_msgs/msg/detail
[0.837s] -- Up-to-date: /home/jw/robot/ros_ws/install/realsense2_camera_msgs/include/realsense2_camera_msgs/msg/detail/imu_info__functions.h
[0.838s] -- Up-to-date: /home/jw/robot/ros_ws/install/realsense2_camera_msgs/include/realsense2_camera_msgs/msg/detail/extrinsics__functions.h
[0.838s] -- Up-to-date: /home/jw/robot/ros_ws/install/realsense2_camera_msgs/include/realsense2_camera_msgs/msg/detail/metadata__functions.h
[0.838s] -- Up-to-date: /home/jw/robot/ros_ws/install/realsense2_camera_msgs/include/realsense2_camera_msgs/msg/detail/extrinsics__functions.c
[0.838s] -- Up-to-date: /home/jw/robot/ros_ws/install/realsense2_camera_msgs/include/realsense2_camera_msgs/msg/detail/extrinsics__type_support.h
[0.839s] -- Up-to-date: /home/jw/robot/ros_ws/install/realsense2_camera_msgs/include/realsense2_camera_msgs/msg/detail/imu_info__type_support.h
[0.840s] -- Up-to-date: /home/jw/robot/ros_ws/install/realsense2_camera_msgs/include/realsense2_camera_msgs/msg/detail/extrinsics__struct.h
[0.841s] -- Up-to-date: /home/jw/robot/ros_ws/install/realsense2_camera_msgs/include/realsense2_camera_msgs/msg/detail/metadata__struct.h
[0.842s] -- Up-to-date: /home/jw/robot/ros_ws/install/realsense2_camera_msgs/include/realsense2_camera_msgs/msg/detail/metadata__type_support.h
[0.842s] -- Up-to-date: /home/jw/robot/ros_ws/install/realsense2_camera_msgs/include/realsense2_camera_msgs/msg/detail/imu_info__struct.h
[0.842s] -- Up-to-date: /home/jw/robot/ros_ws/install/realsense2_camera_msgs/include/realsense2_camera_msgs/msg/detail/metadata__functions.c
[0.842s] -- Up-to-date: /home/jw/robot/ros_ws/install/realsense2_camera_msgs/include/realsense2_camera_msgs/msg/detail/imu_info__functions.c
[0.843s] -- Up-to-date: /home/jw/robot/ros_ws/install/realsense2_camera_msgs/include/realsense2_camera_msgs/msg/metadata.h
[0.843s] -- Up-to-date: /home/jw/robot/ros_ws/install/realsense2_camera_msgs/include/realsense2_camera_msgs/msg/imu_info.h
[0.843s] -- Up-to-date: /home/jw/robot/ros_ws/install/realsense2_camera_msgs/include/realsense2_camera_msgs/srv
[0.843s] -- Up-to-date: /home/jw/robot/ros_ws/install/realsense2_camera_msgs/include/realsense2_camera_msgs/srv/detail
[0.843s] -- Up-to-date: /home/jw/robot/ros_ws/install/realsense2_camera_msgs/include/realsense2_camera_msgs/srv/detail/device_info__functions.h
[0.843s] -- Up-to-date: /home/jw/robot/ros_ws/install/realsense2_camera_msgs/include/realsense2_camera_msgs/srv/detail/device_info__type_support.h
[0.844s] -- Up-to-date: /home/jw/robot/ros_ws/install/realsense2_camera_msgs/include/realsense2_camera_msgs/srv/detail/device_info__functions.c
[0.844s] -- Up-to-date: /home/jw/robot/ros_ws/install/realsense2_camera_msgs/include/realsense2_camera_msgs/srv/detail/device_info__struct.h
[0.844s] -- Up-to-date: /home/jw/robot/ros_ws/install/realsense2_camera_msgs/include/realsense2_camera_msgs/srv/device_info.h
[0.844s] -- Up-to-date: /home/jw/robot/ros_ws/install/realsense2_camera_msgs/share/realsense2_camera_msgs/environment/library_path.sh
[0.845s] -- Up-to-date: /home/jw/robot/ros_ws/install/realsense2_camera_msgs/share/realsense2_camera_msgs/environment/library_path.dsv
[0.845s] -- Up-to-date: /home/jw/robot/ros_ws/install/realsense2_camera_msgs/lib/librealsense2_camera_msgs__rosidl_generator_c.so
[0.848s] -- Up-to-date: /home/jw/robot/ros_ws/install/realsense2_camera_msgs/include/realsense2_camera_msgs
[0.849s] -- Up-to-date: /home/jw/robot/ros_ws/install/realsense2_camera_msgs/include/realsense2_camera_msgs/msg
[0.850s] -- Up-to-date: /home/jw/robot/ros_ws/install/realsense2_camera_msgs/include/realsense2_camera_msgs/msg/detail
[0.851s] -- Up-to-date: /home/jw/robot/ros_ws/install/realsense2_camera_msgs/include/realsense2_camera_msgs/msg/detail/metadata__rosidl_typesupport_fastrtps_c.h
[0.851s] -- Up-to-date: /home/jw/robot/ros_ws/install/realsense2_camera_msgs/include/realsense2_camera_msgs/msg/detail/extrinsics__rosidl_typesupport_fastrtps_c.h
[0.855s] -- Up-to-date: /home/jw/robot/ros_ws/install/realsense2_camera_msgs/include/realsense2_camera_msgs/msg/detail/imu_info__rosidl_typesupport_fastrtps_c.h
[0.856s] -- Up-to-date: /home/jw/robot/ros_ws/install/realsense2_camera_msgs/include/realsense2_camera_msgs/msg/rosidl_typesupport_fastrtps_c__visibility_control.h
[0.857s] -- Up-to-date: /home/jw/robot/ros_ws/install/realsense2_camera_msgs/include/realsense2_camera_msgs/srv
[0.859s] -- Up-to-date: /home/jw/robot/ros_ws/install/realsense2_camera_msgs/include/realsense2_camera_msgs/srv/detail
[0.862s] -- Up-to-date: /home/jw/robot/ros_ws/install/realsense2_camera_msgs/include/realsense2_camera_msgs/srv/detail/device_info__rosidl_typesupport_fastrtps_c.h
[0.863s] -- Up-to-date: /home/jw/robot/ros_ws/install/realsense2_camera_msgs/lib/librealsense2_camera_msgs__rosidl_typesupport_fastrtps_c.so
[0.864s] -- Up-to-date: /home/jw/robot/ros_ws/install/realsense2_camera_msgs/include/realsense2_camera_msgs
[0.865s] -- Up-to-date: /home/jw/robot/ros_ws/install/realsense2_camera_msgs/include/realsense2_camera_msgs/msg
[0.867s] -- Up-to-date: /home/jw/robot/ros_ws/install/realsense2_camera_msgs/include/realsense2_camera_msgs/msg/detail
[0.871s] -- Up-to-date: /home/jw/robot/ros_ws/install/realsense2_camera_msgs/include/realsense2_camera_msgs/msg/detail/dds_fastrtps
[0.872s] -- Up-to-date: /home/jw/robot/ros_ws/install/realsense2_camera_msgs/include/realsense2_camera_msgs/msg/detail/extrinsics__rosidl_typesupport_fastrtps_cpp.hpp
[0.873s] -- Up-to-date: /home/jw/robot/ros_ws/install/realsense2_camera_msgs/include/realsense2_camera_msgs/msg/detail/imu_info__rosidl_typesupport_fastrtps_cpp.hpp
[0.873s] -- Up-to-date: /home/jw/robot/ros_ws/install/realsense2_camera_msgs/include/realsense2_camera_msgs/msg/detail/metadata__rosidl_typesupport_fastrtps_cpp.hpp
[0.874s] -- Up-to-date: /home/jw/robot/ros_ws/install/realsense2_camera_msgs/include/realsense2_camera_msgs/msg/rosidl_typesupport_fastrtps_cpp__visibility_control.h
[0.875s] -- Up-to-date: /home/jw/robot/ros_ws/install/realsense2_camera_msgs/include/realsense2_camera_msgs/srv
[0.876s] -- Up-to-date: /home/jw/robot/ros_ws/install/realsense2_camera_msgs/include/realsense2_camera_msgs/srv/detail
[0.876s] -- Up-to-date: /home/jw/robot/ros_ws/install/realsense2_camera_msgs/include/realsense2_camera_msgs/srv/detail/dds_fastrtps
[0.877s] -- Up-to-date: /home/jw/robot/ros_ws/install/realsense2_camera_msgs/include/realsense2_camera_msgs/srv/detail/device_info__rosidl_typesupport_fastrtps_cpp.hpp
[0.878s] -- Up-to-date: /home/jw/robot/ros_ws/install/realsense2_camera_msgs/lib/librealsense2_camera_msgs__rosidl_typesupport_fastrtps_cpp.so
[0.880s] -- Up-to-date: /home/jw/robot/ros_ws/install/realsense2_camera_msgs/include/realsense2_camera_msgs
[0.881s] -- Up-to-date: /home/jw/robot/ros_ws/install/realsense2_camera_msgs/include/realsense2_camera_msgs/msg
[0.881s] -- Up-to-date: /home/jw/robot/ros_ws/install/realsense2_camera_msgs/include/realsense2_camera_msgs/msg/detail
[0.882s] -- Up-to-date: /home/jw/robot/ros_ws/install/realsense2_camera_msgs/include/realsense2_camera_msgs/msg/detail/metadata__type_support.c
[0.882s] -- Up-to-date: /home/jw/robot/ros_ws/install/realsense2_camera_msgs/include/realsense2_camera_msgs/msg/detail/imu_info__type_support.c
[0.883s] -- Up-to-date: /home/jw/robot/ros_ws/install/realsense2_camera_msgs/include/realsense2_camera_msgs/msg/detail/imu_info__rosidl_typesupport_introspection_c.h
[0.884s] -- Up-to-date: /home/jw/robot/ros_ws/install/realsense2_camera_msgs/include/realsense2_camera_msgs/msg/detail/metadata__rosidl_typesupport_introspection_c.h
[0.884s] -- Up-to-date: /home/jw/robot/ros_ws/install/realsense2_camera_msgs/include/realsense2_camera_msgs/msg/detail/extrinsics__rosidl_typesupport_introspection_c.h
[0.888s] -- Up-to-date: /home/jw/robot/ros_ws/install/realsense2_camera_msgs/include/realsense2_camera_msgs/msg/detail/extrinsics__type_support.c
[0.889s] -- Up-to-date: /home/jw/robot/ros_ws/install/realsense2_camera_msgs/include/realsense2_camera_msgs/msg/rosidl_typesupport_introspection_c__visibility_control.h
[0.889s] -- Up-to-date: /home/jw/robot/ros_ws/install/realsense2_camera_msgs/include/realsense2_camera_msgs/srv
[0.889s] -- Up-to-date: /home/jw/robot/ros_ws/install/realsense2_camera_msgs/include/realsense2_camera_msgs/srv/detail
[0.890s] -- Up-to-date: /home/jw/robot/ros_ws/install/realsense2_camera_msgs/include/realsense2_camera_msgs/srv/detail/device_info__rosidl_typesupport_introspection_c.h
[0.891s] -- Up-to-date: /home/jw/robot/ros_ws/install/realsense2_camera_msgs/include/realsense2_camera_msgs/srv/detail/device_info__type_support.c
[0.891s] -- Up-to-date: /home/jw/robot/ros_ws/install/realsense2_camera_msgs/lib/librealsense2_camera_msgs__rosidl_typesupport_introspection_c.so
[0.891s] -- Up-to-date: /home/jw/robot/ros_ws/install/realsense2_camera_msgs/lib/librealsense2_camera_msgs__rosidl_typesupport_c.so
[0.891s] -- Up-to-date: /home/jw/robot/ros_ws/install/realsense2_camera_msgs/include/realsense2_camera_msgs
[0.891s] -- Up-to-date: /home/jw/robot/ros_ws/install/realsense2_camera_msgs/include/realsense2_camera_msgs/msg
[0.892s] -- Up-to-date: /home/jw/robot/ros_ws/install/realsense2_camera_msgs/include/realsense2_camera_msgs/msg/imu_info.hpp
[0.892s] -- Up-to-date: /home/jw/robot/ros_ws/install/realsense2_camera_msgs/include/realsense2_camera_msgs/msg/detail
[0.892s] -- Up-to-date: /home/jw/robot/ros_ws/install/realsense2_camera_msgs/include/realsense2_camera_msgs/msg/detail/metadata__traits.hpp
[0.892s] -- Up-to-date: /home/jw/robot/ros_ws/install/realsense2_camera_msgs/include/realsense2_camera_msgs/msg/detail/extrinsics__builder.hpp
[0.893s] -- Up-to-date: /home/jw/robot/ros_ws/install/realsense2_camera_msgs/include/realsense2_camera_msgs/msg/detail/imu_info__builder.hpp
[0.893s] -- Up-to-date: /home/jw/robot/ros_ws/install/realsense2_camera_msgs/include/realsense2_camera_msgs/msg/detail/extrinsics__traits.hpp
[0.893s] -- Up-to-date: /home/jw/robot/ros_ws/install/realsense2_camera_msgs/include/realsense2_camera_msgs/msg/detail/extrinsics__struct.hpp
[0.893s] -- Up-to-date: /home/jw/robot/ros_ws/install/realsense2_camera_msgs/include/realsense2_camera_msgs/msg/detail/metadata__builder.hpp
[0.893s] -- Up-to-date: /home/jw/robot/ros_ws/install/realsense2_camera_msgs/include/realsense2_camera_msgs/msg/detail/metadata__struct.hpp
[0.893s] -- Up-to-date: /home/jw/robot/ros_ws/install/realsense2_camera_msgs/include/realsense2_camera_msgs/msg/detail/imu_info__traits.hpp
[0.897s] -- Up-to-date: /home/jw/robot/ros_ws/install/realsense2_camera_msgs/include/realsense2_camera_msgs/msg/detail/imu_info__struct.hpp
[0.897s] -- Up-to-date: /home/jw/robot/ros_ws/install/realsense2_camera_msgs/include/realsense2_camera_msgs/msg/extrinsics.hpp
[0.898s] -- Up-to-date: /home/jw/robot/ros_ws/install/realsense2_camera_msgs/include/realsense2_camera_msgs/msg/metadata.hpp
[0.898s] -- Up-to-date: /home/jw/robot/ros_ws/install/realsense2_camera_msgs/include/realsense2_camera_msgs/srv
[0.898s] -- Up-to-date: /home/jw/robot/ros_ws/install/realsense2_camera_msgs/include/realsense2_camera_msgs/srv/device_info.hpp
[0.899s] -- Up-to-date: /home/jw/robot/ros_ws/install/realsense2_camera_msgs/include/realsense2_camera_msgs/srv/detail
[0.899s] -- Up-to-date: /home/jw/robot/ros_ws/install/realsense2_camera_msgs/include/realsense2_camera_msgs/srv/detail/device_info__struct.hpp
[0.899s] -- Up-to-date: /home/jw/robot/ros_ws/install/realsense2_camera_msgs/include/realsense2_camera_msgs/srv/detail/device_info__traits.hpp
[0.900s] -- Up-to-date: /home/jw/robot/ros_ws/install/realsense2_camera_msgs/include/realsense2_camera_msgs/srv/detail/device_info__builder.hpp
[0.900s] -- Up-to-date: /home/jw/robot/ros_ws/install/realsense2_camera_msgs/include/realsense2_camera_msgs
[0.901s] -- Up-to-date: /home/jw/robot/ros_ws/install/realsense2_camera_msgs/include/realsense2_camera_msgs/msg
[0.902s] -- Up-to-date: /home/jw/robot/ros_ws/install/realsense2_camera_msgs/include/realsense2_camera_msgs/msg/detail
[0.906s] -- Up-to-date: /home/jw/robot/ros_ws/install/realsense2_camera_msgs/include/realsense2_camera_msgs/msg/detail/extrinsics__type_support.cpp
[0.907s] -- Up-to-date: /home/jw/robot/ros_ws/install/realsense2_camera_msgs/include/realsense2_camera_msgs/msg/detail/imu_info__rosidl_typesupport_introspection_cpp.hpp
[0.908s] -- Up-to-date: /home/jw/robot/ros_ws/install/realsense2_camera_msgs/include/realsense2_camera_msgs/msg/detail/metadata__rosidl_typesupport_introspection_cpp.hpp
[0.910s] -- Up-to-date: /home/jw/robot/ros_ws/install/realsense2_camera_msgs/include/realsense2_camera_msgs/msg/detail/imu_info__type_support.cpp
[0.910s] -- Up-to-date: /home/jw/robot/ros_ws/install/realsense2_camera_msgs/include/realsense2_camera_msgs/msg/detail/extrinsics__rosidl_typesupport_introspection_cpp.hpp
[0.911s] -- Up-to-date: /home/jw/robot/ros_ws/install/realsense2_camera_msgs/include/realsense2_camera_msgs/msg/detail/metadata__type_support.cpp
[0.911s] -- Up-to-date: /home/jw/robot/ros_ws/install/realsense2_camera_msgs/include/realsense2_camera_msgs/srv
[0.912s] -- Up-to-date: /home/jw/robot/ros_ws/install/realsense2_camera_msgs/include/realsense2_camera_msgs/srv/detail
[0.912s] -- Up-to-date: /home/jw/robot/ros_ws/install/realsense2_camera_msgs/include/realsense2_camera_msgs/srv/detail/device_info__rosidl_typesupport_introspection_cpp.hpp
[0.914s] -- Up-to-date: /home/jw/robot/ros_ws/install/realsense2_camera_msgs/include/realsense2_camera_msgs/srv/detail/device_info__type_support.cpp
[0.914s] -- Up-to-date: /home/jw/robot/ros_ws/install/realsense2_camera_msgs/lib/librealsense2_camera_msgs__rosidl_typesupport_introspection_cpp.so
[0.915s] -- Up-to-date: /home/jw/robot/ros_ws/install/realsense2_camera_msgs/lib/librealsense2_camera_msgs__rosidl_typesupport_cpp.so
[0.916s] -- Up-to-date: /home/jw/robot/ros_ws/install/realsense2_camera_msgs/share/realsense2_camera_msgs/environment/pythonpath.sh
[0.916s] -- Up-to-date: /home/jw/robot/ros_ws/install/realsense2_camera_msgs/share/realsense2_camera_msgs/environment/pythonpath.dsv
[0.917s] -- Up-to-date: /home/jw/robot/ros_ws/install/realsense2_camera_msgs/lib/python3.8/site-packages/realsense2_camera_msgs/__init__.py
[1.009s] -- Up-to-date: /home/jw/robot/ros_ws/install/realsense2_camera_msgs/lib/python3.8/site-packages/realsense2_camera_msgs/msg
[1.010s] -- Up-to-date: /home/jw/robot/ros_ws/install/realsense2_camera_msgs/lib/python3.8/site-packages/realsense2_camera_msgs/msg/_imu_info.py
[1.010s] -- Up-to-date: /home/jw/robot/ros_ws/install/realsense2_camera_msgs/lib/python3.8/site-packages/realsense2_camera_msgs/msg/_extrinsics.py
[1.010s] -- Up-to-date: /home/jw/robot/ros_ws/install/realsense2_camera_msgs/lib/python3.8/site-packages/realsense2_camera_msgs/msg/_extrinsics_s.c
[1.011s] -- Up-to-date: /home/jw/robot/ros_ws/install/realsense2_camera_msgs/lib/python3.8/site-packages/realsense2_camera_msgs/msg/__init__.py
[1.011s] -- Up-to-date: /home/jw/robot/ros_ws/install/realsense2_camera_msgs/lib/python3.8/site-packages/realsense2_camera_msgs/msg/_metadata_s.c
[1.011s] -- Up-to-date: /home/jw/robot/ros_ws/install/realsense2_camera_msgs/lib/python3.8/site-packages/realsense2_camera_msgs/msg/_imu_info_s.c
[1.012s] -- Up-to-date: /home/jw/robot/ros_ws/install/realsense2_camera_msgs/lib/python3.8/site-packages/realsense2_camera_msgs/msg/_metadata.py
[1.018s] -- Up-to-date: /home/jw/robot/ros_ws/install/realsense2_camera_msgs/lib/python3.8/site-packages/realsense2_camera_msgs/srv
[1.019s] -- Up-to-date: /home/jw/robot/ros_ws/install/realsense2_camera_msgs/lib/python3.8/site-packages/realsense2_camera_msgs/srv/_device_info.py
[1.019s] -- Up-to-date: /home/jw/robot/ros_ws/install/realsense2_camera_msgs/lib/python3.8/site-packages/realsense2_camera_msgs/srv/__init__.py
[1.019s] -- Up-to-date: /home/jw/robot/ros_ws/install/realsense2_camera_msgs/lib/python3.8/site-packages/realsense2_camera_msgs/srv/_device_info_s.c
[1.020s] -- Up-to-date: /home/jw/robot/ros_ws/install/realsense2_camera_msgs/lib/python3.8/site-packages/realsense2_camera_msgs/realsense2_camera_msgs_s__rosidl_typesupport_fastrtps_c.cpython-38-x86_64-linux-gnu.so
[1.020s] -- Up-to-date: /home/jw/robot/ros_ws/install/realsense2_camera_msgs/lib/python3.8/site-packages/realsense2_camera_msgs/realsense2_camera_msgs_s__rosidl_typesupport_introspection_c.cpython-38-x86_64-linux-gnu.so
[1.021s] -- Up-to-date: /home/jw/robot/ros_ws/install/realsense2_camera_msgs/lib/python3.8/site-packages/realsense2_camera_msgs/realsense2_camera_msgs_s__rosidl_typesupport_c.cpython-38-x86_64-linux-gnu.so
[1.022s] -- Up-to-date: /home/jw/robot/ros_ws/install/realsense2_camera_msgs/lib/librealsense2_camera_msgs__python.so
[1.022s] -- Up-to-date: /home/jw/robot/ros_ws/install/realsense2_camera_msgs/share/realsense2_camera_msgs/msg/IMUInfo.idl
[1.022s] -- Up-to-date: /home/jw/robot/ros_ws/install/realsense2_camera_msgs/share/realsense2_camera_msgs/msg/Extrinsics.idl
[1.023s] -- Up-to-date: /home/jw/robot/ros_ws/install/realsense2_camera_msgs/share/realsense2_camera_msgs/msg/Metadata.idl
[1.023s] -- Up-to-date: /home/jw/robot/ros_ws/install/realsense2_camera_msgs/share/realsense2_camera_msgs/srv/DeviceInfo.idl
[1.023s] -- Up-to-date: /home/jw/robot/ros_ws/install/realsense2_camera_msgs/share/realsense2_camera_msgs/msg/IMUInfo.msg
[1.024s] -- Up-to-date: /home/jw/robot/ros_ws/install/realsense2_camera_msgs/share/realsense2_camera_msgs/msg/Extrinsics.msg
[1.024s] -- Up-to-date: /home/jw/robot/ros_ws/install/realsense2_camera_msgs/share/realsense2_camera_msgs/msg/Metadata.msg
[1.024s] -- Up-to-date: /home/jw/robot/ros_ws/install/realsense2_camera_msgs/share/realsense2_camera_msgs/srv/DeviceInfo.srv
[1.024s] -- Up-to-date: /home/jw/robot/ros_ws/install/realsense2_camera_msgs/share/realsense2_camera_msgs/srv/DeviceInfo_Request.msg
[1.026s] -- Up-to-date: /home/jw/robot/ros_ws/install/realsense2_camera_msgs/share/realsense2_camera_msgs/srv/DeviceInfo_Response.msg
[1.027s] -- Up-to-date: /home/jw/robot/ros_ws/install/realsense2_camera_msgs/share/ament_index/resource_index/package_run_dependencies/realsense2_camera_msgs
[1.027s] -- Up-to-date: /home/jw/robot/ros_ws/install/realsense2_camera_msgs/share/ament_index/resource_index/parent_prefix_path/realsense2_camera_msgs
[1.027s] -- Up-to-date: /home/jw/robot/ros_ws/install/realsense2_camera_msgs/share/realsense2_camera_msgs/environment/ament_prefix_path.sh
[1.033s] -- Up-to-date: /home/jw/robot/ros_ws/install/realsense2_camera_msgs/share/realsense2_camera_msgs/environment/ament_prefix_path.dsv
[1.036s] -- Up-to-date: /home/jw/robot/ros_ws/install/realsense2_camera_msgs/share/realsense2_camera_msgs/environment/path.sh
[1.036s] -- Up-to-date: /home/jw/robot/ros_ws/install/realsense2_camera_msgs/share/realsense2_camera_msgs/environment/path.dsv
[1.037s] -- Up-to-date: /home/jw/robot/ros_ws/install/realsense2_camera_msgs/share/realsense2_camera_msgs/local_setup.bash
[1.037s] -- Up-to-date: /home/jw/robot/ros_ws/install/realsense2_camera_msgs/share/realsense2_camera_msgs/local_setup.sh
[1.037s] -- Up-to-date: /home/jw/robot/ros_ws/install/realsense2_camera_msgs/share/realsense2_camera_msgs/local_setup.zsh
[1.037s] -- Up-to-date: /home/jw/robot/ros_ws/install/realsense2_camera_msgs/share/realsense2_camera_msgs/local_setup.dsv
[1.038s] -- Installing: /home/jw/robot/ros_ws/install/realsense2_camera_msgs/share/realsense2_camera_msgs/package.dsv
[1.038s] -- Up-to-date: /home/jw/robot/ros_ws/install/realsense2_camera_msgs/share/ament_index/resource_index/packages/realsense2_camera_msgs
[1.038s] -- Up-to-date: /home/jw/robot/ros_ws/install/realsense2_camera_msgs/share/realsense2_camera_msgs/cmake/realsense2_camera_msgs__rosidl_generator_cExport.cmake
[1.038s] -- Up-to-date: /home/jw/robot/ros_ws/install/realsense2_camera_msgs/share/realsense2_camera_msgs/cmake/realsense2_camera_msgs__rosidl_generator_cExport-noconfig.cmake
[1.039s] -- Up-to-date: /home/jw/robot/ros_ws/install/realsense2_camera_msgs/share/realsense2_camera_msgs/cmake/realsense2_camera_msgs__rosidl_typesupport_introspection_cExport.cmake
[1.039s] -- Up-to-date: /home/jw/robot/ros_ws/install/realsense2_camera_msgs/share/realsense2_camera_msgs/cmake/realsense2_camera_msgs__rosidl_typesupport_introspection_cExport-noconfig.cmake
[1.039s] -- Up-to-date: /home/jw/robot/ros_ws/install/realsense2_camera_msgs/share/realsense2_camera_msgs/cmake/realsense2_camera_msgs__rosidl_typesupport_cExport.cmake
[1.040s] -- Up-to-date: /home/jw/robot/ros_ws/install/realsense2_camera_msgs/share/realsense2_camera_msgs/cmake/realsense2_camera_msgs__rosidl_typesupport_cExport-noconfig.cmake
[1.040s] -- Up-to-date: /home/jw/robot/ros_ws/install/realsense2_camera_msgs/share/realsense2_camera_msgs/cmake/realsense2_camera_msgs__rosidl_generator_cppExport.cmake
[1.040s] -- Up-to-date: /home/jw/robot/ros_ws/install/realsense2_camera_msgs/share/realsense2_camera_msgs/cmake/realsense2_camera_msgs__rosidl_typesupport_introspection_cppExport.cmake
[1.040s] -- Up-to-date: /home/jw/robot/ros_ws/install/realsense2_camera_msgs/share/realsense2_camera_msgs/cmake/realsense2_camera_msgs__rosidl_typesupport_introspection_cppExport-noconfig.cmake
[1.041s] -- Up-to-date: /home/jw/robot/ros_ws/install/realsense2_camera_msgs/share/realsense2_camera_msgs/cmake/realsense2_camera_msgs__rosidl_typesupport_cppExport.cmake
[1.041s] -- Up-to-date: /home/jw/robot/ros_ws/install/realsense2_camera_msgs/share/realsense2_camera_msgs/cmake/realsense2_camera_msgs__rosidl_typesupport_cppExport-noconfig.cmake
[1.041s] -- Up-to-date: /home/jw/robot/ros_ws/install/realsense2_camera_msgs/share/realsense2_camera_msgs/cmake/rosidl_cmake-extras.cmake
[1.041s] -- Up-to-date: /home/jw/robot/ros_ws/install/realsense2_camera_msgs/share/realsense2_camera_msgs/cmake/ament_cmake_export_dependencies-extras.cmake
[1.042s] -- Up-to-date: /home/jw/robot/ros_ws/install/realsense2_camera_msgs/share/realsense2_camera_msgs/cmake/ament_cmake_export_libraries-extras.cmake
[1.042s] -- Up-to-date: /home/jw/robot/ros_ws/install/realsense2_camera_msgs/share/realsense2_camera_msgs/cmake/ament_cmake_export_targets-extras.cmake
[1.047s] -- Up-to-date: /home/jw/robot/ros_ws/install/realsense2_camera_msgs/share/realsense2_camera_msgs/cmake/ament_cmake_export_include_directories-extras.cmake
[1.048s] -- Up-to-date: /home/jw/robot/ros_ws/install/realsense2_camera_msgs/share/realsense2_camera_msgs/cmake/rosidl_cmake_export_typesupport_libraries-extras.cmake
[1.048s] -- Up-to-date: /home/jw/robot/ros_ws/install/realsense2_camera_msgs/share/realsense2_camera_msgs/cmake/rosidl_cmake_export_typesupport_targets-extras.cmake
[1.049s] -- Up-to-date: /home/jw/robot/ros_ws/install/realsense2_camera_msgs/share/realsense2_camera_msgs/cmake/realsense2_camera_msgsConfig.cmake
[1.049s] -- Up-to-date: /home/jw/robot/ros_ws/install/realsense2_camera_msgs/share/realsense2_camera_msgs/cmake/realsense2_camera_msgsConfig-version.cmake
[1.049s] -- Up-to-date: /home/jw/robot/ros_ws/install/realsense2_camera_msgs/share/realsense2_camera_msgs/package.xml
[1.085s] Invoked command in '/home/jw/robot/ros_ws/build/realsense2_camera_msgs' returned '0': CMAKE_PREFIX_PATH=${CMAKE_PREFIX_PATH}:/home/jw/robot/ros_ws/install/exa_robot:/opt/ros/galactic /usr/bin/cmake --install /home/jw/robot/ros_ws/build/realsense2_camera_msgs
