[0.126s] Invoking command in '/home/jw/robot/ros_ws/build/costmap_converter_msgs': CMAKE_PREFIX_PATH=${CMAKE_PREFIX_PATH}:/home/jw/robot/ros_ws/install/exa_robot:/opt/ros/galactic /usr/bin/cmake --build /home/jw/robot/ros_ws/build/costmap_converter_msgs -- -j12 -l12
[0.464s] [  2%] Built target costmap_converter_msgs__cpp
[0.465s] [ 12%] Built target costmap_converter_msgs__rosidl_generator_c
[0.465s] [ 23%] Built target costmap_converter_msgs__rosidl_typesupport_introspection_cpp
[0.467s] [ 33%] Built target costmap_converter_msgs__rosidl_typesupport_cpp
[0.467s] [ 43%] Built target costmap_converter_msgs__rosidl_typesupport_fastrtps_cpp
[0.468s] [ 53%] Built target costmap_converter_msgs__rosidl_typesupport_c
[0.470s] [ 64%] Built target costmap_converter_msgs__rosidl_typesupport_introspection_c
[0.470s] [ 74%] Built target costmap_converter_msgs__rosidl_typesupport_fastrtps_c
[0.471s] [ 74%] Built target costmap_converter_msgs
[0.472s] [ 76%] Built target costmap_converter_msgs__py
[0.474s] [ 84%] Built target costmap_converter_msgs__python
[0.476s] [ 89%] Built target costmap_converter_msgs__rosidl_typesupport_introspection_c__pyext
[0.477s] [ 94%] Built target costmap_converter_msgs__rosidl_typesupport_c__pyext
[0.478s] [100%] Built target costmap_converter_msgs__rosidl_typesupport_fastrtps_c__pyext
[0.484s] Invoked command in '/home/jw/robot/ros_ws/build/costmap_converter_msgs' returned '0': CMAKE_PREFIX_PATH=${CMAKE_PREFIX_PATH}:/home/jw/robot/ros_ws/install/exa_robot:/opt/ros/galactic /usr/bin/cmake --build /home/jw/robot/ros_ws/build/costmap_converter_msgs -- -j12 -l12
[0.613s] Invoking command in '/home/jw/robot/ros_ws/build/costmap_converter_msgs': CMAKE_PREFIX_PATH=${CMAKE_PREFIX_PATH}:/home/jw/robot/ros_ws/install/exa_robot:/opt/ros/galactic /usr/bin/cmake --install /home/jw/robot/ros_ws/build/costmap_converter_msgs
[0.629s] -- Install configuration: ""
[0.632s] -- Up-to-date: /home/jw/robot/ros_ws/install/costmap_converter_msgs/share/ament_index/resource_index/rosidl_interfaces/costmap_converter_msgs
[0.633s] -- Up-to-date: /home/jw/robot/ros_ws/install/costmap_converter_msgs/include/costmap_converter_msgs
[0.635s] -- Up-to-date: /home/jw/robot/ros_ws/install/costmap_converter_msgs/include/costmap_converter_msgs/msg
[0.638s] -- Up-to-date: /home/jw/robot/ros_ws/install/costmap_converter_msgs/include/costmap_converter_msgs/msg/obstacle_msg.h
[0.639s] -- Up-to-date: /home/jw/robot/ros_ws/install/costmap_converter_msgs/include/costmap_converter_msgs/msg/rosidl_generator_c__visibility_control.h
[0.640s] -- Up-to-date: /home/jw/robot/ros_ws/install/costmap_converter_msgs/include/costmap_converter_msgs/msg/detail
[0.641s] -- Up-to-date: /home/jw/robot/ros_ws/install/costmap_converter_msgs/include/costmap_converter_msgs/msg/detail/obstacle_array_msg__type_support.h
[0.641s] -- Up-to-date: /home/jw/robot/ros_ws/install/costmap_converter_msgs/include/costmap_converter_msgs/msg/detail/obstacle_array_msg__functions.h
[0.641s] -- Up-to-date: /home/jw/robot/ros_ws/install/costmap_converter_msgs/include/costmap_converter_msgs/msg/detail/obstacle_msg__functions.c
[0.641s] -- Up-to-date: /home/jw/robot/ros_ws/install/costmap_converter_msgs/include/costmap_converter_msgs/msg/detail/obstacle_msg__struct.h
[0.641s] -- Up-to-date: /home/jw/robot/ros_ws/install/costmap_converter_msgs/include/costmap_converter_msgs/msg/detail/obstacle_msg__type_support.h
[0.641s] -- Up-to-date: /home/jw/robot/ros_ws/install/costmap_converter_msgs/include/costmap_converter_msgs/msg/detail/obstacle_array_msg__struct.h
[0.642s] -- Up-to-date: /home/jw/robot/ros_ws/install/costmap_converter_msgs/include/costmap_converter_msgs/msg/detail/obstacle_array_msg__functions.c
[0.642s] -- Up-to-date: /home/jw/robot/ros_ws/install/costmap_converter_msgs/include/costmap_converter_msgs/msg/detail/obstacle_msg__functions.h
[0.642s] -- Up-to-date: /home/jw/robot/ros_ws/install/costmap_converter_msgs/include/costmap_converter_msgs/msg/obstacle_array_msg.h
[0.642s] -- Up-to-date: /home/jw/robot/ros_ws/install/costmap_converter_msgs/share/costmap_converter_msgs/environment/library_path.sh
[0.642s] -- Up-to-date: /home/jw/robot/ros_ws/install/costmap_converter_msgs/share/costmap_converter_msgs/environment/library_path.dsv
[0.644s] -- Up-to-date: /home/jw/robot/ros_ws/install/costmap_converter_msgs/lib/libcostmap_converter_msgs__rosidl_generator_c.so
[0.644s] -- Up-to-date: /home/jw/robot/ros_ws/install/costmap_converter_msgs/include/costmap_converter_msgs
[0.644s] -- Up-to-date: /home/jw/robot/ros_ws/install/costmap_converter_msgs/include/costmap_converter_msgs/msg
[0.644s] -- Up-to-date: /home/jw/robot/ros_ws/install/costmap_converter_msgs/include/costmap_converter_msgs/msg/detail
[0.644s] -- Up-to-date: /home/jw/robot/ros_ws/install/costmap_converter_msgs/include/costmap_converter_msgs/msg/detail/obstacle_array_msg__rosidl_typesupport_fastrtps_c.h
[0.645s] -- Up-to-date: /home/jw/robot/ros_ws/install/costmap_converter_msgs/include/costmap_converter_msgs/msg/detail/obstacle_msg__rosidl_typesupport_fastrtps_c.h
[0.645s] -- Up-to-date: /home/jw/robot/ros_ws/install/costmap_converter_msgs/include/costmap_converter_msgs/msg/rosidl_typesupport_fastrtps_c__visibility_control.h
[0.645s] -- Up-to-date: /home/jw/robot/ros_ws/install/costmap_converter_msgs/lib/libcostmap_converter_msgs__rosidl_typesupport_fastrtps_c.so
[0.645s] -- Up-to-date: /home/jw/robot/ros_ws/install/costmap_converter_msgs/include/costmap_converter_msgs
[0.645s] -- Up-to-date: /home/jw/robot/ros_ws/install/costmap_converter_msgs/include/costmap_converter_msgs/msg
[0.646s] -- Up-to-date: /home/jw/robot/ros_ws/install/costmap_converter_msgs/include/costmap_converter_msgs/msg/detail
[0.646s] -- Up-to-date: /home/jw/robot/ros_ws/install/costmap_converter_msgs/include/costmap_converter_msgs/msg/detail/dds_fastrtps
[0.646s] -- Up-to-date: /home/jw/robot/ros_ws/install/costmap_converter_msgs/include/costmap_converter_msgs/msg/detail/obstacle_array_msg__rosidl_typesupport_fastrtps_cpp.hpp
[0.646s] -- Up-to-date: /home/jw/robot/ros_ws/install/costmap_converter_msgs/include/costmap_converter_msgs/msg/detail/obstacle_msg__rosidl_typesupport_fastrtps_cpp.hpp
[0.646s] -- Up-to-date: /home/jw/robot/ros_ws/install/costmap_converter_msgs/include/costmap_converter_msgs/msg/rosidl_typesupport_fastrtps_cpp__visibility_control.h
[0.646s] -- Up-to-date: /home/jw/robot/ros_ws/install/costmap_converter_msgs/lib/libcostmap_converter_msgs__rosidl_typesupport_fastrtps_cpp.so
[0.647s] -- Up-to-date: /home/jw/robot/ros_ws/install/costmap_converter_msgs/include/costmap_converter_msgs
[0.647s] -- Up-to-date: /home/jw/robot/ros_ws/install/costmap_converter_msgs/include/costmap_converter_msgs/msg
[0.647s] -- Up-to-date: /home/jw/robot/ros_ws/install/costmap_converter_msgs/include/costmap_converter_msgs/msg/detail
[0.647s] -- Up-to-date: /home/jw/robot/ros_ws/install/costmap_converter_msgs/include/costmap_converter_msgs/msg/detail/obstacle_array_msg__rosidl_typesupport_introspection_c.h
[0.648s] -- Up-to-date: /home/jw/robot/ros_ws/install/costmap_converter_msgs/include/costmap_converter_msgs/msg/detail/obstacle_msg__rosidl_typesupport_introspection_c.h
[0.648s] -- Up-to-date: /home/jw/robot/ros_ws/install/costmap_converter_msgs/include/costmap_converter_msgs/msg/detail/obstacle_msg__type_support.c
[0.648s] -- Up-to-date: /home/jw/robot/ros_ws/install/costmap_converter_msgs/include/costmap_converter_msgs/msg/detail/obstacle_array_msg__type_support.c
[0.648s] -- Up-to-date: /home/jw/robot/ros_ws/install/costmap_converter_msgs/include/costmap_converter_msgs/msg/rosidl_typesupport_introspection_c__visibility_control.h
[0.649s] -- Up-to-date: /home/jw/robot/ros_ws/install/costmap_converter_msgs/lib/libcostmap_converter_msgs__rosidl_typesupport_introspection_c.so
[0.649s] -- Up-to-date: /home/jw/robot/ros_ws/install/costmap_converter_msgs/lib/libcostmap_converter_msgs__rosidl_typesupport_c.so
[0.649s] -- Up-to-date: /home/jw/robot/ros_ws/install/costmap_converter_msgs/include/costmap_converter_msgs
[0.649s] -- Up-to-date: /home/jw/robot/ros_ws/install/costmap_converter_msgs/include/costmap_converter_msgs/msg
[0.650s] -- Up-to-date: /home/jw/robot/ros_ws/install/costmap_converter_msgs/include/costmap_converter_msgs/msg/detail
[0.650s] -- Up-to-date: /home/jw/robot/ros_ws/install/costmap_converter_msgs/include/costmap_converter_msgs/msg/detail/obstacle_msg__builder.hpp
[0.651s] -- Up-to-date: /home/jw/robot/ros_ws/install/costmap_converter_msgs/include/costmap_converter_msgs/msg/detail/obstacle_array_msg__struct.hpp
[0.651s] -- Up-to-date: /home/jw/robot/ros_ws/install/costmap_converter_msgs/include/costmap_converter_msgs/msg/detail/obstacle_array_msg__traits.hpp
[0.651s] -- Up-to-date: /home/jw/robot/ros_ws/install/costmap_converter_msgs/include/costmap_converter_msgs/msg/detail/obstacle_array_msg__builder.hpp
[0.651s] -- Up-to-date: /home/jw/robot/ros_ws/install/costmap_converter_msgs/include/costmap_converter_msgs/msg/detail/obstacle_msg__struct.hpp
[0.652s] -- Up-to-date: /home/jw/robot/ros_ws/install/costmap_converter_msgs/include/costmap_converter_msgs/msg/detail/obstacle_msg__traits.hpp
[0.652s] -- Up-to-date: /home/jw/robot/ros_ws/install/costmap_converter_msgs/include/costmap_converter_msgs/msg/obstacle_array_msg.hpp
[0.652s] -- Up-to-date: /home/jw/robot/ros_ws/install/costmap_converter_msgs/include/costmap_converter_msgs/msg/obstacle_msg.hpp
[0.652s] -- Up-to-date: /home/jw/robot/ros_ws/install/costmap_converter_msgs/include/costmap_converter_msgs
[0.653s] -- Up-to-date: /home/jw/robot/ros_ws/install/costmap_converter_msgs/include/costmap_converter_msgs/msg
[0.653s] -- Up-to-date: /home/jw/robot/ros_ws/install/costmap_converter_msgs/include/costmap_converter_msgs/msg/detail
[0.653s] -- Up-to-date: /home/jw/robot/ros_ws/install/costmap_converter_msgs/include/costmap_converter_msgs/msg/detail/obstacle_array_msg__rosidl_typesupport_introspection_cpp.hpp
[0.654s] -- Up-to-date: /home/jw/robot/ros_ws/install/costmap_converter_msgs/include/costmap_converter_msgs/msg/detail/obstacle_msg__type_support.cpp
[0.655s] -- Up-to-date: /home/jw/robot/ros_ws/install/costmap_converter_msgs/include/costmap_converter_msgs/msg/detail/obstacle_msg__rosidl_typesupport_introspection_cpp.hpp
[0.657s] -- Up-to-date: /home/jw/robot/ros_ws/install/costmap_converter_msgs/include/costmap_converter_msgs/msg/detail/obstacle_array_msg__type_support.cpp
[0.659s] -- Up-to-date: /home/jw/robot/ros_ws/install/costmap_converter_msgs/lib/libcostmap_converter_msgs__rosidl_typesupport_introspection_cpp.so
[0.659s] -- Up-to-date: /home/jw/robot/ros_ws/install/costmap_converter_msgs/lib/libcostmap_converter_msgs__rosidl_typesupport_cpp.so
[0.660s] -- Up-to-date: /home/jw/robot/ros_ws/install/costmap_converter_msgs/share/costmap_converter_msgs/environment/pythonpath.sh
[0.660s] -- Up-to-date: /home/jw/robot/ros_ws/install/costmap_converter_msgs/share/costmap_converter_msgs/environment/pythonpath.dsv
[0.661s] -- Up-to-date: /home/jw/robot/ros_ws/install/costmap_converter_msgs/lib/python3.8/site-packages/costmap_converter_msgs/__init__.py
[0.732s] -- Up-to-date: /home/jw/robot/ros_ws/install/costmap_converter_msgs/lib/python3.8/site-packages/costmap_converter_msgs/msg
[0.732s] -- Up-to-date: /home/jw/robot/ros_ws/install/costmap_converter_msgs/lib/python3.8/site-packages/costmap_converter_msgs/msg/_obstacle_msg.py
[0.735s] -- Up-to-date: /home/jw/robot/ros_ws/install/costmap_converter_msgs/lib/python3.8/site-packages/costmap_converter_msgs/msg/_obstacle_array_msg_s.c
[0.735s] -- Up-to-date: /home/jw/robot/ros_ws/install/costmap_converter_msgs/lib/python3.8/site-packages/costmap_converter_msgs/msg/_obstacle_array_msg.py
[0.735s] -- Up-to-date: /home/jw/robot/ros_ws/install/costmap_converter_msgs/lib/python3.8/site-packages/costmap_converter_msgs/msg/_obstacle_msg_s.c
[0.735s] -- Up-to-date: /home/jw/robot/ros_ws/install/costmap_converter_msgs/lib/python3.8/site-packages/costmap_converter_msgs/msg/__init__.py
[0.736s] -- Up-to-date: /home/jw/robot/ros_ws/install/costmap_converter_msgs/lib/python3.8/site-packages/costmap_converter_msgs/costmap_converter_msgs_s__rosidl_typesupport_fastrtps_c.cpython-38-x86_64-linux-gnu.so
[0.736s] -- Up-to-date: /home/jw/robot/ros_ws/install/costmap_converter_msgs/lib/python3.8/site-packages/costmap_converter_msgs/costmap_converter_msgs_s__rosidl_typesupport_introspection_c.cpython-38-x86_64-linux-gnu.so
[0.736s] -- Up-to-date: /home/jw/robot/ros_ws/install/costmap_converter_msgs/lib/python3.8/site-packages/costmap_converter_msgs/costmap_converter_msgs_s__rosidl_typesupport_c.cpython-38-x86_64-linux-gnu.so
[0.737s] -- Up-to-date: /home/jw/robot/ros_ws/install/costmap_converter_msgs/lib/libcostmap_converter_msgs__python.so
[0.737s] -- Up-to-date: /home/jw/robot/ros_ws/install/costmap_converter_msgs/share/costmap_converter_msgs/msg/ObstacleMsg.idl
[0.737s] -- Up-to-date: /home/jw/robot/ros_ws/install/costmap_converter_msgs/share/costmap_converter_msgs/msg/ObstacleArrayMsg.idl
[0.738s] -- Up-to-date: /home/jw/robot/ros_ws/install/costmap_converter_msgs/share/costmap_converter_msgs/msg/ObstacleMsg.msg
[0.738s] -- Up-to-date: /home/jw/robot/ros_ws/install/costmap_converter_msgs/share/costmap_converter_msgs/msg/ObstacleArrayMsg.msg
[0.741s] -- Up-to-date: /home/jw/robot/ros_ws/install/costmap_converter_msgs/share/ament_index/resource_index/package_run_dependencies/costmap_converter_msgs
[0.741s] -- Up-to-date: /home/jw/robot/ros_ws/install/costmap_converter_msgs/share/ament_index/resource_index/parent_prefix_path/costmap_converter_msgs
[0.741s] -- Up-to-date: /home/jw/robot/ros_ws/install/costmap_converter_msgs/share/costmap_converter_msgs/environment/ament_prefix_path.sh
[0.741s] -- Up-to-date: /home/jw/robot/ros_ws/install/costmap_converter_msgs/share/costmap_converter_msgs/environment/ament_prefix_path.dsv
[0.742s] -- Up-to-date: /home/jw/robot/ros_ws/install/costmap_converter_msgs/share/costmap_converter_msgs/environment/path.sh
[0.742s] -- Up-to-date: /home/jw/robot/ros_ws/install/costmap_converter_msgs/share/costmap_converter_msgs/environment/path.dsv
[0.742s] -- Up-to-date: /home/jw/robot/ros_ws/install/costmap_converter_msgs/share/costmap_converter_msgs/local_setup.bash
[0.742s] -- Up-to-date: /home/jw/robot/ros_ws/install/costmap_converter_msgs/share/costmap_converter_msgs/local_setup.sh
[0.742s] -- Up-to-date: /home/jw/robot/ros_ws/install/costmap_converter_msgs/share/costmap_converter_msgs/local_setup.zsh
[0.746s] -- Up-to-date: /home/jw/robot/ros_ws/install/costmap_converter_msgs/share/costmap_converter_msgs/local_setup.dsv
[0.746s] -- Installing: /home/jw/robot/ros_ws/install/costmap_converter_msgs/share/costmap_converter_msgs/package.dsv
[0.749s] -- Up-to-date: /home/jw/robot/ros_ws/install/costmap_converter_msgs/share/ament_index/resource_index/packages/costmap_converter_msgs
[0.750s] -- Up-to-date: /home/jw/robot/ros_ws/install/costmap_converter_msgs/share/costmap_converter_msgs/cmake/costmap_converter_msgs__rosidl_generator_cExport.cmake
[0.750s] -- Up-to-date: /home/jw/robot/ros_ws/install/costmap_converter_msgs/share/costmap_converter_msgs/cmake/costmap_converter_msgs__rosidl_generator_cExport-noconfig.cmake
[0.751s] -- Up-to-date: /home/jw/robot/ros_ws/install/costmap_converter_msgs/share/costmap_converter_msgs/cmake/costmap_converter_msgs__rosidl_typesupport_introspection_cExport.cmake
[0.752s] -- Up-to-date: /home/jw/robot/ros_ws/install/costmap_converter_msgs/share/costmap_converter_msgs/cmake/costmap_converter_msgs__rosidl_typesupport_introspection_cExport-noconfig.cmake
[0.752s] -- Up-to-date: /home/jw/robot/ros_ws/install/costmap_converter_msgs/share/costmap_converter_msgs/cmake/costmap_converter_msgs__rosidl_typesupport_cExport.cmake
[0.753s] -- Up-to-date: /home/jw/robot/ros_ws/install/costmap_converter_msgs/share/costmap_converter_msgs/cmake/costmap_converter_msgs__rosidl_typesupport_cExport-noconfig.cmake
[0.757s] -- Up-to-date: /home/jw/robot/ros_ws/install/costmap_converter_msgs/share/costmap_converter_msgs/cmake/costmap_converter_msgs__rosidl_generator_cppExport.cmake
[0.758s] -- Up-to-date: /home/jw/robot/ros_ws/install/costmap_converter_msgs/share/costmap_converter_msgs/cmake/costmap_converter_msgs__rosidl_typesupport_introspection_cppExport.cmake
[0.758s] -- Up-to-date: /home/jw/robot/ros_ws/install/costmap_converter_msgs/share/costmap_converter_msgs/cmake/costmap_converter_msgs__rosidl_typesupport_introspection_cppExport-noconfig.cmake
[0.758s] -- Up-to-date: /home/jw/robot/ros_ws/install/costmap_converter_msgs/share/costmap_converter_msgs/cmake/costmap_converter_msgs__rosidl_typesupport_cppExport.cmake
[0.758s] -- Up-to-date: /home/jw/robot/ros_ws/install/costmap_converter_msgs/share/costmap_converter_msgs/cmake/costmap_converter_msgs__rosidl_typesupport_cppExport-noconfig.cmake
[0.758s] -- Up-to-date: /home/jw/robot/ros_ws/install/costmap_converter_msgs/share/costmap_converter_msgs/cmake/rosidl_cmake-extras.cmake
[0.758s] -- Up-to-date: /home/jw/robot/ros_ws/install/costmap_converter_msgs/share/costmap_converter_msgs/cmake/ament_cmake_export_dependencies-extras.cmake
[0.759s] -- Up-to-date: /home/jw/robot/ros_ws/install/costmap_converter_msgs/share/costmap_converter_msgs/cmake/ament_cmake_export_libraries-extras.cmake
[0.759s] -- Up-to-date: /home/jw/robot/ros_ws/install/costmap_converter_msgs/share/costmap_converter_msgs/cmake/ament_cmake_export_targets-extras.cmake
[0.759s] -- Up-to-date: /home/jw/robot/ros_ws/install/costmap_converter_msgs/share/costmap_converter_msgs/cmake/ament_cmake_export_include_directories-extras.cmake
[0.759s] -- Up-to-date: /home/jw/robot/ros_ws/install/costmap_converter_msgs/share/costmap_converter_msgs/cmake/rosidl_cmake_export_typesupport_libraries-extras.cmake
[0.759s] -- Up-to-date: /home/jw/robot/ros_ws/install/costmap_converter_msgs/share/costmap_converter_msgs/cmake/rosidl_cmake_export_typesupport_targets-extras.cmake
[0.760s] -- Up-to-date: /home/jw/robot/ros_ws/install/costmap_converter_msgs/share/costmap_converter_msgs/cmake/costmap_converter_msgsConfig.cmake
[0.760s] -- Up-to-date: /home/jw/robot/ros_ws/install/costmap_converter_msgs/share/costmap_converter_msgs/cmake/costmap_converter_msgsConfig-version.cmake
[0.760s] -- Up-to-date: /home/jw/robot/ros_ws/install/costmap_converter_msgs/share/costmap_converter_msgs/package.xml
[0.791s] Invoked command in '/home/jw/robot/ros_ws/build/costmap_converter_msgs' returned '0': CMAKE_PREFIX_PATH=${CMAKE_PREFIX_PATH}:/home/jw/robot/ros_ws/install/exa_robot:/opt/ros/galactic /usr/bin/cmake --install /home/jw/robot/ros_ws/build/costmap_converter_msgs
