running egg_info
creating ../../../build/exa_robot/exa_robot.egg-info
writing ../../../build/exa_robot/exa_robot.egg-info/PKG-INFO
writing dependency_links to ../../../build/exa_robot/exa_robot.egg-info/dependency_links.txt
writing entry points to ../../../build/exa_robot/exa_robot.egg-info/entry_points.txt
writing requirements to ../../../build/exa_robot/exa_robot.egg-info/requires.txt
writing top-level names to ../../../build/exa_robot/exa_robot.egg-info/top_level.txt
writing manifest file '../../../build/exa_robot/exa_robot.egg-info/SOURCES.txt'
reading manifest file '../../../build/exa_robot/exa_robot.egg-info/SOURCES.txt'
writing manifest file '../../../build/exa_robot/exa_robot.egg-info/SOURCES.txt'
running build
running build_py
creating /home/jw/robot/ros_ws/build/exa_robot/build
creating /home/jw/robot/ros_ws/build/exa_robot/build/lib
creating /home/jw/robot/ros_ws/build/exa_robot/build/lib/exa_robot
copying exa_robot/exa_node.py -> /home/jw/robot/ros_ws/build/exa_robot/build/lib/exa_robot
copying exa_robot/__init__.py -> /home/jw/robot/ros_ws/build/exa_robot/build/lib/exa_robot
copying exa_robot/exa_driver.py -> /home/jw/robot/ros_ws/build/exa_robot/build/lib/exa_robot
running install
running install_lib
creating /home/jw/robot/ros_ws/install/exa_robot/lib/python3.8/site-packages/exa_robot
copying /home/jw/robot/ros_ws/build/exa_robot/build/lib/exa_robot/exa_node.py -> /home/jw/robot/ros_ws/install/exa_robot/lib/python3.8/site-packages/exa_robot
copying /home/jw/robot/ros_ws/build/exa_robot/build/lib/exa_robot/__init__.py -> /home/jw/robot/ros_ws/install/exa_robot/lib/python3.8/site-packages/exa_robot
copying /home/jw/robot/ros_ws/build/exa_robot/build/lib/exa_robot/exa_driver.py -> /home/jw/robot/ros_ws/install/exa_robot/lib/python3.8/site-packages/exa_robot
byte-compiling /home/jw/robot/ros_ws/install/exa_robot/lib/python3.8/site-packages/exa_robot/exa_node.py to exa_node.cpython-38.pyc
byte-compiling /home/jw/robot/ros_ws/install/exa_robot/lib/python3.8/site-packages/exa_robot/__init__.py to __init__.cpython-38.pyc
byte-compiling /home/jw/robot/ros_ws/install/exa_robot/lib/python3.8/site-packages/exa_robot/exa_driver.py to exa_driver.cpython-38.pyc
running install_data
creating /home/jw/robot/ros_ws/install/exa_robot/share/ament_index
creating /home/jw/robot/ros_ws/install/exa_robot/share/ament_index/resource_index
creating /home/jw/robot/ros_ws/install/exa_robot/share/ament_index/resource_index/packages
copying resource/exa_robot -> /home/jw/robot/ros_ws/install/exa_robot/share/ament_index/resource_index/packages
copying package.xml -> /home/jw/robot/ros_ws/install/exa_robot/share/exa_robot
creating /home/jw/robot/ros_ws/install/exa_robot/share/exa_robot/launch
copying launch/rs_launch_down.py -> /home/jw/robot/ros_ws/install/exa_robot/share/exa_robot/launch
copying launch/bringup_launch.py -> /home/jw/robot/ros_ws/install/exa_robot/share/exa_robot/launch
copying launch/velocity_smoother_launch.py -> /home/jw/robot/ros_ws/install/exa_robot/share/exa_robot/launch
copying launch/occupancy_grid_launch.py -> /home/jw/robot/ros_ws/install/exa_robot/share/exa_robot/launch
copying launch/localization_launch.py -> /home/jw/robot/ros_ws/install/exa_robot/share/exa_robot/launch
copying launch/rs_multi_camera_launch.py -> /home/jw/robot/ros_ws/install/exa_robot/share/exa_robot/launch
copying launch/navigation_launch.py -> /home/jw/robot/ros_ws/install/exa_robot/share/exa_robot/launch
copying launch/rs_launch_up.py -> /home/jw/robot/ros_ws/install/exa_robot/share/exa_robot/launch
copying launch/rs_launch.py -> /home/jw/robot/ros_ws/install/exa_robot/share/exa_robot/launch
copying launch/cartographer_launch.py -> /home/jw/robot/ros_ws/install/exa_robot/share/exa_robot/launch
creating /home/jw/robot/ros_ws/install/exa_robot/share/exa_robot/config
copying config/navigate_to_pose_w_replanning_and_recovery.xml -> /home/jw/robot/ros_ws/install/exa_robot/share/exa_robot/config
copying config/slam.lua -> /home/jw/robot/ros_ws/install/exa_robot/share/exa_robot/config
copying config/velocity_smoother_params.yaml -> /home/jw/robot/ros_ws/install/exa_robot/share/exa_robot/config
copying config/slam_local.lua -> /home/jw/robot/ros_ws/install/exa_robot/share/exa_robot/config
copying config/nav2_params copy.yaml -> /home/jw/robot/ros_ws/install/exa_robot/share/exa_robot/config
copying config/nav2_params.yaml -> /home/jw/robot/ros_ws/install/exa_robot/share/exa_robot/config
copying config/navigate_through_poses_w_replanning_and_recovery.xml -> /home/jw/robot/ros_ws/install/exa_robot/share/exa_robot/config
copying config/navigate_follow_point.xml -> /home/jw/robot/ros_ws/install/exa_robot/share/exa_robot/config
creating /home/jw/robot/ros_ws/install/exa_robot/share/exa_robot/map
copying map/map.pbstream -> /home/jw/robot/ros_ws/install/exa_robot/share/exa_robot/map
copying map/map.yaml -> /home/jw/robot/ros_ws/install/exa_robot/share/exa_robot/map
copying map/map.pgm -> /home/jw/robot/ros_ws/install/exa_robot/share/exa_robot/map
running install_egg_info
Copying ../../../build/exa_robot/exa_robot.egg-info to /home/jw/robot/ros_ws/install/exa_robot/lib/python3.8/site-packages/exa_robot-0.0.0-py3.8.egg-info
running install_scripts
Installing robot_node script to /home/jw/robot/ros_ws/install/exa_robot/lib/exa_robot
writing list of installed files to '/home/jw/robot/ros_ws/build/exa_robot/install.log'
