[0.359s] Invoking command in '/home/jw/robot/ros_ws/build/velocity_smoother': CMAKE_PREFIX_PATH=/opt/ros/galactic /usr/bin/cmake --build /home/jw/robot/ros_ws/build/velocity_smoother -- -j12 -l12
[0.422s] [ 50%] Built target velocity_smoother
[0.454s] [100%] Built target velocity_smoother_node
[0.479s] Invoked command in '/home/jw/robot/ros_ws/build/velocity_smoother' returned '0': CMAKE_PREFIX_PATH=/opt/ros/galactic /usr/bin/cmake --build /home/jw/robot/ros_ws/build/velocity_smoother -- -j12 -l12
[0.558s] Invoking command in '/home/jw/robot/ros_ws/build/velocity_smoother': CMAKE_PREFIX_PATH=/opt/ros/galactic /usr/bin/cmake --install /home/jw/robot/ros_ws/build/velocity_smoother
[0.592s] -- Install configuration: ""
[0.592s] -- Up-to-date: /home/jw/robot/ros_ws/install/velocity_smoother/lib/libvelocity_smoother.so
[0.594s] -- Up-to-date: /home/jw/robot/ros_ws/install/velocity_smoother/include/velocity_smoother
[0.594s] -- Up-to-date: /home/jw/robot/ros_ws/install/velocity_smoother/include/velocity_smoother/velocity_smoother.hpp
[0.594s] -- Up-to-date: /home/jw/robot/ros_ws/install/velocity_smoother/lib/velocity_smoother/velocity_smoother
[0.594s] -- Up-to-date: /home/jw/robot/ros_ws/install/velocity_smoother/share/velocity_smoother/config
[0.595s] -- Up-to-date: /home/jw/robot/ros_ws/install/velocity_smoother/share/velocity_smoother/config/velocity_smoother_params.yaml
[0.596s] -- Up-to-date: /home/jw/robot/ros_ws/install/velocity_smoother/share/velocity_smoother/launch
[0.596s] -- Up-to-date: /home/jw/robot/ros_ws/install/velocity_smoother/share/velocity_smoother/launch/velocity_smoother-composed-launch.py
[0.596s] -- Up-to-date: /home/jw/robot/ros_ws/install/velocity_smoother/share/velocity_smoother/launch/velocity_smoother-launch.py
[0.597s] -- Up-to-date: /home/jw/robot/ros_ws/install/velocity_smoother/lib/velocity_smoother/translational_command_profile.py
[0.599s] -- Up-to-date: /home/jw/robot/ros_ws/install/velocity_smoother/share/velocity_smoother/launch_test/test_translational_smoothing.py
[0.599s] -- Up-to-date: /home/jw/robot/ros_ws/install/velocity_smoother/share/ament_index/resource_index/package_run_dependencies/velocity_smoother
[0.599s] -- Up-to-date: /home/jw/robot/ros_ws/install/velocity_smoother/share/ament_index/resource_index/parent_prefix_path/velocity_smoother
[0.600s] -- Up-to-date: /home/jw/robot/ros_ws/install/velocity_smoother/share/velocity_smoother/environment/ament_prefix_path.sh
[0.600s] -- Up-to-date: /home/jw/robot/ros_ws/install/velocity_smoother/share/velocity_smoother/environment/ament_prefix_path.dsv
[0.601s] -- Up-to-date: /home/jw/robot/ros_ws/install/velocity_smoother/share/velocity_smoother/environment/path.sh
[0.601s] -- Up-to-date: /home/jw/robot/ros_ws/install/velocity_smoother/share/velocity_smoother/environment/path.dsv
[0.606s] -- Up-to-date: /home/jw/robot/ros_ws/install/velocity_smoother/share/velocity_smoother/local_setup.bash
[0.606s] -- Up-to-date: /home/jw/robot/ros_ws/install/velocity_smoother/share/velocity_smoother/local_setup.sh
[0.606s] -- Up-to-date: /home/jw/robot/ros_ws/install/velocity_smoother/share/velocity_smoother/local_setup.zsh
[0.607s] -- Up-to-date: /home/jw/robot/ros_ws/install/velocity_smoother/share/velocity_smoother/local_setup.dsv
[0.607s] -- Installing: /home/jw/robot/ros_ws/install/velocity_smoother/share/velocity_smoother/package.dsv
[0.607s] -- Up-to-date: /home/jw/robot/ros_ws/install/velocity_smoother/share/ament_index/resource_index/packages/velocity_smoother
[0.607s] -- Up-to-date: /home/jw/robot/ros_ws/install/velocity_smoother/share/ament_index/resource_index/rclcpp_components/velocity_smoother
[0.607s] -- Up-to-date: /home/jw/robot/ros_ws/install/velocity_smoother/share/velocity_smoother/cmake/velocity_smootherConfig.cmake
[0.608s] -- Up-to-date: /home/jw/robot/ros_ws/install/velocity_smoother/share/velocity_smoother/cmake/velocity_smootherConfig-version.cmake
[0.608s] -- Up-to-date: /home/jw/robot/ros_ws/install/velocity_smoother/share/velocity_smoother/package.xml
[0.642s] Invoked command in '/home/jw/robot/ros_ws/build/velocity_smoother' returned '0': CMAKE_PREFIX_PATH=/opt/ros/galactic /usr/bin/cmake --install /home/jw/robot/ros_ws/build/velocity_smoother
