[0.169s] Invoking command in '/home/jw/robot/ros_ws/build/realsense2_camera_msgs': CMAKE_PREFIX_PATH=${CMAKE_PREFIX_PATH}:/home/jw/robot/ros_ws/install/exa_robot:/opt/ros/galactic /usr/bin/cmake --build /home/jw/robot/ros_ws/build/realsense2_camera_msgs -- -j12 -l12
[0.652s] [  1%] Built target realsense2_camera_msgs__cpp
[0.653s] [ 12%] Built target realsense2_camera_msgs__rosidl_generator_c
[0.654s] [ 23%] Built target realsense2_camera_msgs__rosidl_typesupport_cpp
[0.654s] [ 34%] Built target realsense2_camera_msgs__rosidl_typesupport_introspection_cpp
[0.656s] [ 45%] Built target realsense2_camera_msgs__rosidl_typesupport_fastrtps_cpp
[0.657s] [ 56%] Built target realsense2_camera_msgs__rosidl_typesupport_c
[0.658s] [ 67%] Built target realsense2_camera_msgs__rosidl_typesupport_introspection_c
[0.659s] [ 78%] Built target realsense2_camera_msgs__rosidl_typesupport_fastrtps_c
[0.659s] [ 78%] Built target realsense2_camera_msgs
[0.659s] [ 80%] Built target realsense2_camera_msgs__py
[0.660s] [ 89%] Built target realsense2_camera_msgs__python
[0.660s] [ 96%] Built target realsense2_camera_msgs__rosidl_typesupport_c__pyext
[0.660s] [ 96%] Built target realsense2_camera_msgs__rosidl_typesupport_fastrtps_c__pyext
[0.660s] [100%] Built target realsense2_camera_msgs__rosidl_typesupport_introspection_c__pyext
[0.661s] Invoked command in '/home/jw/robot/ros_ws/build/realsense2_camera_msgs' returned '0': CMAKE_PREFIX_PATH=${CMAKE_PREFIX_PATH}:/home/jw/robot/ros_ws/install/exa_robot:/opt/ros/galactic /usr/bin/cmake --build /home/jw/robot/ros_ws/build/realsense2_camera_msgs -- -j12 -l12
[0.870s] Invoking command in '/home/jw/robot/ros_ws/build/realsense2_camera_msgs': CMAKE_PREFIX_PATH=${CMAKE_PREFIX_PATH}:/home/jw/robot/ros_ws/install/exa_robot:/opt/ros/galactic /usr/bin/cmake --install /home/jw/robot/ros_ws/build/realsense2_camera_msgs
[0.871s] -- Install configuration: ""
[0.872s] -- Up-to-date: /home/jw/robot/ros_ws/install/realsense2_camera_msgs/share/ament_index/resource_index/rosidl_interfaces/realsense2_camera_msgs
[0.872s] -- Up-to-date: /home/jw/robot/ros_ws/install/realsense2_camera_msgs/include/realsense2_camera_msgs
[0.872s] -- Up-to-date: /home/jw/robot/ros_ws/install/realsense2_camera_msgs/include/realsense2_camera_msgs/msg
[0.872s] -- Up-to-date: /home/jw/robot/ros_ws/install/realsense2_camera_msgs/include/realsense2_camera_msgs/msg/rosidl_generator_c__visibility_control.h
[0.873s] -- Up-to-date: /home/jw/robot/ros_ws/install/realsense2_camera_msgs/include/realsense2_camera_msgs/msg/extrinsics.h
[0.873s] -- Up-to-date: /home/jw/robot/ros_ws/install/realsense2_camera_msgs/include/realsense2_camera_msgs/msg/detail
[0.873s] -- Up-to-date: /home/jw/robot/ros_ws/install/realsense2_camera_msgs/include/realsense2_camera_msgs/msg/detail/imu_info__functions.h
[0.874s] -- Up-to-date: /home/jw/robot/ros_ws/install/realsense2_camera_msgs/include/realsense2_camera_msgs/msg/detail/extrinsics__functions.h
[0.874s] -- Up-to-date: /home/jw/robot/ros_ws/install/realsense2_camera_msgs/include/realsense2_camera_msgs/msg/detail/metadata__functions.h
[0.874s] -- Up-to-date: /home/jw/robot/ros_ws/install/realsense2_camera_msgs/include/realsense2_camera_msgs/msg/detail/extrinsics__functions.c
[0.875s] -- Up-to-date: /home/jw/robot/ros_ws/install/realsense2_camera_msgs/include/realsense2_camera_msgs/msg/detail/extrinsics__type_support.h
[0.876s] -- Up-to-date: /home/jw/robot/ros_ws/install/realsense2_camera_msgs/include/realsense2_camera_msgs/msg/detail/imu_info__type_support.h
[0.881s] -- Up-to-date: /home/jw/robot/ros_ws/install/realsense2_camera_msgs/include/realsense2_camera_msgs/msg/detail/extrinsics__struct.h
[0.882s] -- Up-to-date: /home/jw/robot/ros_ws/install/realsense2_camera_msgs/include/realsense2_camera_msgs/msg/detail/metadata__struct.h
[0.882s] -- Up-to-date: /home/jw/robot/ros_ws/install/realsense2_camera_msgs/include/realsense2_camera_msgs/msg/detail/metadata__type_support.h
[0.882s] -- Up-to-date: /home/jw/robot/ros_ws/install/realsense2_camera_msgs/include/realsense2_camera_msgs/msg/detail/imu_info__struct.h
[0.883s] -- Up-to-date: /home/jw/robot/ros_ws/install/realsense2_camera_msgs/include/realsense2_camera_msgs/msg/detail/metadata__functions.c
[0.883s] -- Up-to-date: /home/jw/robot/ros_ws/install/realsense2_camera_msgs/include/realsense2_camera_msgs/msg/detail/imu_info__functions.c
[0.883s] -- Up-to-date: /home/jw/robot/ros_ws/install/realsense2_camera_msgs/include/realsense2_camera_msgs/msg/metadata.h
[0.884s] -- Up-to-date: /home/jw/robot/ros_ws/install/realsense2_camera_msgs/include/realsense2_camera_msgs/msg/imu_info.h
[0.884s] -- Up-to-date: /home/jw/robot/ros_ws/install/realsense2_camera_msgs/include/realsense2_camera_msgs/srv
[0.884s] -- Up-to-date: /home/jw/robot/ros_ws/install/realsense2_camera_msgs/include/realsense2_camera_msgs/srv/detail
[0.884s] -- Up-to-date: /home/jw/robot/ros_ws/install/realsense2_camera_msgs/include/realsense2_camera_msgs/srv/detail/device_info__functions.h
[0.885s] -- Up-to-date: /home/jw/robot/ros_ws/install/realsense2_camera_msgs/include/realsense2_camera_msgs/srv/detail/device_info__type_support.h
[0.885s] -- Up-to-date: /home/jw/robot/ros_ws/install/realsense2_camera_msgs/include/realsense2_camera_msgs/srv/detail/device_info__functions.c
[0.885s] -- Up-to-date: /home/jw/robot/ros_ws/install/realsense2_camera_msgs/include/realsense2_camera_msgs/srv/detail/device_info__struct.h
[0.886s] -- Up-to-date: /home/jw/robot/ros_ws/install/realsense2_camera_msgs/include/realsense2_camera_msgs/srv/device_info.h
[0.886s] -- Up-to-date: /home/jw/robot/ros_ws/install/realsense2_camera_msgs/share/realsense2_camera_msgs/environment/library_path.sh
[0.886s] -- Up-to-date: /home/jw/robot/ros_ws/install/realsense2_camera_msgs/share/realsense2_camera_msgs/environment/library_path.dsv
[0.887s] -- Up-to-date: /home/jw/robot/ros_ws/install/realsense2_camera_msgs/lib/librealsense2_camera_msgs__rosidl_generator_c.so
[0.888s] -- Up-to-date: /home/jw/robot/ros_ws/install/realsense2_camera_msgs/include/realsense2_camera_msgs
[0.889s] -- Up-to-date: /home/jw/robot/ros_ws/install/realsense2_camera_msgs/include/realsense2_camera_msgs/msg
[0.890s] -- Up-to-date: /home/jw/robot/ros_ws/install/realsense2_camera_msgs/include/realsense2_camera_msgs/msg/detail
[0.890s] -- Up-to-date: /home/jw/robot/ros_ws/install/realsense2_camera_msgs/include/realsense2_camera_msgs/msg/detail/metadata__rosidl_typesupport_fastrtps_c.h
[0.890s] -- Up-to-date: /home/jw/robot/ros_ws/install/realsense2_camera_msgs/include/realsense2_camera_msgs/msg/detail/extrinsics__rosidl_typesupport_fastrtps_c.h
[0.891s] -- Up-to-date: /home/jw/robot/ros_ws/install/realsense2_camera_msgs/include/realsense2_camera_msgs/msg/detail/imu_info__rosidl_typesupport_fastrtps_c.h
[0.896s] -- Up-to-date: /home/jw/robot/ros_ws/install/realsense2_camera_msgs/include/realsense2_camera_msgs/msg/rosidl_typesupport_fastrtps_c__visibility_control.h
[0.897s] -- Up-to-date: /home/jw/robot/ros_ws/install/realsense2_camera_msgs/include/realsense2_camera_msgs/srv
[0.897s] -- Up-to-date: /home/jw/robot/ros_ws/install/realsense2_camera_msgs/include/realsense2_camera_msgs/srv/detail
[0.897s] -- Up-to-date: /home/jw/robot/ros_ws/install/realsense2_camera_msgs/include/realsense2_camera_msgs/srv/detail/device_info__rosidl_typesupport_fastrtps_c.h
[0.897s] -- Up-to-date: /home/jw/robot/ros_ws/install/realsense2_camera_msgs/lib/librealsense2_camera_msgs__rosidl_typesupport_fastrtps_c.so
[0.898s] -- Up-to-date: /home/jw/robot/ros_ws/install/realsense2_camera_msgs/include/realsense2_camera_msgs
[0.898s] -- Up-to-date: /home/jw/robot/ros_ws/install/realsense2_camera_msgs/include/realsense2_camera_msgs/msg
[0.898s] -- Up-to-date: /home/jw/robot/ros_ws/install/realsense2_camera_msgs/include/realsense2_camera_msgs/msg/detail
[0.898s] -- Up-to-date: /home/jw/robot/ros_ws/install/realsense2_camera_msgs/include/realsense2_camera_msgs/msg/detail/dds_fastrtps
[0.899s] -- Up-to-date: /home/jw/robot/ros_ws/install/realsense2_camera_msgs/include/realsense2_camera_msgs/msg/detail/extrinsics__rosidl_typesupport_fastrtps_cpp.hpp
[0.899s] -- Up-to-date: /home/jw/robot/ros_ws/install/realsense2_camera_msgs/include/realsense2_camera_msgs/msg/detail/imu_info__rosidl_typesupport_fastrtps_cpp.hpp
[0.899s] -- Up-to-date: /home/jw/robot/ros_ws/install/realsense2_camera_msgs/include/realsense2_camera_msgs/msg/detail/metadata__rosidl_typesupport_fastrtps_cpp.hpp
[0.900s] -- Up-to-date: /home/jw/robot/ros_ws/install/realsense2_camera_msgs/include/realsense2_camera_msgs/msg/rosidl_typesupport_fastrtps_cpp__visibility_control.h
[0.900s] -- Up-to-date: /home/jw/robot/ros_ws/install/realsense2_camera_msgs/include/realsense2_camera_msgs/srv
[0.900s] -- Up-to-date: /home/jw/robot/ros_ws/install/realsense2_camera_msgs/include/realsense2_camera_msgs/srv/detail
[0.900s] -- Up-to-date: /home/jw/robot/ros_ws/install/realsense2_camera_msgs/include/realsense2_camera_msgs/srv/detail/dds_fastrtps
[0.900s] -- Up-to-date: /home/jw/robot/ros_ws/install/realsense2_camera_msgs/include/realsense2_camera_msgs/srv/detail/device_info__rosidl_typesupport_fastrtps_cpp.hpp
[0.901s] -- Up-to-date: /home/jw/robot/ros_ws/install/realsense2_camera_msgs/lib/librealsense2_camera_msgs__rosidl_typesupport_fastrtps_cpp.so
[0.901s] -- Up-to-date: /home/jw/robot/ros_ws/install/realsense2_camera_msgs/include/realsense2_camera_msgs
[0.901s] -- Up-to-date: /home/jw/robot/ros_ws/install/realsense2_camera_msgs/include/realsense2_camera_msgs/msg
[0.901s] -- Up-to-date: /home/jw/robot/ros_ws/install/realsense2_camera_msgs/include/realsense2_camera_msgs/msg/detail
[0.901s] -- Up-to-date: /home/jw/robot/ros_ws/install/realsense2_camera_msgs/include/realsense2_camera_msgs/msg/detail/metadata__type_support.c
[0.902s] -- Up-to-date: /home/jw/robot/ros_ws/install/realsense2_camera_msgs/include/realsense2_camera_msgs/msg/detail/imu_info__type_support.c
[0.902s] -- Up-to-date: /home/jw/robot/ros_ws/install/realsense2_camera_msgs/include/realsense2_camera_msgs/msg/detail/imu_info__rosidl_typesupport_introspection_c.h
[0.902s] -- Up-to-date: /home/jw/robot/ros_ws/install/realsense2_camera_msgs/include/realsense2_camera_msgs/msg/detail/metadata__rosidl_typesupport_introspection_c.h
[0.909s] -- Up-to-date: /home/jw/robot/ros_ws/install/realsense2_camera_msgs/include/realsense2_camera_msgs/msg/detail/extrinsics__rosidl_typesupport_introspection_c.h
[0.912s] -- Up-to-date: /home/jw/robot/ros_ws/install/realsense2_camera_msgs/include/realsense2_camera_msgs/msg/detail/extrinsics__type_support.c
[0.912s] -- Up-to-date: /home/jw/robot/ros_ws/install/realsense2_camera_msgs/include/realsense2_camera_msgs/msg/rosidl_typesupport_introspection_c__visibility_control.h
[0.913s] -- Up-to-date: /home/jw/robot/ros_ws/install/realsense2_camera_msgs/include/realsense2_camera_msgs/srv
[0.913s] -- Up-to-date: /home/jw/robot/ros_ws/install/realsense2_camera_msgs/include/realsense2_camera_msgs/srv/detail
[0.914s] -- Up-to-date: /home/jw/robot/ros_ws/install/realsense2_camera_msgs/include/realsense2_camera_msgs/srv/detail/device_info__rosidl_typesupport_introspection_c.h
[0.914s] -- Up-to-date: /home/jw/robot/ros_ws/install/realsense2_camera_msgs/include/realsense2_camera_msgs/srv/detail/device_info__type_support.c
[0.914s] -- Up-to-date: /home/jw/robot/ros_ws/install/realsense2_camera_msgs/lib/librealsense2_camera_msgs__rosidl_typesupport_introspection_c.so
[0.915s] -- Up-to-date: /home/jw/robot/ros_ws/install/realsense2_camera_msgs/lib/librealsense2_camera_msgs__rosidl_typesupport_c.so
[0.915s] -- Up-to-date: /home/jw/robot/ros_ws/install/realsense2_camera_msgs/include/realsense2_camera_msgs
[0.915s] -- Up-to-date: /home/jw/robot/ros_ws/install/realsense2_camera_msgs/include/realsense2_camera_msgs/msg
[0.916s] -- Up-to-date: /home/jw/robot/ros_ws/install/realsense2_camera_msgs/include/realsense2_camera_msgs/msg/imu_info.hpp
[0.916s] -- Up-to-date: /home/jw/robot/ros_ws/install/realsense2_camera_msgs/include/realsense2_camera_msgs/msg/detail
[0.916s] -- Up-to-date: /home/jw/robot/ros_ws/install/realsense2_camera_msgs/include/realsense2_camera_msgs/msg/detail/metadata__traits.hpp
[0.916s] -- Up-to-date: /home/jw/robot/ros_ws/install/realsense2_camera_msgs/include/realsense2_camera_msgs/msg/detail/extrinsics__builder.hpp
[0.917s] -- Up-to-date: /home/jw/robot/ros_ws/install/realsense2_camera_msgs/include/realsense2_camera_msgs/msg/detail/imu_info__builder.hpp
[0.917s] -- Up-to-date: /home/jw/robot/ros_ws/install/realsense2_camera_msgs/include/realsense2_camera_msgs/msg/detail/extrinsics__traits.hpp
[0.918s] -- Up-to-date: /home/jw/robot/ros_ws/install/realsense2_camera_msgs/include/realsense2_camera_msgs/msg/detail/extrinsics__struct.hpp
[0.923s] -- Up-to-date: /home/jw/robot/ros_ws/install/realsense2_camera_msgs/include/realsense2_camera_msgs/msg/detail/metadata__builder.hpp
[0.924s] -- Up-to-date: /home/jw/robot/ros_ws/install/realsense2_camera_msgs/include/realsense2_camera_msgs/msg/detail/metadata__struct.hpp
[0.925s] -- Up-to-date: /home/jw/robot/ros_ws/install/realsense2_camera_msgs/include/realsense2_camera_msgs/msg/detail/imu_info__traits.hpp
[0.926s] -- Up-to-date: /home/jw/robot/ros_ws/install/realsense2_camera_msgs/include/realsense2_camera_msgs/msg/detail/imu_info__struct.hpp
[0.926s] -- Up-to-date: /home/jw/robot/ros_ws/install/realsense2_camera_msgs/include/realsense2_camera_msgs/msg/extrinsics.hpp
[0.928s] -- Up-to-date: /home/jw/robot/ros_ws/install/realsense2_camera_msgs/include/realsense2_camera_msgs/msg/metadata.hpp
[0.929s] -- Up-to-date: /home/jw/robot/ros_ws/install/realsense2_camera_msgs/include/realsense2_camera_msgs/srv
[0.929s] -- Up-to-date: /home/jw/robot/ros_ws/install/realsense2_camera_msgs/include/realsense2_camera_msgs/srv/device_info.hpp
[0.929s] -- Up-to-date: /home/jw/robot/ros_ws/install/realsense2_camera_msgs/include/realsense2_camera_msgs/srv/detail
[0.930s] -- Up-to-date: /home/jw/robot/ros_ws/install/realsense2_camera_msgs/include/realsense2_camera_msgs/srv/detail/device_info__struct.hpp
[0.931s] -- Up-to-date: /home/jw/robot/ros_ws/install/realsense2_camera_msgs/include/realsense2_camera_msgs/srv/detail/device_info__traits.hpp
[0.931s] -- Up-to-date: /home/jw/robot/ros_ws/install/realsense2_camera_msgs/include/realsense2_camera_msgs/srv/detail/device_info__builder.hpp
[0.932s] -- Up-to-date: /home/jw/robot/ros_ws/install/realsense2_camera_msgs/include/realsense2_camera_msgs
[0.933s] -- Up-to-date: /home/jw/robot/ros_ws/install/realsense2_camera_msgs/include/realsense2_camera_msgs/msg
[0.938s] -- Up-to-date: /home/jw/robot/ros_ws/install/realsense2_camera_msgs/include/realsense2_camera_msgs/msg/detail
[0.938s] -- Up-to-date: /home/jw/robot/ros_ws/install/realsense2_camera_msgs/include/realsense2_camera_msgs/msg/detail/extrinsics__type_support.cpp
[0.938s] -- Up-to-date: /home/jw/robot/ros_ws/install/realsense2_camera_msgs/include/realsense2_camera_msgs/msg/detail/imu_info__rosidl_typesupport_introspection_cpp.hpp
[0.938s] -- Up-to-date: /home/jw/robot/ros_ws/install/realsense2_camera_msgs/include/realsense2_camera_msgs/msg/detail/metadata__rosidl_typesupport_introspection_cpp.hpp
[0.939s] -- Up-to-date: /home/jw/robot/ros_ws/install/realsense2_camera_msgs/include/realsense2_camera_msgs/msg/detail/imu_info__type_support.cpp
[0.939s] -- Up-to-date: /home/jw/robot/ros_ws/install/realsense2_camera_msgs/include/realsense2_camera_msgs/msg/detail/extrinsics__rosidl_typesupport_introspection_cpp.hpp
[0.939s] -- Up-to-date: /home/jw/robot/ros_ws/install/realsense2_camera_msgs/include/realsense2_camera_msgs/msg/detail/metadata__type_support.cpp
[0.940s] -- Up-to-date: /home/jw/robot/ros_ws/install/realsense2_camera_msgs/include/realsense2_camera_msgs/srv
[0.940s] -- Up-to-date: /home/jw/robot/ros_ws/install/realsense2_camera_msgs/include/realsense2_camera_msgs/srv/detail
[0.940s] -- Up-to-date: /home/jw/robot/ros_ws/install/realsense2_camera_msgs/include/realsense2_camera_msgs/srv/detail/device_info__rosidl_typesupport_introspection_cpp.hpp
[0.941s] -- Up-to-date: /home/jw/robot/ros_ws/install/realsense2_camera_msgs/include/realsense2_camera_msgs/srv/detail/device_info__type_support.cpp
[0.945s] -- Up-to-date: /home/jw/robot/ros_ws/install/realsense2_camera_msgs/lib/librealsense2_camera_msgs__rosidl_typesupport_introspection_cpp.so
[0.946s] -- Up-to-date: /home/jw/robot/ros_ws/install/realsense2_camera_msgs/lib/librealsense2_camera_msgs__rosidl_typesupport_cpp.so
[0.946s] -- Up-to-date: /home/jw/robot/ros_ws/install/realsense2_camera_msgs/share/realsense2_camera_msgs/environment/pythonpath.sh
[0.946s] -- Up-to-date: /home/jw/robot/ros_ws/install/realsense2_camera_msgs/share/realsense2_camera_msgs/environment/pythonpath.dsv
[0.947s] -- Up-to-date: /home/jw/robot/ros_ws/install/realsense2_camera_msgs/lib/python3.8/site-packages/realsense2_camera_msgs/__init__.py
[0.978s] -- Up-to-date: /home/jw/robot/ros_ws/install/realsense2_camera_msgs/lib/python3.8/site-packages/realsense2_camera_msgs/msg
[0.978s] -- Up-to-date: /home/jw/robot/ros_ws/install/realsense2_camera_msgs/lib/python3.8/site-packages/realsense2_camera_msgs/msg/_imu_info.py
[0.978s] -- Up-to-date: /home/jw/robot/ros_ws/install/realsense2_camera_msgs/lib/python3.8/site-packages/realsense2_camera_msgs/msg/_extrinsics.py
[0.978s] -- Up-to-date: /home/jw/robot/ros_ws/install/realsense2_camera_msgs/lib/python3.8/site-packages/realsense2_camera_msgs/msg/_extrinsics_s.c
[0.978s] -- Up-to-date: /home/jw/robot/ros_ws/install/realsense2_camera_msgs/lib/python3.8/site-packages/realsense2_camera_msgs/msg/__init__.py
[0.979s] -- Up-to-date: /home/jw/robot/ros_ws/install/realsense2_camera_msgs/lib/python3.8/site-packages/realsense2_camera_msgs/msg/_metadata_s.c
[0.979s] -- Up-to-date: /home/jw/robot/ros_ws/install/realsense2_camera_msgs/lib/python3.8/site-packages/realsense2_camera_msgs/msg/_imu_info_s.c
[0.979s] -- Up-to-date: /home/jw/robot/ros_ws/install/realsense2_camera_msgs/lib/python3.8/site-packages/realsense2_camera_msgs/msg/_metadata.py
[0.979s] -- Up-to-date: /home/jw/robot/ros_ws/install/realsense2_camera_msgs/lib/python3.8/site-packages/realsense2_camera_msgs/srv
[0.979s] -- Up-to-date: /home/jw/robot/ros_ws/install/realsense2_camera_msgs/lib/python3.8/site-packages/realsense2_camera_msgs/srv/_device_info.py
[0.980s] -- Up-to-date: /home/jw/robot/ros_ws/install/realsense2_camera_msgs/lib/python3.8/site-packages/realsense2_camera_msgs/srv/__init__.py
[0.980s] -- Up-to-date: /home/jw/robot/ros_ws/install/realsense2_camera_msgs/lib/python3.8/site-packages/realsense2_camera_msgs/srv/_device_info_s.c
[0.980s] -- Up-to-date: /home/jw/robot/ros_ws/install/realsense2_camera_msgs/lib/python3.8/site-packages/realsense2_camera_msgs/realsense2_camera_msgs_s__rosidl_typesupport_fastrtps_c.cpython-38-x86_64-linux-gnu.so
[0.980s] -- Up-to-date: /home/jw/robot/ros_ws/install/realsense2_camera_msgs/lib/python3.8/site-packages/realsense2_camera_msgs/realsense2_camera_msgs_s__rosidl_typesupport_introspection_c.cpython-38-x86_64-linux-gnu.so
[0.980s] -- Up-to-date: /home/jw/robot/ros_ws/install/realsense2_camera_msgs/lib/python3.8/site-packages/realsense2_camera_msgs/realsense2_camera_msgs_s__rosidl_typesupport_c.cpython-38-x86_64-linux-gnu.so
[0.980s] -- Up-to-date: /home/jw/robot/ros_ws/install/realsense2_camera_msgs/lib/librealsense2_camera_msgs__python.so
[0.981s] -- Up-to-date: /home/jw/robot/ros_ws/install/realsense2_camera_msgs/share/realsense2_camera_msgs/msg/IMUInfo.idl
[0.981s] -- Up-to-date: /home/jw/robot/ros_ws/install/realsense2_camera_msgs/share/realsense2_camera_msgs/msg/Extrinsics.idl
[0.981s] -- Up-to-date: /home/jw/robot/ros_ws/install/realsense2_camera_msgs/share/realsense2_camera_msgs/msg/Metadata.idl
[0.981s] -- Up-to-date: /home/jw/robot/ros_ws/install/realsense2_camera_msgs/share/realsense2_camera_msgs/srv/DeviceInfo.idl
[0.981s] -- Up-to-date: /home/jw/robot/ros_ws/install/realsense2_camera_msgs/share/realsense2_camera_msgs/msg/IMUInfo.msg
[0.981s] -- Up-to-date: /home/jw/robot/ros_ws/install/realsense2_camera_msgs/share/realsense2_camera_msgs/msg/Extrinsics.msg
[0.981s] -- Up-to-date: /home/jw/robot/ros_ws/install/realsense2_camera_msgs/share/realsense2_camera_msgs/msg/Metadata.msg
[0.981s] -- Up-to-date: /home/jw/robot/ros_ws/install/realsense2_camera_msgs/share/realsense2_camera_msgs/srv/DeviceInfo.srv
[0.982s] -- Up-to-date: /home/jw/robot/ros_ws/install/realsense2_camera_msgs/share/realsense2_camera_msgs/srv/DeviceInfo_Request.msg
[0.982s] -- Up-to-date: /home/jw/robot/ros_ws/install/realsense2_camera_msgs/share/realsense2_camera_msgs/srv/DeviceInfo_Response.msg
[0.987s] -- Up-to-date: /home/jw/robot/ros_ws/install/realsense2_camera_msgs/share/ament_index/resource_index/package_run_dependencies/realsense2_camera_msgs
[0.987s] -- Up-to-date: /home/jw/robot/ros_ws/install/realsense2_camera_msgs/share/ament_index/resource_index/parent_prefix_path/realsense2_camera_msgs
[0.987s] -- Up-to-date: /home/jw/robot/ros_ws/install/realsense2_camera_msgs/share/realsense2_camera_msgs/environment/ament_prefix_path.sh
[0.988s] -- Up-to-date: /home/jw/robot/ros_ws/install/realsense2_camera_msgs/share/realsense2_camera_msgs/environment/ament_prefix_path.dsv
[0.988s] -- Up-to-date: /home/jw/robot/ros_ws/install/realsense2_camera_msgs/share/realsense2_camera_msgs/environment/path.sh
[0.988s] -- Up-to-date: /home/jw/robot/ros_ws/install/realsense2_camera_msgs/share/realsense2_camera_msgs/environment/path.dsv
[0.988s] -- Up-to-date: /home/jw/robot/ros_ws/install/realsense2_camera_msgs/share/realsense2_camera_msgs/local_setup.bash
[0.988s] -- Up-to-date: /home/jw/robot/ros_ws/install/realsense2_camera_msgs/share/realsense2_camera_msgs/local_setup.sh
[0.989s] -- Up-to-date: /home/jw/robot/ros_ws/install/realsense2_camera_msgs/share/realsense2_camera_msgs/local_setup.zsh
[0.989s] -- Up-to-date: /home/jw/robot/ros_ws/install/realsense2_camera_msgs/share/realsense2_camera_msgs/local_setup.dsv
[0.989s] -- Installing: /home/jw/robot/ros_ws/install/realsense2_camera_msgs/share/realsense2_camera_msgs/package.dsv
[0.989s] -- Up-to-date: /home/jw/robot/ros_ws/install/realsense2_camera_msgs/share/ament_index/resource_index/packages/realsense2_camera_msgs
[0.990s] -- Up-to-date: /home/jw/robot/ros_ws/install/realsense2_camera_msgs/share/realsense2_camera_msgs/cmake/realsense2_camera_msgs__rosidl_generator_cExport.cmake
[0.990s] -- Up-to-date: /home/jw/robot/ros_ws/install/realsense2_camera_msgs/share/realsense2_camera_msgs/cmake/realsense2_camera_msgs__rosidl_generator_cExport-noconfig.cmake
[0.994s] -- Up-to-date: /home/jw/robot/ros_ws/install/realsense2_camera_msgs/share/realsense2_camera_msgs/cmake/realsense2_camera_msgs__rosidl_typesupport_introspection_cExport.cmake
[0.995s] -- Up-to-date: /home/jw/robot/ros_ws/install/realsense2_camera_msgs/share/realsense2_camera_msgs/cmake/realsense2_camera_msgs__rosidl_typesupport_introspection_cExport-noconfig.cmake
[0.995s] -- Up-to-date: /home/jw/robot/ros_ws/install/realsense2_camera_msgs/share/realsense2_camera_msgs/cmake/realsense2_camera_msgs__rosidl_typesupport_cExport.cmake
[0.995s] -- Up-to-date: /home/jw/robot/ros_ws/install/realsense2_camera_msgs/share/realsense2_camera_msgs/cmake/realsense2_camera_msgs__rosidl_typesupport_cExport-noconfig.cmake
[0.995s] -- Up-to-date: /home/jw/robot/ros_ws/install/realsense2_camera_msgs/share/realsense2_camera_msgs/cmake/realsense2_camera_msgs__rosidl_generator_cppExport.cmake
[0.996s] -- Up-to-date: /home/jw/robot/ros_ws/install/realsense2_camera_msgs/share/realsense2_camera_msgs/cmake/realsense2_camera_msgs__rosidl_typesupport_introspection_cppExport.cmake
[0.996s] -- Up-to-date: /home/jw/robot/ros_ws/install/realsense2_camera_msgs/share/realsense2_camera_msgs/cmake/realsense2_camera_msgs__rosidl_typesupport_introspection_cppExport-noconfig.cmake
[0.996s] -- Up-to-date: /home/jw/robot/ros_ws/install/realsense2_camera_msgs/share/realsense2_camera_msgs/cmake/realsense2_camera_msgs__rosidl_typesupport_cppExport.cmake
[0.997s] -- Up-to-date: /home/jw/robot/ros_ws/install/realsense2_camera_msgs/share/realsense2_camera_msgs/cmake/realsense2_camera_msgs__rosidl_typesupport_cppExport-noconfig.cmake
[0.997s] -- Up-to-date: /home/jw/robot/ros_ws/install/realsense2_camera_msgs/share/realsense2_camera_msgs/cmake/rosidl_cmake-extras.cmake
[0.998s] -- Up-to-date: /home/jw/robot/ros_ws/install/realsense2_camera_msgs/share/realsense2_camera_msgs/cmake/ament_cmake_export_dependencies-extras.cmake
[1.003s] -- Up-to-date: /home/jw/robot/ros_ws/install/realsense2_camera_msgs/share/realsense2_camera_msgs/cmake/ament_cmake_export_libraries-extras.cmake
[1.004s] -- Up-to-date: /home/jw/robot/ros_ws/install/realsense2_camera_msgs/share/realsense2_camera_msgs/cmake/ament_cmake_export_targets-extras.cmake
[1.005s] -- Up-to-date: /home/jw/robot/ros_ws/install/realsense2_camera_msgs/share/realsense2_camera_msgs/cmake/ament_cmake_export_include_directories-extras.cmake
[1.005s] -- Up-to-date: /home/jw/robot/ros_ws/install/realsense2_camera_msgs/share/realsense2_camera_msgs/cmake/rosidl_cmake_export_typesupport_libraries-extras.cmake
[1.006s] -- Up-to-date: /home/jw/robot/ros_ws/install/realsense2_camera_msgs/share/realsense2_camera_msgs/cmake/rosidl_cmake_export_typesupport_targets-extras.cmake
[1.006s] -- Up-to-date: /home/jw/robot/ros_ws/install/realsense2_camera_msgs/share/realsense2_camera_msgs/cmake/realsense2_camera_msgsConfig.cmake
[1.007s] -- Up-to-date: /home/jw/robot/ros_ws/install/realsense2_camera_msgs/share/realsense2_camera_msgs/cmake/realsense2_camera_msgsConfig-version.cmake
[1.007s] -- Up-to-date: /home/jw/robot/ros_ws/install/realsense2_camera_msgs/share/realsense2_camera_msgs/package.xml
[1.010s] Invoked command in '/home/jw/robot/ros_ws/build/realsense2_camera_msgs' returned '0': CMAKE_PREFIX_PATH=${CMAKE_PREFIX_PATH}:/home/jw/robot/ros_ws/install/exa_robot:/opt/ros/galactic /usr/bin/cmake --install /home/jw/robot/ros_ws/build/realsense2_camera_msgs
