[0.095s] Invoking command in '/home/jw/robot/ros_ws/build/costmap_converter_msgs': CMAKE_PREFIX_PATH=/opt/ros/galactic /usr/bin/cmake /home/jw/robot/ros_ws/src/ExaRobot_ROS2/costmap_converter/costmap_converter_msgs -DCMAKE_INSTALL_PREFIX=/home/jw/robot/ros_ws/install/costmap_converter_msgs
[0.355s] -- The C compiler identification is GNU 9.4.0
[0.355s] -- The CXX compiler identification is GNU 9.4.0
[0.355s] -- Check for working C compiler: /usr/bin/cc
[0.355s] -- Check for working C compiler: /usr/bin/cc -- works
[0.355s] -- Detecting C compiler ABI info
[0.356s] -- Detecting C compiler ABI info - done
[0.356s] -- Detecting C compile features
[0.356s] -- Detecting C compile features - done
[0.357s] -- Check for working CXX compiler: /usr/bin/c++
[0.436s] -- Check for working CXX compiler: /usr/bin/c++ -- works
[0.437s] -- Detecting CXX compiler ABI info
[0.515s] -- Detecting CXX compiler ABI info - done
[0.526s] -- Detecting CXX compile features
[0.526s] -- Detecting CXX compile features - done
[0.530s] -- Found ament_cmake: 1.1.5 (/opt/ros/galactic/share/ament_cmake/cmake)
[0.560s] -- Found PythonInterp: /usr/bin/python3 (found suitable version "3.8.10", minimum required is "3") 
[0.560s] -- Using PYTHON_EXECUTABLE: /usr/bin/python3
[0.649s] -- Found builtin_interfaces: 1.0.3 (/opt/ros/galactic/share/builtin_interfaces/cmake)
[0.694s] -- Using all available rosidl_typesupport_c: rosidl_typesupport_fastrtps_c;rosidl_typesupport_introspection_c
[0.705s] -- Found rosidl_adapter: 2.2.2 (/opt/ros/galactic/share/rosidl_adapter/cmake)
[0.801s] -- Found OpenSSL: /usr/lib/x86_64-linux-gnu/libcrypto.so (found version "1.1.1f")  
[0.830s] -- Found FastRTPS: /opt/ros/galactic/include  
[0.910s] -- Using all available rosidl_typesupport_cpp: rosidl_typesupport_fastrtps_cpp;rosidl_typesupport_introspection_cpp
[0.939s] -- Found geometry_msgs: 2.2.4 (/opt/ros/galactic/share/geometry_msgs/cmake)
[1.013s] -- Found rosidl_default_generators: 1.1.1 (/opt/ros/galactic/share/rosidl_default_generators/cmake)
[1.046s] -- Found PythonInterp: /usr/bin/python3 (found version "3.8.10") 
[1.252s] -- Found ament_cmake_ros: 0.9.2 (/opt/ros/galactic/share/ament_cmake_ros/cmake)
[1.508s] -- Using all available rosidl_typesupport_c: rosidl_typesupport_fastrtps_c;rosidl_typesupport_introspection_c
[1.646s] -- Using all available rosidl_typesupport_cpp: rosidl_typesupport_fastrtps_cpp;rosidl_typesupport_introspection_cpp
[1.673s] -- Found PythonInterp: /usr/bin/python3 (found suitable version "3.8.10", minimum required is "3.5") 
[1.675s] -- Found python_cmake_module: 0.8.1 (/opt/ros/galactic/share/python_cmake_module/cmake)
[1.702s] -- Found PythonLibs: /usr/lib/x86_64-linux-gnu/libpython3.8.so (found suitable version "3.8.10", minimum required is "3.5") 
[1.702s] -- Using PYTHON_EXECUTABLE: /usr/bin/python3
[1.703s] -- Using PYTHON_INCLUDE_DIRS: /usr/include/python3.8
[1.703s] -- Using PYTHON_LIBRARIES: /usr/lib/x86_64-linux-gnu/libpython3.8.so
[1.728s] -- Found PythonExtra: .so  
[1.841s] -- Configuring done
[1.918s] -- Generating done
[1.922s] -- Build files have been written to: /home/jw/robot/ros_ws/build/costmap_converter_msgs
[1.932s] Invoked command in '/home/jw/robot/ros_ws/build/costmap_converter_msgs' returned '0': CMAKE_PREFIX_PATH=/opt/ros/galactic /usr/bin/cmake /home/jw/robot/ros_ws/src/ExaRobot_ROS2/costmap_converter/costmap_converter_msgs -DCMAKE_INSTALL_PREFIX=/home/jw/robot/ros_ws/install/costmap_converter_msgs
[1.934s] Invoking command in '/home/jw/robot/ros_ws/build/costmap_converter_msgs': CMAKE_PREFIX_PATH=/opt/ros/galactic /usr/bin/cmake --build /home/jw/robot/ros_ws/build/costmap_converter_msgs -- -j12 -l12
[1.977s] [35m[1mScanning dependencies of target costmap_converter_msgs__cpp[0m
[1.977s] [  2%] [34m[1mGenerating C code for ROS interfaces[0m
[1.987s] [  5%] [34m[1mGenerating C++ code for ROS interfaces[0m
[2.498s] [  5%] Built target costmap_converter_msgs__cpp
[2.513s] [  7%] [34m[1mGenerating C++ type support dispatch for ROS interfaces[0m
[2.513s] [ 12%] [34m[1mGenerating C++ introspection for ROS interfaces[0m
[2.514s] [ 12%] [34m[1mGenerating C++ type support for eProsima Fast-RTPS[0m
[2.526s] [35m[1mScanning dependencies of target costmap_converter_msgs__rosidl_generator_c[0m
[2.559s] [ 15%] [32mBuilding C object CMakeFiles/costmap_converter_msgs__rosidl_generator_c.dir/rosidl_generator_c/costmap_converter_msgs/msg/detail/obstacle_array_msg__functions.c.o[0m
[2.564s] [ 17%] [32mBuilding C object CMakeFiles/costmap_converter_msgs__rosidl_generator_c.dir/rosidl_generator_c/costmap_converter_msgs/msg/detail/obstacle_msg__functions.c.o[0m
[2.661s] [ 20%] [32m[1mLinking C shared library libcostmap_converter_msgs__rosidl_generator_c.so[0m
[2.714s] [ 20%] Built target costmap_converter_msgs__rosidl_generator_c
[2.736s] [ 23%] [34m[1mGenerating C introspection for ROS interfaces[0m
[2.736s] [ 25%] [34m[1mGenerating C type support dispatch for ROS interfaces[0m
[3.024s] [35m[1mScanning dependencies of target costmap_converter_msgs__rosidl_typesupport_introspection_cpp[0m
[3.024s] [35m[1mScanning dependencies of target costmap_converter_msgs__rosidl_typesupport_cpp[0m
[3.069s] [ 28%] [32mBuilding CXX object CMakeFiles/costmap_converter_msgs__rosidl_typesupport_introspection_cpp.dir/rosidl_typesupport_introspection_cpp/costmap_converter_msgs/msg/detail/obstacle_msg__type_support.cpp.o[0m
[3.080s] [ 30%] [32mBuilding CXX object CMakeFiles/costmap_converter_msgs__rosidl_typesupport_cpp.dir/rosidl_typesupport_cpp/costmap_converter_msgs/msg/obstacle_array_msg__type_support.cpp.o[0m
[3.082s] [ 33%] [32mBuilding CXX object CMakeFiles/costmap_converter_msgs__rosidl_typesupport_cpp.dir/rosidl_typesupport_cpp/costmap_converter_msgs/msg/obstacle_msg__type_support.cpp.o[0m
[3.097s] [ 35%] [32mBuilding CXX object CMakeFiles/costmap_converter_msgs__rosidl_typesupport_introspection_cpp.dir/rosidl_typesupport_introspection_cpp/costmap_converter_msgs/msg/detail/obstacle_array_msg__type_support.cpp.o[0m
[3.155s] [35m[1mScanning dependencies of target costmap_converter_msgs__rosidl_typesupport_fastrtps_cpp[0m
[3.270s] [35m[1mScanning dependencies of target costmap_converter_msgs__rosidl_typesupport_c[0m
[3.278s] [ 38%] [32mBuilding CXX object CMakeFiles/costmap_converter_msgs__rosidl_typesupport_fastrtps_cpp.dir/rosidl_typesupport_fastrtps_cpp/costmap_converter_msgs/msg/detail/dds_fastrtps/obstacle_msg__type_support.cpp.o[0m
[3.283s] [ 41%] [32mBuilding CXX object CMakeFiles/costmap_converter_msgs__rosidl_typesupport_fastrtps_cpp.dir/rosidl_typesupport_fastrtps_cpp/costmap_converter_msgs/msg/detail/dds_fastrtps/obstacle_array_msg__type_support.cpp.o[0m
[3.333s] [ 43%] [32mBuilding CXX object CMakeFiles/costmap_converter_msgs__rosidl_typesupport_c.dir/rosidl_typesupport_c/costmap_converter_msgs/msg/obstacle_msg__type_support.cpp.o[0m
[3.358s] [ 46%] [32mBuilding CXX object CMakeFiles/costmap_converter_msgs__rosidl_typesupport_c.dir/rosidl_typesupport_c/costmap_converter_msgs/msg/obstacle_array_msg__type_support.cpp.o[0m
[3.443s] [35m[1mScanning dependencies of target costmap_converter_msgs__rosidl_typesupport_introspection_c[0m
[3.495s] [ 48%] [32m[1mLinking CXX shared library libcostmap_converter_msgs__rosidl_typesupport_c.so[0m
[3.495s] [ 51%] [32mBuilding C object CMakeFiles/costmap_converter_msgs__rosidl_typesupport_introspection_c.dir/rosidl_typesupport_introspection_c/costmap_converter_msgs/msg/detail/obstacle_msg__type_support.c.o[0m
[3.522s] [ 53%] [32mBuilding C object CMakeFiles/costmap_converter_msgs__rosidl_typesupport_introspection_c.dir/rosidl_typesupport_introspection_c/costmap_converter_msgs/msg/detail/obstacle_array_msg__type_support.c.o[0m
[3.636s] [ 56%] [32m[1mLinking C shared library libcostmap_converter_msgs__rosidl_typesupport_introspection_c.so[0m
[3.673s] [ 56%] Built target costmap_converter_msgs__rosidl_typesupport_c
[3.761s] [ 58%] [32m[1mLinking CXX shared library libcostmap_converter_msgs__rosidl_typesupport_cpp.so[0m
[3.773s] [ 58%] Built target costmap_converter_msgs__rosidl_typesupport_introspection_c
[3.866s] [ 58%] Built target costmap_converter_msgs__rosidl_typesupport_cpp
[3.905s] [ 61%] [32m[1mLinking CXX shared library libcostmap_converter_msgs__rosidl_typesupport_introspection_cpp.so[0m
[4.002s] [ 61%] Built target costmap_converter_msgs__rosidl_typesupport_introspection_cpp
[4.112s] [ 64%] [32m[1mLinking CXX shared library libcostmap_converter_msgs__rosidl_typesupport_fastrtps_cpp.so[0m
[4.205s] [ 64%] Built target costmap_converter_msgs__rosidl_typesupport_fastrtps_cpp
[4.216s] [ 66%] [34m[1mGenerating C type support for eProsima Fast-RTPS[0m
[4.483s] [35m[1mScanning dependencies of target costmap_converter_msgs__rosidl_typesupport_fastrtps_c[0m
[4.500s] [ 71%] [32mBuilding CXX object CMakeFiles/costmap_converter_msgs__rosidl_typesupport_fastrtps_c.dir/rosidl_typesupport_fastrtps_c/costmap_converter_msgs/msg/detail/obstacle_array_msg__type_support_c.cpp.o[0m
[4.500s] [ 71%] [32mBuilding CXX object CMakeFiles/costmap_converter_msgs__rosidl_typesupport_fastrtps_c.dir/rosidl_typesupport_fastrtps_c/costmap_converter_msgs/msg/detail/obstacle_msg__type_support_c.cpp.o[0m
[4.999s] [ 74%] [32m[1mLinking CXX shared library libcostmap_converter_msgs__rosidl_typesupport_fastrtps_c.so[0m
[5.123s] [ 74%] Built target costmap_converter_msgs__rosidl_typesupport_fastrtps_c
[5.132s] [35m[1mScanning dependencies of target costmap_converter_msgs[0m
[5.141s] [ 74%] Built target costmap_converter_msgs
[5.149s] [35m[1mScanning dependencies of target costmap_converter_msgs__py[0m
[5.161s] [ 76%] [34m[1mGenerating Python code for ROS interfaces[0m
[5.986s] [ 76%] Built target costmap_converter_msgs__py
[6.000s] [35m[1mScanning dependencies of target costmap_converter_msgs__python[0m
[6.049s] [ 82%] [32mBuilding C object CMakeFiles/costmap_converter_msgs__python.dir/rosidl_generator_py/costmap_converter_msgs/msg/_obstacle_msg_s.c.o[0m
[6.050s] [ 82%] [32mBuilding C object CMakeFiles/costmap_converter_msgs__python.dir/rosidl_generator_py/costmap_converter_msgs/msg/_obstacle_array_msg_s.c.o[0m
[6.238s] [ 84%] [32m[1mLinking C shared library rosidl_generator_py/costmap_converter_msgs/libcostmap_converter_msgs__python.so[0m
[6.337s] [ 84%] Built target costmap_converter_msgs__python
[6.367s] [35m[1mScanning dependencies of target costmap_converter_msgs__rosidl_typesupport_introspection_c__pyext[0m
[6.368s] [35m[1mScanning dependencies of target costmap_converter_msgs__rosidl_typesupport_c__pyext[0m
[6.373s] [35m[1mScanning dependencies of target costmap_converter_msgs__rosidl_typesupport_fastrtps_c__pyext[0m
[6.416s] [ 89%] [32mBuilding C object CMakeFiles/costmap_converter_msgs__rosidl_typesupport_fastrtps_c__pyext.dir/rosidl_generator_py/costmap_converter_msgs/_costmap_converter_msgs_s.ep.rosidl_typesupport_fastrtps_c.c.o[0m
[6.416s] [ 89%] [32mBuilding C object CMakeFiles/costmap_converter_msgs__rosidl_typesupport_c__pyext.dir/rosidl_generator_py/costmap_converter_msgs/_costmap_converter_msgs_s.ep.rosidl_typesupport_c.c.o[0m
[6.422s] [ 92%] [32mBuilding C object CMakeFiles/costmap_converter_msgs__rosidl_typesupport_introspection_c__pyext.dir/rosidl_generator_py/costmap_converter_msgs/_costmap_converter_msgs_s.ep.rosidl_typesupport_introspection_c.c.o[0m
[6.623s] [ 94%] [32m[1mLinking CXX shared library rosidl_generator_py/costmap_converter_msgs/costmap_converter_msgs_s__rosidl_typesupport_fastrtps_c.cpython-38-x86_64-linux-gnu.so[0m
[6.628s] [ 97%] [32m[1mLinking C shared library rosidl_generator_py/costmap_converter_msgs/costmap_converter_msgs_s__rosidl_typesupport_introspection_c.cpython-38-x86_64-linux-gnu.so[0m
[6.639s] [100%] [32m[1mLinking C shared library rosidl_generator_py/costmap_converter_msgs/costmap_converter_msgs_s__rosidl_typesupport_c.cpython-38-x86_64-linux-gnu.so[0m
[6.677s] [100%] Built target costmap_converter_msgs__rosidl_typesupport_introspection_c__pyext
[6.688s] [100%] Built target costmap_converter_msgs__rosidl_typesupport_c__pyext
[6.721s] [100%] Built target costmap_converter_msgs__rosidl_typesupport_fastrtps_c__pyext
