[0.020s] Invoking command in '/home/jw/robot/ros_ws/build/teb_local_planner': CMAKE_PREFIX_PATH=/home/jw/robot/ros_ws/install/teb_msgs:/home/jw/robot/ros_ws/install/costmap_converter:/home/jw/robot/ros_ws/install/costmap_converter_msgs:/home/jw/robot/ros_ws/install/ydlidar_ros2_driver:/home/jw/robot/ros_ws/install/velocity_smoother:/home/jw/robot/ros_ws/install/urg_node:/home/jw/robot/ros_ws/install/teb_local_planner:/home/jw/robot/ros_ws/install/realsense2_description:/home/jw/robot/ros_ws/install/realsense2_camera:/home/jw/robot/ros_ws/install/realsense2_camera_msgs:/home/jw/robot/ros_ws/install/exa_robot:/opt/ros/galactic LD_LIBRARY_PATH=/home/jw/robot/ros_ws/install/teb_msgs/lib:/home/jw/robot/ros_ws/install/costmap_converter/lib:/home/jw/robot/ros_ws/install/costmap_converter_msgs/lib:/home/jw/robot/ros_ws/install/velocity_smoother/lib:/home/jw/robot/ros_ws/install/urg_node/lib:/home/jw/robot/ros_ws/install/teb_local_planner/lib:/home/jw/robot/ros_ws/install/realsense2_camera/lib:/home/jw/robot/ros_ws/install/realsense2_camera_msgs/lib:/opt/ros/galactic/opt/yaml_cpp_vendor/lib:/opt/ros/galactic/opt/rviz_ogre_vendor/lib:/opt/ros/galactic/lib/x86_64-linux-gnu:/opt/ros/galactic/lib PYTHONPATH=/home/jw/robot/ros_ws/install/teb_msgs/lib/python3.8/site-packages:/home/jw/robot/ros_ws/install/costmap_converter_msgs/lib/python3.8/site-packages:/home/jw/robot/ros_ws/install/realsense2_camera_msgs/lib/python3.8/site-packages:/home/jw/robot/ros_ws/install/exa_robot/lib/python3.8/site-packages:/opt/ros/galactic/lib/python3.8/site-packages /usr/bin/cmake --build /home/jw/robot/ros_ws/build/teb_local_planner -- -j12 -l12
[0.142s] [100%] Built target teb_local_planner
[0.154s] Invoked command in '/home/jw/robot/ros_ws/build/teb_local_planner' returned '0': CMAKE_PREFIX_PATH=/home/jw/robot/ros_ws/install/teb_msgs:/home/jw/robot/ros_ws/install/costmap_converter:/home/jw/robot/ros_ws/install/costmap_converter_msgs:/home/jw/robot/ros_ws/install/ydlidar_ros2_driver:/home/jw/robot/ros_ws/install/velocity_smoother:/home/jw/robot/ros_ws/install/urg_node:/home/jw/robot/ros_ws/install/teb_local_planner:/home/jw/robot/ros_ws/install/realsense2_description:/home/jw/robot/ros_ws/install/realsense2_camera:/home/jw/robot/ros_ws/install/realsense2_camera_msgs:/home/jw/robot/ros_ws/install/exa_robot:/opt/ros/galactic LD_LIBRARY_PATH=/home/jw/robot/ros_ws/install/teb_msgs/lib:/home/jw/robot/ros_ws/install/costmap_converter/lib:/home/jw/robot/ros_ws/install/costmap_converter_msgs/lib:/home/jw/robot/ros_ws/install/velocity_smoother/lib:/home/jw/robot/ros_ws/install/urg_node/lib:/home/jw/robot/ros_ws/install/teb_local_planner/lib:/home/jw/robot/ros_ws/install/realsense2_camera/lib:/home/jw/robot/ros_ws/install/realsense2_camera_msgs/lib:/opt/ros/galactic/opt/yaml_cpp_vendor/lib:/opt/ros/galactic/opt/rviz_ogre_vendor/lib:/opt/ros/galactic/lib/x86_64-linux-gnu:/opt/ros/galactic/lib PYTHONPATH=/home/jw/robot/ros_ws/install/teb_msgs/lib/python3.8/site-packages:/home/jw/robot/ros_ws/install/costmap_converter_msgs/lib/python3.8/site-packages:/home/jw/robot/ros_ws/install/realsense2_camera_msgs/lib/python3.8/site-packages:/home/jw/robot/ros_ws/install/exa_robot/lib/python3.8/site-packages:/opt/ros/galactic/lib/python3.8/site-packages /usr/bin/cmake --build /home/jw/robot/ros_ws/build/teb_local_planner -- -j12 -l12
[0.198s] Invoking command in '/home/jw/robot/ros_ws/build/teb_local_planner': CMAKE_PREFIX_PATH=/home/jw/robot/ros_ws/install/teb_msgs:/home/jw/robot/ros_ws/install/costmap_converter:/home/jw/robot/ros_ws/install/costmap_converter_msgs:/home/jw/robot/ros_ws/install/ydlidar_ros2_driver:/home/jw/robot/ros_ws/install/velocity_smoother:/home/jw/robot/ros_ws/install/urg_node:/home/jw/robot/ros_ws/install/teb_local_planner:/home/jw/robot/ros_ws/install/realsense2_description:/home/jw/robot/ros_ws/install/realsense2_camera:/home/jw/robot/ros_ws/install/realsense2_camera_msgs:/home/jw/robot/ros_ws/install/exa_robot:/opt/ros/galactic LD_LIBRARY_PATH=/home/jw/robot/ros_ws/install/teb_msgs/lib:/home/jw/robot/ros_ws/install/costmap_converter/lib:/home/jw/robot/ros_ws/install/costmap_converter_msgs/lib:/home/jw/robot/ros_ws/install/velocity_smoother/lib:/home/jw/robot/ros_ws/install/urg_node/lib:/home/jw/robot/ros_ws/install/teb_local_planner/lib:/home/jw/robot/ros_ws/install/realsense2_camera/lib:/home/jw/robot/ros_ws/install/realsense2_camera_msgs/lib:/opt/ros/galactic/opt/yaml_cpp_vendor/lib:/opt/ros/galactic/opt/rviz_ogre_vendor/lib:/opt/ros/galactic/lib/x86_64-linux-gnu:/opt/ros/galactic/lib PYTHONPATH=/home/jw/robot/ros_ws/install/teb_msgs/lib/python3.8/site-packages:/home/jw/robot/ros_ws/install/costmap_converter_msgs/lib/python3.8/site-packages:/home/jw/robot/ros_ws/install/realsense2_camera_msgs/lib/python3.8/site-packages:/home/jw/robot/ros_ws/install/exa_robot/lib/python3.8/site-packages:/opt/ros/galactic/lib/python3.8/site-packages /usr/bin/cmake --install /home/jw/robot/ros_ws/build/teb_local_planner
[0.206s] -- Install configuration: "Release"
[0.206s] -- Up-to-date: /home/jw/robot/ros_ws/install/teb_local_planner/lib/libteb_local_planner.so
[0.206s] -- Up-to-date: /home/jw/robot/ros_ws/install/teb_local_planner/include/
[0.206s] -- Up-to-date: /home/jw/robot/ros_ws/install/teb_local_planner/include//teb_local_planner
[0.207s] -- Up-to-date: /home/jw/robot/ros_ws/install/teb_local_planner/include//teb_local_planner/timed_elastic_band.hpp
[0.207s] -- Up-to-date: /home/jw/robot/ros_ws/install/teb_local_planner/include//teb_local_planner/graph_search.h
[0.207s] -- Up-to-date: /home/jw/robot/ros_ws/install/teb_local_planner/include//teb_local_planner/obstacles.h
[0.207s] -- Up-to-date: /home/jw/robot/ros_ws/install/teb_local_planner/include//teb_local_planner/optimal_planner.h
[0.207s] -- Up-to-date: /home/jw/robot/ros_ws/install/teb_local_planner/include//teb_local_planner/h_signature.h
[0.208s] -- Up-to-date: /home/jw/robot/ros_ws/install/teb_local_planner/include//teb_local_planner/planner_interface.h
[0.208s] -- Up-to-date: /home/jw/robot/ros_ws/install/teb_local_planner/include//teb_local_planner/pose_se2.h
[0.208s] -- Up-to-date: /home/jw/robot/ros_ws/install/teb_local_planner/include//teb_local_planner/robot_footprint_model.h
[0.208s] -- Up-to-date: /home/jw/robot/ros_ws/install/teb_local_planner/include//teb_local_planner/misc.h
[0.208s] -- Up-to-date: /home/jw/robot/ros_ws/install/teb_local_planner/include//teb_local_planner/visualization.h
[0.208s] -- Up-to-date: /home/jw/robot/ros_ws/install/teb_local_planner/include//teb_local_planner/distance_calculations.h
[0.208s] -- Up-to-date: /home/jw/robot/ros_ws/install/teb_local_planner/include//teb_local_planner/homotopy_class_planner.h
[0.209s] -- Up-to-date: /home/jw/robot/ros_ws/install/teb_local_planner/include//teb_local_planner/equivalence_relations.h
[0.209s] -- Up-to-date: /home/jw/robot/ros_ws/install/teb_local_planner/include//teb_local_planner/teb_config.h
[0.209s] -- Up-to-date: /home/jw/robot/ros_ws/install/teb_local_planner/include//teb_local_planner/g2o_types
[0.209s] -- Up-to-date: /home/jw/robot/ros_ws/install/teb_local_planner/include//teb_local_planner/g2o_types/edge_velocity.h
[0.209s] -- Up-to-date: /home/jw/robot/ros_ws/install/teb_local_planner/include//teb_local_planner/g2o_types/edge_via_point.h
[0.209s] -- Up-to-date: /home/jw/robot/ros_ws/install/teb_local_planner/include//teb_local_planner/g2o_types/edge_dynamic_obstacle.h
[0.210s] -- Up-to-date: /home/jw/robot/ros_ws/install/teb_local_planner/include//teb_local_planner/g2o_types/edge_time_optimal.h
[0.214s] -- Up-to-date: /home/jw/robot/ros_ws/install/teb_local_planner/include//teb_local_planner/g2o_types/base_teb_edges.h
[0.214s] -- Up-to-date: /home/jw/robot/ros_ws/install/teb_local_planner/include//teb_local_planner/g2o_types/edge_obstacle.h
[0.214s] -- Up-to-date: /home/jw/robot/ros_ws/install/teb_local_planner/include//teb_local_planner/g2o_types/edge_acceleration.h
[0.215s] -- Up-to-date: /home/jw/robot/ros_ws/install/teb_local_planner/include//teb_local_planner/g2o_types/edge_shortest_path.h
[0.215s] -- Up-to-date: /home/jw/robot/ros_ws/install/teb_local_planner/include//teb_local_planner/g2o_types/penalties.h
[0.215s] -- Up-to-date: /home/jw/robot/ros_ws/install/teb_local_planner/include//teb_local_planner/g2o_types/edge_prefer_rotdir.h
[0.215s] -- Up-to-date: /home/jw/robot/ros_ws/install/teb_local_planner/include//teb_local_planner/g2o_types/vertex_timediff.h
[0.215s] -- Up-to-date: /home/jw/robot/ros_ws/install/teb_local_planner/include//teb_local_planner/g2o_types/edge_velocity_obstacle_ratio.h
[0.215s] -- Up-to-date: /home/jw/robot/ros_ws/install/teb_local_planner/include//teb_local_planner/g2o_types/edge_kinematics.h
[0.216s] -- Up-to-date: /home/jw/robot/ros_ws/install/teb_local_planner/include//teb_local_planner/g2o_types/vertex_pose.h
[0.216s] -- Up-to-date: /home/jw/robot/ros_ws/install/teb_local_planner/include//teb_local_planner/homotopy_class_planner.hpp
[0.216s] -- Up-to-date: /home/jw/robot/ros_ws/install/teb_local_planner/include//teb_local_planner/visualization.hpp
[0.216s] -- Up-to-date: /home/jw/robot/ros_ws/install/teb_local_planner/include//teb_local_planner/recovery_behaviors.h
[0.216s] -- Up-to-date: /home/jw/robot/ros_ws/install/teb_local_planner/include//teb_local_planner/timed_elastic_band.h
[0.216s] -- Up-to-date: /home/jw/robot/ros_ws/install/teb_local_planner/include//teb_local_planner/teb_local_planner_ros.h
[0.217s] -- Up-to-date: /home/jw/robot/ros_ws/install/teb_local_planner/share/teb_local_planner_plugin.xml
[0.219s] -- Up-to-date: /home/jw/robot/ros_ws/install/teb_local_planner/lib/teb_local_planner/cmd_vel_to_ackermann_drive.py
[0.219s] -- Up-to-date: /home/jw/robot/ros_ws/install/teb_local_planner/share/teb_local_planner/params
[0.220s] -- Up-to-date: /home/jw/robot/ros_ws/install/teb_local_planner/share/teb_local_planner/params/teb_params.yaml
[0.220s] -- Up-to-date: /home/jw/robot/ros_ws/install/teb_local_planner/share/teb_local_planner/environment/library_path.sh
[0.220s] -- Up-to-date: /home/jw/robot/ros_ws/install/teb_local_planner/share/teb_local_planner/environment/library_path.dsv
[0.220s] -- Up-to-date: /home/jw/robot/ros_ws/install/teb_local_planner/share/teb_local_planner/teb_local_planner_plugin.xml
[0.221s] -- Up-to-date: /home/jw/robot/ros_ws/install/teb_local_planner/share/ament_index/resource_index/package_run_dependencies/teb_local_planner
[0.221s] -- Up-to-date: /home/jw/robot/ros_ws/install/teb_local_planner/share/ament_index/resource_index/parent_prefix_path/teb_local_planner
[0.221s] -- Up-to-date: /home/jw/robot/ros_ws/install/teb_local_planner/share/teb_local_planner/environment/ament_prefix_path.sh
[0.224s] -- Up-to-date: /home/jw/robot/ros_ws/install/teb_local_planner/share/teb_local_planner/environment/ament_prefix_path.dsv
[0.224s] -- Up-to-date: /home/jw/robot/ros_ws/install/teb_local_planner/share/teb_local_planner/environment/path.sh
[0.224s] -- Up-to-date: /home/jw/robot/ros_ws/install/teb_local_planner/share/teb_local_planner/environment/path.dsv
[0.224s] -- Up-to-date: /home/jw/robot/ros_ws/install/teb_local_planner/share/teb_local_planner/local_setup.bash
[0.225s] -- Up-to-date: /home/jw/robot/ros_ws/install/teb_local_planner/share/teb_local_planner/local_setup.sh
[0.225s] -- Up-to-date: /home/jw/robot/ros_ws/install/teb_local_planner/share/teb_local_planner/local_setup.zsh
[0.225s] -- Up-to-date: /home/jw/robot/ros_ws/install/teb_local_planner/share/teb_local_planner/local_setup.dsv
[0.225s] -- Installing: /home/jw/robot/ros_ws/install/teb_local_planner/share/teb_local_planner/package.dsv
[0.225s] -- Up-to-date: /home/jw/robot/ros_ws/install/teb_local_planner/share/ament_index/resource_index/packages/teb_local_planner
[0.226s] -- Up-to-date: /home/jw/robot/ros_ws/install/teb_local_planner/share/ament_index/resource_index/nav2_core__pluginlib__plugin/teb_local_planner
[0.229s] -- Up-to-date: /home/jw/robot/ros_ws/install/teb_local_planner/share/teb_local_planner/cmake/ament_cmake_export_include_directories-extras.cmake
[0.229s] -- Up-to-date: /home/jw/robot/ros_ws/install/teb_local_planner/share/teb_local_planner/cmake/ament_cmake_export_libraries-extras.cmake
[0.229s] -- Up-to-date: /home/jw/robot/ros_ws/install/teb_local_planner/share/teb_local_planner/cmake/ament_cmake_export_dependencies-extras.cmake
[0.230s] -- Up-to-date: /home/jw/robot/ros_ws/install/teb_local_planner/share/teb_local_planner/cmake/teb_local_plannerConfig.cmake
[0.230s] -- Up-to-date: /home/jw/robot/ros_ws/install/teb_local_planner/share/teb_local_planner/cmake/teb_local_plannerConfig-version.cmake
[0.230s] -- Up-to-date: /home/jw/robot/ros_ws/install/teb_local_planner/share/teb_local_planner/package.xml
[0.231s] Invoked command in '/home/jw/robot/ros_ws/build/teb_local_planner' returned '0': CMAKE_PREFIX_PATH=/home/jw/robot/ros_ws/install/teb_msgs:/home/jw/robot/ros_ws/install/costmap_converter:/home/jw/robot/ros_ws/install/costmap_converter_msgs:/home/jw/robot/ros_ws/install/ydlidar_ros2_driver:/home/jw/robot/ros_ws/install/velocity_smoother:/home/jw/robot/ros_ws/install/urg_node:/home/jw/robot/ros_ws/install/teb_local_planner:/home/jw/robot/ros_ws/install/realsense2_description:/home/jw/robot/ros_ws/install/realsense2_camera:/home/jw/robot/ros_ws/install/realsense2_camera_msgs:/home/jw/robot/ros_ws/install/exa_robot:/opt/ros/galactic LD_LIBRARY_PATH=/home/jw/robot/ros_ws/install/teb_msgs/lib:/home/jw/robot/ros_ws/install/costmap_converter/lib:/home/jw/robot/ros_ws/install/costmap_converter_msgs/lib:/home/jw/robot/ros_ws/install/velocity_smoother/lib:/home/jw/robot/ros_ws/install/urg_node/lib:/home/jw/robot/ros_ws/install/teb_local_planner/lib:/home/jw/robot/ros_ws/install/realsense2_camera/lib:/home/jw/robot/ros_ws/install/realsense2_camera_msgs/lib:/opt/ros/galactic/opt/yaml_cpp_vendor/lib:/opt/ros/galactic/opt/rviz_ogre_vendor/lib:/opt/ros/galactic/lib/x86_64-linux-gnu:/opt/ros/galactic/lib PYTHONPATH=/home/jw/robot/ros_ws/install/teb_msgs/lib/python3.8/site-packages:/home/jw/robot/ros_ws/install/costmap_converter_msgs/lib/python3.8/site-packages:/home/jw/robot/ros_ws/install/realsense2_camera_msgs/lib/python3.8/site-packages:/home/jw/robot/ros_ws/install/exa_robot/lib/python3.8/site-packages:/opt/ros/galactic/lib/python3.8/site-packages /usr/bin/cmake --install /home/jw/robot/ros_ws/build/teb_local_planner
