[0.162s] Invoking command in '/home/jw/robot/ros_ws/build/costmap_converter': AMENT_PREFIX_PATH=/home/jw/robot/ros_ws/install/costmap_converter_msgs:${AMENT_PREFIX_PATH} CMAKE_PREFIX_PATH=/home/jw/robot/ros_ws/install/costmap_converter_msgs:/opt/ros/galactic LD_LIBRARY_PATH=/home/jw/robot/ros_ws/install/costmap_converter_msgs/lib:${LD_LIBRARY_PATH} PYTHONPATH=/home/jw/robot/ros_ws/install/costmap_converter_msgs/lib/python3.8/site-packages:${PYTHONPATH} /usr/bin/cmake --build /home/jw/robot/ros_ws/build/costmap_converter -- -j12 -l12
[0.272s] [ 21%] Built target gtest_main
[0.273s] [ 21%] Built target gtest
[0.341s] [ 78%] Built target costmap_converter
[0.385s] [ 89%] Built target standalone_converter
[0.393s] [100%] Built target test_costmap_polygons
[0.406s] Invoked command in '/home/jw/robot/ros_ws/build/costmap_converter' returned '0': AMENT_PREFIX_PATH=/home/jw/robot/ros_ws/install/costmap_converter_msgs:${AMENT_PREFIX_PATH} CMAKE_PREFIX_PATH=/home/jw/robot/ros_ws/install/costmap_converter_msgs:/opt/ros/galactic LD_LIBRARY_PATH=/home/jw/robot/ros_ws/install/costmap_converter_msgs/lib:${LD_LIBRARY_PATH} PYTHONPATH=/home/jw/robot/ros_ws/install/costmap_converter_msgs/lib/python3.8/site-packages:${PYTHONPATH} /usr/bin/cmake --build /home/jw/robot/ros_ws/build/costmap_converter -- -j12 -l12
[0.457s] Invoking command in '/home/jw/robot/ros_ws/build/costmap_converter': AMENT_PREFIX_PATH=/home/jw/robot/ros_ws/install/costmap_converter_msgs:${AMENT_PREFIX_PATH} CMAKE_PREFIX_PATH=/home/jw/robot/ros_ws/install/costmap_converter_msgs:/opt/ros/galactic LD_LIBRARY_PATH=/home/jw/robot/ros_ws/install/costmap_converter_msgs/lib:${LD_LIBRARY_PATH} PYTHONPATH=/home/jw/robot/ros_ws/install/costmap_converter_msgs/lib/python3.8/site-packages:${PYTHONPATH} /usr/bin/cmake --install /home/jw/robot/ros_ws/build/costmap_converter
[0.467s] -- Install configuration: "Release"
[0.468s] -- Up-to-date: /home/jw/robot/ros_ws/install/costmap_converter/lib/libcostmap_converter.so
[0.468s] -- Up-to-date: /home/jw/robot/ros_ws/install/costmap_converter/bin/standalone_converter
[0.468s] -- Up-to-date: /home/jw/robot/ros_ws/install/costmap_converter/include/
[0.469s] -- Up-to-date: /home/jw/robot/ros_ws/install/costmap_converter/include//costmap_converter
[0.469s] -- Up-to-date: /home/jw/robot/ros_ws/install/costmap_converter/include//costmap_converter/misc.h
[0.469s] -- Up-to-date: /home/jw/robot/ros_ws/install/costmap_converter/include//costmap_converter/costmap_to_polygons_concave.h
[0.469s] -- Up-to-date: /home/jw/robot/ros_ws/install/costmap_converter/include//costmap_converter/costmap_to_dynamic_obstacles
[0.469s] -- Up-to-date: /home/jw/robot/ros_ws/install/costmap_converter/include//costmap_converter/costmap_to_dynamic_obstacles/costmap_to_dynamic_obstacles.h
[0.470s] -- Up-to-date: /home/jw/robot/ros_ws/install/costmap_converter/include//costmap_converter/costmap_to_dynamic_obstacles/blob_detector.h
[0.470s] -- Up-to-date: /home/jw/robot/ros_ws/install/costmap_converter/include//costmap_converter/costmap_to_dynamic_obstacles/background_subtractor.h
[0.470s] -- Up-to-date: /home/jw/robot/ros_ws/install/costmap_converter/include//costmap_converter/costmap_to_dynamic_obstacles/multitarget_tracker
[0.470s] -- Up-to-date: /home/jw/robot/ros_ws/install/costmap_converter/include//costmap_converter/costmap_to_dynamic_obstacles/multitarget_tracker/defines.h
[0.470s] -- Up-to-date: /home/jw/robot/ros_ws/install/costmap_converter/include//costmap_converter/costmap_to_dynamic_obstacles/multitarget_tracker/Ctracker.h
[0.470s] -- Up-to-date: /home/jw/robot/ros_ws/install/costmap_converter/include//costmap_converter/costmap_to_dynamic_obstacles/multitarget_tracker/HungarianAlg.h
[0.471s] -- Up-to-date: /home/jw/robot/ros_ws/install/costmap_converter/include//costmap_converter/costmap_to_dynamic_obstacles/multitarget_tracker/Kalman.h
[0.478s] -- Up-to-date: /home/jw/robot/ros_ws/install/costmap_converter/include//costmap_converter/costmap_to_dynamic_obstacles/multitarget_tracker/README.md
[0.478s] -- Up-to-date: /home/jw/robot/ros_ws/install/costmap_converter/include//costmap_converter/costmap_to_lines_convex_hull.h
[0.479s] -- Up-to-date: /home/jw/robot/ros_ws/install/costmap_converter/include//costmap_converter/costmap_to_lines_ransac.h
[0.479s] -- Up-to-date: /home/jw/robot/ros_ws/install/costmap_converter/include//costmap_converter/costmap_to_polygons.h
[0.479s] -- Up-to-date: /home/jw/robot/ros_ws/install/costmap_converter/include//costmap_converter/costmap_converter_interface.h
[0.479s] -- Up-to-date: /home/jw/robot/ros_ws/install/costmap_converter/share/costmap_converter/environment/library_path.sh
[0.479s] -- Up-to-date: /home/jw/robot/ros_ws/install/costmap_converter/share/costmap_converter/environment/library_path.dsv
[0.480s] -- Up-to-date: /home/jw/robot/ros_ws/install/costmap_converter/share/costmap_converter/costmap_converter_plugins.xml
[0.480s] -- Up-to-date: /home/jw/robot/ros_ws/install/costmap_converter/share/ament_index/resource_index/package_run_dependencies/costmap_converter
[0.480s] -- Up-to-date: /home/jw/robot/ros_ws/install/costmap_converter/share/ament_index/resource_index/parent_prefix_path/costmap_converter
[0.480s] -- Up-to-date: /home/jw/robot/ros_ws/install/costmap_converter/share/costmap_converter/environment/ament_prefix_path.sh
[0.480s] -- Up-to-date: /home/jw/robot/ros_ws/install/costmap_converter/share/costmap_converter/environment/ament_prefix_path.dsv
[0.480s] -- Up-to-date: /home/jw/robot/ros_ws/install/costmap_converter/share/costmap_converter/environment/path.sh
[0.481s] -- Up-to-date: /home/jw/robot/ros_ws/install/costmap_converter/share/costmap_converter/environment/path.dsv
[0.481s] -- Up-to-date: /home/jw/robot/ros_ws/install/costmap_converter/share/costmap_converter/local_setup.bash
[0.481s] -- Up-to-date: /home/jw/robot/ros_ws/install/costmap_converter/share/costmap_converter/local_setup.sh
[0.481s] -- Up-to-date: /home/jw/robot/ros_ws/install/costmap_converter/share/costmap_converter/local_setup.zsh
[0.481s] -- Up-to-date: /home/jw/robot/ros_ws/install/costmap_converter/share/costmap_converter/local_setup.dsv
[0.481s] -- Installing: /home/jw/robot/ros_ws/install/costmap_converter/share/costmap_converter/package.dsv
[0.481s] -- Up-to-date: /home/jw/robot/ros_ws/install/costmap_converter/share/ament_index/resource_index/packages/costmap_converter
[0.486s] -- Up-to-date: /home/jw/robot/ros_ws/install/costmap_converter/share/ament_index/resource_index/costmap_converter__pluginlib__plugin/costmap_converter
[0.486s] -- Up-to-date: /home/jw/robot/ros_ws/install/costmap_converter/share/costmap_converter/cmake/ament_cmake_export_include_directories-extras.cmake
[0.486s] -- Up-to-date: /home/jw/robot/ros_ws/install/costmap_converter/share/costmap_converter/cmake/ament_cmake_export_libraries-extras.cmake
[0.487s] -- Up-to-date: /home/jw/robot/ros_ws/install/costmap_converter/share/costmap_converter/cmake/ament_cmake_export_dependencies-extras.cmake
[0.487s] -- Up-to-date: /home/jw/robot/ros_ws/install/costmap_converter/share/costmap_converter/cmake/costmap_converterConfig.cmake
[0.487s] -- Up-to-date: /home/jw/robot/ros_ws/install/costmap_converter/share/costmap_converter/cmake/costmap_converterConfig-version.cmake
[0.487s] -- Up-to-date: /home/jw/robot/ros_ws/install/costmap_converter/share/costmap_converter/package.xml
[0.488s] Invoked command in '/home/jw/robot/ros_ws/build/costmap_converter' returned '0': AMENT_PREFIX_PATH=/home/jw/robot/ros_ws/install/costmap_converter_msgs:${AMENT_PREFIX_PATH} CMAKE_PREFIX_PATH=/home/jw/robot/ros_ws/install/costmap_converter_msgs:/opt/ros/galactic LD_LIBRARY_PATH=/home/jw/robot/ros_ws/install/costmap_converter_msgs/lib:${LD_LIBRARY_PATH} PYTHONPATH=/home/jw/robot/ros_ws/install/costmap_converter_msgs/lib/python3.8/site-packages:${PYTHONPATH} /usr/bin/cmake --install /home/jw/robot/ros_ws/build/costmap_converter
